
 submitted Quantum Espresso job
hostname
trace12.wec.local.cmu.edu

LOG | Environment variable ESPRESSO_PW_EXE': pw.x

LOG | Environment variable ESPRESSO_PP_EXE': pp.x

LOG | Environment variable COFFEE_DIR': /trace/home/atimmins/packages/coffee/CoFFEE_2.0/

LOG | Environment variable ESPRESSO_PP_EXE': pp.x

LOG | Espresso Command: mpirun pw.x -nd 1 -in PREFIX.pwi > PREFIX.pwo

LOG | Calculate Pristine Energy
correction_params: {'type': 'FNV', 'FNV': {'auto_select_bands': False, 'electrons_at_neutral': 648, 'defect_level': 'shallow', 'band_by_charge': {0: 867, 1: 867, 2: 867, 3: 867}, 'sigma_by_charge': {}, 'epsilon': 10.860179653335564, 'grid_size': [160, 160, 180]}}
Current working directory: /trace/group/acmegroup/atimmins/testing/BEEF_Research/GaN_mp804/Ga_N/experiments/ex32_GaN
Failed to create path: /trace/group/acmegroup/atimmins/testing/BEEF_Research/GaN_mp804/Ga_N/experiments/ex32_GaN/supercells
Current working directory: /trace/group/acmegroup/atimmins/testing/BEEF_Research/GaN_mp804/Ga_N/experiments/ex32_GaN
Failed to create path: /trace/group/acmegroup/atimmins/testing/BEEF_Research/GaN_mp804/Ga_N/experiments/ex32_GaN/supercells/PRISTINE_0

LOG | Running DFT for defect: PRISTINE, num: 0, charge: 0
Current working directory: /trace/group/acmegroup/atimmins/testing/BEEF_Research/GaN_mp804/Ga_N/experiments/ex32_GaN
Failed to create path: /trace/group/acmegroup/atimmins/testing/BEEF_Research/GaN_mp804/Ga_N/experiments/ex32_GaN/supercells/PRISTINE_0/0

LOG | Searching for espresso.pwo

LOG | Current directory: /trace/group/acmegroup/atimmins/testing/BEEF_Research/GaN_mp804/Ga_N/experiments/ex32_GaN/supercells/PRISTINE_0/0/unitcell

LOG | The file 'espresso.pwo' has been found! Huzzah!

LOG | Job complete found!

LOG | Total energy = -8497.85383679082 eV!

LOG | Searching for espresso.pwo

LOG | Current directory: /trace/group/acmegroup/atimmins/testing/BEEF_Research/GaN_mp804/Ga_N/experiments/ex32_GaN/supercells/PRISTINE_0/0

LOG | The file 'espresso.pwo' has been found! Huzzah!

LOG | Job complete found!

LOG | Total energy = -407897.1987349861 eV!

LOG | valid_file_found__supercell_output: True

LOG | valid_file_found__wfcs: False

LOG | valid_file_found__pp_requiring_wfcs: True

LOG | valid_file_found__pp_not_requiring_wfcs: True

LOG | run_pw_unitcell: False

LOG | run_pw_supercell: False

LOG | run_pp_that_requires_wfc: False

LOG | run_pp_that_doesnt_require_wfc: False

LOG | DFT Calculation of Pristine Supercell: True

LOG | 
Adding Defect: SUB, {'Ga': 1, 'N': -1}
allowed_defect_composition: defaultdict(<class 'float'>, {'Ga': 96.0, 'N': 96.0})
Ga97 N95
New unique defect: SUB_Ga97 N95_[1.62227566 0.93661982 4.63162392] Ga

LOG | Environment variable ESPRESSO_PP_EXE': pp.x

LOG | Calculating Defect Energy

LOG | Calculating Defect Energy of defect: SUB_Ga97 N95_[1.62227566 0.93661982 4.63162392] Ga
correction_params: {'type': 'FNV', 'FNV': {'auto_select_bands': False, 'electrons_at_neutral': 648, 'defect_level': 'shallow', 'band_by_charge': {0: 867, 1: 867, 2: 867, 3: 867}, 'sigma_by_charge': {}, 'epsilon': 10.860179653335564, 'grid_size': [160, 160, 180]}}
Current working directory: /trace/group/acmegroup/atimmins/testing/BEEF_Research/GaN_mp804/Ga_N/experiments/ex32_GaN
Failed to create path: /trace/group/acmegroup/atimmins/testing/BEEF_Research/GaN_mp804/Ga_N/experiments/ex32_GaN/supercells
Current working directory: /trace/group/acmegroup/atimmins/testing/BEEF_Research/GaN_mp804/Ga_N/experiments/ex32_GaN
Failed to create path: /trace/group/acmegroup/atimmins/testing/BEEF_Research/GaN_mp804/Ga_N/experiments/ex32_GaN/supercells/SUB_1

LOG | Running DFT for defect: SUB, num: 1, charge: 0
Current working directory: /trace/group/acmegroup/atimmins/testing/BEEF_Research/GaN_mp804/Ga_N/experiments/ex32_GaN
Failed to create path: /trace/group/acmegroup/atimmins/testing/BEEF_Research/GaN_mp804/Ga_N/experiments/ex32_GaN/supercells/SUB_1/0

LOG | Searching for espresso.pwo

LOG | Current directory: /trace/group/acmegroup/atimmins/testing/BEEF_Research/GaN_mp804/Ga_N/experiments/ex32_GaN/supercells/SUB_1/0

LOG | The file 'espresso.pwo' has been found! Huzzah!

LOG | Job complete found!

LOG | Total energy = -411352.32912012207 eV!

LOG | valid_file_found__supercell_output: True

LOG | valid_file_found__wfcs: False

LOG | valid_file_found__pp_requiring_wfcs: True

LOG | valid_file_found__pp_not_requiring_wfcs: True

LOG | run_pw_unitcell: False

LOG | run_pw_supercell: False

LOG | run_pp_that_requires_wfc: False

LOG | run_pp_that_doesnt_require_wfc: False

LOG | Running DFT for defect: SUB, num: 1, charge: 1
Current working directory: /trace/group/acmegroup/atimmins/testing/BEEF_Research/GaN_mp804/Ga_N/experiments/ex32_GaN
Failed to create path: /trace/group/acmegroup/atimmins/testing/BEEF_Research/GaN_mp804/Ga_N/experiments/ex32_GaN/supercells/SUB_1/1

LOG | Searching for espresso.pwo

LOG | Current directory: /trace/group/acmegroup/atimmins/testing/BEEF_Research/GaN_mp804/Ga_N/experiments/ex32_GaN/supercells/SUB_1/1

LOG | The file 'espresso.pwo' has been found! Huzzah!

LOG | Job complete found!

LOG | Total energy = -411362.47299340455 eV!

LOG | valid_file_found__supercell_output: True

LOG | valid_file_found__wfcs: False

LOG | valid_file_found__pp_requiring_wfcs: True

LOG | valid_file_found__pp_not_requiring_wfcs: True

LOG | run_pw_unitcell: False

LOG | run_pw_supercell: False

LOG | run_pp_that_requires_wfc: False

LOG | run_pp_that_doesnt_require_wfc: False

LOG | Running DFT for defect: SUB, num: 1, charge: 2
Current working directory: /trace/group/acmegroup/atimmins/testing/BEEF_Research/GaN_mp804/Ga_N/experiments/ex32_GaN
Failed to create path: /trace/group/acmegroup/atimmins/testing/BEEF_Research/GaN_mp804/Ga_N/experiments/ex32_GaN/supercells/SUB_1/2

LOG | Searching for espresso.pwo

LOG | Current directory: /trace/group/acmegroup/atimmins/testing/BEEF_Research/GaN_mp804/Ga_N/experiments/ex32_GaN/supercells/SUB_1/2

LOG | The file 'espresso.pwo' has been found! Huzzah!

LOG | Job complete found!

LOG | Total energy = -411372.3969518433 eV!

LOG | valid_file_found__supercell_output: True

LOG | valid_file_found__wfcs: False

LOG | valid_file_found__pp_requiring_wfcs: True

LOG | valid_file_found__pp_not_requiring_wfcs: True

LOG | run_pw_unitcell: False

LOG | run_pw_supercell: False

LOG | run_pp_that_requires_wfc: False

LOG | run_pp_that_doesnt_require_wfc: False

LOG | Running DFT for defect: SUB, num: 1, charge: 3
Current working directory: /trace/group/acmegroup/atimmins/testing/BEEF_Research/GaN_mp804/Ga_N/experiments/ex32_GaN
Failed to create path: /trace/group/acmegroup/atimmins/testing/BEEF_Research/GaN_mp804/Ga_N/experiments/ex32_GaN/supercells/SUB_1/3

LOG | Searching for espresso.pwo

LOG | Current directory: /trace/group/acmegroup/atimmins/testing/BEEF_Research/GaN_mp804/Ga_N/experiments/ex32_GaN/supercells/SUB_1/3

LOG | The file 'espresso.pwo' has been found! Huzzah!

LOG | Job complete found!

LOG | Total energy = -411382.2297971002 eV!

LOG | valid_file_found__supercell_output: True

LOG | valid_file_found__wfcs: False

LOG | valid_file_found__pp_requiring_wfcs: True

LOG | valid_file_found__pp_not_requiring_wfcs: True

LOG | run_pw_unitcell: False

LOG | run_pw_supercell: False

LOG | run_pp_that_requires_wfc: False

LOG | run_pp_that_doesnt_require_wfc: False

LOG | Calculating Defect Formation Energy from SUB_1

LOG | Epsilon value cannot be fetched from materials project.

LOG | Epsilon manually set to 10.860179653335564.
Defect Loc: [0.16666675040866594, 0.08333327704704542, 0.29194590543941223]
supercell_dimensions: [12.97819367 12.97819367 15.86466476]

LOG | Environment variable COFFEE_DIR': /trace/home/atimmins/packages/coffee/CoFFEE_2.0/

LOG | Calculating DFE for SUB_1, charge = 0
{0: -411352.32912012207, 1: -411362.47299340455, 2: -411372.3969518433, 3: -411382.2297971002}

LOG | Calculating DFE for SUB_1, charge = 1
{0: -411352.32912012207, 1: -411362.47299340455, 2: -411372.3969518433, 3: -411382.2297971002}
1
/trace/group/acmegroup/atimmins/testing/BEEF_Research/GaN_mp804/Ga_N/experiments/ex32_GaN/supercells/SUB_1/1/

LOG | No manual sigma provided for charge 1

LOG | Sigma: 2.063764

LOG | Accepted sigma: 2.063764 bohr
made the input

LOG | Coffee.py energy: 0.2982 eV
made the input

LOG | Coffee.py energy: 0.3396 eV
made the input

LOG | Coffee.py energy: 0.3659 eV
Attmepting to calculate lattice energy correction 
Setting correction energies 
Creating one_by_V/A arrays
[48, 100, 180]
[0.02083333 0.01       0.00555556]
Computing fit
[0.2982, 0.3396, 0.3659]
L2: 0.08480705747130937
L3: 0.06640168100743545
L4: 0.05458687581879251
A
B
C
D
E_m_iso = 0.4857669635720944
E_lattice = 0.1875669635720944
Calculating potential alignment correction
dV_0p.py output: charge: 1
Shape of the data in the file: (160, 160, 180)

Defect Coords: 2.1630333648638067
Farthest coordinate from defect: 8.611533364863806
dV0p @ far from defect = -0.007445939873767093

LOG | dV0p @ far from defect = -0.007445939873767093
dV_mD.py output: /trace/home/atimmins/packages/coffee/CoFFEE_2.0/PotentialAlignment/Utilities/plavg.py:88: ComplexWarning: Casting complex values to real discards the imaginary part
  vol_a1[i] = Sum1/(a2_dim*a3_dim)
dir: a1
Shape of the data in the file: (160, 160, 180)
The first column in the files is in bohr


LOG | dVmD_model @ far from defect = 0.02156236531316331
dVmD_vdiff @ far from defect = 0.03441473102265416

LOG | dVmD_vdiff @ far from defect = 0.03441473102265416


LOG | #################################################

LOG | Charge: 1

LOG | total_FNV_correction: 0.19297338940781816

LOG | #################################################
FNV_energy: {'E_lattice': 0.1875669635720944, 'E_vq0m': 0.012852365709490849, 'E_vop': -0.007445939873767093, 'total': 0.19297338940781816}

LOG | Calculating DFE for SUB_1, charge = 2
{0: -411352.32912012207, 1: -411362.47299340455, 2: -411372.3969518433, 3: -411382.2297971002}
2
/trace/group/acmegroup/atimmins/testing/BEEF_Research/GaN_mp804/Ga_N/experiments/ex32_GaN/supercells/SUB_1/2/

LOG | No manual sigma provided for charge 2

LOG | Sigma: 2.073706

LOG | Accepted sigma: 2.073706 bohr
made the input

LOG | Coffee.py energy: 1.1837 eV
made the input

LOG | Coffee.py energy: 1.3493 eV
made the input

LOG | Coffee.py energy: 1.4545 eV
Attmepting to calculate lattice energy correction 
Setting correction energies 
Creating one_by_V/A arrays
[48, 100, 180]
[0.02083333 0.01       0.00555556]
Computing fit
[1.1837, 1.3493, 1.4545]
L2: 0.08480705747130937
L3: 0.06640168100743545
L4: 0.05458687581879251
A
B
C
D
E_m_iso = 1.9339678542883776
E_lattice = 0.7502678542883776
Calculating potential alignment correction
dV_0p.py output: charge: 2
Shape of the data in the file: (160, 160, 180)

Defect Coords: 2.1630333648638067
Farthest coordinate from defect: 8.611533364863806
dV0p @ far from defect = -0.014891879747534186

LOG | dV0p @ far from defect = -0.014891879747534186
dV_mD.py output: /trace/home/atimmins/packages/coffee/CoFFEE_2.0/PotentialAlignment/Utilities/plavg.py:88: ComplexWarning: Casting complex values to real discards the imaginary part
  vol_a1[i] = Sum1/(a2_dim*a3_dim)
dir: a1
Shape of the data in the file: (160, 160, 180)
The first column in the files is in bohr


LOG | dVmD_model @ far from defect = 0.04310261347991212
dVmD_vdiff @ far from defect = 0.06345805294438893

LOG | dVmD_vdiff @ far from defect = 0.06345805294438893


LOG | #################################################

LOG | Charge: 2

LOG | total_FNV_correction: 0.7557314140053203

LOG | #################################################
FNV_energy: {'E_lattice': 0.7502678542883776, 'E_vq0m': 0.020355439464476807, 'E_vop': -0.014891879747534186, 'total': 0.7557314140053203}

LOG | Calculating DFE for SUB_1, charge = 3
{0: -411352.32912012207, 1: -411362.47299340455, 2: -411372.3969518433, 3: -411382.2297971002}
3
/trace/group/acmegroup/atimmins/testing/BEEF_Research/GaN_mp804/Ga_N/experiments/ex32_GaN/supercells/SUB_1/3/

LOG | No manual sigma provided for charge 3

LOG | Sigma: 2.445997

LOG | Accepted sigma: 2.445997 bohr
made the input

LOG | Coffee.py energy: 2.0308 eV
made the input

LOG | Coffee.py energy: 2.3939 eV
made the input

LOG | Coffee.py energy: 2.6268 eV
Attmepting to calculate lattice energy correction 
Setting correction energies 
Creating one_by_V/A arrays
[48, 100, 180]
[0.02083333 0.01       0.00555556]
Computing fit
[2.0308, 2.3939, 2.6268]
L2: 0.08480705747130937
L3: 0.06640168100743545
L4: 0.05458687581879251
A
B
C
D
E_m_iso = 3.701762579832788
E_lattice = 1.6709625798327878
Calculating potential alignment correction
dV_0p.py output: charge: 3
Shape of the data in the file: (160, 160, 180)

Defect Coords: 2.1630333648638067
Farthest coordinate from defect: 8.611533364863806
dV0p @ far from defect = -0.022337819621301276

LOG | dV0p @ far from defect = -0.022337819621301276
dV_mD.py output: /trace/home/atimmins/packages/coffee/CoFFEE_2.0/PotentialAlignment/Utilities/plavg.py:88: ComplexWarning: Casting complex values to real discards the imaginary part
  vol_a1[i] = Sum1/(a2_dim*a3_dim)
dir: a1
Shape of the data in the file: (160, 160, 180)
The first column in the files is in bohr


LOG | dVmD_model @ far from defect = 0.06329686164666093
dVmD_vdiff @ far from defect = 0.09184733096767046

LOG | dVmD_vdiff @ far from defect = 0.09184733096767046


LOG | #################################################

LOG | Charge: 3

LOG | total_FNV_correction: 1.677175229532496

LOG | #################################################
FNV_energy: {'E_lattice': 1.6709625798327878, 'E_vq0m': 0.028550469321009533, 'E_vop': -0.022337819621301276, 'total': 1.677175229532496}
