
 submitted Quantum Espresso job
hostname
12.wec.local.cmu.edu

LOG | Environment variable ESPRESSO_PW_EXE': pw.x

LOG | Environment variable ESPRESSO_PP_EXE': pp.x

LOG | Environment variable COFFEE_DIR': //home//packages/coffee/CoFFEE_2.0/

LOG | Environment variable ESPRESSO_PP_EXE': pp.x

LOG | Espresso Command: mpirun pw.x -nd 1 -in PREFIX.pwi > PREFIX.pwo

LOG | Calculate Pristine Energy
correction_params: {'type': 'FNV', 'FNV': {'auto_select_bands': False, 'electrons_at_neutral': 648, 'defect_level': 'shallow', 'band_by_charge': {0: 323, 1: 323, 2: 323}, 'sigma_by_charge': {}, 'epsilon': 10.860179653335564, 'grid_size': [120, 120, 120]}}
Current working directory: //group///testing/BEEF_Research/GaN_mp804/V_N/experiments/ex62_332
Failed to create path: //group///testing/BEEF_Research/GaN_mp804/V_N/experiments/ex62_332/supercells
Current working directory: //group///testing/BEEF_Research/GaN_mp804/V_N/experiments/ex62_332
Failed to create path: //group///testing/BEEF_Research/GaN_mp804/V_N/experiments/ex62_332/supercells/PRISTINE_0

LOG | Running DFT for defect: PRISTINE, num: 0, charge: 0
Current working directory: //group///testing/BEEF_Research/GaN_mp804/V_N/experiments/ex62_332
Failed to create path: //group///testing/BEEF_Research/GaN_mp804/V_N/experiments/ex62_332/supercells/PRISTINE_0/0

LOG | Searching for espresso.pwo

LOG | Current directory: //group///testing/BEEF_Research/GaN_mp804/V_N/experiments/ex62_332/supercells/PRISTINE_0/0/unitcell

LOG | The file 'espresso.pwo' has been found! Huzzah!

LOG | Job complete found!

LOG | Total energy = -8497.85383679082 eV!

LOG | Searching for espresso.pwo

LOG | Current directory: //group///testing/BEEF_Research/GaN_mp804/V_N/experiments/ex62_332/supercells/PRISTINE_0/0

LOG | The file 'espresso.pwo' has been found! Huzzah!

LOG | Job complete found!

LOG | Total energy = -152961.36853460557 eV!

LOG | valid_file_found__supercell_output: True

LOG | valid_file_found__wfcs: False

LOG | valid_file_found__pp_requiring_wfcs: True

LOG | valid_file_found__pp_not_requiring_wfcs: True

LOG | run_pw_unitcell: False

LOG | run_pw_supercell: False

LOG | run_pp_that_requires_wfc: False

LOG | run_pp_that_doesnt_require_wfc: False

LOG | DFT Calculation of Pristine Supercell: True

LOG | 
Adding Defect: VAC, {'Ga': 0, 'N': -1}
allowed_defect_composition: defaultdict(<class 'float'>, {'Ga': 36.0, 'N': 36.0})
VAC_Ga35 N36_[1.62227566 0.93661982 2.63968077] Ga
VAC_Ga36 N35_[1.62227566 0.93661982 4.63162392] N
New unique defect: VAC_Ga36 N35_[1.62227566 0.93661982 4.63162392] N

LOG | Environment variable ESPRESSO_PP_EXE': pp.x

LOG | Calculating Defect Energy

LOG | Calculating Defect Energy of defect: VAC_Ga36 N35_[1.62227566 0.93661982 4.63162392] N
correction_params: {'type': 'FNV', 'FNV': {'auto_select_bands': False, 'electrons_at_neutral': 648, 'defect_level': 'shallow', 'band_by_charge': {0: 323, 1: 323, 2: 323}, 'sigma_by_charge': {}, 'epsilon': 10.860179653335564, 'grid_size': [120, 120, 120]}}
Current working directory: //group///testing/BEEF_Research/GaN_mp804/V_N/experiments/ex62_332
Failed to create path: //group///testing/BEEF_Research/GaN_mp804/V_N/experiments/ex62_332/supercells
Current working directory: //group///testing/BEEF_Research/GaN_mp804/V_N/experiments/ex62_332
Failed to create path: //group///testing/BEEF_Research/GaN_mp804/V_N/experiments/ex62_332/supercells/VAC_1

LOG | Running DFT for defect: VAC, num: 1, charge: 0
Current working directory: //group///testing/BEEF_Research/GaN_mp804/V_N/experiments/ex62_332
Failed to create path: //group///testing/BEEF_Research/GaN_mp804/V_N/experiments/ex62_332/supercells/VAC_1/0

LOG | Searching for espresso.pwo

LOG | Current directory: //group///testing/BEEF_Research/GaN_mp804/V_N/experiments/ex62_332/supercells/VAC_1/0

LOG | The file 'espresso.pwo' has been found! Huzzah!

LOG | Job complete found!

LOG | Total energy = -152564.82609118312 eV!

LOG | valid_file_found__supercell_output: True

LOG | valid_file_found__wfcs: False

LOG | valid_file_found__pp_requiring_wfcs: True

LOG | valid_file_found__pp_not_requiring_wfcs: True

LOG | run_pw_unitcell: False

LOG | run_pw_supercell: False

LOG | run_pp_that_requires_wfc: False

LOG | run_pp_that_doesnt_require_wfc: False

LOG | Running DFT for defect: VAC, num: 1, charge: 1
Current working directory: //group///testing/BEEF_Research/GaN_mp804/V_N/experiments/ex62_332
Failed to create path: //group///testing/BEEF_Research/GaN_mp804/V_N/experiments/ex62_332/supercells/VAC_1/1

LOG | Searching for espresso.pwo

LOG | Current directory: //group///testing/BEEF_Research/GaN_mp804/V_N/experiments/ex62_332/supercells/VAC_1/1

LOG | The file 'espresso.pwo' has been found! Huzzah!

LOG | Job complete found!

LOG | Total energy = -152575.55077591364 eV!

LOG | valid_file_found__supercell_output: True

LOG | valid_file_found__wfcs: False

LOG | valid_file_found__pp_requiring_wfcs: True

LOG | valid_file_found__pp_not_requiring_wfcs: True

LOG | run_pw_unitcell: False

LOG | run_pw_supercell: False

LOG | run_pp_that_requires_wfc: False

LOG | run_pp_that_doesnt_require_wfc: False

LOG | Running DFT for defect: VAC, num: 1, charge: 2
Current working directory: //group///testing/BEEF_Research/GaN_mp804/V_N/experiments/ex62_332
Failed to create path: //group///testing/BEEF_Research/GaN_mp804/V_N/experiments/ex62_332/supercells/VAC_1/2

LOG | Searching for espresso.pwo

LOG | Current directory: //group///testing/BEEF_Research/GaN_mp804/V_N/experiments/ex62_332/supercells/VAC_1/2

LOG | The file 'espresso.pwo' has been found! Huzzah!

LOG | Job complete found!

LOG | Total energy = -152584.50536277462 eV!

LOG | valid_file_found__supercell_output: True

LOG | valid_file_found__wfcs: False

LOG | valid_file_found__pp_requiring_wfcs: True

LOG | valid_file_found__pp_not_requiring_wfcs: True

LOG | run_pw_unitcell: False

LOG | run_pw_supercell: False

LOG | run_pp_that_requires_wfc: False

LOG | run_pp_that_doesnt_require_wfc: False

LOG | Calculating Defect Formation Energy from VAC_1

LOG | Epsilon value cannot be fetched from materials project.

LOG | Epsilon manually set to 10.860179653335564.
Defect Loc: [0.22222233387822132, 0.11111103606272722, 0.43791885815911835]
supercell_dimensions: [ 9.73364525  9.73364525 10.57644318]

LOG | Environment variable COFFEE_DIR': //home//packages/coffee/CoFFEE_2.0/

LOG | Calculating DFE for VAC_1, charge = 0
{0: -152564.82609118312, 1: -152575.55077591364, 2: -152584.50536277462}

LOG | Calculating DFE for VAC_1, charge = 1
{0: -152564.82609118312, 1: -152575.55077591364, 2: -152584.50536277462}
1
//group///testing/BEEF_Research/GaN_mp804/V_N/experiments/ex62_332/supercells/VAC_1/1/

LOG | No manual sigma provided for charge 1

LOG | Sigma: 2.038921

LOG | Accepted sigma: 2.038921 bohr
made the input

LOG | Coffee.py energy: 0.186 eV
made the input

LOG | Coffee.py energy: 0.2452 eV
made the input

LOG | Coffee.py energy: 0.2794 eV
Attmepting to calculate lattice energy correction 
Setting correction energies 
Creating one_by_V/A arrays
[18, 48, 100]
[0.05555556 0.02083333 0.01      ]
Computing fit
[0.186, 0.2452, 0.2794]
L2: 0.11760385888446917
L3: 0.08480705747130937
L4: 0.06640168100743545
A
B
C
D
E_m_iso = 0.4060694465498285
E_lattice = 0.22006944654982852
Calculating potential alignment correction
dV_0p.py output: charge: 1
Shape of the data in the file: (120, 120, 120)

Defect Coords: 2.1630333648638076
Farthest coordinate from defect: 6.989533364863808
dV0p @ far from defect = -0.07648926893783596

LOG | dV0p @ far from defect = -0.07648926893783596
dV_mD.py output: //home//packages/coffee/CoFFEE_2.0/PotentialAlignment/Utilities/plavg.py:88: ComplexWarning: Casting complex values to real discards the imaginary part
  vol_a1[i] = Sum1/(a2_dim*a3_dim)
dir: a1
Shape of the data in the file: (120, 120, 120)
The first column in the files is in bohr


LOG | dVmD_model @ far from defect = 0.026371639646962947
dVmD_vdiff @ far from defect = 0.03582741048984986

LOG | dVmD_vdiff @ far from defect = 0.03582741048984986


LOG | #################################################

LOG | Charge: 1

LOG | total_FNV_correction: 0.15303594845487944

LOG | #################################################
FNV_energy: {'E_lattice': 0.22006944654982852, 'E_vq0m': 0.009455770842886912, 'E_vop': -0.07648926893783596, 'total': 0.15303594845487944}

LOG | Calculating DFE for VAC_1, charge = 2
{0: -152564.82609118312, 1: -152575.55077591364, 2: -152584.50536277462}
2
//group///testing/BEEF_Research/GaN_mp804/V_N/experiments/ex62_332/supercells/VAC_1/2/

LOG | No manual sigma provided for charge 2

LOG | Sigma: 1.94573

LOG | Accepted sigma: 1.94573 bohr
made the input

LOG | Coffee.py energy: 0.8171 eV
made the input

LOG | Coffee.py energy: 1.0555 eV
made the input

LOG | Coffee.py energy: 1.1931 eV
Attmepting to calculate lattice energy correction 
Setting correction energies 
Creating one_by_V/A arrays
[18, 48, 100]
[0.05555556 0.02083333 0.01      ]
Computing fit
[0.8171, 1.0555, 1.1931]
L2: 0.11760385888446917
L3: 0.08480705747130937
L4: 0.06640168100743545
A
B
C
D
E_m_iso = 1.7023348664507005
E_lattice = 0.8852348664507005
Calculating potential alignment correction
dV_0p.py output: charge: 2
Shape of the data in the file: (120, 120, 120)

Defect Coords: 2.1630333648638076
Farthest coordinate from defect: 6.989533364863808
dV0p @ far from defect = -0.1529785295464577

LOG | dV0p @ far from defect = -0.1529785295464577
dV_mD.py output: //home//packages/coffee/CoFFEE_2.0/PotentialAlignment/Utilities/plavg.py:88: ComplexWarning: Casting complex values to real discards the imaginary part
  vol_a1[i] = Sum1/(a2_dim*a3_dim)
dir: a1
Shape of the data in the file: (120, 120, 120)
The first column in the files is in bohr


LOG | dVmD_model @ far from defect = 0.0531026492939259
dVmD_vdiff @ far from defect = 0.05697995715542673

LOG | dVmD_vdiff @ far from defect = 0.05697995715542673


LOG | #################################################

LOG | Charge: 2

LOG | total_FNV_correction: 0.7361336447657436

LOG | #################################################
FNV_energy: {'E_lattice': 0.8852348664507005, 'E_vq0m': 0.0038773078615008325, 'E_vop': -0.1529785295464577, 'total': 0.7361336447657436}
