
 submitted Quantum Espresso job
hostname
trace08.wec.local.cmu.edu

LOG | Environment variable ESPRESSO_PW_EXE': pw.x

LOG | Environment variable ESPRESSO_PP_EXE': pp.x

LOG | Environment variable COFFEE_DIR': /trace/home/atimmins/packages/coffee/CoFFEE_2.0/

LOG | Environment variable ESPRESSO_PP_EXE': pp.x

LOG | Espresso Command: mpirun pw.x -nd 1 -in PREFIX.pwi > PREFIX.pwo

LOG | Calculate Pristine Energy
correction_params: {'type': 'FNV', 'FNV': {'auto_select_bands': False, 'electrons_at_neutral': 2368, 'defect_level': 'shallow', 'band_by_charge': {-1: 1150, 0: 1150, 1: 1150, -2: 1150, 2: 1150, 3: 1150}, 'sigma_by_charge': {}, 'epsilon': 17, 'grid_size': [216, 216, 250]}}
Current working directory: /trace/group/acmegroup/atimmins/testing/BEEF_Research/PbI2_mp22893/Pb_I/ex55_443
Failed to create path: /trace/group/acmegroup/atimmins/testing/BEEF_Research/PbI2_mp22893/Pb_I/ex55_443/supercells
Current working directory: /trace/group/acmegroup/atimmins/testing/BEEF_Research/PbI2_mp22893/Pb_I/ex55_443
Failed to create path: /trace/group/acmegroup/atimmins/testing/BEEF_Research/PbI2_mp22893/Pb_I/ex55_443/supercells/PRISTINE_0

LOG | Running DFT for defect: PRISTINE, num: 0, charge: 0
Current working directory: /trace/group/acmegroup/atimmins/testing/BEEF_Research/PbI2_mp22893/Pb_I/ex55_443
Failed to create path: /trace/group/acmegroup/atimmins/testing/BEEF_Research/PbI2_mp22893/Pb_I/ex55_443/supercells/PRISTINE_0/0

LOG | Searching for espresso.pwo

LOG | Current directory: /trace/group/acmegroup/atimmins/testing/BEEF_Research/PbI2_mp22893/Pb_I/ex55_443/supercells/PRISTINE_0/0/unitcell

LOG | The file 'espresso.pwo' has been found! Huzzah!

LOG | Job complete found!

LOG | Total energy = -27532.949713956205 eV!

LOG | Searching for espresso.pwo

LOG | Current directory: /trace/group/acmegroup/atimmins/testing/BEEF_Research/PbI2_mp22893/Pb_I/ex55_443/supercells/PRISTINE_0/0

LOG | The file 'espresso.pwo' has been found! Huzzah!

LOG | Job complete found!

LOG | Total energy = -1321581.647984827 eV!

LOG | valid_file_found__supercell_output: True

LOG | valid_file_found__wfcs: False

LOG | valid_file_found__pp_requiring_wfcs: True

LOG | valid_file_found__pp_not_requiring_wfcs: True

LOG | run_pw_unitcell: False

LOG | run_pw_supercell: False

LOG | run_pp_that_requires_wfc: False

LOG | run_pp_that_doesnt_require_wfc: False

LOG | DFT Calculation of Pristine Supercell: True

LOG | 
Adding Defect: SUB, {'I': -1, 'Pb': 1}
allowed_defect_composition: defaultdict(<class 'float'>, {'Pb': 48.0, 'I': 96.0})
Pb49 I95
New unique defect: SUB_Pb49 I95_[2.3557356  1.359766   5.48264436] Pb

LOG | Environment variable ESPRESSO_PP_EXE': pp.x

LOG | Calculating Defect Energy

LOG | Calculating Defect Energy of defect: SUB_Pb49 I95_[2.3557356  1.359766   5.48264436] Pb
correction_params: {'type': 'FNV', 'FNV': {'auto_select_bands': False, 'electrons_at_neutral': 2368, 'defect_level': 'shallow', 'band_by_charge': {-1: 1150, 0: 1150, 1: 1150, -2: 1150, 2: 1150, 3: 1150}, 'sigma_by_charge': {}, 'epsilon': 17, 'grid_size': [216, 216, 250]}}
Current working directory: /trace/group/acmegroup/atimmins/testing/BEEF_Research/PbI2_mp22893/Pb_I/ex55_443
Failed to create path: /trace/group/acmegroup/atimmins/testing/BEEF_Research/PbI2_mp22893/Pb_I/ex55_443/supercells
Current working directory: /trace/group/acmegroup/atimmins/testing/BEEF_Research/PbI2_mp22893/Pb_I/ex55_443
Failed to create path: /trace/group/acmegroup/atimmins/testing/BEEF_Research/PbI2_mp22893/Pb_I/ex55_443/supercells/SUB_1

LOG | Running DFT for defect: SUB, num: 1, charge: 0
Current working directory: /trace/group/acmegroup/atimmins/testing/BEEF_Research/PbI2_mp22893/Pb_I/ex55_443
Failed to create path: /trace/group/acmegroup/atimmins/testing/BEEF_Research/PbI2_mp22893/Pb_I/ex55_443/supercells/SUB_1/0

LOG | Searching for espresso.pwo

LOG | Current directory: /trace/group/acmegroup/atimmins/testing/BEEF_Research/PbI2_mp22893/Pb_I/ex55_443/supercells/SUB_1/0

LOG | The file 'espresso.pwo' has been found! Huzzah!

LOG | Job complete found!

LOG | Total energy = -1326105.5036874528 eV!

LOG | valid_file_found__supercell_output: True

LOG | valid_file_found__wfcs: False

LOG | valid_file_found__pp_requiring_wfcs: True

LOG | valid_file_found__pp_not_requiring_wfcs: True

LOG | run_pw_unitcell: False

LOG | run_pw_supercell: False

LOG | run_pp_that_requires_wfc: False

LOG | run_pp_that_doesnt_require_wfc: False

LOG | Running DFT for defect: SUB, num: 1, charge: 1
Current working directory: /trace/group/acmegroup/atimmins/testing/BEEF_Research/PbI2_mp22893/Pb_I/ex55_443
Failed to create path: /trace/group/acmegroup/atimmins/testing/BEEF_Research/PbI2_mp22893/Pb_I/ex55_443/supercells/SUB_1/1

LOG | Searching for espresso.pwo

LOG | Current directory: /trace/group/acmegroup/atimmins/testing/BEEF_Research/PbI2_mp22893/Pb_I/ex55_443/supercells/SUB_1/1

LOG | The file 'espresso.pwo' has been found! Huzzah!

LOG | Job complete found!

LOG | Total energy = -1326110.665554804 eV!

LOG | valid_file_found__supercell_output: True

LOG | valid_file_found__wfcs: False

LOG | valid_file_found__pp_requiring_wfcs: True

LOG | valid_file_found__pp_not_requiring_wfcs: False

LOG | run_pw_unitcell: False

LOG | run_pw_supercell: False

LOG | run_pp_that_requires_wfc: False

LOG | run_pp_that_doesnt_require_wfc: True
grid_size: [216, 216, 250]

LOG | Generating post processing (either cube or xsf) files.

LOG | pp.x argument: ['mpirun', 'pp.x', '-in', 'espresso_pn_1.ppi', '>', 'espresso_pn_1.ppo']

LOG | Running DFT for defect: SUB, num: 1, charge: 2
Current working directory: /trace/group/acmegroup/atimmins/testing/BEEF_Research/PbI2_mp22893/Pb_I/ex55_443
Failed to create path: /trace/group/acmegroup/atimmins/testing/BEEF_Research/PbI2_mp22893/Pb_I/ex55_443/supercells/SUB_1/2

LOG | Searching for espresso.pwo

LOG | Current directory: /trace/group/acmegroup/atimmins/testing/BEEF_Research/PbI2_mp22893/Pb_I/ex55_443/supercells/SUB_1/2

LOG | The file 'espresso.pwo' has been found! Huzzah!

LOG | Job complete found!

LOG | Total energy = -1326115.682550116 eV!

LOG | valid_file_found__supercell_output: True

LOG | valid_file_found__wfcs: False

LOG | valid_file_found__pp_requiring_wfcs: True

LOG | valid_file_found__pp_not_requiring_wfcs: True

LOG | run_pw_unitcell: False

LOG | run_pw_supercell: False

LOG | run_pp_that_requires_wfc: False

LOG | run_pp_that_doesnt_require_wfc: False

LOG | Running DFT for defect: SUB, num: 1, charge: 3
Current working directory: /trace/group/acmegroup/atimmins/testing/BEEF_Research/PbI2_mp22893/Pb_I/ex55_443
Failed to create path: /trace/group/acmegroup/atimmins/testing/BEEF_Research/PbI2_mp22893/Pb_I/ex55_443/supercells/SUB_1/3

LOG | Searching for espresso.pwo

LOG | Current directory: /trace/group/acmegroup/atimmins/testing/BEEF_Research/PbI2_mp22893/Pb_I/ex55_443/supercells/SUB_1/3

LOG | The file 'espresso.pwo' has been found! Huzzah!

LOG | Job complete found!

LOG | Total energy = -1326120.8211640946 eV!

LOG | valid_file_found__supercell_output: True

LOG | valid_file_found__wfcs: False

LOG | valid_file_found__pp_requiring_wfcs: True

LOG | valid_file_found__pp_not_requiring_wfcs: True

LOG | run_pw_unitcell: False

LOG | run_pw_supercell: False

LOG | run_pp_that_requires_wfc: False

LOG | run_pp_that_doesnt_require_wfc: False

LOG | Calculating Defect Formation Energy from SUB_1

LOG | Epsilon value cannot be fetched from materials project.

LOG | Epsilon manually set to 17.
Defect Loc: [0.1666630416877175, 0.08332239037695653, 0.24771134899509364]
supercell_dimensions: [18.84507608 18.84504253 22.13313752]

LOG | Environment variable COFFEE_DIR': /trace/home/atimmins/packages/coffee/CoFFEE_2.0/

LOG | Calculating DFE for SUB_1, charge = 0
{0: -1326105.5036874528, 1: -1326110.665554804, 2: -1326115.682550116, 3: -1326120.8211640946}

LOG | Calculating DFE for SUB_1, charge = 1
{0: -1326105.5036874528, 1: -1326110.665554804, 2: -1326115.682550116, 3: -1326120.8211640946}
1
/trace/group/acmegroup/atimmins/testing/BEEF_Research/PbI2_mp22893/Pb_I/ex55_443/supercells/SUB_1/1/

LOG | No manual sigma provided for charge 1

LOG | Sigma: 3.13425

LOG | Accepted sigma: 3.13425 bohr
made the input

LOG | Coffee.py energy: 0.1115 eV
made the input

LOG | Coffee.py energy: 0.1287 eV
made the input

LOG | Coffee.py energy: 0.1398 eV
Attmepting to calculate lattice energy correction 
Setting correction energies 
Creating one_by_V/A arrays
[48, 100, 180]
[0.02083333 0.01       0.00555556]
Computing fit
[0.1115, 0.1287, 0.1398]
L2: 0.05840477437460658
L3: 0.04572939225778316
L4: 0.03759279311264638
A
B
C
D
E_m_iso = 0.19143616888334525
E_lattice = 0.07993616888334525
Calculating potential alignment correction
dV_0p.py output: charge: 1
Shape of the data in the file: (216, 216, 250)

Defect Coords: 3.1407776996829493
Farthest coordinate from defect: 12.51977769968295
dV0p @ far from defect = 0.025183998817056304

LOG | dV0p @ far from defect = 0.025183998817056304
dV_mD.py output: /trace/home/atimmins/packages/coffee/CoFFEE_2.0/PotentialAlignment/Utilities/plavg.py:88: ComplexWarning: Casting complex values to real discards the imaginary part
  vol_a1[i] = Sum1/(a2_dim*a3_dim)
dir: a1
Shape of the data in the file: (216, 216, 250)
The first column in the files is in bohr


LOG | dVmD_model @ far from defect = 0.009834346094749718
dVmD_vdiff @ far from defect = 0.005930338233814482

LOG | dVmD_vdiff @ far from defect = 0.005930338233814482


LOG | #################################################

LOG | Charge: 1

LOG | total_FNV_correction: 0.1012161598394663

LOG | #################################################
FNV_energy: {'E_lattice': 0.07993616888334525, 'E_vq0m': -0.0039040078609352356, 'E_vop': 0.025183998817056304, 'total': 0.1012161598394663}

LOG | Calculating DFE for SUB_1, charge = 2
{0: -1326105.5036874528, 1: -1326110.665554804, 2: -1326115.682550116, 3: -1326120.8211640946}
2
/trace/group/acmegroup/atimmins/testing/BEEF_Research/PbI2_mp22893/Pb_I/ex55_443/supercells/SUB_1/2/

LOG | No manual sigma provided for charge 2

LOG | Sigma: 3.190178

LOG | Accepted sigma: 3.190178 bohr
made the input

LOG | Coffee.py energy: 0.4332 eV
made the input

LOG | Coffee.py energy: 0.5019 eV
made the input

LOG | Coffee.py energy: 0.546 eV
Attmepting to calculate lattice energy correction 
Setting correction energies 
Creating one_by_V/A arrays
[48, 100, 180]
[0.02083333 0.01       0.00555556]
Computing fit
[0.4332, 0.5019, 0.546]
L2: 0.05840477437460658
L3: 0.04572939225778316
L4: 0.03759279311264638
A
B
C
D
E_m_iso = 0.7497512366892355
E_lattice = 0.3165512366892355
Calculating potential alignment correction
dV_0p.py output: charge: 2
Shape of the data in the file: (216, 216, 250)

Defect Coords: 3.1407776996829493
Farthest coordinate from defect: 12.51977769968295
dV0p @ far from defect = 0.05036799763411261

LOG | dV0p @ far from defect = 0.05036799763411261
dV_mD.py output: /trace/home/atimmins/packages/coffee/CoFFEE_2.0/PotentialAlignment/Utilities/plavg.py:88: ComplexWarning: Casting complex values to real discards the imaginary part
  vol_a1[i] = Sum1/(a2_dim*a3_dim)
dir: a1
Shape of the data in the file: (216, 216, 250)
The first column in the files is in bohr


LOG | dVmD_model @ far from defect = 0.019627392189499434
dVmD_vdiff @ far from defect = -0.002992322124068759

LOG | dVmD_vdiff @ far from defect = -0.002992322124068759


LOG | #################################################

LOG | Charge: 2

LOG | total_FNV_correction: 0.3442995200097799

LOG | #################################################
FNV_energy: {'E_lattice': 0.3165512366892355, 'E_vq0m': -0.02261971431356819, 'E_vop': 0.05036799763411261, 'total': 0.3442995200097799}

LOG | Calculating DFE for SUB_1, charge = 3
{0: -1326105.5036874528, 1: -1326110.665554804, 2: -1326115.682550116, 3: -1326120.8211640946}
3
/trace/group/acmegroup/atimmins/testing/BEEF_Research/PbI2_mp22893/Pb_I/ex55_443/supercells/SUB_1/3/

LOG | No manual sigma provided for charge 3

LOG | Sigma: 3.060438

LOG | Accepted sigma: 3.060438 bohr
made the input

LOG | Coffee.py energy: 1.0434 eV
made the input

LOG | Coffee.py energy: 1.1987 eV
made the input

LOG | Coffee.py energy: 1.2985 eV
Attmepting to calculate lattice energy correction 
Setting correction energies 
Creating one_by_V/A arrays
[48, 100, 180]
[0.02083333 0.01       0.00555556]
Computing fit
[1.0434, 1.1987, 1.2985]
L2: 0.05840477437460658
L3: 0.04572939225778316
L4: 0.03759279311264638
A
B
C
D
E_m_iso = 1.7602510722030447
E_lattice = 0.7168510722030446
Calculating potential alignment correction
dV_0p.py output: charge: 3
Shape of the data in the file: (216, 216, 250)

Defect Coords: 3.1407776996829493
Farthest coordinate from defect: 12.51977769968295
dV0p @ far from defect = 0.07555200645116891

LOG | dV0p @ far from defect = 0.07555200645116891
dV_mD.py output: /trace/home/atimmins/packages/coffee/CoFFEE_2.0/PotentialAlignment/Utilities/plavg.py:88: ComplexWarning: Casting complex values to real discards the imaginary part
  vol_a1[i] = Sum1/(a2_dim*a3_dim)
dir: a1
Shape of the data in the file: (216, 216, 250)
The first column in the files is in bohr


LOG | dVmD_model @ far from defect = 0.029583138284249147
dVmD_vdiff @ far from defect = -0.007270719205635571

LOG | dVmD_vdiff @ far from defect = -0.007270719205635571


LOG | #################################################

LOG | Charge: 3

LOG | total_FNV_correction: 0.7555492211643288

LOG | #################################################
FNV_energy: {'E_lattice': 0.7168510722030446, 'E_vq0m': -0.03685385748988472, 'E_vop': 0.07555200645116891, 'total': 0.7555492211643288}
