
 submitted Quantum Espresso job
hostname
trace03.wec.local.cmu.edu

LOG | Environment variable ESPRESSO_PW_EXE': pw.x

LOG | Environment variable ESPRESSO_PP_EXE': pp.x

LOG | Environment variable COFFEE_DIR': /trace/home/atimmins/packages/coffee/CoFFEE_2.0/

LOG | Environment variable ESPRESSO_PP_EXE': pp.x

LOG | Espresso Command: mpirun pw.x -nd 1 -in PREFIX.pwi > PREFIX.pwo

LOG | Calculate Pristine Energy
correction_params: {'type': 'FNV', 'FNV': {'auto_select_bands': False, 'electrons_at_neutral': 2368, 'defect_level': 'shallow', 'band_by_charge': {-2: 760, -1: 760, 0: 760, 1: 760}, 'sigma_by_charge': {}, 'epsilon': 17, 'grid_size': [216, 216, 180]}}
Current working directory: /trace/group/acmegroup/atimmins/testing/BEEF_Research/PbI2_mp22893/V_I/experiments/ex60_442
Failed to create path: /trace/group/acmegroup/atimmins/testing/BEEF_Research/PbI2_mp22893/V_I/experiments/ex60_442/supercells
Current working directory: /trace/group/acmegroup/atimmins/testing/BEEF_Research/PbI2_mp22893/V_I/experiments/ex60_442
Failed to create path: /trace/group/acmegroup/atimmins/testing/BEEF_Research/PbI2_mp22893/V_I/experiments/ex60_442/supercells/PRISTINE_0

LOG | Running DFT for defect: PRISTINE, num: 0, charge: 0
Current working directory: /trace/group/acmegroup/atimmins/testing/BEEF_Research/PbI2_mp22893/V_I/experiments/ex60_442
Failed to create path: /trace/group/acmegroup/atimmins/testing/BEEF_Research/PbI2_mp22893/V_I/experiments/ex60_442/supercells/PRISTINE_0/0

LOG | Searching for espresso.pwo

LOG | Current directory: /trace/group/acmegroup/atimmins/testing/BEEF_Research/PbI2_mp22893/V_I/experiments/ex60_442/supercells/PRISTINE_0/0/unitcell

LOG | The file 'espresso.pwo' has been found! Huzzah!

LOG | Job complete found!

LOG | Total energy = -27532.949713956205 eV!

LOG | Searching for espresso.pwo

LOG | Current directory: /trace/group/acmegroup/atimmins/testing/BEEF_Research/PbI2_mp22893/V_I/experiments/ex60_442/supercells/PRISTINE_0/0

LOG | The file 'espresso.pwo' has been found! Huzzah!

LOG | Job complete found!

LOG | Total energy = -881054.402196885 eV!

LOG | valid_file_found__supercell_output: True

LOG | valid_file_found__wfcs: False

LOG | valid_file_found__pp_requiring_wfcs: True

LOG | valid_file_found__pp_not_requiring_wfcs: False

LOG | run_pw_unitcell: False

LOG | run_pw_supercell: False

LOG | run_pp_that_requires_wfc: False

LOG | run_pp_that_doesnt_require_wfc: True
grid_size: [216, 216, 180]

LOG | Generating post processing (either cube or xsf) files.

LOG | pp.x argument: ['mpirun', 'pp.x', '-in', 'espresso_pn_1.ppi', '>', 'espresso_pn_1.ppo']

LOG | DFT Calculation of Pristine Supercell: True

LOG | 
Adding Defect: VAC, {'I': -1, 'Pb': 0}
allowed_defect_composition: defaultdict(<class 'float'>, {'Pb': 32.0, 'I': 64.0})
VAC_Pb31 I64_[ 2.35579468  4.07971885 14.75536469] Pb
VAC_Pb32 I63_[2.3557356  1.359766   5.48264436] I
New unique defect: VAC_Pb32 I63_[2.3557356  1.359766   5.48264436] I

LOG | Environment variable ESPRESSO_PP_EXE': pp.x

LOG | Calculating Defect Energy

LOG | Calculating Defect Energy of defect: VAC_Pb32 I63_[2.3557356  1.359766   5.48264436] I
correction_params: {'type': 'FNV', 'FNV': {'auto_select_bands': False, 'electrons_at_neutral': 2368, 'defect_level': 'shallow', 'band_by_charge': {-2: 760, -1: 760, 0: 760, 1: 760}, 'sigma_by_charge': {}, 'epsilon': 17, 'grid_size': [216, 216, 180]}}
Current working directory: /trace/group/acmegroup/atimmins/testing/BEEF_Research/PbI2_mp22893/V_I/experiments/ex60_442
Failed to create path: /trace/group/acmegroup/atimmins/testing/BEEF_Research/PbI2_mp22893/V_I/experiments/ex60_442/supercells
Current working directory: /trace/group/acmegroup/atimmins/testing/BEEF_Research/PbI2_mp22893/V_I/experiments/ex60_442
Failed to create path: /trace/group/acmegroup/atimmins/testing/BEEF_Research/PbI2_mp22893/V_I/experiments/ex60_442/supercells/VAC_1

LOG | Running DFT for defect: VAC, num: 1, charge: 0
Current working directory: /trace/group/acmegroup/atimmins/testing/BEEF_Research/PbI2_mp22893/V_I/experiments/ex60_442
Failed to create path: /trace/group/acmegroup/atimmins/testing/BEEF_Research/PbI2_mp22893/V_I/experiments/ex60_442/supercells/VAC_1/0

LOG | Searching for espresso.pwo

LOG | Current directory: /trace/group/acmegroup/atimmins/testing/BEEF_Research/PbI2_mp22893/V_I/experiments/ex60_442/supercells/VAC_1/0

LOG | The file 'espresso.pwo' has been found! Huzzah!

LOG | Job complete found!

LOG | Total energy = -873384.2060595322 eV!

LOG | valid_file_found__supercell_output: True

LOG | valid_file_found__wfcs: False

LOG | valid_file_found__pp_requiring_wfcs: True

LOG | valid_file_found__pp_not_requiring_wfcs: False

LOG | run_pw_unitcell: False

LOG | run_pw_supercell: False

LOG | run_pp_that_requires_wfc: False

LOG | run_pp_that_doesnt_require_wfc: True
grid_size: [216, 216, 180]

LOG | Generating post processing (either cube or xsf) files.

LOG | pp.x argument: ['mpirun', 'pp.x', '-in', 'espresso_pn_1.ppi', '>', 'espresso_pn_1.ppo']

LOG | Running DFT for defect: VAC, num: 1, charge: 1
Current working directory: /trace/group/acmegroup/atimmins/testing/BEEF_Research/PbI2_mp22893/V_I/experiments/ex60_442
Failed to create path: /trace/group/acmegroup/atimmins/testing/BEEF_Research/PbI2_mp22893/V_I/experiments/ex60_442/supercells/VAC_1/1

LOG | Searching for espresso.pwo

LOG | Current directory: /trace/group/acmegroup/atimmins/testing/BEEF_Research/PbI2_mp22893/V_I/experiments/ex60_442/supercells/VAC_1/1

LOG | The file 'espresso.pwo' has been found! Huzzah!

LOG | Job complete found!

LOG | Total energy = -873389.58354491 eV!

LOG | valid_file_found__supercell_output: True

LOG | valid_file_found__wfcs: False

LOG | valid_file_found__pp_requiring_wfcs: True

LOG | valid_file_found__pp_not_requiring_wfcs: False

LOG | run_pw_unitcell: False

LOG | run_pw_supercell: False

LOG | run_pp_that_requires_wfc: False

LOG | run_pp_that_doesnt_require_wfc: True
grid_size: [216, 216, 180]

LOG | Generating post processing (either cube or xsf) files.

LOG | pp.x argument: ['mpirun', 'pp.x', '-in', 'espresso_pn_1.ppi', '>', 'espresso_pn_1.ppo']

LOG | Running DFT for defect: VAC, num: 1, charge: -1
Current working directory: /trace/group/acmegroup/atimmins/testing/BEEF_Research/PbI2_mp22893/V_I/experiments/ex60_442
Failed to create path: /trace/group/acmegroup/atimmins/testing/BEEF_Research/PbI2_mp22893/V_I/experiments/ex60_442/supercells/VAC_1/-1

LOG | Searching for espresso.pwo

LOG | Current directory: /trace/group/acmegroup/atimmins/testing/BEEF_Research/PbI2_mp22893/V_I/experiments/ex60_442/supercells/VAC_1/-1

LOG | The file 'espresso.pwo' has been found! Huzzah!

LOG | Job complete found!

LOG | Total energy = -873379.2019127668 eV!

LOG | valid_file_found__supercell_output: True

LOG | valid_file_found__wfcs: False

LOG | valid_file_found__pp_requiring_wfcs: True

LOG | valid_file_found__pp_not_requiring_wfcs: False

LOG | run_pw_unitcell: False

LOG | run_pw_supercell: False

LOG | run_pp_that_requires_wfc: False

LOG | run_pp_that_doesnt_require_wfc: True
grid_size: [216, 216, 180]

LOG | Generating post processing (either cube or xsf) files.

LOG | pp.x argument: ['mpirun', 'pp.x', '-in', 'espresso_pn_1.ppi', '>', 'espresso_pn_1.ppo']

LOG | Calculating Defect Formation Energy from VAC_1

LOG | Epsilon value cannot be fetched from materials project.

LOG | Epsilon manually set to 17.
Defect Loc: [0.16666304168771748, 0.08332239037695655, 0.3715670234926404]
supercell_dimensions: [18.84507608 18.84504253 14.75542501]

LOG | Environment variable COFFEE_DIR': /trace/home/atimmins/packages/coffee/CoFFEE_2.0/

LOG | Calculating DFE for VAC_1, charge = 0
{0: -873384.2060595322, 1: -873389.58354491, -1: -873379.2019127668}

LOG | Calculating DFE for VAC_1, charge = 1
{0: -873384.2060595322, 1: -873389.58354491, -1: -873379.2019127668}
1
/trace/group/acmegroup/atimmins/testing/BEEF_Research/PbI2_mp22893/V_I/experiments/ex60_442/supercells/VAC_1/1/

LOG | No manual sigma provided for charge 1

LOG | Sigma: 3.861026

LOG | Accepted sigma: 3.861026 bohr
made the input

LOG | Coffee.py energy: 0.028 eV
made the input

LOG | Coffee.py energy: 0.0426 eV
made the input

LOG | Coffee.py energy: 0.0488 eV
Attmepting to calculate lattice energy correction 
Setting correction energies 
Creating one_by_V/A arrays
[32, 75, 144]
[0.03125    0.01333333 0.00694444]
Computing fit
[0.028, 0.0426, 0.0488]
L2: 0.06685677705972602
L3: 0.050331708790455065
L4: 0.040495608788538515
A
B
C
D
E_m_iso = 0.063050177522965
E_lattice = 0.035050177522965006
Calculating potential alignment correction
dV_0p.py output: charge: 1
Shape of the data in the file: (216, 216, 180)

Defect Coords: 3.140777699682949
Farthest coordinate from defect: 12.519777699682948
dV0p @ far from defect = -0.0880952851837815

LOG | dV0p @ far from defect = -0.0880952851837815
dV_mD.py output: /trace/home/atimmins/packages/coffee/CoFFEE_2.0/PotentialAlignment/Utilities/plavg.py:88: ComplexWarning: Casting complex values to real discards the imaginary part
  vol_a1[i] = Sum1/(a2_dim*a3_dim)
dir: a1
Shape of the data in the file: (216, 216, 180)
The first column in the files is in bohr


LOG | dVmD_model @ far from defect = 0.011921804657224895
dVmD_vdiff @ far from defect = 0.0036623768870815004

LOG | dVmD_vdiff @ far from defect = 0.0036623768870815004


LOG | #################################################

LOG | Charge: 1

LOG | total_FNV_correction: -0.061304535430959886

LOG | #################################################
FNV_energy: {'E_lattice': 0.035050177522965006, 'E_vq0m': -0.008259427770143395, 'E_vop': -0.0880952851837815, 'total': -0.061304535430959886}

LOG | Calculating DFE for VAC_1, charge = -1
{0: -873384.2060595322, 1: -873389.58354491, -1: -873379.2019127668}
-1
/trace/group/acmegroup/atimmins/testing/BEEF_Research/PbI2_mp22893/V_I/experiments/ex60_442/supercells/VAC_1/-1/

LOG | No manual sigma provided for charge -1

LOG | Sigma: 2.788897

LOG | Accepted sigma: 2.788897 bohr
made the input

LOG | Coffee.py energy: 0.0626 eV
made the input

LOG | Coffee.py energy: 0.0718 eV
made the input

LOG | Coffee.py energy: 0.0782 eV
Attmepting to calculate lattice energy correction 
Setting correction energies 
Creating one_by_V/A arrays
[32, 75, 144]
[0.03125    0.01333333 0.00694444]
Computing fit
[0.0626, 0.0718, 0.0782]
L2: 0.06685677705972602
L3: 0.050331708790455065
L4: 0.040495608788538515
A
B
C
D
E_m_iso = 0.10873253849642066
E_lattice = 0.046132538496420655
Calculating potential alignment correction
dV_0p.py output: charge: -1
Shape of the data in the file: (216, 216, 180)

Defect Coords: 3.140777699682949
Farthest coordinate from defect: 12.519777699682948
dV0p @ far from defect = 0.0880952851837815

LOG | dV0p @ far from defect = 0.0880952851837815
dV_mD.py output: /trace/home/atimmins/packages/coffee/CoFFEE_2.0/PotentialAlignment/Utilities/plavg.py:88: ComplexWarning: Casting complex values to real discards the imaginary part
  vol_a1[i] = Sum1/(a2_dim*a3_dim)
dir: a1
Shape of the data in the file: (216, 216, 180)
The first column in the files is in bohr


LOG | dVmD_model @ far from defect = -0.012442224657224896
dVmD_vdiff @ far from defect = 0.014679316160194234

LOG | dVmD_vdiff @ far from defect = 0.014679316160194234


LOG | #################################################

LOG | Charge: -1

LOG | total_FNV_correction: 0.16134936449762127

LOG | #################################################
FNV_energy: {'E_lattice': 0.046132538496420655, 'E_vq0m': 0.027121540817419132, 'E_vop': 0.0880952851837815, 'total': 0.16134936449762127}
