
 submitted Quantum Espresso job
hostname
trace21.wec.local.cmu.edu

LOG | Environment variable ESPRESSO_PW_EXE': pw.x

LOG | Environment variable ESPRESSO_PP_EXE': pp.x

LOG | Environment variable COFFEE_DIR': /trace/home/atimmins/packages/coffee/CoFFEE_2.0/

LOG | Environment variable ESPRESSO_PP_EXE': pp.x

LOG | Espresso Command: mpirun pw.x -nd 1 -in PREFIX.pwi > PREFIX.pwo

LOG | Calculate Pristine Energy
correction_params: {'type': 'FNV', 'FNV': {'auto_select_bands': False, 'electrons_at_neutral': 648, 'defect_level': 'shallow', 'band_by_charge': {0: 317, -1: 317, -2: 317}, 'sigma_by_charge': {}, 'epsilon': 10.860179653335564, 'grid_size': [120, 120, 120]}}
Current working directory: /trace/group/acmegroup/atimmins/testing/BEEF_Research/GaN_mp804/V_Ga/experiments/ex66_222
Failed to create path: /trace/group/acmegroup/atimmins/testing/BEEF_Research/GaN_mp804/V_Ga/experiments/ex66_222/supercells
Current working directory: /trace/group/acmegroup/atimmins/testing/BEEF_Research/GaN_mp804/V_Ga/experiments/ex66_222
Failed to create path: /trace/group/acmegroup/atimmins/testing/BEEF_Research/GaN_mp804/V_Ga/experiments/ex66_222/supercells/PRISTINE_0

LOG | Running DFT for defect: PRISTINE, num: 0, charge: 0
Current working directory: /trace/group/acmegroup/atimmins/testing/BEEF_Research/GaN_mp804/V_Ga/experiments/ex66_222
Failed to create path: /trace/group/acmegroup/atimmins/testing/BEEF_Research/GaN_mp804/V_Ga/experiments/ex66_222/supercells/PRISTINE_0/0

LOG | Searching for espresso.pwo

LOG | Current directory: /trace/group/acmegroup/atimmins/testing/BEEF_Research/GaN_mp804/V_Ga/experiments/ex66_222/supercells/PRISTINE_0/0/unitcell

LOG | The file 'espresso.pwo' has been found! Huzzah!

LOG | Job complete found!

LOG | Total energy = -8497.85383679082 eV!

LOG | Searching for espresso.pwo

LOG | A valid espresso.pwo for the supercell has not been found.

LOG | valid_file_found__supercell_output: False

LOG | valid_file_found__wfcs: True

LOG | valid_file_found__pp_requiring_wfcs: True

LOG | valid_file_found__pp_not_requiring_wfcs: True

LOG | run_pw_unitcell: False

LOG | run_pw_supercell: True

LOG | run_pp_that_requires_wfc: False

LOG | run_pp_that_doesnt_require_wfc: False

LOG | Starting DFT calculation

LOG | Supercell Matrix: 
[[ 6.48909683  0.          0.        ]
 [-3.24454842  5.61972271  0.        ]
 [ 0.          0.         10.57644318]]

LOG | Attempting to set extra ASE parameters

LOG | No ASE parameters provided.
Created the atom object!

LOG | DFT Calculation of Pristine Supercell: True

LOG | 
Adding Defect: VAC, {'Ga': -1, 'N': 0}
allowed_defect_composition: defaultdict(<class 'float'>, {'Ga': 16.0, 'N': 16.0})
VAC_Ga15 N16_[1.62227566 0.93661982 2.63968077] Ga
VAC_Ga16 N15_[1.62227566 0.93661982 4.63162392] N
New unique defect: VAC_Ga15 N16_[1.62227566 0.93661982 2.63968077] Ga

LOG | Environment variable ESPRESSO_PP_EXE': pp.x

LOG | Calculating Defect Energy

LOG | Calculating Defect Energy of defect: VAC_Ga15 N16_[1.62227566 0.93661982 2.63968077] Ga
correction_params: {'type': 'FNV', 'FNV': {'auto_select_bands': False, 'electrons_at_neutral': 648, 'defect_level': 'shallow', 'band_by_charge': {0: 317, -1: 317, -2: 317}, 'sigma_by_charge': {}, 'epsilon': 10.860179653335564, 'grid_size': [120, 120, 120]}}
Current working directory: /trace/group/acmegroup/atimmins/testing/BEEF_Research/GaN_mp804/V_Ga/experiments/ex66_222
Failed to create path: /trace/group/acmegroup/atimmins/testing/BEEF_Research/GaN_mp804/V_Ga/experiments/ex66_222/supercells
Current working directory: /trace/group/acmegroup/atimmins/testing/BEEF_Research/GaN_mp804/V_Ga/experiments/ex66_222
Failed to create path: /trace/group/acmegroup/atimmins/testing/BEEF_Research/GaN_mp804/V_Ga/experiments/ex66_222/supercells/VAC_1

LOG | Running DFT for defect: VAC, num: 1, charge: 0
Current working directory: /trace/group/acmegroup/atimmins/testing/BEEF_Research/GaN_mp804/V_Ga/experiments/ex66_222
Failed to create path: /trace/group/acmegroup/atimmins/testing/BEEF_Research/GaN_mp804/V_Ga/experiments/ex66_222/supercells/VAC_1/0

LOG | Searching for espresso.pwo

LOG | A valid espresso.pwo for the supercell has not been found.

LOG | valid_file_found__supercell_output: False

LOG | valid_file_found__wfcs: True

LOG | valid_file_found__pp_requiring_wfcs: True

LOG | valid_file_found__pp_not_requiring_wfcs: True

LOG | run_pw_unitcell: False

LOG | run_pw_supercell: True

LOG | run_pp_that_requires_wfc: False

LOG | run_pp_that_doesnt_require_wfc: False

LOG | Starting DFT calculation

LOG | Supercell Matrix: 
[[ 6.48909683  0.          0.        ]
 [-3.24454842  5.61972271  0.        ]
 [ 0.          0.         10.57644318]]

LOG | Attempting to set extra ASE parameters

LOG | No ASE parameters provided.
Created the atom object!

LOG | Running DFT for defect: VAC, num: 1, charge: -1
Current working directory: /trace/group/acmegroup/atimmins/testing/BEEF_Research/GaN_mp804/V_Ga/experiments/ex66_222
Failed to create path: /trace/group/acmegroup/atimmins/testing/BEEF_Research/GaN_mp804/V_Ga/experiments/ex66_222/supercells/VAC_1/-1

LOG | Searching for espresso.pwo

LOG | A valid espresso.pwo for the supercell has not been found.

LOG | valid_file_found__supercell_output: False

LOG | valid_file_found__wfcs: True

LOG | valid_file_found__pp_requiring_wfcs: False

LOG | valid_file_found__pp_not_requiring_wfcs: True

LOG | run_pw_unitcell: False

LOG | run_pw_supercell: True

LOG | run_pp_that_requires_wfc: True

LOG | run_pp_that_doesnt_require_wfc: False

LOG | Starting DFT calculation

LOG | Supercell Matrix: 
[[ 6.48909683  0.          0.        ]
 [-3.24454842  5.61972271  0.        ]
 [ 0.          0.         10.57644318]]

LOG | Attempting to set extra ASE parameters

LOG | No ASE parameters provided.
Created the atom object!

LOG | Generating post processing (either cube or xsf) files.

LOG | pp.x argument: ['mpirun', 'pp.x', '-in', 'espresso_pn_7.ppi', '>', 'espresso_pn_7.ppo']

LOG | Initial espresso.ppi job failed.

LOG | Re-attempting espresso.ppi job.

LOG | pp.x argument: ['mpirun', '-np', '1', 'pp.x', '-in', 'espresso_pn_7.ppi', '>', 'espresso_pn_7.ppo']

LOG | Espresso.ppi job failed.

LOG | Running DFT for defect: VAC, num: 1, charge: -2
Current working directory: /trace/group/acmegroup/atimmins/testing/BEEF_Research/GaN_mp804/V_Ga/experiments/ex66_222
Failed to create path: /trace/group/acmegroup/atimmins/testing/BEEF_Research/GaN_mp804/V_Ga/experiments/ex66_222/supercells/VAC_1/-2

LOG | Searching for espresso.pwo

LOG | A valid espresso.pwo for the supercell has not been found.

LOG | valid_file_found__supercell_output: False

LOG | valid_file_found__wfcs: True

LOG | valid_file_found__pp_requiring_wfcs: False

LOG | valid_file_found__pp_not_requiring_wfcs: True

LOG | run_pw_unitcell: False

LOG | run_pw_supercell: True

LOG | run_pp_that_requires_wfc: True

LOG | run_pp_that_doesnt_require_wfc: False

LOG | Starting DFT calculation

LOG | Supercell Matrix: 
[[ 6.48909683  0.          0.        ]
 [-3.24454842  5.61972271  0.        ]
 [ 0.          0.         10.57644318]]

LOG | Attempting to set extra ASE parameters

LOG | No ASE parameters provided.
Created the atom object!

LOG | Generating post processing (either cube or xsf) files.

LOG | pp.x argument: ['mpirun', 'pp.x', '-in', 'espresso_pn_7.ppi', '>', 'espresso_pn_7.ppo']

LOG | Initial espresso.ppi job failed.

LOG | Re-attempting espresso.ppi job.

LOG | pp.x argument: ['mpirun', '-np', '1', 'pp.x', '-in', 'espresso_pn_7.ppi', '>', 'espresso_pn_7.ppo']

LOG | Espresso.ppi job failed.

LOG | Calculating Defect Formation Energy from VAC_1

LOG | Epsilon value cannot be fetched from materials project.

LOG | Epsilon manually set to 10.860179653335564.
Defect Loc: [0.33333350081733193, 0.16666655409409084, 0.2495811421569967]
Defect Coords: [1.62227566 0.93661982 2.63968077]

LOG | Environment variable COFFEE_DIR': /trace/home/atimmins/packages/coffee/CoFFEE_2.0/

LOG | Calculating DFE for VAC_1, charge = 0
{0: -64121.14365757965, -1: -64112.86290761303, -2: -64104.18963588319}

LOG | Calculating DFE for VAC_1, charge = -1
{0: -64121.14365757965, -1: -64112.86290761303, -2: -64104.18963588319}
-1
/trace/group/acmegroup/atimmins/testing/BEEF_Research/GaN_mp804/V_Ga/experiments/ex66_222/supercells/VAC_1/-1/

LOG | No manual sigma provided for charge -1

LOG | Accepted sigma: 0 bohr
Calculating potential alignment correction
dV_0p.py output: charge: -1
Shape of the data in the file: (120, 120, 120)

Farthest coordinate from defect: 4.839775660599999
dV_mD.py output: Traceback (most recent call last):
  File "/trace/home/atimmins/packages/coffee/CoFFEE_2.0//PotentialAlignment/dV_mD.py", line 81, in <module>
    grid_py,vol_m = py_read(file_m_py)
  File "/trace/home/atimmins/packages/coffee/CoFFEE_2.0/PotentialAlignment/Utilities/plavg.py", line 113, in py_read
    vol = np.load(file)
  File "/trace/home/atimmins/.conda/envs/defect_tracking/lib/python3.8/site-packages/numpy/lib/npyio.py", line 390, in load
    fid = stack.enter_context(open(os_fspath(file), "rb"))
FileNotFoundError: [Errno 2] No such file or directory: '/trace/group/acmegroup/atimmins/testing/BEEF_Research/GaN_mp804/V_Ga/experiments/ex66_222/supercells/VAC_1/-1//V_r.npy'

