########################################################
CoFFEE: Corrections For Formation Energies and 
        Eigenvalues for charged defect simulations
########################################################
Running on 1 processor(s)
CELL PARAMETERS:
Cell dimensions (bohr): 44.515, 44.515,55.767 
Lattice vectors (normalized):
a1: 1.000, -0.000, 0.000
a2: -0.500, 0.866, -0.000
a3: 0.000, -0.000, 1.174
Plane-wave energy cut-off (Ry): 140.000 

GAUSSIAN_PARAMETERS:
Total charge: -2
Center of the gaussian (in crystal units):
0.24999444292297252 0.24999064960142278 0.9999980127457699
Gaussian width (bohr):
1.501714


DIELECTRIC PARAMETERS
Profile: Bulk
epsilon tensor:
[[17.  0.  0.]
 [ 0. 17.  0.]
 [ 0.  0. 17.]]


Grid: 147, 147, 249
Volume: 112399.926
!  Total Energy (eV): 0.0001
Execution time: 22.60 s
