########################################################
CoFFEE: Corrections For Formation Energies and 
        Eigenvalues for charged defect simulations
########################################################
Running on 1 processor(s)
CELL PARAMETERS:
Cell dimensions (bohr): 36.788, 36.788,49.966 
Lattice vectors (normalized):
a1: 1.000, 0.000, 0.000
a2: -0.500, 0.866, 0.000
a3: 0.000, 0.000, 1.222
Plane-wave energy cut-off (Ry): 140.000 

GAUSSIAN_PARAMETERS:
Total charge: 2
Center of the gaussian (in crystal units):
0.16666675040866596 0.08333327704704542 0.29194590543941223
Gaussian width (bohr):
2.293448


DIELECTRIC PARAMETERS
Profile: Bulk
epsilon tensor:
[[10.86017965  0.          0.        ]
 [ 0.         10.86017965  0.        ]
 [ 0.          0.         10.86017965]]


Grid: 121, 121, 233
Volume: 71587.048
!  Total Energy (eV): 1.2737
Execution time: 14.82 s
