
 submitted Quantum Espresso job
hostname
05.wec.local.cmu.edu

LOG | Environment variable ESPRESSO_PW_EXE': pw.x

LOG | Environment variable ESPRESSO_PP_EXE': pp.x

LOG | Environment variable COFFEE_DIR': //home//packages/coffee/CoFFEE_2.0/

LOG | Environment variable ESPRESSO_PP_EXE': pp.x

LOG | Espresso Command: mpirun pw.x -nd 1 -in PREFIX.pwi > PREFIX.pwo

LOG | Calculate Pristine Energy
correction_params: {'type': 'FNV', 'FNV': {'auto_select_bands': False, 'electrons_at_neutral': 2368, 'defect_level': 'shallow', 'band_by_charge': {-1: 1153, 0: 1153, 1: 1153, -2: 1153, 2: 1153, 3: 1154, -3: 1153}, 'sigma_by_charge': {}, 'epsilon': 17, 'grid_size': [216, 216, 250]}}
Current working directory: //group///testing/BEEF_Research/PbI2_mp22893/I_Pb/experiments/ex52_443
Failed to create path: //group///testing/BEEF_Research/PbI2_mp22893/I_Pb/experiments/ex52_443/supercells
Current working directory: //group///testing/BEEF_Research/PbI2_mp22893/I_Pb/experiments/ex52_443
Failed to create path: //group///testing/BEEF_Research/PbI2_mp22893/I_Pb/experiments/ex52_443/supercells/PRISTINE_0

LOG | Running DFT for defect: PRISTINE, num: 0, charge: 0
Current working directory: //group///testing/BEEF_Research/PbI2_mp22893/I_Pb/experiments/ex52_443
Failed to create path: //group///testing/BEEF_Research/PbI2_mp22893/I_Pb/experiments/ex52_443/supercells/PRISTINE_0/0

LOG | Searching for espresso.pwo

LOG | Current directory: //group///testing/BEEF_Research/PbI2_mp22893/I_Pb/experiments/ex52_443/supercells/PRISTINE_0/0/unitcell

LOG | The file 'espresso.pwo' has been found! Huzzah!

LOG | Job complete found!

LOG | Total energy = -27532.949713956205 eV!

LOG | Searching for espresso.pwo

LOG | Current directory: //group///testing/BEEF_Research/PbI2_mp22893/I_Pb/experiments/ex52_443/supercells/PRISTINE_0/0

LOG | The file 'espresso.pwo' has been found! Huzzah!

LOG | Job complete found!

LOG | Total energy = -1321581.647984827 eV!

LOG | valid_file_found__supercell_output: True

LOG | valid_file_found__wfcs: False

LOG | valid_file_found__pp_requiring_wfcs: True

LOG | valid_file_found__pp_not_requiring_wfcs: True

LOG | run_pw_unitcell: False

LOG | run_pw_supercell: False

LOG | run_pp_that_requires_wfc: False

LOG | run_pp_that_doesnt_require_wfc: False

LOG | DFT Calculation of Pristine Supercell: True

LOG | 
Adding Defect: SUB, {'I': 1, 'Pb': -1}
allowed_defect_composition: defaultdict(<class 'float'>, {'Pb': 48.0, 'I': 96.0})
Pb47 I97
New unique defect: SUB_Pb47 I97_[ 2.35589092  4.0796337  22.1330772 ] I

LOG | Environment variable ESPRESSO_PP_EXE': pp.x

LOG | Calculating Defect Energy

LOG | Calculating Defect Energy of defect: SUB_Pb47 I97_[ 2.35589092  4.0796337  22.1330772 ] I
correction_params: {'type': 'FNV', 'FNV': {'auto_select_bands': False, 'electrons_at_neutral': 2368, 'defect_level': 'shallow', 'band_by_charge': {-1: 1153, 0: 1153, 1: 1153, -2: 1153, 2: 1153, 3: 1154, -3: 1153}, 'sigma_by_charge': {}, 'epsilon': 17, 'grid_size': [216, 216, 250]}}
Current working directory: //group///testing/BEEF_Research/PbI2_mp22893/I_Pb/experiments/ex52_443
Failed to create path: //group///testing/BEEF_Research/PbI2_mp22893/I_Pb/experiments/ex52_443/supercells
Current working directory: //group///testing/BEEF_Research/PbI2_mp22893/I_Pb/experiments/ex52_443
Failed to create path: //group///testing/BEEF_Research/PbI2_mp22893/I_Pb/experiments/ex52_443/supercells/SUB_1

LOG | Running DFT for defect: SUB, num: 1, charge: 0
Current working directory: //group///testing/BEEF_Research/PbI2_mp22893/I_Pb/experiments/ex52_443
Failed to create path: //group///testing/BEEF_Research/PbI2_mp22893/I_Pb/experiments/ex52_443/supercells/SUB_1/0

LOG | Searching for espresso.pwo

LOG | Current directory: //group///testing/BEEF_Research/PbI2_mp22893/I_Pb/experiments/ex52_443/supercells/SUB_1/0

LOG | The file 'espresso.pwo' has been found! Huzzah!

LOG | Job complete found!

LOG | Total energy = -1317050.9004851 eV!

LOG | valid_file_found__supercell_output: True

LOG | valid_file_found__wfcs: False

LOG | valid_file_found__pp_requiring_wfcs: True

LOG | valid_file_found__pp_not_requiring_wfcs: True

LOG | run_pw_unitcell: False

LOG | run_pw_supercell: False

LOG | run_pp_that_requires_wfc: False

LOG | run_pp_that_doesnt_require_wfc: False

LOG | Running DFT for defect: SUB, num: 1, charge: 1
Current working directory: //group///testing/BEEF_Research/PbI2_mp22893/I_Pb/experiments/ex52_443
Failed to create path: //group///testing/BEEF_Research/PbI2_mp22893/I_Pb/experiments/ex52_443/supercells/SUB_1/1

LOG | Searching for espresso.pwo

LOG | Current directory: //group///testing/BEEF_Research/PbI2_mp22893/I_Pb/experiments/ex52_443/supercells/SUB_1/1

LOG | The file 'espresso.pwo' has been found! Huzzah!

LOG | Job complete found!

LOG | Total energy = -1317054.7766062145 eV!

LOG | valid_file_found__supercell_output: True

LOG | valid_file_found__wfcs: False

LOG | valid_file_found__pp_requiring_wfcs: True

LOG | valid_file_found__pp_not_requiring_wfcs: True

LOG | run_pw_unitcell: False

LOG | run_pw_supercell: False

LOG | run_pp_that_requires_wfc: False

LOG | run_pp_that_doesnt_require_wfc: False

LOG | Running DFT for defect: SUB, num: 1, charge: -1
Current working directory: //group///testing/BEEF_Research/PbI2_mp22893/I_Pb/experiments/ex52_443
Failed to create path: //group///testing/BEEF_Research/PbI2_mp22893/I_Pb/experiments/ex52_443/supercells/SUB_1/-1

LOG | Searching for espresso.pwo

LOG | Current directory: //group///testing/BEEF_Research/PbI2_mp22893/I_Pb/experiments/ex52_443/supercells/SUB_1/-1

LOG | The file 'espresso.pwo' has been found! Huzzah!

LOG | Job complete found!

LOG | Total energy = -1317046.7141604656 eV!

LOG | valid_file_found__supercell_output: True

LOG | valid_file_found__wfcs: False

LOG | valid_file_found__pp_requiring_wfcs: True

LOG | valid_file_found__pp_not_requiring_wfcs: True

LOG | run_pw_unitcell: False

LOG | run_pw_supercell: False

LOG | run_pp_that_requires_wfc: False

LOG | run_pp_that_doesnt_require_wfc: False

LOG | Running DFT for defect: SUB, num: 1, charge: 2
Current working directory: //group///testing/BEEF_Research/PbI2_mp22893/I_Pb/experiments/ex52_443
Failed to create path: //group///testing/BEEF_Research/PbI2_mp22893/I_Pb/experiments/ex52_443/supercells/SUB_1/2

LOG | Searching for espresso.pwo

LOG | Current directory: //group///testing/BEEF_Research/PbI2_mp22893/I_Pb/experiments/ex52_443/supercells/SUB_1/2

LOG | The file 'espresso.pwo' has been found! Huzzah!

LOG | Job complete found!

LOG | Total energy = -1317058.4728891747 eV!

LOG | valid_file_found__supercell_output: True

LOG | valid_file_found__wfcs: False

LOG | valid_file_found__pp_requiring_wfcs: True

LOG | valid_file_found__pp_not_requiring_wfcs: True

LOG | run_pw_unitcell: False

LOG | run_pw_supercell: False

LOG | run_pp_that_requires_wfc: False

LOG | run_pp_that_doesnt_require_wfc: False

LOG | Running DFT for defect: SUB, num: 1, charge: -2
Current working directory: //group///testing/BEEF_Research/PbI2_mp22893/I_Pb/experiments/ex52_443
Failed to create path: //group///testing/BEEF_Research/PbI2_mp22893/I_Pb/experiments/ex52_443/supercells/SUB_1/-2

LOG | Searching for espresso.pwo

LOG | Current directory: //group///testing/BEEF_Research/PbI2_mp22893/I_Pb/experiments/ex52_443/supercells/SUB_1/-2

LOG | The file 'espresso.pwo' has been found! Huzzah!

LOG | Job complete found!

LOG | Total energy = -1317042.0979638863 eV!

LOG | valid_file_found__supercell_output: True

LOG | valid_file_found__wfcs: False

LOG | valid_file_found__pp_requiring_wfcs: True

LOG | valid_file_found__pp_not_requiring_wfcs: True

LOG | run_pw_unitcell: False

LOG | run_pw_supercell: False

LOG | run_pp_that_requires_wfc: False

LOG | run_pp_that_doesnt_require_wfc: False

LOG | Running DFT for defect: SUB, num: 1, charge: 3
Current working directory: //group///testing/BEEF_Research/PbI2_mp22893/I_Pb/experiments/ex52_443
Failed to create path: //group///testing/BEEF_Research/PbI2_mp22893/I_Pb/experiments/ex52_443/supercells/SUB_1/3

LOG | Searching for espresso.pwo

LOG | Current directory: //group///testing/BEEF_Research/PbI2_mp22893/I_Pb/experiments/ex52_443/supercells/SUB_1/3

LOG | The file 'espresso.pwo' has been found! Huzzah!

LOG | Job complete found!

LOG | Total energy = -1317062.613534835 eV!

LOG | valid_file_found__supercell_output: True

LOG | valid_file_found__wfcs: False

LOG | valid_file_found__pp_requiring_wfcs: True

LOG | valid_file_found__pp_not_requiring_wfcs: False

LOG | run_pw_unitcell: False

LOG | run_pw_supercell: False

LOG | run_pp_that_requires_wfc: False

LOG | run_pp_that_doesnt_require_wfc: True
grid_size: [216, 216, 250]

LOG | Generating post processing (either cube or xsf) files.

LOG | pp.x argument: ['mpirun', 'pp.x', '-in', 'espresso_pn_1.ppi', '>', 'espresso_pn_1.ppo']

LOG | Running DFT for defect: SUB, num: 1, charge: -3
Current working directory: //group///testing/BEEF_Research/PbI2_mp22893/I_Pb/experiments/ex52_443
Failed to create path: //group///testing/BEEF_Research/PbI2_mp22893/I_Pb/experiments/ex52_443/supercells/SUB_1/-3

LOG | Searching for espresso.pwo

LOG | Current directory: //group///testing/BEEF_Research/PbI2_mp22893/I_Pb/experiments/ex52_443/supercells/SUB_1/-3

LOG | The file 'espresso.pwo' has been found! Huzzah!

LOG | Job complete found!

LOG | Total energy = -1317036.8620628654 eV!

LOG | valid_file_found__supercell_output: True

LOG | valid_file_found__wfcs: False

LOG | valid_file_found__pp_requiring_wfcs: True

LOG | valid_file_found__pp_not_requiring_wfcs: False

LOG | run_pw_unitcell: False

LOG | run_pw_supercell: False

LOG | run_pp_that_requires_wfc: False

LOG | run_pp_that_doesnt_require_wfc: True
grid_size: [216, 216, 250]

LOG | Generating post processing (either cube or xsf) files.

LOG | pp.x argument: ['mpirun', 'pp.x', '-in', 'espresso_pn_1.ppi', '>', 'espresso_pn_1.ppo']

LOG | Calculating Defect Formation Energy from SUB_1

LOG | Epsilon value cannot be fetched from materials project.

LOG | Epsilon manually set to 17.
Defect Loc: [0.24999444292297252, 0.24999064960142278, 0.9999980127457699]
supercell_dimensions: [18.84507608 18.84504253 22.13313752]

LOG | Environment variable COFFEE_DIR': //home//packages/coffee/CoFFEE_2.0/

LOG | Calculating DFE for SUB_1, charge = 0
{0: -1317050.9004851, 1: -1317054.7766062145, -1: -1317046.7141604656, 2: -1317058.4728891747, -2: -1317042.0979638863, 3: -1317062.613534835, -3: -1317036.8620628654}

LOG | Calculating DFE for SUB_1, charge = 1
{0: -1317050.9004851, 1: -1317054.7766062145, -1: -1317046.7141604656, 2: -1317058.4728891747, -2: -1317042.0979638863, 3: -1317062.613534835, -3: -1317036.8620628654}
1
//group///testing/BEEF_Research/PbI2_mp22893/I_Pb/experiments/ex52_443/supercells/SUB_1/1/

LOG | No manual sigma provided for charge 1

LOG | Sigma: 2.570572

LOG | Accepted sigma: 2.570572 bohr
made the input

LOG | Coffee.py energy: 0.1273 eV
made the input

LOG | Coffee.py energy: 0.0681 eV
made the input

LOG | Coffee.py energy: 0.012 eV
Attmepting to calculate lattice energy correction 
Setting correction energies 
Creating one_by_V/A arrays
[48, 100, 180]
[0.02083333 0.01       0.00555556]
Computing fit
[0.1273, 0.0681, 0.012]
L2: 0.05840477437460658
L3: 0.04572939225778316
L4: 0.03759279311264638
A
B
C
D
E_m_iso = -0.35520985880511347
E_lattice = -0.48250985880511343
Calculating potential alignment correction
dV_0p.py output: charge: 1
Shape of the data in the file: (216, 216, 250)

Defect Coords: 4.711164295491187
Farthest coordinate from defect: 14.090164295491187
dV0p @ far from defect = -0.007410565061721417

LOG | dV0p @ far from defect = -0.007410565061721417
dV_mD.py output: //home//packages/coffee/CoFFEE_2.0/PotentialAlignment/Utilities/plavg.py:88: ComplexWarning: Casting complex values to real discards the imaginary part
  vol_a1[i] = Sum1/(a2_dim*a3_dim)
dir: a1
Shape of the data in the file: (216, 216, 250)
The first column in the files is in bohr


LOG | dVmD_model @ far from defect = 0.002227863875500183
dVmD_vdiff @ far from defect = 0.026463124246506996

LOG | dVmD_vdiff @ far from defect = 0.026463124246506996


LOG | #################################################

LOG | Charge: 1

LOG | total_FNV_correction: -0.46568516349582806

LOG | #################################################
FNV_energy: {'E_lattice': -0.48250985880511343, 'E_vq0m': 0.024235260371006814, 'E_vop': -0.007410565061721417, 'total': -0.46568516349582806}

LOG | Calculating DFE for SUB_1, charge = -1
{0: -1317050.9004851, 1: -1317054.7766062145, -1: -1317046.7141604656, 2: -1317058.4728891747, -2: -1317042.0979638863, 3: -1317062.613534835, -3: -1317036.8620628654}
-1
//group///testing/BEEF_Research/PbI2_mp22893/I_Pb/experiments/ex52_443/supercells/SUB_1/-1/

LOG | No manual sigma provided for charge -1

LOG | Sigma: 2.128866

LOG | Accepted sigma: 2.128866 bohr
made the input

LOG | Coffee.py energy: 0.1246 eV
made the input

LOG | Coffee.py energy: 0.0259 eV
made the input

LOG | Coffee.py energy: 0.0005 eV
Attmepting to calculate lattice energy correction 
Setting correction energies 
Creating one_by_V/A arrays
[48, 100, 180]
[0.02083333 0.01       0.00555556]
Computing fit
[0.1246, 0.0259, 0.0005]
L2: 0.05840477437460658
L3: 0.04572939225778316
L4: 0.03759279311264638
A
B
C
D
E_m_iso = 0.10968991125388124
E_lattice = -0.014910088746118766
Calculating potential alignment correction
dV_0p.py output: charge: -1
Shape of the data in the file: (216, 216, 250)

Defect Coords: 4.711164295491187
Farthest coordinate from defect: 14.090164295491187
dV0p @ far from defect = 0.007410565061721417

LOG | dV0p @ far from defect = 0.007410565061721417
dV_mD.py output: //home//packages/coffee/CoFFEE_2.0/PotentialAlignment/Utilities/plavg.py:88: ComplexWarning: Casting complex values to real discards the imaginary part
  vol_a1[i] = Sum1/(a2_dim*a3_dim)
dir: a1
Shape of the data in the file: (216, 216, 250)
The first column in the files is in bohr


LOG | dVmD_model @ far from defect = -0.0003926757635056818
dVmD_vdiff @ far from defect = -0.03591799129021285

LOG | dVmD_vdiff @ far from defect = -0.03591799129021285


LOG | #################################################

LOG | Charge: -1

LOG | total_FNV_correction: -0.04302483921110452

LOG | #################################################
FNV_energy: {'E_lattice': -0.014910088746118766, 'E_vq0m': -0.035525315526707166, 'E_vop': 0.007410565061721417, 'total': -0.04302483921110452}

LOG | Calculating DFE for SUB_1, charge = 2
{0: -1317050.9004851, 1: -1317054.7766062145, -1: -1317046.7141604656, 2: -1317058.4728891747, -2: -1317042.0979638863, 3: -1317062.613534835, -3: -1317036.8620628654}
2
//group///testing/BEEF_Research/PbI2_mp22893/I_Pb/experiments/ex52_443/supercells/SUB_1/2/

LOG | No manual sigma provided for charge 2

LOG | Sigma: 1.680948

LOG | Accepted sigma: 1.680948 bohr
made the input

LOG | Coffee.py energy: 0.2113 eV
made the input

LOG | Coffee.py energy: 0.0029 eV
made the input

LOG | Coffee.py energy: 0.0 eV
Attmepting to calculate lattice energy correction 
Setting correction energies 
Creating one_by_V/A arrays
[48, 100, 180]
[0.02083333 0.01       0.00555556]
Computing fit
[0.2113, 0.0029, 0.0]
L2: 0.05840477437460658
L3: 0.04572939225778316
L4: 0.03759279311264638
A
B
C
D
E_m_iso = 0.7677133216481937
E_lattice = 0.5564133216481937
Calculating potential alignment correction
dV_0p.py output: charge: 2
Shape of the data in the file: (216, 216, 250)

Defect Coords: 4.711164295491187
Farthest coordinate from defect: 14.090164295491187
dV0p @ far from defect = -0.014821130123442834

LOG | dV0p @ far from defect = -0.014821130123442834
dV_mD.py output: //home//packages/coffee/CoFFEE_2.0/PotentialAlignment/Utilities/plavg.py:88: ComplexWarning: Casting complex values to real discards the imaginary part
  vol_a1[i] = Sum1/(a2_dim*a3_dim)
dir: a1
Shape of the data in the file: (216, 216, 250)
The first column in the files is in bohr


LOG | dVmD_model @ far from defect = 9.743411725989734e-06
dVmD_vdiff @ far from defect = 0.03922842417934063

LOG | dVmD_vdiff @ far from defect = 0.03922842417934063


LOG | #################################################

LOG | Charge: 2

LOG | total_FNV_correction: 0.5808108722923654

LOG | #################################################
FNV_energy: {'E_lattice': 0.5564133216481937, 'E_vq0m': 0.03921868076761464, 'E_vop': -0.014821130123442834, 'total': 0.5808108722923654}

LOG | Calculating DFE for SUB_1, charge = -2
{0: -1317050.9004851, 1: -1317054.7766062145, -1: -1317046.7141604656, 2: -1317058.4728891747, -2: -1317042.0979638863, 3: -1317062.613534835, -3: -1317036.8620628654}
-2
//group///testing/BEEF_Research/PbI2_mp22893/I_Pb/experiments/ex52_443/supercells/SUB_1/-2/

LOG | No manual sigma provided for charge -2

LOG | Sigma: 1.501714

LOG | Accepted sigma: 1.501714 bohr
made the input

LOG | Coffee.py energy: 0.0555 eV
made the input

LOG | Coffee.py energy: 0.0001 eV
made the input

LOG | Coffee.py energy: 0.0 eV
Attmepting to calculate lattice energy correction 
Setting correction energies 
Creating one_by_V/A arrays
[48, 100, 180]
[0.02083333 0.01       0.00555556]
Computing fit
[0.0555, 0.0001, 0.0]
L2: 0.05840477437460658
L3: 0.04572939225778316
L4: 0.03759279311264638
A
B
C
D
E_m_iso = 0.2111890871246177
E_lattice = 0.1556890871246177
Calculating potential alignment correction
dV_0p.py output: charge: -2
Shape of the data in the file: (216, 216, 250)

Defect Coords: 4.711164295491187
Farthest coordinate from defect: 14.090164295491187
dV0p @ far from defect = 0.014821130123442834

LOG | dV0p @ far from defect = 0.014821130123442834
dV_mD.py output: //home//packages/coffee/CoFFEE_2.0/PotentialAlignment/Utilities/plavg.py:88: ComplexWarning: Casting complex values to real discards the imaginary part
  vol_a1[i] = Sum1/(a2_dim*a3_dim)
dir: a1
Shape of the data in the file: (216, 216, 250)
The first column in the files is in bohr


LOG | dVmD_model @ far from defect = -3.4341172598973453e-07
dVmD_vdiff @ far from defect = -0.06476724286151517

LOG | dVmD_vdiff @ far from defect = -0.06476724286151517


LOG | #################################################

LOG | Charge: -2

LOG | total_FNV_correction: 0.10574331779827137

LOG | #################################################
FNV_energy: {'E_lattice': 0.1556890871246177, 'E_vq0m': -0.06476689944978918, 'E_vop': 0.014821130123442834, 'total': 0.10574331779827137}

LOG | Calculating DFE for SUB_1, charge = 3
{0: -1317050.9004851, 1: -1317054.7766062145, -1: -1317046.7141604656, 2: -1317058.4728891747, -2: -1317042.0979638863, 3: -1317062.613534835, -3: -1317036.8620628654}
3
//group///testing/BEEF_Research/PbI2_mp22893/I_Pb/experiments/ex52_443/supercells/SUB_1/3/

LOG | No manual sigma provided for charge 3

LOG | Sigma: 1.636353

LOG | Accepted sigma: 1.636353 bohr
made the input

LOG | Coffee.py energy: 0.3695 eV
made the input

LOG | Coffee.py energy: 0.0031 eV
made the input

LOG | Coffee.py energy: 0.0 eV
Attmepting to calculate lattice energy correction 
Setting correction energies 
Creating one_by_V/A arrays
[48, 100, 180]
[0.02083333 0.01       0.00555556]
Computing fit
[0.3695, 0.0031, 0.0]
L2: 0.05840477437460658
L3: 0.04572939225778316
L4: 0.03759279311264638
A
B
C
D
E_m_iso = 1.3709236756101897
E_lattice = 1.0014236756101897
Calculating potential alignment correction
dV_0p.py output: charge: 3
Shape of the data in the file: (216, 216, 250)

Defect Coords: 4.711164295491187
Farthest coordinate from defect: 14.090164295491187
dV0p @ far from defect = -0.022231690146577526

LOG | dV0p @ far from defect = -0.022231690146577526
dV_mD.py output: //home//packages/coffee/CoFFEE_2.0/PotentialAlignment/Utilities/plavg.py:88: ComplexWarning: Casting complex values to real discards the imaginary part
  vol_a1[i] = Sum1/(a2_dim*a3_dim)
dir: a1
Shape of the data in the file: (216, 216, 250)
The first column in the files is in bohr


LOG | dVmD_model @ far from defect = 1.0563411725989735e-05
dVmD_vdiff @ far from defect = 0.0314246552394486

LOG | dVmD_vdiff @ far from defect = 0.0314246552394486


LOG | #################################################

LOG | Charge: 3

LOG | total_FNV_correction: 1.0106060772913348

LOG | #################################################
FNV_energy: {'E_lattice': 1.0014236756101897, 'E_vq0m': 0.03141409182772261, 'E_vop': -0.022231690146577526, 'total': 1.0106060772913348}

LOG | Calculating DFE for SUB_1, charge = -3
{0: -1317050.9004851, 1: -1317054.7766062145, -1: -1317046.7141604656, 2: -1317058.4728891747, -2: -1317042.0979638863, 3: -1317062.613534835, -3: -1317036.8620628654}
-3
//group///testing/BEEF_Research/PbI2_mp22893/I_Pb/experiments/ex52_443/supercells/SUB_1/-3/

LOG | No manual sigma provided for charge -3

LOG | Sigma: 1.387129

LOG | Accepted sigma: 1.387129 bohr
made the input

LOG | Coffee.py energy: 0.039 eV
made the input

LOG | Coffee.py energy: 0.0 eV
made the input

LOG | Coffee.py energy: 0.0 eV
Attmepting to calculate lattice energy correction 
Setting correction energies 
Creating one_by_V/A arrays
[48, 100, 180]
[0.02083333 0.01       0.00555556]
Computing fit
[0.039, 0.0, 0.0]
L2: 0.05840477437460658
L3: 0.04572939225778316
L4: 0.03759279311264638
A
B
C
D
E_m_iso = 0.14941641967791663
E_lattice = 0.11041641967791663
Calculating potential alignment correction
dV_0p.py output: charge: -3
Shape of the data in the file: (216, 216, 250)

Defect Coords: 4.711164295491187
Farthest coordinate from defect: 14.090164295491187
dV0p @ far from defect = 0.022231690146577526

LOG | dV0p @ far from defect = 0.022231690146577526
dV_mD.py output: //home//packages/coffee/CoFFEE_2.0/PotentialAlignment/Utilities/plavg.py:88: ComplexWarning: Casting complex values to real discards the imaginary part
  vol_a1[i] = Sum1/(a2_dim*a3_dim)
dir: a1
Shape of the data in the file: (216, 216, 250)
The first column in the files is in bohr


LOG | dVmD_model @ far from defect = -2e-08
dVmD_vdiff @ far from defect = -0.029509536103945078

LOG | dVmD_vdiff @ far from defect = -0.029509536103945078


LOG | #################################################

LOG | Charge: -3

LOG | total_FNV_correction: 0.10313859372054908

LOG | #################################################
FNV_energy: {'E_lattice': 0.11041641967791663, 'E_vq0m': -0.029509516103945078, 'E_vop': 0.022231690146577526, 'total': 0.10313859372054908}
