########################################################
CoFFEE: Corrections For Formation Energies and 
        Eigenvalues for charged defect simulations
########################################################
Running on 1 processor(s)
CELL PARAMETERS:
Cell dimensions (bohr): 27.003, 27.003,27.003 
Lattice vectors (normalized):
a1: 1.000, 0.000, 0.000
a2: 0.000, 1.000, 0.000
a3: 0.000, 0.000, 1.000
Plane-wave energy cut-off (Ry): 140.000 

GAUSSIAN_PARAMETERS:
Total charge: -1
Center of the gaussian (in crystal units):
0.06250150404071654 0.1874984960174294 0.06250150404071654
Gaussian width (bohr):
1.144979


DIELECTRIC PARAMETERS
Profile: Bulk
epsilon tensor:
[[5.82971398 0.         0.        ]
 [0.         5.82971398 0.        ]
 [0.         0.         5.82971398]]


Grid: 103, 103, 103
Volume: 19688.898
!  Total Energy (eV): 0.9067
Execution time: 4.81 s
