
 submitted Quantum Espresso job
hostname
09.wec.local.cmu.edu

LOG | Environment variable ESPRESSO_PW_EXE': pw.x

LOG | Environment variable ESPRESSO_PP_EXE': pp.x

LOG | Environment variable COFFEE_DIR': //home//packages/coffee/CoFFEE_2.0/

LOG | Environment variable ESPRESSO_PP_EXE': pp.x

LOG | Espresso Command: mpirun pw.x -nd 1 -in PREFIX.pwi > PREFIX.pwo

LOG | Calculate Pristine Energy
correction_params: {'type': 'FNV', 'FNV': {'auto_select_bands': False, 'electrons_at_neutral': 2368, 'defect_level': 'shallow', 'band_by_charge': {-2: 758, -1: 758, 0: 758}, 'sigma_by_charge': {}, 'epsilon': 17, 'grid_size': [216, 216, 180]}}
Current working directory: //group///testing/BEEF_Research/PbI2_mp22893/V_Pb/experiments/ex48_442
Failed to create path: //group///testing/BEEF_Research/PbI2_mp22893/V_Pb/experiments/ex48_442/supercells
Current working directory: //group///testing/BEEF_Research/PbI2_mp22893/V_Pb/experiments/ex48_442
Failed to create path: //group///testing/BEEF_Research/PbI2_mp22893/V_Pb/experiments/ex48_442/supercells/PRISTINE_0

LOG | Running DFT for defect: PRISTINE, num: 0, charge: 0
Current working directory: //group///testing/BEEF_Research/PbI2_mp22893/V_Pb/experiments/ex48_442
Failed to create path: //group///testing/BEEF_Research/PbI2_mp22893/V_Pb/experiments/ex48_442/supercells/PRISTINE_0/0

LOG | Searching for espresso.pwo

LOG | Current directory: //group///testing/BEEF_Research/PbI2_mp22893/V_Pb/experiments/ex48_442/supercells/PRISTINE_0/0/unitcell

LOG | The file 'espresso.pwo' has been found! Huzzah!

LOG | Job complete found!

LOG | Total energy = -27532.949713956205 eV!

LOG | Searching for espresso.pwo

LOG | Current directory: //group///testing/BEEF_Research/PbI2_mp22893/V_Pb/experiments/ex48_442/supercells/PRISTINE_0/0

LOG | The file 'espresso.pwo' has been found! Huzzah!

LOG | Job complete found!

LOG | Total energy = -881054.4021953883 eV!

LOG | valid_file_found__supercell_output: True

LOG | valid_file_found__wfcs: False

LOG | valid_file_found__pp_requiring_wfcs: True

LOG | valid_file_found__pp_not_requiring_wfcs: True

LOG | run_pw_unitcell: False

LOG | run_pw_supercell: False

LOG | run_pp_that_requires_wfc: False

LOG | run_pp_that_doesnt_require_wfc: False

LOG | DFT Calculation of Pristine Supercell: True

LOG | 
Adding Defect: VAC, {'I': 0, 'Pb': -1}
allowed_defect_composition: defaultdict(<class 'float'>, {'Pb': 32.0, 'I': 64.0})
VAC_Pb31 I64_[ 2.35579468  4.07971885 14.75536469] Pb
VAC_Pb32 I63_[2.3557356  1.359766   5.48264436] I
New unique defect: VAC_Pb31 I64_[ 2.35579468  4.07971885 14.75536469] Pb

LOG | Environment variable ESPRESSO_PP_EXE': pp.x

LOG | Calculating Defect Energy

LOG | Calculating Defect Energy of defect: VAC_Pb31 I64_[ 2.35579468  4.07971885 14.75536469] Pb
correction_params: {'type': 'FNV', 'FNV': {'auto_select_bands': False, 'electrons_at_neutral': 2368, 'defect_level': 'shallow', 'band_by_charge': {-2: 758, -1: 758, 0: 758}, 'sigma_by_charge': {}, 'epsilon': 17, 'grid_size': [216, 216, 180]}}
Current working directory: //group///testing/BEEF_Research/PbI2_mp22893/V_Pb/experiments/ex48_442
Failed to create path: //group///testing/BEEF_Research/PbI2_mp22893/V_Pb/experiments/ex48_442/supercells
Current working directory: //group///testing/BEEF_Research/PbI2_mp22893/V_Pb/experiments/ex48_442
Failed to create path: //group///testing/BEEF_Research/PbI2_mp22893/V_Pb/experiments/ex48_442/supercells/VAC_1

LOG | Running DFT for defect: VAC, num: 1, charge: 0
Current working directory: //group///testing/BEEF_Research/PbI2_mp22893/V_Pb/experiments/ex48_442
Failed to create path: //group///testing/BEEF_Research/PbI2_mp22893/V_Pb/experiments/ex48_442/supercells/VAC_1/0

LOG | Searching for espresso.pwo

LOG | Current directory: //group///testing/BEEF_Research/PbI2_mp22893/V_Pb/experiments/ex48_442/supercells/VAC_1/0

LOG | The file 'espresso.pwo' has been found! Huzzah!

LOG | Job complete found!

LOG | Total energy = -868856.0444216711 eV!

LOG | valid_file_found__supercell_output: True

LOG | valid_file_found__wfcs: False

LOG | valid_file_found__pp_requiring_wfcs: True

LOG | valid_file_found__pp_not_requiring_wfcs: True

LOG | run_pw_unitcell: False

LOG | run_pw_supercell: False

LOG | run_pp_that_requires_wfc: False

LOG | run_pp_that_doesnt_require_wfc: False

LOG | Running DFT for defect: VAC, num: 1, charge: -1
Current working directory: //group///testing/BEEF_Research/PbI2_mp22893/V_Pb/experiments/ex48_442
Failed to create path: //group///testing/BEEF_Research/PbI2_mp22893/V_Pb/experiments/ex48_442/supercells/VAC_1/-1

LOG | Searching for espresso.pwo

LOG | Current directory: //group///testing/BEEF_Research/PbI2_mp22893/V_Pb/experiments/ex48_442/supercells/VAC_1/-1

LOG | The file 'espresso.pwo' has been found! Huzzah!

LOG | Job complete found!

LOG | Total energy = -868852.5462995307 eV!

LOG | valid_file_found__supercell_output: True

LOG | valid_file_found__wfcs: False

LOG | valid_file_found__pp_requiring_wfcs: True

LOG | valid_file_found__pp_not_requiring_wfcs: True

LOG | run_pw_unitcell: False

LOG | run_pw_supercell: False

LOG | run_pp_that_requires_wfc: False

LOG | run_pp_that_doesnt_require_wfc: False

LOG | Running DFT for defect: VAC, num: 1, charge: -2
Current working directory: //group///testing/BEEF_Research/PbI2_mp22893/V_Pb/experiments/ex48_442
Failed to create path: //group///testing/BEEF_Research/PbI2_mp22893/V_Pb/experiments/ex48_442/supercells/VAC_1/-2

LOG | Searching for espresso.pwo

LOG | Current directory: //group///testing/BEEF_Research/PbI2_mp22893/V_Pb/experiments/ex48_442/supercells/VAC_1/-2

LOG | The file 'espresso.pwo' has been found! Huzzah!

LOG | Job complete found!

LOG | Total energy = -868848.9182622375 eV!

LOG | valid_file_found__supercell_output: True

LOG | valid_file_found__wfcs: False

LOG | valid_file_found__pp_requiring_wfcs: True

LOG | valid_file_found__pp_not_requiring_wfcs: True

LOG | run_pw_unitcell: False

LOG | run_pw_supercell: False

LOG | run_pp_that_requires_wfc: False

LOG | run_pp_that_doesnt_require_wfc: False

LOG | Calculating Defect Formation Energy from VAC_1

LOG | Epsilon value cannot be fetched from materials project.

LOG | Epsilon manually set to 17.
Defect Loc: [0.24999444292297243, 0.2499906496014228, 0.9999970191186549]
supercell_dimensions: [18.84507608 18.84504253 14.75542501]

LOG | Environment variable COFFEE_DIR': //home//packages/coffee/CoFFEE_2.0/

LOG | Calculating DFE for VAC_1, charge = 0
{0: -868856.0444216711, -1: -868852.5462995307, -2: -868848.9182622375}

LOG | Calculating DFE for VAC_1, charge = -1
{0: -868856.0444216711, -1: -868852.5462995307, -2: -868848.9182622375}
-1
//group///testing/BEEF_Research/PbI2_mp22893/V_Pb/experiments/ex48_442/supercells/VAC_1/-1/

LOG | No manual sigma provided for charge -1

LOG | Sigma: 4.070925

LOG | Accepted sigma: 4.070925 bohr
made the input

LOG | Coffee.py energy: 0.0275 eV
made the input

LOG | Coffee.py energy: 0.0388 eV
made the input

LOG | Coffee.py energy: 0.0448 eV
Attmepting to calculate lattice energy correction 
Setting correction energies 
Creating one_by_V/A arrays
[32, 75, 144]
[0.03125    0.01333333 0.00694444]
Computing fit
[0.0275, 0.0388, 0.0448]
L2: 0.06685677705972602
L3: 0.050331708790455065
L4: 0.040495608788538515
A
B
C
D
E_m_iso = 0.06621493858297733
E_lattice = 0.03871493858297734
Calculating potential alignment correction
dV_0p.py output: charge: -1
Shape of the data in the file: (216, 216, 180)

Defect Coords: 4.711164295491185
Farthest coordinate from defect: 14.090164295491185
dV0p @ far from defect = 0.1524748991457919

LOG | dV0p @ far from defect = 0.1524748991457919
dV_mD.py output: //home//packages/coffee/CoFFEE_2.0/PotentialAlignment/Utilities/plavg.py:88: ComplexWarning: Casting complex values to real discards the imaginary part
  vol_a1[i] = Sum1/(a2_dim*a3_dim)
dir: a1
Shape of the data in the file: (216, 216, 180)
The first column in the files is in bohr


LOG | dVmD_model @ far from defect = -0.011797914902537754
dVmD_vdiff @ far from defect = -0.021438234980274154

LOG | dVmD_vdiff @ far from defect = -0.021438234980274154


LOG | #################################################

LOG | Charge: -1

LOG | total_FNV_correction: 0.18154951765103283

LOG | #################################################
FNV_energy: {'E_lattice': 0.03871493858297734, 'E_vq0m': -0.0096403200777364, 'E_vop': 0.1524748991457919, 'total': 0.18154951765103283}

LOG | Calculating DFE for VAC_1, charge = -2
{0: -868856.0444216711, -1: -868852.5462995307, -2: -868848.9182622375}
-2
//group///testing/BEEF_Research/PbI2_mp22893/V_Pb/experiments/ex48_442/supercells/VAC_1/-2/

LOG | No manual sigma provided for charge -2

LOG | Sigma: 3.814631

LOG | Accepted sigma: 3.814631 bohr
made the input

LOG | Coffee.py energy: 0.1344 eV
made the input

LOG | Coffee.py energy: 0.1743 eV
made the input

LOG | Coffee.py energy: 0.1987 eV
Attmepting to calculate lattice energy correction 
Setting correction energies 
Creating one_by_V/A arrays
[32, 75, 144]
[0.03125    0.01333333 0.00694444]
Computing fit
[0.1344, 0.1743, 0.1987]
L2: 0.06685677705972602
L3: 0.050331708790455065
L4: 0.040495608788538515
A
B
C
D
E_m_iso = 0.3021015830392716
E_lattice = 0.1677015830392716
Calculating potential alignment correction
dV_0p.py output: charge: -2
Shape of the data in the file: (216, 216, 180)

Defect Coords: 4.711164295491185
Farthest coordinate from defect: 14.090164295491185
dV0p @ far from defect = 0.3049497982915838

LOG | dV0p @ far from defect = 0.3049497982915838
dV_mD.py output: //home//packages/coffee/CoFFEE_2.0/PotentialAlignment/Utilities/plavg.py:88: ComplexWarning: Casting complex values to real discards the imaginary part
  vol_a1[i] = Sum1/(a2_dim*a3_dim)
dir: a1
Shape of the data in the file: (216, 216, 180)
The first column in the files is in bohr


LOG | dVmD_model @ far from defect = -0.02389079980507551
dVmD_vdiff @ far from defect = -0.04020203119808809

LOG | dVmD_vdiff @ far from defect = -0.04020203119808809


LOG | #################################################

LOG | Charge: -2

LOG | total_FNV_correction: 0.45634014993784283

LOG | #################################################
FNV_energy: {'E_lattice': 0.1677015830392716, 'E_vq0m': -0.016311231393012576, 'E_vop': 0.3049497982915838, 'total': 0.45634014993784283}
