/trace/home/atimmins/.conda/envs/defect_tracking/lib/python3.8/site-packages/mp_api/client/mprester.py:182: UserWarning: mpcontribs-client not installed. Install the package to query MPContribs data, or construct pourbaix diagrams: 'pip install mpcontribs-client'
  warnings.warn(
Retrieving MaterialsDoc documents:   0%|          | 0/1 [00:00<?, ?it/s]Retrieving MaterialsDoc documents: 100%|██████████| 1/1 [00:00<00:00, 35544.95it/s]Warning: ieee_underflow is signaling
Warning: ieee_inexact is signaling
FORTRAN STOP
Warning: ieee_underflow is signaling
Warning: ieee_inexact is signaling
FORTRAN STOP
Warning: ieee_underflow is signaling
Warning: ieee_inexact is signaling
FORTRAN STOP
Warning: ieee_underflow is signaling
Warning: ieee_inexact is signaling
FORTRAN STOP
Warning: ieee_underflow is signaling
Warning: ieee_inexact is signaling
FORTRAN STOP
Warning: ieee_underflow is signaling
Warning: ieee_inexact is signaling
FORTRAN STOP
Warning: ieee_underflow is signaling
Warning: ieee_inexact is signaling
FORTRAN STOP
Warning: ieee_underflow is signaling
Warning: ieee_inexact is signaling
FORTRAN STOP
Warning: ieee_underflow is signaling
Warning: ieee_inexact is signaling
FORTRAN STOP
Warning: ieee_underflow is signaling
Warning: ieee_inexact is signaling
FORTRAN STOP
Warning: ieee_underflow is signaling
Warning: ieee_inexact is signaling
FORTRAN STOP
Warning: ieee_underflow is signaling
Warning: ieee_inexact is signaling
FORTRAN STOP
Warning: ieee_underflow is signaling
Warning: ieee_inexact is signaling
FORTRAN STOP
Warning: ieee_underflow is signaling
Warning: ieee_inexact is signaling
FORTRAN STOP
Warning: ieee_underflow is signaling
Warning: ieee_inexact is signaling
FORTRAN STOP
Warning: ieee_underflow is signaling
Warning: ieee_inexact is signaling
FORTRAN STOP
Warning: ieee_underflow is signaling
Warning: ieee_inexact is signaling
FORTRAN STOP
Warning: ieee_underflow is signaling
Warning: ieee_inexact is signaling
FORTRAN STOP
Warning: ieee_underflow is signaling
Warning: ieee_inexact is signaling
FORTRAN STOP
Warning: ieee_underflow is signaling
Warning: ieee_inexact is signaling
FORTRAN STOP
Warning: ieee_underflow is signaling
Warning: ieee_inexact is signaling
FORTRAN STOP
Warning: ieee_divide_by_zero is signaling
Warning: ieee_underflow is signaling
Warning: ieee_inexact is signaling
FORTRAN STOP
Warning: ieee_underflow is signaling
Warning: ieee_inexact is signaling
FORTRAN STOP
Warning: ieee_underflow is signaling
Warning: ieee_inexact is signaling
FORTRAN STOP
Warning: ieee_underflow is signaling
Warning: ieee_inexact is signaling
FORTRAN STOP
Warning: ieee_underflow is signaling
Warning: ieee_inexact is signaling
FORTRAN STOP
Warning: ieee_underflow is signaling
Warning: ieee_inexact is signaling
FORTRAN STOP
Warning: ieee_underflow is signaling
Warning: ieee_inexact is signaling
FORTRAN STOP
Warning: ieee_underflow is signaling
Warning: ieee_inexact is signaling
FORTRAN STOP
Warning: ieee_underflow is signaling
Warning: ieee_inexact is signaling
FORTRAN STOP
Warning: ieee_underflow is signaling
Warning: ieee_inexact is signaling
FORTRAN STOP
Warning: ieee_underflow is signaling
Warning: ieee_inexact is signaling
FORTRAN STOP
Warning: ieee_underflow is signaling
Warning: ieee_inexact is signaling
FORTRAN STOP
Warning: ieee_underflow is signaling
Warning: ieee_inexact is signaling
FORTRAN STOP
Warning: ieee_underflow is signaling
Warning: ieee_inexact is signaling
FORTRAN STOP
Warning: ieee_underflow is signaling
Warning: ieee_inexact is signaling
FORTRAN STOP
Warning: ieee_underflow is signaling
Warning: ieee_inexact is signaling
FORTRAN STOP
Warning: ieee_underflow is signaling
Warning: ieee_inexact is signaling
FORTRAN STOP
Warning: ieee_underflow is signaling
Warning: ieee_inexact is signaling
FORTRAN STOP
Warning: ieee_underflow is signaling
Warning: ieee_inexact is signaling
FORTRAN STOP
Warning: ieee_underflow is signaling
Warning: ieee_inexact is signaling
FORTRAN STOP
Warning: ieee_underflow is signaling
Warning: ieee_inexact is signaling
FORTRAN STOP
Warning: ieee_underflow is signaling
Warning: ieee_inexact is signaling
FORTRAN STOP
Warning: ieee_underflow is signaling
Warning: ieee_inexact is signaling
FORTRAN STOP
Warning: ieee_underflow is signaling
Warning: ieee_inexact is signaling
FORTRAN STOP
Warning: ieee_underflow is signaling
Warning: ieee_inexact is signaling
FORTRAN STOP
Warning: ieee_underflow is signaling
Warning: ieee_inexact is signaling
FORTRAN STOP
Warning: ieee_underflow is signaling
Warning: ieee_inexact is signaling
FORTRAN STOP
Warning: ieee_underflow is signaling
Warning: ieee_inexact is signaling
FORTRAN STOP
Warning: ieee_underflow is signaling
Warning: ieee_inexact is signaling
FORTRAN STOP
Warning: ieee_underflow is signaling
Warning: ieee_inexact is signaling
FORTRAN STOP
Warning: ieee_underflow is signaling
Warning: ieee_inexact is signaling
FORTRAN STOP
Warning: ieee_underflow is signaling
Warning: ieee_inexact is signaling
FORTRAN STOP
Warning: ieee_underflow is signaling
Warning: ieee_inexact is signaling
FORTRAN STOP
Warning: ieee_underflow is signaling
Warning: ieee_inexact is signaling
FORTRAN STOP
Warning: ieee_underflow is signaling
Warning: ieee_inexact is signaling
FORTRAN STOP
Warning: ieee_underflow is signaling
Warning: ieee_inexact is signaling
FORTRAN STOP
Warning: ieee_underflow is signaling
Warning: ieee_inexact is signaling
FORTRAN STOP
Warning: ieee_underflow is signaling
Warning: ieee_inexact is signaling
FORTRAN STOP
Warning: ieee_underflow is signaling
Warning: ieee_inexact is signaling
FORTRAN STOP
Warning: ieee_underflow is signaling
Warning: ieee_inexact is signaling
FORTRAN STOP
Warning: ieee_underflow is signaling
Warning: ieee_inexact is signaling
FORTRAN STOP
Warning: ieee_underflow is signaling
Warning: ieee_inexact is signaling
FORTRAN STOP
Warning: ieee_underflow is signaling
Warning: ieee_inexact is signaling
FORTRAN STOP
Warning: ieee_underflow is signaling
Warning: ieee_inexact is signaling
FORTRAN STOP
Warning: ieee_underflow is signaling
Warning: ieee_inexact is signaling
FORTRAN STOP
Warning: ieee_underflow is signaling
Warning: ieee_inexact is signaling
FORTRAN STOP
Warning: ieee_underflow is signaling
Warning: ieee_inexact is signaling
FORTRAN STOP
Warning: ieee_underflow is signaling
Warning: ieee_inexact is signaling
FORTRAN STOP
Warning: ieee_underflow is signaling
Warning: ieee_inexact is signaling
FORTRAN STOP
Warning: ieee_underflow is signaling
Warning: ieee_inexact is signaling
FORTRAN STOP
Warning: ieee_underflow is signaling
Warning: ieee_inexact is signaling
FORTRAN STOP
Warning: ieee_underflow is signaling
Warning: ieee_inexact is signaling
FORTRAN STOP
Warning: ieee_underflow is signaling
Warning: ieee_inexact is signaling
FORTRAN STOP
Warning: ieee_underflow is signaling
Warning: ieee_inexact is signaling
FORTRAN STOP
Warning: ieee_underflow is signaling
Warning: ieee_inexact is signaling
FORTRAN STOP
Warning: ieee_underflow is signaling
Warning: ieee_inexact is signaling
FORTRAN STOP
Warning: ieee_underflow is signaling
Warning: ieee_inexact is signaling
FORTRAN STOP
Warning: ieee_underflow is signaling
Warning: ieee_inexact is signaling
FORTRAN STOP
Warning: ieee_underflow is signaling
Warning: ieee_inexact is signaling
FORTRAN STOP
Warning: ieee_underflow is signaling
Warning: ieee_inexact is signaling
FORTRAN STOP
Warning: ieee_underflow is signaling
Warning: ieee_inexact is signaling
FORTRAN STOP
Warning: ieee_underflow is signaling
Warning: ieee_inexact is signaling
FORTRAN STOP
Warning: ieee_underflow is signaling
Warning: ieee_inexact is signaling
FORTRAN STOP
Warning: ieee_underflow is signaling
Warning: ieee_inexact is signaling
FORTRAN STOP
Warning: ieee_underflow is signaling
Warning: ieee_inexact is signaling
FORTRAN STOP
Warning: ieee_underflow is signaling
Warning: ieee_inexact is signaling
FORTRAN STOP
Warning: ieee_underflow is signaling
Warning: ieee_inexact is signaling
FORTRAN STOP
Warning: ieee_underflow is signaling
Warning: ieee_inexact is signaling
FORTRAN STOP
Warning: ieee_underflow is signaling
Warning: ieee_inexact is signaling
FORTRAN STOP
Warning: ieee_underflow is signaling
Warning: ieee_inexact is signaling
FORTRAN STOP
Warning: ieee_underflow is signaling
Warning: ieee_inexact is signaling
FORTRAN STOP
Warning: ieee_underflow is signaling
Warning: ieee_inexact is signaling
FORTRAN STOP
Warning: ieee_underflow is signaling
Warning: ieee_inexact is signaling
FORTRAN STOP
Warning: ieee_underflow is signaling
Warning: ieee_inexact is signaling
FORTRAN STOP
Warning: ieee_underflow is signaling
Warning: ieee_inexact is signaling
FORTRAN STOP
Warning: ieee_underflow is signaling
Warning: ieee_inexact is signaling
FORTRAN STOP
Warning: ieee_underflow is signaling
Warning: ieee_inexact is signaling
FORTRAN STOP
Warning: ieee_underflow is signaling
Warning: ieee_inexact is signaling
FORTRAN STOP
Warning: ieee_underflow is signaling
Warning: ieee_inexact is signaling
FORTRAN STOP
Warning: ieee_underflow is signaling
Warning: ieee_inexact is signaling
FORTRAN STOP
Warning: ieee_underflow is signaling
Warning: ieee_inexact is signaling
FORTRAN STOP
Warning: ieee_underflow is signaling
Warning: ieee_inexact is signaling
FORTRAN STOP
Warning: ieee_underflow is signaling
Warning: ieee_inexact is signaling
FORTRAN STOP
Warning: ieee_underflow is signaling
Warning: ieee_inexact is signaling
FORTRAN STOP
Warning: ieee_underflow is signaling
Warning: ieee_inexact is signaling
FORTRAN STOP
Warning: ieee_underflow is signaling
Warning: ieee_inexact is signaling
FORTRAN STOP
Warning: ieee_underflow is signaling
Warning: ieee_inexact is signaling
FORTRAN STOP
Warning: ieee_underflow is signaling
Warning: ieee_inexact is signaling
FORTRAN STOP
Warning: ieee_underflow is signaling
Warning: ieee_inexact is signaling
FORTRAN STOP
Warning: ieee_underflow is signaling
Warning: ieee_inexact is signaling
FORTRAN STOP
Warning: ieee_underflow is signaling
Warning: ieee_inexact is signaling
FORTRAN STOP
Warning: ieee_underflow is signaling
Warning: ieee_inexact is signaling
FORTRAN STOP
Warning: ieee_underflow is signaling
Warning: ieee_inexact is signaling
FORTRAN STOP
Warning: ieee_underflow is signaling
Warning: ieee_inexact is signaling
FORTRAN STOP
Warning: ieee_underflow is signaling
Warning: ieee_inexact is signaling
FORTRAN STOP
Warning: ieee_underflow is signaling
Warning: ieee_inexact is signaling
FORTRAN STOP
Warning: ieee_underflow is signaling
Warning: ieee_inexact is signaling
FORTRAN STOP
Warning: ieee_underflow is signaling
Warning: ieee_inexact is signaling
FORTRAN STOP
Warning: ieee_underflow is signaling
Warning: ieee_inexact is signaling
FORTRAN STOP
Warning: ieee_underflow is signaling
Warning: ieee_inexact is signaling
FORTRAN STOP
Warning: ieee_underflow is signaling
Warning: ieee_inexact is signaling
FORTRAN STOP
Warning: ieee_underflow is signaling
Warning: ieee_inexact is signaling
FORTRAN STOP
Warning: ieee_underflow is signaling
Warning: ieee_inexact is signaling
FORTRAN STOP
Warning: ieee_underflow is signaling
Warning: ieee_inexact is signaling
FORTRAN STOP
Warning: ieee_underflow is signaling
Warning: ieee_inexact is signaling
FORTRAN STOP
Warning: ieee_underflow is signaling
Warning: ieee_inexact is signaling
FORTRAN STOP
Warning: ieee_underflow is signaling
Warning: ieee_inexact is signaling
FORTRAN STOP
Warning: ieee_underflow is signaling
Warning: ieee_inexact is signaling
FORTRAN STOP
Warning: ieee_underflow is signaling
Warning: ieee_inexact is signaling
FORTRAN STOP
Warning: ieee_underflow is signaling
Warning: ieee_inexact is signaling
FORTRAN STOP
Warning: ieee_underflow is signaling
Warning: ieee_inexact is signaling
FORTRAN STOP
Warning: ieee_underflow is signaling
Warning: ieee_inexact is signaling
FORTRAN STOP
Warning: ieee_underflow is signaling
Warning: ieee_inexact is signaling
FORTRAN STOP
Warning: ieee_divide_by_zero is signaling
Warning: ieee_underflow is signaling
Warning: ieee_inexact is signaling
FORTRAN STOP
Warning: ieee_underflow is signaling
Warning: ieee_inexact is signaling
FORTRAN STOP
Warning: ieee_underflow is signaling
Warning: ieee_inexact is signaling
FORTRAN STOP
Warning: ieee_underflow is signaling
Warning: ieee_inexact is signaling
FORTRAN STOP
Warning: ieee_underflow is signaling
Warning: ieee_inexact is signaling
FORTRAN STOP
Warning: ieee_underflow is signaling
Warning: ieee_inexact is signaling
FORTRAN STOP
Warning: ieee_underflow is signaling
Warning: ieee_inexact is signaling
FORTRAN STOP
Warning: ieee_underflow is signaling
Warning: ieee_inexact is signaling
FORTRAN STOP
Warning: ieee_underflow is signaling
Warning: ieee_inexact is signaling
FORTRAN STOP
Warning: ieee_underflow is signaling
Warning: ieee_inexact is signaling
FORTRAN STOP
Warning: ieee_underflow is signaling
Warning: ieee_inexact is signaling
FORTRAN STOP
Warning: ieee_underflow is signaling
Warning: ieee_inexact is signaling
FORTRAN STOP
Warning: ieee_underflow is signaling
Warning: ieee_inexact is signaling
FORTRAN STOP
Warning: ieee_underflow is signaling
Warning: ieee_inexact is signaling
FORTRAN STOP
Warning: ieee_underflow is signaling
Warning: ieee_inexact is signaling
FORTRAN STOP
Warning: ieee_underflow is signaling
Warning: ieee_inexact is signaling
FORTRAN STOP
Warning: ieee_underflow is signaling
Warning: ieee_inexact is signaling
FORTRAN STOP
Warning: ieee_underflow is signaling
Warning: ieee_inexact is signaling
FORTRAN STOP
Warning: ieee_underflow is signaling
Warning: ieee_inexact is signaling
FORTRAN STOP
Warning: ieee_underflow is signaling
Warning: ieee_inexact is signaling
FORTRAN STOP
Warning: ieee_underflow is signaling
Warning: ieee_inexact is signaling
FORTRAN STOP
Warning: ieee_underflow is signaling
Warning: ieee_inexact is signaling
FORTRAN STOP
Warning: ieee_underflow is signaling
Warning: ieee_inexact is signaling
FORTRAN STOP
Warning: ieee_underflow is signaling
Warning: ieee_inexact is signaling
FORTRAN STOP
Warning: ieee_underflow is signaling
Warning: ieee_inexact is signaling
FORTRAN STOP
Warning: ieee_underflow is signaling
Warning: ieee_inexact is signaling
FORTRAN STOP
Warning: ieee_underflow is signaling
Warning: ieee_inexact is signaling
FORTRAN STOP
Warning: ieee_underflow is signaling
Warning: ieee_inexact is signaling
FORTRAN STOP
Warning: ieee_underflow is signaling
Warning: ieee_inexact is signaling
FORTRAN STOP
Warning: ieee_underflow is signaling
Warning: ieee_inexact is signaling
FORTRAN STOP
Warning: ieee_underflow is signaling
Warning: ieee_inexact is signaling
FORTRAN STOP
Warning: ieee_underflow is signaling
Warning: ieee_inexact is signaling
FORTRAN STOP
Warning: ieee_underflow is signaling
Warning: ieee_inexact is signaling
FORTRAN STOP
Warning: ieee_underflow is signaling
Warning: ieee_inexact is signaling
FORTRAN STOP
Warning: ieee_underflow is signaling
Warning: ieee_inexact is signaling
FORTRAN STOP
Warning: ieee_underflow is signaling
Warning: ieee_inexact is signaling
FORTRAN STOP
Warning: ieee_underflow is signaling
Warning: ieee_inexact is signaling
FORTRAN STOP
Warning: ieee_underflow is signaling
Warning: ieee_inexact is signaling
FORTRAN STOP
Warning: ieee_underflow is signaling
Warning: ieee_inexact is signaling
FORTRAN STOP
Warning: ieee_underflow is signaling
Warning: ieee_inexact is signaling
FORTRAN STOP
Warning: ieee_underflow is signaling
Warning: ieee_inexact is signaling
FORTRAN STOP
Warning: ieee_underflow is signaling
Warning: ieee_inexact is signaling
FORTRAN STOP
Warning: ieee_underflow is signaling
Warning: ieee_inexact is signaling
FORTRAN STOP
Warning: ieee_underflow is signaling
Warning: ieee_inexact is signaling
FORTRAN STOP
Warning: ieee_underflow is signaling
Warning: ieee_inexact is signaling
FORTRAN STOP
Warning: ieee_underflow is signaling
Warning: ieee_inexact is signaling
FORTRAN STOP
Warning: ieee_underflow is signaling
Warning: ieee_inexact is signaling
FORTRAN STOP
Warning: ieee_underflow is signaling
Warning: ieee_inexact is signaling
FORTRAN STOP
Warning: ieee_underflow is signaling
Warning: ieee_inexact is signaling
FORTRAN STOP
Warning: ieee_underflow is signaling
Warning: ieee_inexact is signaling
FORTRAN STOP
Warning: ieee_underflow is signaling
Warning: ieee_inexact is signaling
FORTRAN STOP
Warning: ieee_underflow is signaling
Warning: ieee_inexact is signaling
FORTRAN STOP
Warning: ieee_underflow is signaling
Warning: ieee_inexact is signaling
FORTRAN STOP
Warning: ieee_underflow is signaling
Warning: ieee_inexact is signaling
FORTRAN STOP
Warning: ieee_underflow is signaling
Warning: ieee_inexact is signaling
FORTRAN STOP
Warning: ieee_underflow is signaling
Warning: ieee_inexact is signaling
FORTRAN STOP
Warning: ieee_underflow is signaling
Warning: ieee_inexact is signaling
FORTRAN STOP
Warning: ieee_underflow is signaling
Warning: ieee_inexact is signaling
FORTRAN STOP
Warning: ieee_underflow is signaling
Warning: ieee_inexact is signaling
FORTRAN STOP
Warning: ieee_underflow is signaling
Warning: ieee_inexact is signaling
FORTRAN STOP
Warning: ieee_underflow is signaling
Warning: ieee_inexact is signaling
FORTRAN STOP
Warning: ieee_underflow is signaling
Warning: ieee_inexact is signaling
FORTRAN STOP
Warning: ieee_underflow is signaling
Warning: ieee_inexact is signaling
FORTRAN STOP
Warning: ieee_underflow is signaling
Warning: ieee_inexact is signaling
FORTRAN STOP
Warning: ieee_underflow is signaling
Warning: ieee_inexact is signaling
FORTRAN STOP
Warning: ieee_underflow is signaling
Warning: ieee_inexact is signaling
FORTRAN STOP
Warning: ieee_underflow is signaling
Warning: ieee_inexact is signaling
FORTRAN STOP
Warning: ieee_underflow is signaling
Warning: ieee_inexact is signaling
FORTRAN STOP
Warning: ieee_underflow is signaling
Warning: ieee_inexact is signaling
FORTRAN STOP
Warning: ieee_underflow is signaling
Warning: ieee_inexact is signaling
FORTRAN STOP
Warning: ieee_underflow is signaling
Warning: ieee_inexact is signaling
FORTRAN STOP
Warning: ieee_underflow is signaling
Warning: ieee_inexact is signaling
FORTRAN STOP
Warning: ieee_underflow is signaling
Warning: ieee_inexact is signaling
FORTRAN STOP
Warning: ieee_underflow is signaling
Warning: ieee_inexact is signaling
FORTRAN STOP
Warning: ieee_underflow is signaling
Warning: ieee_inexact is signaling
FORTRAN STOP
Warning: ieee_underflow is signaling
Warning: ieee_inexact is signaling
FORTRAN STOP
Warning: ieee_underflow is signaling
Warning: ieee_inexact is signaling
FORTRAN STOP
Warning: ieee_underflow is signaling
Warning: ieee_inexact is signaling
FORTRAN STOP
Warning: ieee_underflow is signaling
Warning: ieee_inexact is signaling
FORTRAN STOP
Warning: ieee_underflow is signaling
Warning: ieee_inexact is signaling
FORTRAN STOP
Warning: ieee_underflow is signaling
Warning: ieee_inexact is signaling
FORTRAN STOP
Warning: ieee_underflow is signaling
Warning: ieee_inexact is signaling
FORTRAN STOP
Warning: ieee_underflow is signaling
Warning: ieee_inexact is signaling
FORTRAN STOP
Warning: ieee_underflow is signaling
Warning: ieee_inexact is signaling
FORTRAN STOP
Warning: ieee_underflow is signaling
Warning: ieee_inexact is signaling
FORTRAN STOP
Warning: ieee_underflow is signaling
Warning: ieee_inexact is signaling
FORTRAN STOP
Warning: ieee_underflow is signaling
Warning: ieee_inexact is signaling
FORTRAN STOP
Warning: ieee_underflow is signaling
Warning: ieee_inexact is signaling
FORTRAN STOP
Warning: ieee_underflow is signaling
Warning: ieee_inexact is signaling
FORTRAN STOP
Warning: ieee_underflow is signaling
Warning: ieee_inexact is signaling
FORTRAN STOP
Warning: ieee_underflow is signaling
Warning: ieee_inexact is signaling
FORTRAN STOP
Warning: ieee_underflow is signaling
Warning: ieee_inexact is signaling
FORTRAN STOP
Warning: ieee_underflow is signaling
Warning: ieee_inexact is signaling
FORTRAN STOP
Warning: ieee_underflow is signaling
Warning: ieee_inexact is signaling
FORTRAN STOP
Warning: ieee_underflow is signaling
Warning: ieee_inexact is signaling
FORTRAN STOP
Warning: ieee_underflow is signaling
Warning: ieee_inexact is signaling
FORTRAN STOP
Warning: ieee_underflow is signaling
Warning: ieee_inexact is signaling
FORTRAN STOP
Warning: ieee_underflow is signaling
Warning: ieee_inexact is signaling
FORTRAN STOP
Warning: ieee_underflow is signaling
Warning: ieee_inexact is signaling
FORTRAN STOP
Warning: ieee_underflow is signaling
Warning: ieee_inexact is signaling
FORTRAN STOP
Warning: ieee_underflow is signaling
Warning: ieee_inexact is signaling
FORTRAN STOP
Warning: ieee_underflow is signaling
Warning: ieee_inexact is signaling
FORTRAN STOP
Warning: ieee_underflow is signaling
Warning: ieee_inexact is signaling
FORTRAN STOP
Warning: ieee_underflow is signaling
Warning: ieee_inexact is signaling
FORTRAN STOP
Warning: ieee_underflow is signaling
Warning: ieee_inexact is signaling
FORTRAN STOP
Warning: ieee_underflow is signaling
Warning: ieee_inexact is signaling
FORTRAN STOP
Warning: ieee_underflow is signaling
Warning: ieee_inexact is signaling
FORTRAN STOP
Warning: ieee_underflow is signaling
Warning: ieee_inexact is signaling
FORTRAN STOP
Warning: ieee_underflow is signaling
Warning: ieee_inexact is signaling
FORTRAN STOP
Warning: ieee_underflow is signaling
Warning: ieee_inexact is signaling
FORTRAN STOP
Warning: ieee_underflow is signaling
Warning: ieee_inexact is signaling
FORTRAN STOP
Warning: ieee_underflow is signaling
Warning: ieee_inexact is signaling
FORTRAN STOP
Warning: ieee_underflow is signaling
Warning: ieee_inexact is signaling
FORTRAN STOP
Warning: ieee_underflow is signaling
Warning: ieee_inexact is signaling
FORTRAN STOP
Warning: ieee_underflow is signaling
Warning: ieee_inexact is signaling
FORTRAN STOP
Warning: ieee_underflow is signaling
Warning: ieee_inexact is signaling
FORTRAN STOP
Warning: ieee_underflow is signaling
Warning: ieee_inexact is signaling
FORTRAN STOP
Warning: ieee_underflow is signaling
Warning: ieee_inexact is signaling
FORTRAN STOP
Warning: ieee_underflow is signaling
Warning: ieee_inexact is signaling
FORTRAN STOP
Warning: ieee_underflow is signaling
Warning: ieee_inexact is signaling
FORTRAN STOP
Warning: ieee_underflow is signaling
Warning: ieee_inexact is signaling
FORTRAN STOP
Warning: ieee_underflow is signaling
Warning: ieee_inexact is signaling
FORTRAN STOP
Warning: ieee_underflow is signaling
Warning: ieee_inexact is signaling
FORTRAN STOP
Warning: ieee_underflow is signaling
Warning: ieee_inexact is signaling
FORTRAN STOP
Warning: ieee_underflow is signaling
Warning: ieee_inexact is signaling
FORTRAN STOP
Warning: ieee_underflow is signaling
Warning: ieee_inexact is signaling
FORTRAN STOP
Warning: ieee_underflow is signaling
Warning: ieee_inexact is signaling
FORTRAN STOP
Warning: ieee_underflow is signaling
Warning: ieee_inexact is signaling
FORTRAN STOP
Warning: ieee_underflow is signaling
Warning: ieee_inexact is signaling
FORTRAN STOP
Warning: ieee_underflow is signaling
Warning: ieee_inexact is signaling
FORTRAN STOP
Warning: ieee_underflow is signaling
Warning: ieee_inexact is signaling
FORTRAN STOP
Warning: ieee_underflow is signaling
Warning: ieee_inexact is signaling
FORTRAN STOP
Warning: ieee_underflow is signaling
Warning: ieee_inexact is signaling
FORTRAN STOP
Warning: ieee_underflow is signaling
Warning: ieee_inexact is signaling
FORTRAN STOP
Warning: ieee_underflow is signaling
Warning: ieee_inexact is signaling
FORTRAN STOP
Warning: ieee_underflow is signaling
Warning: ieee_inexact is signaling
FORTRAN STOP
Warning: ieee_underflow is signaling
Warning: ieee_inexact is signaling
FORTRAN STOP
Warning: ieee_underflow is signaling
Warning: ieee_inexact is signaling
FORTRAN STOP
Warning: ieee_underflow is signaling
Warning: ieee_inexact is signaling
FORTRAN STOP
Warning: ieee_underflow is signaling
Warning: ieee_inexact is signaling
FORTRAN STOP
Warning: ieee_underflow is signaling
Warning: ieee_inexact is signaling
FORTRAN STOP
Warning: ieee_underflow is signaling
Warning: ieee_inexact is signaling
FORTRAN STOP
Warning: ieee_underflow is signaling
Warning: ieee_inexact is signaling
FORTRAN STOP
Warning: ieee_underflow is signaling
Warning: ieee_inexact is signaling
FORTRAN STOP
Warning: ieee_underflow is signaling
Warning: ieee_inexact is signaling
FORTRAN STOP
Warning: ieee_underflow is signaling
Warning: ieee_inexact is signaling
FORTRAN STOP
Warning: ieee_underflow is signaling
Warning: ieee_inexact is signaling
FORTRAN STOP
Warning: ieee_underflow is signaling
Warning: ieee_inexact is signaling
FORTRAN STOP
Warning: ieee_underflow is signaling
Warning: ieee_inexact is signaling
FORTRAN STOP
Warning: ieee_underflow is signaling
Warning: ieee_inexact is signaling
FORTRAN STOP
Warning: ieee_underflow is signaling
Warning: ieee_inexact is signaling
FORTRAN STOP
Warning: ieee_underflow is signaling
Warning: ieee_inexact is signaling
FORTRAN STOP
Warning: ieee_underflow is signaling
Warning: ieee_inexact is signaling
FORTRAN STOP
Warning: ieee_underflow is signaling
Warning: ieee_inexact is signaling
FORTRAN STOP
Warning: ieee_underflow is signaling
Warning: ieee_inexact is signaling
FORTRAN STOP
Warning: ieee_underflow is signaling
Warning: ieee_inexact is signaling
FORTRAN STOP
Warning: ieee_underflow is signaling
Warning: ieee_inexact is signaling
FORTRAN STOP
Warning: ieee_underflow is signaling
Warning: ieee_inexact is signaling
FORTRAN STOP
Warning: ieee_underflow is signaling
Warning: ieee_inexact is signaling
FORTRAN STOP
Warning: ieee_underflow is signaling
Warning: ieee_inexact is signaling
FORTRAN STOP
Warning: ieee_underflow is signaling
Warning: ieee_inexact is signaling
FORTRAN STOP
Warning: ieee_divide_by_zero is signaling
Warning: ieee_underflow is signaling
Warning: ieee_inexact is signaling
FORTRAN STOP
Warning: ieee_underflow is signaling
Warning: ieee_inexact is signaling
FORTRAN STOP
Warning: ieee_underflow is signaling
Warning: ieee_inexact is signaling
FORTRAN STOP
Warning: ieee_underflow is signaling
Warning: ieee_inexact is signaling
FORTRAN STOP
Warning: ieee_underflow is signaling
Warning: ieee_inexact is signaling
FORTRAN STOP
Warning: ieee_underflow is signaling
Warning: ieee_inexact is signaling
FORTRAN STOP
Warning: ieee_underflow is signaling
Warning: ieee_inexact is signaling
FORTRAN STOP
Warning: ieee_underflow is signaling
Warning: ieee_inexact is signaling
FORTRAN STOP
Warning: ieee_underflow is signaling
Warning: ieee_inexact is signaling
FORTRAN STOP
Warning: ieee_underflow is signaling
Warning: ieee_inexact is signaling
FORTRAN STOP
Warning: ieee_underflow is signaling
Warning: ieee_inexact is signaling
FORTRAN STOP
Warning: ieee_underflow is signaling
Warning: ieee_inexact is signaling
FORTRAN STOP
Warning: ieee_underflow is signaling
Warning: ieee_inexact is signaling
FORTRAN STOP
Warning: ieee_underflow is signaling
Warning: ieee_inexact is signaling
FORTRAN STOP
Warning: ieee_underflow is signaling
Warning: ieee_inexact is signaling
FORTRAN STOP
Warning: ieee_underflow is signaling
Warning: ieee_inexact is signaling
FORTRAN STOP
Warning: ieee_underflow is signaling
Warning: ieee_inexact is signaling
FORTRAN STOP
Warning: ieee_underflow is signaling
Warning: ieee_inexact is signaling
FORTRAN STOP
Warning: ieee_underflow is signaling
Warning: ieee_inexact is signaling
FORTRAN STOP
Warning: ieee_underflow is signaling
Warning: ieee_inexact is signaling
FORTRAN STOP
Warning: ieee_underflow is signaling
Warning: ieee_inexact is signaling
FORTRAN STOP
Warning: ieee_underflow is signaling
Warning: ieee_inexact is signaling
FORTRAN STOP
Warning: ieee_underflow is signaling
Warning: ieee_inexact is signaling
FORTRAN STOP
Warning: ieee_underflow is signaling
Warning: ieee_inexact is signaling
FORTRAN STOP
Warning: ieee_underflow is signaling
Warning: ieee_inexact is signaling
FORTRAN STOP
Warning: ieee_underflow is signaling
Warning: ieee_inexact is signaling
FORTRAN STOP
Warning: ieee_underflow is signaling
Warning: ieee_inexact is signaling
FORTRAN STOP
Warning: ieee_underflow is signaling
Warning: ieee_inexact is signaling
FORTRAN STOP
Warning: ieee_underflow is signaling
Warning: ieee_inexact is signaling
FORTRAN STOP
Warning: ieee_underflow is signaling
Warning: ieee_inexact is signaling
FORTRAN STOP
Warning: ieee_underflow is signaling
Warning: ieee_inexact is signaling
FORTRAN STOP
Warning: ieee_underflow is signaling
Warning: ieee_inexact is signaling
FORTRAN STOP
Warning: ieee_underflow is signaling
Warning: ieee_inexact is signaling
FORTRAN STOP
Warning: ieee_underflow is signaling
Warning: ieee_inexact is signaling
FORTRAN STOP
Warning: ieee_underflow is signaling
Warning: ieee_inexact is signaling
FORTRAN STOP
Warning: ieee_underflow is signaling
Warning: ieee_inexact is signaling
FORTRAN STOP
Warning: ieee_underflow is signaling
Warning: ieee_inexact is signaling
FORTRAN STOP
Warning: ieee_underflow is signaling
Warning: ieee_inexact is signaling
FORTRAN STOP
Warning: ieee_underflow is signaling
Warning: ieee_inexact is signaling
FORTRAN STOP
Warning: ieee_underflow is signaling
Warning: ieee_inexact is signaling
FORTRAN STOP
Warning: ieee_underflow is signaling
Warning: ieee_inexact is signaling
FORTRAN STOP
Warning: ieee_underflow is signaling
Warning: ieee_inexact is signaling
FORTRAN STOP
Warning: ieee_underflow is signaling
Warning: ieee_inexact is signaling
FORTRAN STOP
Warning: ieee_underflow is signaling
Warning: ieee_inexact is signaling
FORTRAN STOP
Warning: ieee_underflow is signaling
Warning: ieee_inexact is signaling
FORTRAN STOP
Warning: ieee_underflow is signaling
Warning: ieee_inexact is signaling
FORTRAN STOP
Warning: ieee_underflow is signaling
Warning: ieee_inexact is signaling
FORTRAN STOP
Warning: ieee_underflow is signaling
Warning: ieee_inexact is signaling
FORTRAN STOP
Warning: ieee_underflow is signaling
Warning: ieee_inexact is signaling
FORTRAN STOP
Warning: ieee_underflow is signaling
Warning: ieee_inexact is signaling
FORTRAN STOP
Warning: ieee_underflow is signaling
Warning: ieee_inexact is signaling
FORTRAN STOP
Warning: ieee_underflow is signaling
Warning: ieee_inexact is signaling
FORTRAN STOP
Warning: ieee_underflow is signaling
Warning: ieee_inexact is signaling
FORTRAN STOP
Warning: ieee_underflow is signaling
Warning: ieee_inexact is signaling
FORTRAN STOP
Warning: ieee_underflow is signaling
Warning: ieee_inexact is signaling
FORTRAN STOP
Warning: ieee_underflow is signaling
Warning: ieee_inexact is signaling
FORTRAN STOP
Warning: ieee_underflow is signaling
Warning: ieee_inexact is signaling
FORTRAN STOP
Warning: ieee_underflow is signaling
Warning: ieee_inexact is signaling
FORTRAN STOP
Warning: ieee_underflow is signaling
Warning: ieee_inexact is signaling
FORTRAN STOP
Warning: ieee_underflow is signaling
Warning: ieee_inexact is signaling
FORTRAN STOP
Warning: ieee_underflow is signaling
Warning: ieee_inexact is signaling
FORTRAN STOP
Warning: ieee_underflow is signaling
Warning: ieee_inexact is signaling
FORTRAN STOP
Warning: ieee_underflow is signaling
Warning: ieee_inexact is signaling
FORTRAN STOP
Warning: ieee_underflow is signaling
Warning: ieee_inexact is signaling
FORTRAN STOP
Warning: ieee_underflow is signaling
Warning: ieee_inexact is signaling
FORTRAN STOP
Warning: ieee_underflow is signaling
Warning: ieee_inexact is signaling
FORTRAN STOP
Warning: ieee_underflow is signaling
Warning: ieee_inexact is signaling
FORTRAN STOP
Warning: ieee_underflow is signaling
Warning: ieee_inexact is signaling
FORTRAN STOP
Warning: ieee_underflow is signaling
Warning: ieee_inexact is signaling
FORTRAN STOP
Warning: ieee_underflow is signaling
Warning: ieee_inexact is signaling
FORTRAN STOP
Warning: ieee_underflow is signaling
Warning: ieee_inexact is signaling
FORTRAN STOP
Warning: ieee_underflow is signaling
Warning: ieee_inexact is signaling
FORTRAN STOP
Warning: ieee_underflow is signaling
Warning: ieee_inexact is signaling
FORTRAN STOP
Warning: ieee_underflow is signaling
Warning: ieee_inexact is signaling
FORTRAN STOP
Warning: ieee_underflow is signaling
Warning: ieee_inexact is signaling
FORTRAN STOP
Warning: ieee_underflow is signaling
Warning: ieee_inexact is signaling
FORTRAN STOP
Warning: ieee_underflow is signaling
Warning: ieee_inexact is signaling
FORTRAN STOP
Warning: ieee_underflow is signaling
Warning: ieee_inexact is signaling
FORTRAN STOP
Warning: ieee_underflow is signaling
Warning: ieee_inexact is signaling
FORTRAN STOP
Warning: ieee_underflow is signaling
Warning: ieee_inexact is signaling
FORTRAN STOP
Warning: ieee_underflow is signaling
Warning: ieee_inexact is signaling
FORTRAN STOP
Warning: ieee_underflow is signaling
Warning: ieee_inexact is signaling
FORTRAN STOP
Warning: ieee_underflow is signaling
Warning: ieee_inexact is signaling
FORTRAN STOP
Warning: ieee_underflow is signaling
Warning: ieee_inexact is signaling
FORTRAN STOP
Warning: ieee_underflow is signaling
Warning: ieee_inexact is signaling
FORTRAN STOP
Warning: ieee_underflow is signaling
Warning: ieee_inexact is signaling
FORTRAN STOP
Warning: ieee_underflow is signaling
Warning: ieee_inexact is signaling
FORTRAN STOP
Warning: ieee_underflow is signaling
Warning: ieee_inexact is signaling
FORTRAN STOP
Warning: ieee_underflow is signaling
Warning: ieee_inexact is signaling
FORTRAN STOP

/trace/home/atimmins/.conda/envs/defect_tracking/lib/python3.8/site-packages/ase/io/espresso.py:1737: UserWarning: Input cell does not match requested ibrav[[18.84507607  0.          0.        ]
 [-9.42253804 16.32031462  0.        ]
 [ 0.          0.         14.75542501]] != Cell([[18.845076074384092, -7.258589189338819e-05, 0.0002454340452378876], [-9.422600890227312, 16.320239591228045, -0.00031076872830715233], [0.0001924983757304827, -0.00017030192734518885, 14.75542500912323]])
  warnings.warn('Input cell does not match requested ibrav'
/trace/home/atimmins/.conda/envs/defect_tracking/lib/python3.8/site-packages/ase/io/espresso.py:1737: UserWarning: Input cell does not match requested ibrav[[18.84507607  0.          0.        ]
 [-9.42253804 16.32031462  0.        ]
 [ 0.          0.         14.75542501]] != Cell([[18.845076074384092, -7.258589189338819e-05, 0.0002454340452378876], [-9.422600890227312, 16.320239591228045, -0.00031076872830715233], [0.0001924983757304827, -0.00017030192734518885, 14.75542500912323]])
  warnings.warn('Input cell does not match requested ibrav'
/trace/home/atimmins/.conda/envs/defect_tracking/lib/python3.8/site-packages/ase/io/espresso.py:1737: UserWarning: Input cell does not match requested ibrav[[18.84507607  0.          0.        ]
 [-9.42253804 16.32031462  0.        ]
 [ 0.          0.         14.75542501]] != Cell([[18.845076074384092, -7.258589189338819e-05, 0.0002454340452378876], [-9.422600890227312, 16.320239591228045, -0.00031076872830715233], [0.0001924983757304827, -0.00017030192734518885, 14.75542500912323]])
  warnings.warn('Input cell does not match requested ibrav'
/trace/home/atimmins/.conda/envs/defect_tracking/lib/python3.8/site-packages/mp_api/client/mprester.py:182: UserWarning: mpcontribs-client not installed. Install the package to query MPContribs data, or construct pourbaix diagrams: 'pip install mpcontribs-client'
  warnings.warn(
Retrieving MaterialsDoc documents:   0%|          | 0/1 [00:00<?, ?it/s]Retrieving MaterialsDoc documents: 100%|██████████| 1/1 [00:00<00:00, 35544.95it/s]
/trace/home/atimmins/.conda/envs/defect_tracking/lib/python3.8/site-packages/mp_api/client/core/client.py:892: UserWarning: Document primary key has changed from mp-22893 to mp-22893, returning data for mp-22893 in materials/dielectric route.    
  warnings.warn(
Traceback (most recent call last):
  File "/trace/home/atimmins/.conda/envs/defect_tracking/lib/python3.8/site-packages/mp_api/client/core/client.py", line 871, in get_data_by_id
    results = self._query_resource_data(criteria=criteria, fields=fields, suburl=document_id)  # type: ignore
  File "/trace/home/atimmins/.conda/envs/defect_tracking/lib/python3.8/site-packages/mp_api/client/core/client.py", line 828, in _query_resource_data
    return self._query_resource(  # type: ignore
  File "/trace/home/atimmins/.conda/envs/defect_tracking/lib/python3.8/site-packages/mp_api/client/core/client.py", line 288, in _query_resource
    data = self._submit_requests(
  File "/trace/home/atimmins/.conda/envs/defect_tracking/lib/python3.8/site-packages/mp_api/client/core/client.py", line 429, in _submit_requests
    initial_data_tuples = self._multi_thread(
  File "/trace/home/atimmins/.conda/envs/defect_tracking/lib/python3.8/site-packages/mp_api/client/core/client.py", line 643, in _multi_thread
    data, subtotal = future.result()
  File "/trace/home/atimmins/.conda/envs/defect_tracking/lib/python3.8/concurrent/futures/_base.py", line 437, in result
    return self.__get_result()
  File "/trace/home/atimmins/.conda/envs/defect_tracking/lib/python3.8/concurrent/futures/_base.py", line 389, in __get_result
    raise self._exception
  File "/trace/home/atimmins/.conda/envs/defect_tracking/lib/python3.8/concurrent/futures/thread.py", line 57, in run
    result = self.fn(*self.args, **self.kwargs)
  File "/trace/home/atimmins/.conda/envs/defect_tracking/lib/python3.8/site-packages/mp_api/client/core/client.py", line 745, in _submit_request_and_process
    raise MPRestError(
mp_api.client.core.client.MPRestError: REST query returned with error status code 404 on URL https://api.materialsproject.org/materials/dielectric/mp-22893/?_all_fields=True&_limit=1 with message:
Item with material_id = mp-22893 not found

During handling of the above exception, another exception occurred:

Traceback (most recent call last):
  File "defect_test.py", line 118, in <module>
    tracker.calculateDefectEnergy(force_recalc=force_recalc,correction_params=correction_params)
  File "/trace/home/atimmins/projects/defect-tracker/src/defect_tracker/Tracker.py", line 189, in calculateDefectEnergy
    self.defect_dict[defect].ComputeDefectFormationEnergy(pristine_energy,
  File "/trace/home/atimmins/projects/defect-tracker/src/defect_tracker/SingleSupercell.py", line 407, in ComputeDefectFormationEnergy
    epsilon = dialectric_info.get_data_by_id(self.mpid).e_total
  File "/trace/home/atimmins/.conda/envs/defect_tracking/lib/python3.8/site-packages/mp_api/client/core/client.py", line 897, in get_data_by_id
    results = self._query_resource_data(
  File "/trace/home/atimmins/.conda/envs/defect_tracking/lib/python3.8/site-packages/mp_api/client/core/client.py", line 828, in _query_resource_data
    return self._query_resource(  # type: ignore
  File "/trace/home/atimmins/.conda/envs/defect_tracking/lib/python3.8/site-packages/mp_api/client/core/client.py", line 288, in _query_resource
    data = self._submit_requests(
  File "/trace/home/atimmins/.conda/envs/defect_tracking/lib/python3.8/site-packages/mp_api/client/core/client.py", line 429, in _submit_requests
    initial_data_tuples = self._multi_thread(
  File "/trace/home/atimmins/.conda/envs/defect_tracking/lib/python3.8/site-packages/mp_api/client/core/client.py", line 643, in _multi_thread
    data, subtotal = future.result()
  File "/trace/home/atimmins/.conda/envs/defect_tracking/lib/python3.8/concurrent/futures/_base.py", line 437, in result
    return self.__get_result()
  File "/trace/home/atimmins/.conda/envs/defect_tracking/lib/python3.8/concurrent/futures/_base.py", line 389, in __get_result
    raise self._exception
  File "/trace/home/atimmins/.conda/envs/defect_tracking/lib/python3.8/concurrent/futures/thread.py", line 57, in run
    result = self.fn(*self.args, **self.kwargs)
  File "/trace/home/atimmins/.conda/envs/defect_tracking/lib/python3.8/site-packages/mp_api/client/core/client.py", line 745, in _submit_request_and_process
    raise MPRestError(
mp_api.client.core.client.MPRestError: REST query returned with error status code 404 on URL https://api.materialsproject.org/materials/dielectric/mp-22893/?_all_fields=True&_limit=1 with message:
Item with material_id = mp-22893 not found
