
 submitted Quantum Espresso job
hostname
trace06.wec.local.cmu.edu

LOG | Environment variable ESPRESSO_PW_EXE': pw.x

LOG | Environment variable ESPRESSO_PP_EXE': pp.x

LOG | Environment variable COFFEE_DIR': /trace/home/atimmins/packages/coffee/CoFFEE_2.0/

LOG | Environment variable ESPRESSO_PP_EXE': pp.x

LOG | Espresso Command: mpirun pw.x -nd 1 -in PREFIX.pwi > PREFIX.pwo

LOG | Calculate Pristine Energy
correction_params: {'type': 'FNV', 'FNV': {'auto_select_bands': False, 'electrons_at_neutral': 1022, 'defect_level': 'shallow', 'band_by_charge': {-2: 430, -1: 430, 0: 430, 1: 430, 2: 430}, 'sigma_by_charge': {}, 'epsilon': 5.829713979999976, 'grid_size': [135, 135, 135]}}
Current working directory: /trace/group/acmegroup/atimmins/testing/BEEF_Research/V_C/experiments/ex21_3x3x3
Failed to create path: /trace/group/acmegroup/atimmins/testing/BEEF_Research/V_C/experiments/ex21_3x3x3/supercells
Current working directory: /trace/group/acmegroup/atimmins/testing/BEEF_Research/V_C/experiments/ex21_3x3x3
Failed to create path: /trace/group/acmegroup/atimmins/testing/BEEF_Research/V_C/experiments/ex21_3x3x3/supercells/PRISTINE_0

LOG | Running DFT for defect: PRISTINE, num: 0, charge: 0
Current working directory: /trace/group/acmegroup/atimmins/testing/BEEF_Research/V_C/experiments/ex21_3x3x3
Failed to create path: /trace/group/acmegroup/atimmins/testing/BEEF_Research/V_C/experiments/ex21_3x3x3/supercells/PRISTINE_0/0

LOG | Searching for espresso.pwo

LOG | Current directory: /trace/group/acmegroup/atimmins/testing/BEEF_Research/V_C/experiments/ex21_3x3x3/supercells/PRISTINE_0/0/unitcell

LOG | The file 'espresso.pwo' has been found! Huzzah!

LOG | Job complete found!

LOG | Total energy = -2067.280439058516 eV!

LOG | Searching for espresso.pwo

LOG | Current directory: /trace/group/acmegroup/atimmins/testing/BEEF_Research/V_C/experiments/ex21_3x3x3/supercells/PRISTINE_0/0

LOG | The file 'espresso.pwo' has been found! Huzzah!

LOG | Job complete found!

LOG | Total energy = -55816.764486994034 eV!

LOG | valid_file_found__supercell_output: True

LOG | valid_file_found__wfcs: False

LOG | valid_file_found__pp_requiring_wfcs: True

LOG | valid_file_found__pp_not_requiring_wfcs: True

LOG | run_pw_unitcell: False

LOG | run_pw_supercell: False

LOG | run_pp_that_requires_wfc: False

LOG | run_pp_that_doesnt_require_wfc: False

LOG | DFT Calculation of Pristine Supercell: True

LOG | 
Adding Defect: VAC, {'C': -1}
allowed_defect_composition: defaultdict(<class 'float'>, {'C': 216.0})
VAC_C215_[0.89309728 2.67920588 0.89309728] C
New unique defect: VAC_C215_[0.89309728 2.67920588 0.89309728] C

LOG | Environment variable ESPRESSO_PP_EXE': pp.x

LOG | Calculating Defect Energy

LOG | Calculating Defect Energy of defect: VAC_C215_[0.89309728 2.67920588 0.89309728] C
correction_params: {'type': 'FNV', 'FNV': {'auto_select_bands': False, 'electrons_at_neutral': 1022, 'defect_level': 'shallow', 'band_by_charge': {-2: 430, -1: 430, 0: 430, 1: 430, 2: 430}, 'sigma_by_charge': {}, 'epsilon': 5.829713979999976, 'grid_size': [135, 135, 135]}}
Current working directory: /trace/group/acmegroup/atimmins/testing/BEEF_Research/V_C/experiments/ex21_3x3x3
Failed to create path: /trace/group/acmegroup/atimmins/testing/BEEF_Research/V_C/experiments/ex21_3x3x3/supercells
Current working directory: /trace/group/acmegroup/atimmins/testing/BEEF_Research/V_C/experiments/ex21_3x3x3
Failed to create path: /trace/group/acmegroup/atimmins/testing/BEEF_Research/V_C/experiments/ex21_3x3x3/supercells/VAC_1

LOG | Running DFT for defect: VAC, num: 1, charge: 0
Current working directory: /trace/group/acmegroup/atimmins/testing/BEEF_Research/V_C/experiments/ex21_3x3x3
Failed to create path: /trace/group/acmegroup/atimmins/testing/BEEF_Research/V_C/experiments/ex21_3x3x3/supercells/VAC_1/0

LOG | Searching for espresso.pwo

LOG | Current directory: /trace/group/acmegroup/atimmins/testing/BEEF_Research/V_C/experiments/ex21_3x3x3/supercells/VAC_1/0

LOG | The file 'espresso.pwo' has been found! Huzzah!

LOG | Job complete found!

LOG | Total energy = -55551.4098040622 eV!

LOG | valid_file_found__supercell_output: True

LOG | valid_file_found__wfcs: False

LOG | valid_file_found__pp_requiring_wfcs: True

LOG | valid_file_found__pp_not_requiring_wfcs: True

LOG | run_pw_unitcell: False

LOG | run_pw_supercell: False

LOG | run_pp_that_requires_wfc: False

LOG | run_pp_that_doesnt_require_wfc: False

LOG | Running DFT for defect: VAC, num: 1, charge: 1
Current working directory: /trace/group/acmegroup/atimmins/testing/BEEF_Research/V_C/experiments/ex21_3x3x3
Failed to create path: /trace/group/acmegroup/atimmins/testing/BEEF_Research/V_C/experiments/ex21_3x3x3/supercells/VAC_1/1

LOG | Searching for espresso.pwo

LOG | Current directory: /trace/group/acmegroup/atimmins/testing/BEEF_Research/V_C/experiments/ex21_3x3x3/supercells/VAC_1/1

LOG | The file 'espresso.pwo' has been found! Huzzah!

LOG | Job complete found!

LOG | Total energy = -55565.58912261334 eV!

LOG | valid_file_found__supercell_output: True

LOG | valid_file_found__wfcs: False

LOG | valid_file_found__pp_requiring_wfcs: True

LOG | valid_file_found__pp_not_requiring_wfcs: True

LOG | run_pw_unitcell: False

LOG | run_pw_supercell: False

LOG | run_pp_that_requires_wfc: False

LOG | run_pp_that_doesnt_require_wfc: False

LOG | Running DFT for defect: VAC, num: 1, charge: -1
Current working directory: /trace/group/acmegroup/atimmins/testing/BEEF_Research/V_C/experiments/ex21_3x3x3
Failed to create path: /trace/group/acmegroup/atimmins/testing/BEEF_Research/V_C/experiments/ex21_3x3x3/supercells/VAC_1/-1

LOG | Searching for espresso.pwo

LOG | Current directory: /trace/group/acmegroup/atimmins/testing/BEEF_Research/V_C/experiments/ex21_3x3x3/supercells/VAC_1/-1

LOG | The file 'espresso.pwo' has been found! Huzzah!

LOG | Job complete found!

LOG | Total energy = -55536.69246141696 eV!

LOG | valid_file_found__supercell_output: True

LOG | valid_file_found__wfcs: False

LOG | valid_file_found__pp_requiring_wfcs: True

LOG | valid_file_found__pp_not_requiring_wfcs: True

LOG | run_pw_unitcell: False

LOG | run_pw_supercell: False

LOG | run_pp_that_requires_wfc: False

LOG | run_pp_that_doesnt_require_wfc: False

LOG | Running DFT for defect: VAC, num: 1, charge: 2
Current working directory: /trace/group/acmegroup/atimmins/testing/BEEF_Research/V_C/experiments/ex21_3x3x3
Failed to create path: /trace/group/acmegroup/atimmins/testing/BEEF_Research/V_C/experiments/ex21_3x3x3/supercells/VAC_1/2

LOG | Searching for espresso.pwo

LOG | Current directory: /trace/group/acmegroup/atimmins/testing/BEEF_Research/V_C/experiments/ex21_3x3x3/supercells/VAC_1/2

LOG | The file 'espresso.pwo' has been found! Huzzah!

LOG | Job complete found!

LOG | Total energy = -55579.304739180756 eV!

LOG | valid_file_found__supercell_output: True

LOG | valid_file_found__wfcs: False

LOG | valid_file_found__pp_requiring_wfcs: True

LOG | valid_file_found__pp_not_requiring_wfcs: True

LOG | run_pw_unitcell: False

LOG | run_pw_supercell: False

LOG | run_pp_that_requires_wfc: False

LOG | run_pp_that_doesnt_require_wfc: False

LOG | Running DFT for defect: VAC, num: 1, charge: -2
Current working directory: /trace/group/acmegroup/atimmins/testing/BEEF_Research/V_C/experiments/ex21_3x3x3
Failed to create path: /trace/group/acmegroup/atimmins/testing/BEEF_Research/V_C/experiments/ex21_3x3x3/supercells/VAC_1/-2

LOG | Searching for espresso.pwo

LOG | Current directory: /trace/group/acmegroup/atimmins/testing/BEEF_Research/V_C/experiments/ex21_3x3x3/supercells/VAC_1/-2

LOG | The file 'espresso.pwo' has been found! Huzzah!

LOG | Job complete found!

LOG | Total energy = -55521.36438348261 eV!

LOG | valid_file_found__supercell_output: True

LOG | valid_file_found__wfcs: False

LOG | valid_file_found__pp_requiring_wfcs: True

LOG | valid_file_found__pp_not_requiring_wfcs: True

LOG | run_pw_unitcell: False

LOG | run_pw_supercell: False

LOG | run_pp_that_requires_wfc: False

LOG | run_pp_that_doesnt_require_wfc: False

LOG | Calculating Defect Formation Energy from VAC_1

LOG | Epsilon value cannot be fetched from materials project.

LOG | Epsilon manually set to 5.829713979999976.
Defect Loc: [0.08333533835276553, 0.24999799515289636, 0.08333533835276553]
supercell_dimensions: [10.71690945 10.71690945 10.71690945]

LOG | Environment variable COFFEE_DIR': /trace/home/atimmins/packages/coffee/CoFFEE_2.0/

LOG | Calculating DFE for VAC_1, charge = 0
{0: -55551.4098040622, 1: -55565.58912261334, -1: -55536.69246141696, 2: -55579.304739180756, -2: -55521.36438348261}

LOG | Calculating DFE for VAC_1, charge = 1
{0: -55551.4098040622, 1: -55565.58912261334, -1: -55536.69246141696, 2: -55579.304739180756, -2: -55521.36438348261}
1
/trace/group/acmegroup/atimmins/testing/BEEF_Research/V_C/experiments/ex21_3x3x3/supercells/VAC_1/1/

LOG | No manual sigma provided for charge 1

LOG | Sigma: 1.230769

LOG | Accepted sigma: 1.230769 bohr
made the input

LOG | Coffee.py energy: 0.7482 eV
made the input

LOG | Coffee.py energy: 0.8269 eV
made the input

LOG | Coffee.py energy: 0.8748 eV
Attmepting to calculate lattice energy correction 
Setting correction energies 
Creating one_by_V/A arrays
[27, 64, 125]
[0.03703704 0.015625   0.008     ]
Computing fit
[0.7482, 0.8269, 0.8748]
L2: 0.09331048324544643
L3: 0.06998286243408482
L4: 0.055986289947267856
A
B
C
D
E_m_iso = 1.0693297872340422
E_lattice = 0.3211297872340422
Calculating potential alignment correction
dV_0p.py output: charge: 1
Shape of the data in the file: (135, 135, 135)

Defect Coords: 0.8930972753999997
Farthest coordinate from defect: 6.2120972754
dV0p @ far from defect = -0.12428570099957355

LOG | dV0p @ far from defect = -0.12428570099957355
dV_mD.py output: /trace/home/atimmins/packages/coffee/CoFFEE_2.0/PotentialAlignment/Utilities/plavg.py:88: ComplexWarning: Casting complex values to real discards the imaginary part
  vol_a1[i] = Sum1/(a2_dim*a3_dim)
dir: a1
Shape of the data in the file: (135, 135, 135)
The first column in the files is in bohr


LOG | dVmD_model @ far from defect = 0.07121563672855448
dVmD_vdiff @ far from defect = 0.083540492141392

LOG | dVmD_vdiff @ far from defect = 0.083540492141392


LOG | #################################################

LOG | Charge: 1

LOG | total_FNV_correction: 0.20916894164730615

LOG | #################################################
FNV_energy: {'E_lattice': 0.3211297872340422, 'E_vq0m': 0.012324855412837524, 'E_vop': -0.12428570099957355, 'total': 0.20916894164730615}

LOG | Calculating DFE for VAC_1, charge = -1
{0: -55551.4098040622, 1: -55565.58912261334, -1: -55536.69246141696, 2: -55579.304739180756, -2: -55521.36438348261}
-1
/trace/group/acmegroup/atimmins/testing/BEEF_Research/V_C/experiments/ex21_3x3x3/supercells/VAC_1/-1/

LOG | No manual sigma provided for charge -1

LOG | Sigma: 1.141921

LOG | Accepted sigma: 1.141921 bohr
made the input

LOG | Coffee.py energy: 0.8307 eV
made the input

LOG | Coffee.py energy: 0.9098 eV
made the input

LOG | Coffee.py energy: 0.9579 eV
Attmepting to calculate lattice energy correction 
Setting correction energies 
Creating one_by_V/A arrays
[27, 64, 125]
[0.03703704 0.015625   0.008     ]
Computing fit
[0.8307, 0.9098, 0.9579]
L2: 0.09331048324544643
L3: 0.06998286243408482
L4: 0.055986289947267856
A
B
C
D
E_m_iso = 1.15305744680851
E_lattice = 0.32235744680851
Calculating potential alignment correction
dV_0p.py output: charge: -1
Shape of the data in the file: (135, 135, 135)

Defect Coords: 0.8930972753999997
Farthest coordinate from defect: 6.2120972754
dV0p @ far from defect = 0.12428570099957355

LOG | dV0p @ far from defect = 0.12428570099957355
dV_mD.py output: /trace/home/atimmins/packages/coffee/CoFFEE_2.0/PotentialAlignment/Utilities/plavg.py:88: ComplexWarning: Casting complex values to real discards the imaginary part
  vol_a1[i] = Sum1/(a2_dim*a3_dim)
dir: a1
Shape of the data in the file: (135, 135, 135)
The first column in the files is in bohr


LOG | dVmD_model @ far from defect = -0.07137641672855448
dVmD_vdiff @ far from defect = -0.09364937095797624

LOG | dVmD_vdiff @ far from defect = -0.09364937095797624


LOG | #################################################

LOG | Charge: -1

LOG | total_FNV_correction: 0.42437019357866174

LOG | #################################################
FNV_energy: {'E_lattice': 0.32235744680851, 'E_vq0m': -0.022272954229421757, 'E_vop': 0.12428570099957355, 'total': 0.42437019357866174}

LOG | Calculating DFE for VAC_1, charge = 2
{0: -55551.4098040622, 1: -55565.58912261334, -1: -55536.69246141696, 2: -55579.304739180756, -2: -55521.36438348261}
2
/trace/group/acmegroup/atimmins/testing/BEEF_Research/V_C/experiments/ex21_3x3x3/supercells/VAC_1/2/

LOG | No manual sigma provided for charge 2

LOG | Sigma: 1.344872

LOG | Accepted sigma: 1.344872 bohr
made the input

LOG | Coffee.py energy: 2.634 eV
made the input

LOG | Coffee.py energy: 2.9462 eV
made the input

LOG | Coffee.py energy: 3.1371 eV
Attmepting to calculate lattice energy correction 
Setting correction energies 
Creating one_by_V/A arrays
[27, 64, 125]
[0.03703704 0.015625   0.008     ]
Computing fit
[2.634, 2.9462, 3.1371]
L2: 0.09331048324544643
L3: 0.06998286243408482
L4: 0.055986289947267856
A
B
C
D
E_m_iso = 3.916124468085105
E_lattice = 1.282124468085105
Calculating potential alignment correction
dV_0p.py output: charge: 2
Shape of the data in the file: (135, 135, 135)

Defect Coords: 0.8930972753999997
Farthest coordinate from defect: 6.2120972754
dV0p @ far from defect = -0.2485714019991471

LOG | dV0p @ far from defect = -0.2485714019991471
dV_mD.py output: /trace/home/atimmins/packages/coffee/CoFFEE_2.0/PotentialAlignment/Utilities/plavg.py:88: ComplexWarning: Casting complex values to real discards the imaginary part
  vol_a1[i] = Sum1/(a2_dim*a3_dim)
dir: a1
Shape of the data in the file: (135, 135, 135)
The first column in the files is in bohr


LOG | dVmD_model @ far from defect = 0.14198300345710896
dVmD_vdiff @ far from defect = 0.1551638806724953

LOG | dVmD_vdiff @ far from defect = 0.1551638806724953


LOG | #################################################

LOG | Charge: 2

LOG | total_FNV_correction: 1.046733943301344

LOG | #################################################
FNV_energy: {'E_lattice': 1.282124468085105, 'E_vq0m': 0.013180877215386355, 'E_vop': -0.2485714019991471, 'total': 1.046733943301344}

LOG | Calculating DFE for VAC_1, charge = -2
{0: -55551.4098040622, 1: -55565.58912261334, -1: -55536.69246141696, 2: -55579.304739180756, -2: -55521.36438348261}
-2
/trace/group/acmegroup/atimmins/testing/BEEF_Research/V_C/experiments/ex21_3x3x3/supercells/VAC_1/-2/

LOG | No manual sigma provided for charge -2

LOG | Sigma: 1.143628

LOG | Accepted sigma: 1.143628 bohr
made the input

LOG | Coffee.py energy: 3.3161 eV
made the input

LOG | Coffee.py energy: 3.6323 eV
made the input

LOG | Coffee.py energy: 3.8247 eV
Attmepting to calculate lattice energy correction 
Setting correction energies 
Creating one_by_V/A arrays
[27, 64, 125]
[0.03703704 0.015625   0.008     ]
Computing fit
[3.3161, 3.6323, 3.8247]
L2: 0.09331048324544643
L3: 0.06998286243408482
L4: 0.055986289947267856
A
B
C
D
E_m_iso = 4.605846808510632
E_lattice = 1.2897468085106323
Calculating potential alignment correction
dV_0p.py output: charge: -2
Shape of the data in the file: (135, 135, 135)

Defect Coords: 0.8930972753999997
Farthest coordinate from defect: 6.2120972754
dV0p @ far from defect = 0.2485714019991471

LOG | dV0p @ far from defect = 0.2485714019991471
dV_mD.py output: /trace/home/atimmins/packages/coffee/CoFFEE_2.0/PotentialAlignment/Utilities/plavg.py:88: ComplexWarning: Casting complex values to real discards the imaginary part
  vol_a1[i] = Sum1/(a2_dim*a3_dim)
dir: a1
Shape of the data in the file: (135, 135, 135)
The first column in the files is in bohr


LOG | dVmD_model @ far from defect = -0.14274688345710895
dVmD_vdiff @ far from defect = -0.18990685572166

LOG | dVmD_vdiff @ far from defect = -0.18990685572166


LOG | #################################################

LOG | Charge: -2

LOG | total_FNV_correction: 1.4911582382452284

LOG | #################################################
FNV_energy: {'E_lattice': 1.2897468085106323, 'E_vq0m': -0.04715997226455104, 'E_vop': 0.2485714019991471, 'total': 1.4911582382452284}
