
 submitted Quantum Espresso job
hostname
trace23.wec.local.cmu.edu

LOG | Environment variable ESPRESSO_PW_EXE': pw.x

LOG | Environment variable ESPRESSO_PP_EXE': pp.x

LOG | Environment variable COFFEE_DIR': /trace/home/atimmins/packages/coffee/CoFFEE_2.0/

LOG | Environment variable ESPRESSO_PP_EXE': pp.x

LOG | Espresso Command: mpirun pw.x -nd 1 -in PREFIX.pwi > PREFIX.pwo

LOG | Calculate Pristine Energy
correction_params: {'type': 'FNV', 'FNV': {'auto_select_bands': False, 'electrons_at_neutral': 252, 'defect_level': 'shallow', 'band_by_charge': {-2: 126, -1: 126, 0: 126, 1: 126, 2: 126}, 'sigma_by_charge': {}, 'epsilon': 5.829713979999976, 'grid_size': [100, 100, 100]}}
Current working directory: /trace/group/acmegroup/atimmins/testing/BEEF_Research/V_C/experiments/ex73_1x1x1
Failed to create path: /trace/group/acmegroup/atimmins/testing/BEEF_Research/V_C/experiments/ex73_1x1x1/supercells
Current working directory: /trace/group/acmegroup/atimmins/testing/BEEF_Research/V_C/experiments/ex73_1x1x1
Failed to create path: /trace/group/acmegroup/atimmins/testing/BEEF_Research/V_C/experiments/ex73_1x1x1/supercells/PRISTINE_0

LOG | Running DFT for defect: PRISTINE, num: 0, charge: 0
Current working directory: /trace/group/acmegroup/atimmins/testing/BEEF_Research/V_C/experiments/ex73_1x1x1
Failed to create path: /trace/group/acmegroup/atimmins/testing/BEEF_Research/V_C/experiments/ex73_1x1x1/supercells/PRISTINE_0/0

LOG | Searching for espresso.pwo

LOG | Current directory: /trace/group/acmegroup/atimmins/testing/BEEF_Research/V_C/experiments/ex73_1x1x1/supercells/PRISTINE_0/0/unitcell

LOG | The file 'espresso.pwo' has been found! Huzzah!

LOG | Job complete found!

LOG | Total energy = -2067.280439058516 eV!

LOG | Searching for espresso.pwo

LOG | A valid espresso.pwo for the supercell has not been found.

LOG | valid_file_found__supercell_output: False

LOG | valid_file_found__wfcs: True

LOG | valid_file_found__pp_requiring_wfcs: True

LOG | valid_file_found__pp_not_requiring_wfcs: True

LOG | run_pw_unitcell: False

LOG | run_pw_supercell: True

LOG | run_pp_that_requires_wfc: False

LOG | run_pp_that_doesnt_require_wfc: False

LOG | Starting DFT calculation

LOG | Supercell Matrix: 
[[3.57230282 0.         0.        ]
 [0.         3.57230282 0.        ]
 [0.         0.         3.57230282]]

LOG | Attempting to set extra ASE parameters

LOG | No ASE parameters provided.
Created the atom object!

LOG | DFT Calculation of Pristine Supercell: True

LOG | 
Adding Defect: VAC, {'C': -1}
allowed_defect_composition: defaultdict(<class 'float'>, {'C': 8.0})
VAC_C7_[0.89309766 2.67920516 0.89309766] C
New unique defect: VAC_C7_[0.89309766 2.67920516 0.89309766] C

LOG | Environment variable ESPRESSO_PP_EXE': pp.x

LOG | Calculating Defect Energy

LOG | Calculating Defect Energy of defect: VAC_C7_[0.89309766 2.67920516 0.89309766] C
correction_params: {'type': 'FNV', 'FNV': {'auto_select_bands': False, 'electrons_at_neutral': 252, 'defect_level': 'shallow', 'band_by_charge': {-2: 126, -1: 126, 0: 126, 1: 126, 2: 126}, 'sigma_by_charge': {}, 'epsilon': 5.829713979999976, 'grid_size': [100, 100, 100]}}
Current working directory: /trace/group/acmegroup/atimmins/testing/BEEF_Research/V_C/experiments/ex73_1x1x1
Failed to create path: /trace/group/acmegroup/atimmins/testing/BEEF_Research/V_C/experiments/ex73_1x1x1/supercells
Current working directory: /trace/group/acmegroup/atimmins/testing/BEEF_Research/V_C/experiments/ex73_1x1x1
Failed to create path: /trace/group/acmegroup/atimmins/testing/BEEF_Research/V_C/experiments/ex73_1x1x1/supercells/VAC_1

LOG | Running DFT for defect: VAC, num: 1, charge: 0
Current working directory: /trace/group/acmegroup/atimmins/testing/BEEF_Research/V_C/experiments/ex73_1x1x1
Failed to create path: /trace/group/acmegroup/atimmins/testing/BEEF_Research/V_C/experiments/ex73_1x1x1/supercells/VAC_1/0

LOG | Searching for espresso.pwo

LOG | A valid espresso.pwo for the supercell has not been found.

LOG | valid_file_found__supercell_output: False

LOG | valid_file_found__wfcs: True

LOG | valid_file_found__pp_requiring_wfcs: True

LOG | valid_file_found__pp_not_requiring_wfcs: True

LOG | run_pw_unitcell: False

LOG | run_pw_supercell: True

LOG | run_pp_that_requires_wfc: False

LOG | run_pp_that_doesnt_require_wfc: False

LOG | Starting DFT calculation

LOG | Supercell Matrix: 
[[3.57230282 0.         0.        ]
 [0.         3.57230282 0.        ]
 [0.         0.         3.57230282]]

LOG | Attempting to set extra ASE parameters

LOG | No ASE parameters provided.
Created the atom object!

LOG | Running DFT for defect: VAC, num: 1, charge: 1
Current working directory: /trace/group/acmegroup/atimmins/testing/BEEF_Research/V_C/experiments/ex73_1x1x1
Failed to create path: /trace/group/acmegroup/atimmins/testing/BEEF_Research/V_C/experiments/ex73_1x1x1/supercells/VAC_1/1

LOG | Searching for espresso.pwo

LOG | A valid espresso.pwo for the supercell has not been found.

LOG | valid_file_found__supercell_output: False

LOG | valid_file_found__wfcs: True

LOG | valid_file_found__pp_requiring_wfcs: False

LOG | valid_file_found__pp_not_requiring_wfcs: True

LOG | run_pw_unitcell: False

LOG | run_pw_supercell: True

LOG | run_pp_that_requires_wfc: True

LOG | run_pp_that_doesnt_require_wfc: False

LOG | Starting DFT calculation

LOG | Supercell Matrix: 
[[3.57230282 0.         0.        ]
 [0.         3.57230282 0.        ]
 [0.         0.         3.57230282]]

LOG | Attempting to set extra ASE parameters

LOG | No ASE parameters provided.
Created the atom object!

LOG | Generating post processing (either cube or xsf) files.

LOG | pp.x argument: ['mpirun', 'pp.x', '-in', 'espresso_pn_7.ppi', '>', 'espresso_pn_7.ppo']

LOG | Initial espresso.ppi job failed.

LOG | Re-attempting espresso.ppi job.

LOG | pp.x argument: ['mpirun', '-np', '1', 'pp.x', '-in', 'espresso_pn_7.ppi', '>', 'espresso_pn_7.ppo']

LOG | Espresso.ppi job failed.

LOG | Running DFT for defect: VAC, num: 1, charge: -1
Current working directory: /trace/group/acmegroup/atimmins/testing/BEEF_Research/V_C/experiments/ex73_1x1x1
Failed to create path: /trace/group/acmegroup/atimmins/testing/BEEF_Research/V_C/experiments/ex73_1x1x1/supercells/VAC_1/-1

LOG | Searching for espresso.pwo

LOG | A valid espresso.pwo for the supercell has not been found.

LOG | valid_file_found__supercell_output: False

LOG | valid_file_found__wfcs: True

LOG | valid_file_found__pp_requiring_wfcs: False

LOG | valid_file_found__pp_not_requiring_wfcs: True

LOG | run_pw_unitcell: False

LOG | run_pw_supercell: True

LOG | run_pp_that_requires_wfc: True

LOG | run_pp_that_doesnt_require_wfc: False

LOG | Starting DFT calculation

LOG | Supercell Matrix: 
[[3.57230282 0.         0.        ]
 [0.         3.57230282 0.        ]
 [0.         0.         3.57230282]]

LOG | Attempting to set extra ASE parameters

LOG | No ASE parameters provided.
Created the atom object!

LOG | Generating post processing (either cube or xsf) files.

LOG | pp.x argument: ['mpirun', 'pp.x', '-in', 'espresso_pn_7.ppi', '>', 'espresso_pn_7.ppo']

LOG | Initial espresso.ppi job failed.

LOG | Re-attempting espresso.ppi job.

LOG | pp.x argument: ['mpirun', '-np', '1', 'pp.x', '-in', 'espresso_pn_7.ppi', '>', 'espresso_pn_7.ppo']

LOG | Espresso.ppi job failed.

LOG | Running DFT for defect: VAC, num: 1, charge: 2
Current working directory: /trace/group/acmegroup/atimmins/testing/BEEF_Research/V_C/experiments/ex73_1x1x1
Failed to create path: /trace/group/acmegroup/atimmins/testing/BEEF_Research/V_C/experiments/ex73_1x1x1/supercells/VAC_1/2

LOG | Searching for espresso.pwo

LOG | A valid espresso.pwo for the supercell has not been found.

LOG | valid_file_found__supercell_output: False

LOG | valid_file_found__wfcs: True

LOG | valid_file_found__pp_requiring_wfcs: False

LOG | valid_file_found__pp_not_requiring_wfcs: True

LOG | run_pw_unitcell: False

LOG | run_pw_supercell: True

LOG | run_pp_that_requires_wfc: True

LOG | run_pp_that_doesnt_require_wfc: False

LOG | Starting DFT calculation

LOG | Supercell Matrix: 
[[3.57230282 0.         0.        ]
 [0.         3.57230282 0.        ]
 [0.         0.         3.57230282]]

LOG | Attempting to set extra ASE parameters

LOG | No ASE parameters provided.
Created the atom object!

LOG | Generating post processing (either cube or xsf) files.

LOG | pp.x argument: ['mpirun', 'pp.x', '-in', 'espresso_pn_7.ppi', '>', 'espresso_pn_7.ppo']

LOG | Initial espresso.ppi job failed.

LOG | Re-attempting espresso.ppi job.

LOG | pp.x argument: ['mpirun', '-np', '1', 'pp.x', '-in', 'espresso_pn_7.ppi', '>', 'espresso_pn_7.ppo']

LOG | Espresso.ppi job failed.

LOG | Running DFT for defect: VAC, num: 1, charge: -2
Current working directory: /trace/group/acmegroup/atimmins/testing/BEEF_Research/V_C/experiments/ex73_1x1x1
Failed to create path: /trace/group/acmegroup/atimmins/testing/BEEF_Research/V_C/experiments/ex73_1x1x1/supercells/VAC_1/-2

LOG | Searching for espresso.pwo

LOG | A valid espresso.pwo for the supercell has not been found.

LOG | valid_file_found__supercell_output: False

LOG | valid_file_found__wfcs: True

LOG | valid_file_found__pp_requiring_wfcs: False

LOG | valid_file_found__pp_not_requiring_wfcs: True

LOG | run_pw_unitcell: False

LOG | run_pw_supercell: True

LOG | run_pp_that_requires_wfc: True

LOG | run_pp_that_doesnt_require_wfc: False

LOG | Starting DFT calculation

LOG | Supercell Matrix: 
[[3.57230282 0.         0.        ]
 [0.         3.57230282 0.        ]
 [0.         0.         3.57230282]]

LOG | Attempting to set extra ASE parameters

LOG | No ASE parameters provided.
Created the atom object!

LOG | Generating post processing (either cube or xsf) files.

LOG | pp.x argument: ['mpirun', 'pp.x', '-in', 'espresso_pn_7.ppi', '>', 'espresso_pn_7.ppo']

LOG | Initial espresso.ppi job failed.

LOG | Re-attempting espresso.ppi job.

LOG | pp.x argument: ['mpirun', '-np', '1', 'pp.x', '-in', 'espresso_pn_7.ppi', '>', 'espresso_pn_7.ppo']

LOG | Espresso.ppi job failed.

LOG | Calculating Defect Formation Energy from VAC_1

LOG | Epsilon value cannot be fetched from materials project.

LOG | Epsilon manually set to 5.829713979999976.
Defect Loc: [0.25000614494391393, 0.7499938549446343, 0.25000614494391393]
Defect Coords: [0.89309766 2.67920516 0.89309766]

LOG | Environment variable COFFEE_DIR': /trace/home/atimmins/packages/coffee/CoFFEE_2.0/

LOG | Calculating DFE for VAC_1, charge = 0
{0: -1803.4773657975331, 1: -1815.0066917238844, -1: -1791.2947403957517, 2: -1825.5852128496372, -2: -1778.76645123375}

LOG | Calculating DFE for VAC_1, charge = 1
{0: -1803.4773657975331, 1: -1815.0066917238844, -1: -1791.2947403957517, 2: -1825.5852128496372, -2: -1778.76645123375}
1
/trace/group/acmegroup/atimmins/testing/BEEF_Research/V_C/experiments/ex73_1x1x1/supercells/VAC_1/1/

LOG | No manual sigma provided for charge 1

LOG | Accepted sigma: 0 bohr
Calculating potential alignment correction
dV_0p.py output: charge: 1
Shape of the data in the file: (100, 100, 100)

Farthest coordinate from defect: 2.6615976563
dV_mD.py output: Traceback (most recent call last):
  File "/trace/home/atimmins/packages/coffee/CoFFEE_2.0//PotentialAlignment/dV_mD.py", line 81, in <module>
    grid_py,vol_m = py_read(file_m_py)
  File "/trace/home/atimmins/packages/coffee/CoFFEE_2.0/PotentialAlignment/Utilities/plavg.py", line 113, in py_read
    vol = np.load(file)
  File "/trace/home/atimmins/.conda/envs/defect_tracking/lib/python3.8/site-packages/numpy/lib/npyio.py", line 390, in load
    fid = stack.enter_context(open(os_fspath(file), "rb"))
FileNotFoundError: [Errno 2] No such file or directory: '/trace/group/acmegroup/atimmins/testing/BEEF_Research/V_C/experiments/ex73_1x1x1/supercells/VAC_1/1//V_r.npy'

