
 submitted Quantum Espresso job
hostname
trace24.wec.local.cmu.edu

LOG | Environment variable ESPRESSO_PW_EXE': pw.x

LOG | Environment variable ESPRESSO_PP_EXE': pp.x

LOG | Environment variable COFFEE_DIR': /trace/home/atimmins/packages/coffee/CoFFEE_2.0/

LOG | Environment variable ESPRESSO_PP_EXE': pp.x

LOG | Espresso Command: mpirun pw.x -nd 1 -in PREFIX.pwi > PREFIX.pwo

LOG | Calculate Pristine Energy
correction_params: {'type': 'FNV', 'FNV': {'auto_select_bands': False, 'electrons_at_neutral': 2368, 'defect_level': 'shallow', 'band_by_charge': {-1: 424, 0: 424, 1: 424}, 'sigma_by_charge': {}, 'epsilon': 17, 'grid_size': [160, 160, 180]}}
Current working directory: /trace/group/acmegroup/atimmins/testing/BEEF_Research/PbI2_mp22893/V_I/experiments/ex72_222
Failed to create path: /trace/group/acmegroup/atimmins/testing/BEEF_Research/PbI2_mp22893/V_I/experiments/ex72_222/supercells
Current working directory: /trace/group/acmegroup/atimmins/testing/BEEF_Research/PbI2_mp22893/V_I/experiments/ex72_222
Failed to create path: /trace/group/acmegroup/atimmins/testing/BEEF_Research/PbI2_mp22893/V_I/experiments/ex72_222/supercells/PRISTINE_0

LOG | Running DFT for defect: PRISTINE, num: 0, charge: 0
Current working directory: /trace/group/acmegroup/atimmins/testing/BEEF_Research/PbI2_mp22893/V_I/experiments/ex72_222
Failed to create path: /trace/group/acmegroup/atimmins/testing/BEEF_Research/PbI2_mp22893/V_I/experiments/ex72_222/supercells/PRISTINE_0/0

LOG | Searching for espresso.pwo

LOG | Current directory: /trace/group/acmegroup/atimmins/testing/BEEF_Research/PbI2_mp22893/V_I/experiments/ex72_222/supercells/PRISTINE_0/0/unitcell

LOG | The file 'espresso.pwo' has been found! Huzzah!

LOG | Job complete found!

LOG | Total energy = -27532.949713956205 eV!

LOG | Searching for espresso.pwo

LOG | A valid espresso.pwo for the supercell has not been found.

LOG | valid_file_found__supercell_output: False

LOG | valid_file_found__wfcs: True

LOG | valid_file_found__pp_requiring_wfcs: True

LOG | valid_file_found__pp_not_requiring_wfcs: True

LOG | run_pw_unitcell: False

LOG | run_pw_supercell: True

LOG | run_pp_that_requires_wfc: False

LOG | run_pp_that_doesnt_require_wfc: False

LOG | Starting DFT calculation

LOG | Supercell Matrix: 
[[ 9.42253804e+00 -3.62929459e-05  1.22717023e-04]
 [-4.71130045e+00  8.16011980e+00 -1.55384364e-04]
 [ 1.92498376e-04 -1.70301927e-04  1.47554250e+01]]

LOG | Attempting to set extra ASE parameters

LOG | No ASE parameters provided.
Created the atom object!

LOG | DFT Calculation of Pristine Supercell: True

LOG | 
Adding Defect: VAC, {'I': -1, 'Pb': 0}
allowed_defect_composition: defaultdict(<class 'float'>, {'Pb': 8.0, 'I': 16.0})
VAC_Pb7 I16_[ 2.35579468  4.07971885 14.75536469] Pb
VAC_Pb8 I15_[2.3557356  1.359766   5.48264436] I
New unique defect: VAC_Pb8 I15_[2.3557356  1.359766   5.48264436] I

LOG | Environment variable ESPRESSO_PP_EXE': pp.x

LOG | Calculating Defect Energy

LOG | Calculating Defect Energy of defect: VAC_Pb8 I15_[2.3557356  1.359766   5.48264436] I
correction_params: {'type': 'FNV', 'FNV': {'auto_select_bands': False, 'electrons_at_neutral': 2368, 'defect_level': 'shallow', 'band_by_charge': {-1: 424, 0: 424, 1: 424}, 'sigma_by_charge': {}, 'epsilon': 17, 'grid_size': [160, 160, 180]}}
Current working directory: /trace/group/acmegroup/atimmins/testing/BEEF_Research/PbI2_mp22893/V_I/experiments/ex72_222
Failed to create path: /trace/group/acmegroup/atimmins/testing/BEEF_Research/PbI2_mp22893/V_I/experiments/ex72_222/supercells
Current working directory: /trace/group/acmegroup/atimmins/testing/BEEF_Research/PbI2_mp22893/V_I/experiments/ex72_222
Failed to create path: /trace/group/acmegroup/atimmins/testing/BEEF_Research/PbI2_mp22893/V_I/experiments/ex72_222/supercells/VAC_1

LOG | Running DFT for defect: VAC, num: 1, charge: 0
Current working directory: /trace/group/acmegroup/atimmins/testing/BEEF_Research/PbI2_mp22893/V_I/experiments/ex72_222
Failed to create path: /trace/group/acmegroup/atimmins/testing/BEEF_Research/PbI2_mp22893/V_I/experiments/ex72_222/supercells/VAC_1/0

LOG | Searching for espresso.pwo

LOG | A valid espresso.pwo for the supercell has not been found.

LOG | valid_file_found__supercell_output: False

LOG | valid_file_found__wfcs: True

LOG | valid_file_found__pp_requiring_wfcs: True

LOG | valid_file_found__pp_not_requiring_wfcs: True

LOG | run_pw_unitcell: False

LOG | run_pw_supercell: True

LOG | run_pp_that_requires_wfc: False

LOG | run_pp_that_doesnt_require_wfc: False

LOG | Starting DFT calculation

LOG | Supercell Matrix: 
[[ 9.42253804e+00 -3.62929459e-05  1.22717023e-04]
 [-4.71130045e+00  8.16011980e+00 -1.55384364e-04]
 [ 1.92498376e-04 -1.70301927e-04  1.47554250e+01]]

LOG | Attempting to set extra ASE parameters

LOG | No ASE parameters provided.
Created the atom object!

LOG | Running DFT for defect: VAC, num: 1, charge: 1
Current working directory: /trace/group/acmegroup/atimmins/testing/BEEF_Research/PbI2_mp22893/V_I/experiments/ex72_222
Failed to create path: /trace/group/acmegroup/atimmins/testing/BEEF_Research/PbI2_mp22893/V_I/experiments/ex72_222/supercells/VAC_1/1

LOG | Searching for espresso.pwo

LOG | A valid espresso.pwo for the supercell has not been found.

LOG | valid_file_found__supercell_output: False

LOG | valid_file_found__wfcs: True

LOG | valid_file_found__pp_requiring_wfcs: False

LOG | valid_file_found__pp_not_requiring_wfcs: True

LOG | run_pw_unitcell: False

LOG | run_pw_supercell: True

LOG | run_pp_that_requires_wfc: True

LOG | run_pp_that_doesnt_require_wfc: False

LOG | Starting DFT calculation

LOG | Supercell Matrix: 
[[ 9.42253804e+00 -3.62929459e-05  1.22717023e-04]
 [-4.71130045e+00  8.16011980e+00 -1.55384364e-04]
 [ 1.92498376e-04 -1.70301927e-04  1.47554250e+01]]

LOG | Attempting to set extra ASE parameters

LOG | No ASE parameters provided.
Created the atom object!

LOG | Generating post processing (either cube or xsf) files.

LOG | pp.x argument: ['mpirun', 'pp.x', '-in', 'espresso_pn_7.ppi', '>', 'espresso_pn_7.ppo']

LOG | Initial espresso.ppi job failed.

LOG | Re-attempting espresso.ppi job.

LOG | pp.x argument: ['mpirun', '-np', '1', 'pp.x', '-in', 'espresso_pn_7.ppi', '>', 'espresso_pn_7.ppo']

LOG | Espresso.ppi job failed.

LOG | Running DFT for defect: VAC, num: 1, charge: -1
Current working directory: /trace/group/acmegroup/atimmins/testing/BEEF_Research/PbI2_mp22893/V_I/experiments/ex72_222
Failed to create path: /trace/group/acmegroup/atimmins/testing/BEEF_Research/PbI2_mp22893/V_I/experiments/ex72_222/supercells/VAC_1/-1

LOG | Searching for espresso.pwo

LOG | A valid espresso.pwo for the supercell has not been found.

LOG | valid_file_found__supercell_output: False

LOG | valid_file_found__wfcs: True

LOG | valid_file_found__pp_requiring_wfcs: False

LOG | valid_file_found__pp_not_requiring_wfcs: True

LOG | run_pw_unitcell: False

LOG | run_pw_supercell: True

LOG | run_pp_that_requires_wfc: True

LOG | run_pp_that_doesnt_require_wfc: False

LOG | Starting DFT calculation

LOG | Supercell Matrix: 
[[ 9.42253804e+00 -3.62929459e-05  1.22717023e-04]
 [-4.71130045e+00  8.16011980e+00 -1.55384364e-04]
 [ 1.92498376e-04 -1.70301927e-04  1.47554250e+01]]

LOG | Attempting to set extra ASE parameters

LOG | No ASE parameters provided.
Created the atom object!

LOG | Generating post processing (either cube or xsf) files.

LOG | pp.x argument: ['mpirun', 'pp.x', '-in', 'espresso_pn_7.ppi', '>', 'espresso_pn_7.ppo']

LOG | Initial espresso.ppi job failed.

LOG | Re-attempting espresso.ppi job.

LOG | pp.x argument: ['mpirun', '-np', '1', 'pp.x', '-in', 'espresso_pn_7.ppi', '>', 'espresso_pn_7.ppo']

LOG | Espresso.ppi job failed.

LOG | Calculating Defect Formation Energy from VAC_1

LOG | Epsilon value cannot be fetched from materials project.

LOG | Epsilon manually set to 17.
Defect Loc: [0.33332608337543496, 0.1666447807539131, 0.3715670234926404]
Defect Coords: [2.3557356  1.359766   5.48264436]

LOG | Environment variable COFFEE_DIR': /trace/home/atimmins/packages/coffee/CoFFEE_2.0/

LOG | Calculating DFE for VAC_1, charge = 0
{0: -212593.21005892192, 1: -212598.02881363698, -1: -212588.0159216698}

LOG | Calculating DFE for VAC_1, charge = 1
{0: -212593.21005892192, 1: -212598.02881363698, -1: -212588.0159216698}
1
/trace/group/acmegroup/atimmins/testing/BEEF_Research/PbI2_mp22893/V_I/experiments/ex72_222/supercells/VAC_1/1/

LOG | No manual sigma provided for charge 1

LOG | Accepted sigma: 0 bohr
Calculating potential alignment correction
dV_0p.py output: charge: 1
Shape of the data in the file: (160, 160, 180)

Farthest coordinate from defect: 7.037735595700003
dV_mD.py output: Traceback (most recent call last):
  File "/trace/home/atimmins/packages/coffee/CoFFEE_2.0//PotentialAlignment/dV_mD.py", line 81, in <module>
    grid_py,vol_m = py_read(file_m_py)
  File "/trace/home/atimmins/packages/coffee/CoFFEE_2.0/PotentialAlignment/Utilities/plavg.py", line 113, in py_read
    vol = np.load(file)
  File "/trace/home/atimmins/.conda/envs/defect_tracking/lib/python3.8/site-packages/numpy/lib/npyio.py", line 390, in load
    fid = stack.enter_context(open(os_fspath(file), "rb"))
FileNotFoundError: [Errno 2] No such file or directory: '/trace/group/acmegroup/atimmins/testing/BEEF_Research/PbI2_mp22893/V_I/experiments/ex72_222/supercells/VAC_1/1//V_r.npy'

