
 submitted Quantum Espresso job
hostname
trace01.wec.local.cmu.edu

LOG | Environment variable ESPRESSO_PW_EXE': pw.x

LOG | Environment variable ESPRESSO_PP_EXE': pp.x

LOG | Environment variable COFFEE_DIR': /trace/home/atimmins/packages/coffee/CoFFEE_2.0/

LOG | Environment variable ESPRESSO_PP_EXE': pp.x

LOG | Espresso Command: mpirun pw.x -nd 1 -in PREFIX.pwi > PREFIX.pwo

LOG | Calculate Pristine Energy
correction_params: {'type': 'FNV', 'FNV': {'auto_select_bands': False, 'electrons_at_neutral': 648, 'defect_level': 'shallow', 'band_by_charge': {0: 863, 1: 863, 2: 863}, 'sigma_by_charge': {}, 'epsilon': 10.860179653335564, 'grid_size': [150, 150, 180]}}
Current working directory: /trace/group/acmegroup/atimmins/testing/BEEF_Research/GaN_mp804/V_N/experiments/ex63_443
Failed to create path: /trace/group/acmegroup/atimmins/testing/BEEF_Research/GaN_mp804/V_N/experiments/ex63_443/supercells
Current working directory: /trace/group/acmegroup/atimmins/testing/BEEF_Research/GaN_mp804/V_N/experiments/ex63_443
Failed to create path: /trace/group/acmegroup/atimmins/testing/BEEF_Research/GaN_mp804/V_N/experiments/ex63_443/supercells/PRISTINE_0

LOG | Running DFT for defect: PRISTINE, num: 0, charge: 0
Current working directory: /trace/group/acmegroup/atimmins/testing/BEEF_Research/GaN_mp804/V_N/experiments/ex63_443
Failed to create path: /trace/group/acmegroup/atimmins/testing/BEEF_Research/GaN_mp804/V_N/experiments/ex63_443/supercells/PRISTINE_0/0

LOG | Searching for espresso.pwo

LOG | Current directory: /trace/group/acmegroup/atimmins/testing/BEEF_Research/GaN_mp804/V_N/experiments/ex63_443/supercells/PRISTINE_0/0/unitcell

LOG | The file 'espresso.pwo' has been found! Huzzah!

LOG | Job complete found!

LOG | Total energy = -8497.85383679082 eV!

LOG | Searching for espresso.pwo

LOG | Current directory: /trace/group/acmegroup/atimmins/testing/BEEF_Research/GaN_mp804/V_N/experiments/ex63_443/supercells/PRISTINE_0/0

LOG | The file 'espresso.pwo' has been found! Huzzah!

LOG | Job complete found!

LOG | Total energy = -407897.1987353943 eV!

LOG | valid_file_found__supercell_output: True

LOG | valid_file_found__wfcs: False

LOG | valid_file_found__pp_requiring_wfcs: True

LOG | valid_file_found__pp_not_requiring_wfcs: True

LOG | run_pw_unitcell: False

LOG | run_pw_supercell: False

LOG | run_pp_that_requires_wfc: False

LOG | run_pp_that_doesnt_require_wfc: False

LOG | DFT Calculation of Pristine Supercell: True

LOG | 
Adding Defect: VAC, {'Ga': 0, 'N': -1}
allowed_defect_composition: defaultdict(<class 'float'>, {'Ga': 96.0, 'N': 96.0})
VAC_Ga95 N96_[1.62227566 0.93661982 2.63968077] Ga
VAC_Ga96 N95_[1.62227566 0.93661982 4.63162392] N
New unique defect: VAC_Ga96 N95_[1.62227566 0.93661982 4.63162392] N

LOG | Environment variable ESPRESSO_PP_EXE': pp.x

LOG | Calculating Defect Energy

LOG | Calculating Defect Energy of defect: VAC_Ga96 N95_[1.62227566 0.93661982 4.63162392] N
correction_params: {'type': 'FNV', 'FNV': {'auto_select_bands': False, 'electrons_at_neutral': 648, 'defect_level': 'shallow', 'band_by_charge': {0: 863, 1: 863, 2: 863}, 'sigma_by_charge': {}, 'epsilon': 10.860179653335564, 'grid_size': [150, 150, 180]}}
Current working directory: /trace/group/acmegroup/atimmins/testing/BEEF_Research/GaN_mp804/V_N/experiments/ex63_443
Failed to create path: /trace/group/acmegroup/atimmins/testing/BEEF_Research/GaN_mp804/V_N/experiments/ex63_443/supercells
Current working directory: /trace/group/acmegroup/atimmins/testing/BEEF_Research/GaN_mp804/V_N/experiments/ex63_443
Failed to create path: /trace/group/acmegroup/atimmins/testing/BEEF_Research/GaN_mp804/V_N/experiments/ex63_443/supercells/VAC_1

LOG | Running DFT for defect: VAC, num: 1, charge: 0
Current working directory: /trace/group/acmegroup/atimmins/testing/BEEF_Research/GaN_mp804/V_N/experiments/ex63_443
Failed to create path: /trace/group/acmegroup/atimmins/testing/BEEF_Research/GaN_mp804/V_N/experiments/ex63_443/supercells/VAC_1/0

LOG | Searching for espresso.pwo

LOG | Current directory: /trace/group/acmegroup/atimmins/testing/BEEF_Research/GaN_mp804/V_N/experiments/ex63_443/supercells/VAC_1/0

LOG | The file 'espresso.pwo' has been found! Huzzah!

LOG | Job complete found!

LOG | Total energy = -407500.6301435775 eV!

LOG | valid_file_found__supercell_output: True

LOG | valid_file_found__wfcs: False

LOG | valid_file_found__pp_requiring_wfcs: True

LOG | valid_file_found__pp_not_requiring_wfcs: False

LOG | run_pw_unitcell: False

LOG | run_pw_supercell: False

LOG | run_pp_that_requires_wfc: False

LOG | run_pp_that_doesnt_require_wfc: True
grid_size: [150, 150, 180]

LOG | Generating post processing (either cube or xsf) files.

LOG | pp.x argument: ['mpirun', 'pp.x', '-in', 'espresso_pn_1.ppi', '>', 'espresso_pn_1.ppo']

LOG | Running DFT for defect: VAC, num: 1, charge: 1
Current working directory: /trace/group/acmegroup/atimmins/testing/BEEF_Research/GaN_mp804/V_N/experiments/ex63_443
Failed to create path: /trace/group/acmegroup/atimmins/testing/BEEF_Research/GaN_mp804/V_N/experiments/ex63_443/supercells/VAC_1/1

LOG | Searching for espresso.pwo

LOG | Current directory: /trace/group/acmegroup/atimmins/testing/BEEF_Research/GaN_mp804/V_N/experiments/ex63_443/supercells/VAC_1/1

LOG | The file 'espresso.pwo' has been found! Huzzah!

LOG | Job complete found!

LOG | Total energy = -407511.4062087525 eV!

LOG | valid_file_found__supercell_output: True

LOG | valid_file_found__wfcs: False

LOG | valid_file_found__pp_requiring_wfcs: True

LOG | valid_file_found__pp_not_requiring_wfcs: True

LOG | run_pw_unitcell: False

LOG | run_pw_supercell: False

LOG | run_pp_that_requires_wfc: False

LOG | run_pp_that_doesnt_require_wfc: False

LOG | Running DFT for defect: VAC, num: 1, charge: 2
Current working directory: /trace/group/acmegroup/atimmins/testing/BEEF_Research/GaN_mp804/V_N/experiments/ex63_443
Failed to create path: /trace/group/acmegroup/atimmins/testing/BEEF_Research/GaN_mp804/V_N/experiments/ex63_443/supercells/VAC_1/2

LOG | Searching for espresso.pwo

LOG | Current directory: /trace/group/acmegroup/atimmins/testing/BEEF_Research/GaN_mp804/V_N/experiments/ex63_443/supercells/VAC_1/2

LOG | The file 'espresso.pwo' has been found! Huzzah!

LOG | Job complete found!

LOG | Total energy = -407520.2988606802 eV!

LOG | valid_file_found__supercell_output: True

LOG | valid_file_found__wfcs: False

LOG | valid_file_found__pp_requiring_wfcs: True

LOG | valid_file_found__pp_not_requiring_wfcs: True

LOG | run_pw_unitcell: False

LOG | run_pw_supercell: False

LOG | run_pp_that_requires_wfc: False

LOG | run_pp_that_doesnt_require_wfc: False

LOG | Calculating Defect Formation Energy from VAC_1

LOG | Epsilon value cannot be fetched from materials project.

LOG | Epsilon manually set to 10.860179653335564.
Defect Loc: [0.16666675040866596, 0.08333327704704542, 0.29194590543941223]
supercell_dimensions: [12.97819367 12.97819367 15.86466476]

LOG | Environment variable COFFEE_DIR': /trace/home/atimmins/packages/coffee/CoFFEE_2.0/

LOG | Calculating DFE for VAC_1, charge = 0
{0: -407500.6301435775, 1: -407511.4062087525, 2: -407520.2988606802}

LOG | Calculating DFE for VAC_1, charge = 1
{0: -407500.6301435775, 1: -407511.4062087525, 2: -407520.2988606802}
1
/trace/group/acmegroup/atimmins/testing/BEEF_Research/GaN_mp804/V_N/experiments/ex63_443/supercells/VAC_1/1/

LOG | No manual sigma provided for charge 1

LOG | Sigma: 2.264359

LOG | Accepted sigma: 2.264359 bohr
made the input

LOG | Coffee.py energy: 0.2569 eV
made the input

LOG | Coffee.py energy: 0.2978 eV
made the input

LOG | Coffee.py energy: 0.3239 eV
Attmepting to calculate lattice energy correction 
Setting correction energies 
Creating one_by_V/A arrays
[48, 100, 180]
[0.02083333 0.01       0.00555556]
Computing fit
[0.2569, 0.2978, 0.3239]
L2: 0.08480705747130937
L3: 0.06640168100743545
L4: 0.05458687581879251
A
B
C
D
E_m_iso = 0.44356485345019625
E_lattice = 0.18666485345019623
Calculating potential alignment correction
dV_0p.py output: charge: 1
Shape of the data in the file: (150, 150, 180)

Defect Coords: 2.163033364863807
Farthest coordinate from defect: 8.609033364863807
dV0p @ far from defect = -0.015243630848477876

LOG | dV0p @ far from defect = -0.015243630848477876
dV_mD.py output: /trace/home/atimmins/packages/coffee/CoFFEE_2.0/PotentialAlignment/Utilities/plavg.py:88: ComplexWarning: Casting complex values to real discards the imaginary part
  vol_a1[i] = Sum1/(a2_dim*a3_dim)
dir: a1
Shape of the data in the file: (150, 150, 180)
The first column in the files is in bohr


LOG | dVmD_model @ far from defect = 0.021328087138711427
dVmD_vdiff @ far from defect = 0.016803989257960512

LOG | dVmD_vdiff @ far from defect = 0.016803989257960512


LOG | #################################################

LOG | Charge: 1

LOG | total_FNV_correction: 0.16689712472096743

LOG | #################################################
FNV_energy: {'E_lattice': 0.18666485345019623, 'E_vq0m': -0.004524097880750914, 'E_vop': -0.015243630848477876, 'total': 0.16689712472096743}

LOG | Calculating DFE for VAC_1, charge = 2
{0: -407500.6301435775, 1: -407511.4062087525, 2: -407520.2988606802}
2
/trace/group/acmegroup/atimmins/testing/BEEF_Research/GaN_mp804/V_N/experiments/ex63_443/supercells/VAC_1/2/

LOG | No manual sigma provided for charge 2

LOG | Sigma: 2.293448

LOG | Accepted sigma: 2.293448 bohr
made the input

LOG | Coffee.py energy: 1.0063 eV
made the input

LOG | Coffee.py energy: 1.1695 eV
made the input

LOG | Coffee.py energy: 1.2737 eV
Attmepting to calculate lattice energy correction 
Setting correction energies 
Creating one_by_V/A arrays
[48, 100, 180]
[0.02083333 0.01       0.00555556]
Computing fit
[1.0063, 1.1695, 1.2737]
L2: 0.08480705747130937
L3: 0.06640168100743545
L4: 0.05458687581879251
A
B
C
D
E_m_iso = 1.7517741846540729
E_lattice = 0.7454741846540729
Calculating potential alignment correction
dV_0p.py output: charge: 2
Shape of the data in the file: (150, 150, 180)

Defect Coords: 2.163033364863807
Farthest coordinate from defect: 8.609033364863807
dV0p @ far from defect = -0.030487271696955746

LOG | dV0p @ far from defect = -0.030487271696955746
dV_mD.py output: /trace/home/atimmins/packages/coffee/CoFFEE_2.0/PotentialAlignment/Utilities/plavg.py:88: ComplexWarning: Casting complex values to real discards the imaginary part
  vol_a1[i] = Sum1/(a2_dim*a3_dim)
dir: a1
Shape of the data in the file: (150, 150, 180)
The first column in the files is in bohr


LOG | dVmD_model @ far from defect = 0.04258490165748221
dVmD_vdiff @ far from defect = 0.01638381563450307

LOG | dVmD_vdiff @ far from defect = 0.01638381563450307


LOG | #################################################

LOG | Charge: 2

LOG | total_FNV_correction: 0.688785826934138

LOG | #################################################
FNV_energy: {'E_lattice': 0.7454741846540729, 'E_vq0m': -0.026201086022979138, 'E_vop': -0.030487271696955746, 'total': 0.688785826934138}
