
 submitted Quantum Espresso job
hostname
05.wec.local.cmu.edu

LOG | Environment variable ESPRESSO_PW_EXE': pw.x

LOG | Environment variable ESPRESSO_PP_EXE': pp.x

LOG | Environment variable COFFEE_DIR': //home//packages/coffee/CoFFEE_2.0/

LOG | Environment variable ESPRESSO_PP_EXE': pp.x

LOG | Espresso Command: mpirun pw.x -nd 1 -in PREFIX.pwi > PREFIX.pwo

LOG | Calculate Pristine Energy
correction_params: {'type': 'FNV', 'FNV': {'auto_select_bands': False, 'electrons_at_neutral': 648, 'defect_level': 'shallow', 'band_by_charge': {-2: 1354, -1: 1353, 0: 1353, 1: 1353, 2: 1353, 3: 1353}, 'sigma_by_charge': {}, 'epsilon': 10.860179653335564, 'grid_size': [192, 192, 180]}}
Current working directory: //group///testing/BEEF_Research/GaN_mp804/Ga_N/experiments/ex17_GaN
Failed to create path: //group///testing/BEEF_Research/GaN_mp804/Ga_N/experiments/ex17_GaN/supercells
Current working directory: //group///testing/BEEF_Research/GaN_mp804/Ga_N/experiments/ex17_GaN
Failed to create path: //group///testing/BEEF_Research/GaN_mp804/Ga_N/experiments/ex17_GaN/supercells/PRISTINE_0

LOG | Running DFT for defect: PRISTINE, num: 0, charge: 0
Current working directory: //group///testing/BEEF_Research/GaN_mp804/Ga_N/experiments/ex17_GaN
Failed to create path: //group///testing/BEEF_Research/GaN_mp804/Ga_N/experiments/ex17_GaN/supercells/PRISTINE_0/0

LOG | Searching for espresso.pwo

LOG | Current directory: //group///testing/BEEF_Research/GaN_mp804/Ga_N/experiments/ex17_GaN/supercells/PRISTINE_0/0/unitcell

LOG | The file 'espresso.pwo' has been found! Huzzah!

LOG | Job complete found!

LOG | Total energy = -8497.85383679082 eV!

LOG | Searching for espresso.pwo

LOG | Current directory: //group///testing/BEEF_Research/GaN_mp804/Ga_N/experiments/ex17_GaN/supercells/PRISTINE_0/0

LOG | The file 'espresso.pwo' has been found! Huzzah!

LOG | Job complete found!

LOG | Total energy = -637339.4080018098 eV!

LOG | valid_file_found__supercell_output: True

LOG | valid_file_found__wfcs: False

LOG | valid_file_found__pp_requiring_wfcs: True

LOG | valid_file_found__pp_not_requiring_wfcs: True

LOG | run_pw_unitcell: False

LOG | run_pw_supercell: False

LOG | run_pp_that_requires_wfc: False

LOG | run_pp_that_doesnt_require_wfc: False

LOG | DFT Calculation of Pristine Supercell: True

LOG | 
Adding Defect: SUB, {'Ga': 1, 'N': -1}
allowed_defect_composition: defaultdict(<class 'float'>, {'Ga': 150.0, 'N': 150.0})
Ga151 N149
New unique defect: SUB_Ga151 N149_[1.62227566 0.93661982 4.63162392] Ga

LOG | Environment variable ESPRESSO_PP_EXE': pp.x

LOG | Calculating Defect Energy

LOG | Calculating Defect Energy of defect: SUB_Ga151 N149_[1.62227566 0.93661982 4.63162392] Ga
correction_params: {'type': 'FNV', 'FNV': {'auto_select_bands': False, 'electrons_at_neutral': 648, 'defect_level': 'shallow', 'band_by_charge': {-2: 1354, -1: 1353, 0: 1353, 1: 1353, 2: 1353, 3: 1353}, 'sigma_by_charge': {}, 'epsilon': 10.860179653335564, 'grid_size': [192, 192, 180]}}
Current working directory: //group///testing/BEEF_Research/GaN_mp804/Ga_N/experiments/ex17_GaN
Failed to create path: //group///testing/BEEF_Research/GaN_mp804/Ga_N/experiments/ex17_GaN/supercells
Current working directory: //group///testing/BEEF_Research/GaN_mp804/Ga_N/experiments/ex17_GaN
Failed to create path: //group///testing/BEEF_Research/GaN_mp804/Ga_N/experiments/ex17_GaN/supercells/SUB_1

LOG | Running DFT for defect: SUB, num: 1, charge: 0
Current working directory: //group///testing/BEEF_Research/GaN_mp804/Ga_N/experiments/ex17_GaN
Failed to create path: //group///testing/BEEF_Research/GaN_mp804/Ga_N/experiments/ex17_GaN/supercells/SUB_1/0

LOG | Searching for espresso.pwo

LOG | Current directory: //group///testing/BEEF_Research/GaN_mp804/Ga_N/experiments/ex17_GaN/supercells/SUB_1/0

LOG | The file 'espresso.pwo' has been found! Huzzah!

LOG | Job complete found!

LOG | Total energy = -640794.5171023187 eV!

LOG | valid_file_found__supercell_output: True

LOG | valid_file_found__wfcs: False

LOG | valid_file_found__pp_requiring_wfcs: True

LOG | valid_file_found__pp_not_requiring_wfcs: True

LOG | run_pw_unitcell: False

LOG | run_pw_supercell: False

LOG | run_pp_that_requires_wfc: False

LOG | run_pp_that_doesnt_require_wfc: False

LOG | Running DFT for defect: SUB, num: 1, charge: 1
Current working directory: //group///testing/BEEF_Research/GaN_mp804/Ga_N/experiments/ex17_GaN
Failed to create path: //group///testing/BEEF_Research/GaN_mp804/Ga_N/experiments/ex17_GaN/supercells/SUB_1/1

LOG | Searching for espresso.pwo

LOG | Current directory: //group///testing/BEEF_Research/GaN_mp804/Ga_N/experiments/ex17_GaN/supercells/SUB_1/1

LOG | The file 'espresso.pwo' has been found! Huzzah!

LOG | Job complete found!

LOG | Total energy = -640804.6231484787 eV!

LOG | valid_file_found__supercell_output: True

LOG | valid_file_found__wfcs: False

LOG | valid_file_found__pp_requiring_wfcs: True

LOG | valid_file_found__pp_not_requiring_wfcs: True

LOG | run_pw_unitcell: False

LOG | run_pw_supercell: False

LOG | run_pp_that_requires_wfc: False

LOG | run_pp_that_doesnt_require_wfc: False

LOG | Running DFT for defect: SUB, num: 1, charge: -1
Current working directory: //group///testing/BEEF_Research/GaN_mp804/Ga_N/experiments/ex17_GaN
Failed to create path: //group///testing/BEEF_Research/GaN_mp804/Ga_N/experiments/ex17_GaN/supercells/SUB_1/-1

LOG | Searching for espresso.pwo

LOG | Current directory: //group///testing/BEEF_Research/GaN_mp804/Ga_N/experiments/ex17_GaN/supercells/SUB_1/-1

LOG | The file 'espresso.pwo' has been found! Huzzah!

LOG | Job complete found!

LOG | Total energy = -640784.1922448734 eV!

LOG | valid_file_found__supercell_output: True

LOG | valid_file_found__wfcs: False

LOG | valid_file_found__pp_requiring_wfcs: True

LOG | valid_file_found__pp_not_requiring_wfcs: False

LOG | run_pw_unitcell: False

LOG | run_pw_supercell: False

LOG | run_pp_that_requires_wfc: False

LOG | run_pp_that_doesnt_require_wfc: True
grid_size: [192, 192, 180]

LOG | Generating post processing (either cube or xsf) files.

LOG | pp.x argument: ['mpirun', 'pp.x', '-in', 'espresso_pn_1.ppi', '>', 'espresso_pn_1.ppo']

LOG | Running DFT for defect: SUB, num: 1, charge: 2
Current working directory: //group///testing/BEEF_Research/GaN_mp804/Ga_N/experiments/ex17_GaN
Failed to create path: //group///testing/BEEF_Research/GaN_mp804/Ga_N/experiments/ex17_GaN/supercells/SUB_1/2

LOG | Searching for espresso.pwo

LOG | Current directory: //group///testing/BEEF_Research/GaN_mp804/Ga_N/experiments/ex17_GaN/supercells/SUB_1/2

LOG | The file 'espresso.pwo' has been found! Huzzah!

LOG | Job complete found!

LOG | Total energy = -640814.5373980231 eV!

LOG | valid_file_found__supercell_output: True

LOG | valid_file_found__wfcs: False

LOG | valid_file_found__pp_requiring_wfcs: True

LOG | valid_file_found__pp_not_requiring_wfcs: True

LOG | run_pw_unitcell: False

LOG | run_pw_supercell: False

LOG | run_pp_that_requires_wfc: False

LOG | run_pp_that_doesnt_require_wfc: False

LOG | Running DFT for defect: SUB, num: 1, charge: -2
Current working directory: //group///testing/BEEF_Research/GaN_mp804/Ga_N/experiments/ex17_GaN
Failed to create path: //group///testing/BEEF_Research/GaN_mp804/Ga_N/experiments/ex17_GaN/supercells/SUB_1/-2

LOG | Searching for espresso.pwo

LOG | Current directory: //group///testing/BEEF_Research/GaN_mp804/Ga_N/experiments/ex17_GaN/supercells/SUB_1/-2

LOG | The file 'espresso.pwo' has been found! Huzzah!

LOG | Job complete found!

LOG | Total energy = -640773.6313839754 eV!

LOG | valid_file_found__supercell_output: True

LOG | valid_file_found__wfcs: False

LOG | valid_file_found__pp_requiring_wfcs: True

LOG | valid_file_found__pp_not_requiring_wfcs: False

LOG | run_pw_unitcell: False

LOG | run_pw_supercell: False

LOG | run_pp_that_requires_wfc: False

LOG | run_pp_that_doesnt_require_wfc: True
grid_size: [192, 192, 180]

LOG | Generating post processing (either cube or xsf) files.

LOG | pp.x argument: ['mpirun', 'pp.x', '-in', 'espresso_pn_1.ppi', '>', 'espresso_pn_1.ppo']

LOG | Running DFT for defect: SUB, num: 1, charge: 3
Current working directory: //group///testing/BEEF_Research/GaN_mp804/Ga_N/experiments/ex17_GaN
Failed to create path: //group///testing/BEEF_Research/GaN_mp804/Ga_N/experiments/ex17_GaN/supercells/SUB_1/3

LOG | Searching for espresso.pwo

LOG | Current directory: //group///testing/BEEF_Research/GaN_mp804/Ga_N/experiments/ex17_GaN/supercells/SUB_1/3

LOG | The file 'espresso.pwo' has been found! Huzzah!

LOG | Job complete found!

LOG | Total energy = -640824.250570229 eV!

LOG | valid_file_found__supercell_output: True

LOG | valid_file_found__wfcs: False

LOG | valid_file_found__pp_requiring_wfcs: True

LOG | valid_file_found__pp_not_requiring_wfcs: True

LOG | run_pw_unitcell: False

LOG | run_pw_supercell: False

LOG | run_pp_that_requires_wfc: False

LOG | run_pp_that_doesnt_require_wfc: False

LOG | Calculating Defect Formation Energy from SUB_1

LOG | Epsilon value cannot be fetched from materials project.

LOG | Epsilon manually set to 10.860179653335564.
Defect Loc: [0.1333334003269328, 0.06666662163763633, 0.29194590543941223]
supercell_dimensions: [16.22274209 16.22274209 15.86466476]

LOG | Environment variable COFFEE_DIR': //home//packages/coffee/CoFFEE_2.0/

LOG | Calculating DFE for SUB_1, charge = 0
{0: -640794.5171023187, 1: -640804.6231484787, -1: -640784.1922448734, 2: -640814.5373980231, -2: -640773.6313839754, 3: -640824.250570229}

LOG | Calculating DFE for SUB_1, charge = 1
{0: -640794.5171023187, 1: -640804.6231484787, -1: -640784.1922448734, 2: -640814.5373980231, -2: -640773.6313839754, 3: -640824.250570229}
1
//group///testing/BEEF_Research/GaN_mp804/Ga_N/experiments/ex17_GaN/supercells/SUB_1/1/

LOG | No manual sigma provided for charge 1

LOG | Sigma: 2.076181

LOG | Accepted sigma: 2.076181 bohr
made the input

LOG | Coffee.py energy: 0.2117 eV
made the input

LOG | Coffee.py energy: 0.2342 eV
made the input

LOG | Coffee.py energy: 0.2497 eV
Attmepting to calculate lattice energy correction 
Setting correction energies 
Creating one_by_V/A arrays
[75, 144, 245]
[0.01333333 0.00694444 0.00408163]
Computing fit
[0.2117, 0.2342, 0.2497]
L2: 0.07308450663028664
L3: 0.058801929442234585
L4: 0.049255762426301
A
B
C
D
E_m_iso = 0.333181197411371
E_lattice = 0.12148119741137098
Calculating potential alignment correction
dV_0p.py output: charge: 1
Shape of the data in the file: (192, 192, 180)

Defect Coords: 2.1630333648638076
Farthest coordinate from defect: 10.232033364863808
dV0p @ far from defect = 0.02655326124639128

LOG | dV0p @ far from defect = 0.02655326124639128
dV_mD.py output: //home//packages/coffee/CoFFEE_2.0/PotentialAlignment/Utilities/plavg.py:88: ComplexWarning: Casting complex values to real discards the imaginary part
  vol_a1[i] = Sum1/(a2_dim*a3_dim)
dir: a1
Shape of the data in the file: (192, 192, 180)
The first column in the files is in bohr


LOG | dVmD_model @ far from defect = 0.021881938398830538
dVmD_vdiff @ far from defect = 0.03001131499465603

LOG | dVmD_vdiff @ far from defect = 0.03001131499465603


LOG | #################################################

LOG | Charge: 1

LOG | total_FNV_correction: 0.15616383525358776

LOG | #################################################
FNV_energy: {'E_lattice': 0.12148119741137098, 'E_vq0m': 0.00812937659582549, 'E_vop': 0.02655326124639128, 'total': 0.15616383525358776}

LOG | Calculating DFE for SUB_1, charge = -1
{0: -640794.5171023187, 1: -640804.6231484787, -1: -640784.1922448734, 2: -640814.5373980231, -2: -640773.6313839754, 3: -640824.250570229}
-1
//group///testing/BEEF_Research/GaN_mp804/Ga_N/experiments/ex17_GaN/supercells/SUB_1/-1/

LOG | No manual sigma provided for charge -1

LOG | Sigma: 2.046916

LOG | Accepted sigma: 2.046916 bohr
made the input

LOG | Coffee.py energy: 0.2163 eV
made the input

LOG | Coffee.py energy: 0.2388 eV
made the input

LOG | Coffee.py energy: 0.2544 eV
Attmepting to calculate lattice energy correction 
Setting correction energies 
Creating one_by_V/A arrays
[75, 144, 245]
[0.01333333 0.00694444 0.00408163]
Computing fit
[0.2163, 0.2388, 0.2544]
L2: 0.07308450663028664
L3: 0.058801929442234585
L4: 0.049255762426301
A
B
C
D
E_m_iso = 0.3391567183658841
E_lattice = 0.12285671836588413
Calculating potential alignment correction
dV_0p.py output: charge: -1
Shape of the data in the file: (192, 192, 180)

Defect Coords: 2.1630333648638076
Farthest coordinate from defect: 10.232033364863808
dV0p @ far from defect = -0.02655326124639128

LOG | dV0p @ far from defect = -0.02655326124639128
dV_mD.py output: //home//packages/coffee/CoFFEE_2.0/PotentialAlignment/Utilities/plavg.py:88: ComplexWarning: Casting complex values to real discards the imaginary part
  vol_a1[i] = Sum1/(a2_dim*a3_dim)
dir: a1
Shape of the data in the file: (192, 192, 180)
The first column in the files is in bohr


LOG | dVmD_model @ far from defect = -0.021905758398830535
dVmD_vdiff @ far from defect = -0.02897339520140527

LOG | dVmD_vdiff @ far from defect = -0.02897339520140527


LOG | #################################################

LOG | Charge: -1

LOG | total_FNV_correction: 0.08923582031691812

LOG | #################################################
FNV_energy: {'E_lattice': 0.12285671836588413, 'E_vq0m': -0.0070676368025747345, 'E_vop': -0.02655326124639128, 'total': 0.08923582031691812}

LOG | Calculating DFE for SUB_1, charge = 2
{0: -640794.5171023187, 1: -640804.6231484787, -1: -640784.1922448734, 2: -640814.5373980231, -2: -640773.6313839754, 3: -640824.250570229}
2
//group///testing/BEEF_Research/GaN_mp804/Ga_N/experiments/ex17_GaN/supercells/SUB_1/2/

LOG | No manual sigma provided for charge 2

LOG | Sigma: 2.12801

LOG | Accepted sigma: 2.12801 bohr
made the input

LOG | Coffee.py energy: 0.8152 eV
made the input

LOG | Coffee.py energy: 0.9051 eV
made the input

LOG | Coffee.py energy: 0.9671 eV
Attmepting to calculate lattice energy correction 
Setting correction energies 
Creating one_by_V/A arrays
[75, 144, 245]
[0.01333333 0.00694444 0.00408163]
Computing fit
[0.8152, 0.9051, 0.9671]
L2: 0.07308450663028664
L3: 0.058801929442234585
L4: 0.049255762426301
A
B
C
D
E_m_iso = 1.3015324543145423
E_lattice = 0.4863324543145423
Calculating potential alignment correction
dV_0p.py output: charge: 2
Shape of the data in the file: (192, 192, 180)

Defect Coords: 2.1630333648638076
Farthest coordinate from defect: 10.232033364863808
dV0p @ far from defect = 0.05310651249278256

LOG | dV0p @ far from defect = 0.05310651249278256
dV_mD.py output: //home//packages/coffee/CoFFEE_2.0/PotentialAlignment/Utilities/plavg.py:88: ComplexWarning: Casting complex values to real discards the imaginary part
  vol_a1[i] = Sum1/(a2_dim*a3_dim)
dir: a1
Shape of the data in the file: (192, 192, 180)
The first column in the files is in bohr


LOG | dVmD_model @ far from defect = 0.04367777679766107
dVmD_vdiff @ far from defect = 0.05313979700514643

LOG | dVmD_vdiff @ far from defect = 0.05313979700514643


LOG | #################################################

LOG | Charge: 2

LOG | total_FNV_correction: 0.5489009870148103

LOG | #################################################
FNV_energy: {'E_lattice': 0.4863324543145423, 'E_vq0m': 0.009462020207485357, 'E_vop': 0.05310651249278256, 'total': 0.5489009870148103}

LOG | Calculating DFE for SUB_1, charge = -2
{0: -640794.5171023187, 1: -640804.6231484787, -1: -640784.1922448734, 2: -640814.5373980231, -2: -640773.6313839754, 3: -640824.250570229}
-2
//group///testing/BEEF_Research/GaN_mp804/Ga_N/experiments/ex17_GaN/supercells/SUB_1/-2/

LOG | No manual sigma provided for charge -2

LOG | Sigma: 2.080293

LOG | Accepted sigma: 2.080293 bohr
made the input

LOG | Coffee.py energy: 0.8441 eV
made the input

LOG | Coffee.py energy: 0.9342 eV
made the input

LOG | Coffee.py energy: 0.9963 eV
Attmepting to calculate lattice energy correction 
Setting correction energies 
Creating one_by_V/A arrays
[75, 144, 245]
[0.01333333 0.00694444 0.00408163]
Computing fit
[0.8441, 0.9342, 0.9963]
L2: 0.07308450663028664
L3: 0.058801929442234585
L4: 0.049255762426301
A
B
C
D
E_m_iso = 1.3309926459309365
E_lattice = 0.4868926459309365
Calculating potential alignment correction
dV_0p.py output: charge: -2
Shape of the data in the file: (192, 192, 180)

Defect Coords: 2.1630333648638076
Farthest coordinate from defect: 10.232033364863808
dV0p @ far from defect = -0.05310651249278256

LOG | dV0p @ far from defect = -0.05310651249278256
dV_mD.py output: //home//packages/coffee/CoFFEE_2.0/PotentialAlignment/Utilities/plavg.py:88: ComplexWarning: Casting complex values to real discards the imaginary part
  vol_a1[i] = Sum1/(a2_dim*a3_dim)
dir: a1
Shape of the data in the file: (192, 192, 180)
The first column in the files is in bohr


LOG | dVmD_model @ far from defect = -0.043757116797661075
dVmD_vdiff @ far from defect = -0.05239933036755365

LOG | dVmD_vdiff @ far from defect = -0.05239933036755365


LOG | #################################################

LOG | Charge: -2

LOG | total_FNV_correction: 0.4251439198682614

LOG | #################################################
FNV_energy: {'E_lattice': 0.4868926459309365, 'E_vq0m': -0.008642213569892573, 'E_vop': -0.05310651249278256, 'total': 0.4251439198682614}

LOG | Calculating DFE for SUB_1, charge = 3
{0: -640794.5171023187, 1: -640804.6231484787, -1: -640784.1922448734, 2: -640814.5373980231, -2: -640773.6313839754, 3: -640824.250570229}
3
//group///testing/BEEF_Research/GaN_mp804/Ga_N/experiments/ex17_GaN/supercells/SUB_1/3/

LOG | No manual sigma provided for charge 3

LOG | Sigma: 2.118803

LOG | Accepted sigma: 2.118803 bohr
made the input

LOG | Coffee.py energy: 1.8466 eV
made the input

LOG | Coffee.py energy: 2.0489 eV
made the input

LOG | Coffee.py energy: 2.1884 eV
Attmepting to calculate lattice energy correction 
Setting correction energies 
Creating one_by_V/A arrays
[75, 144, 245]
[0.01333333 0.00694444 0.00408163]
Computing fit
[1.8466, 2.0489, 2.1884]
L2: 0.07308450663028664
L3: 0.058801929442234585
L4: 0.049255762426301
A
B
C
D
E_m_iso = 2.9407461060404536
E_lattice = 1.0941461060404536
Calculating potential alignment correction
dV_0p.py output: charge: 3
Shape of the data in the file: (192, 192, 180)

Defect Coords: 2.1630333648638076
Farthest coordinate from defect: 10.232033364863808
dV0p @ far from defect = 0.07965977373917384

LOG | dV0p @ far from defect = 0.07965977373917384
dV_mD.py output: //home//packages/coffee/CoFFEE_2.0/PotentialAlignment/Utilities/plavg.py:88: ComplexWarning: Casting complex values to real discards the imaginary part
  vol_a1[i] = Sum1/(a2_dim*a3_dim)
dir: a1
Shape of the data in the file: (192, 192, 180)
The first column in the files is in bohr


LOG | dVmD_model @ far from defect = 0.06553984450374072
dVmD_vdiff @ far from defect = 0.08936036519157688

LOG | dVmD_vdiff @ far from defect = 0.08936036519157688


LOG | #################################################

LOG | Charge: 3

LOG | total_FNV_correction: 1.1976264004674635

LOG | #################################################
FNV_energy: {'E_lattice': 1.0941461060404536, 'E_vq0m': 0.02382052068783616, 'E_vop': 0.07965977373917384, 'total': 1.1976264004674635}
