########################################################
CoFFEE: Corrections For Formation Energies and 
        Eigenvalues for charged defect simulations
########################################################
Running on 1 processor(s)
CELL PARAMETERS:
Cell dimensions (bohr): 44.515, 44.515,41.826 
Lattice vectors (normalized):
a1: 1.000, -0.000, 0.000
a2: -0.500, 0.866, -0.000
a3: 0.000, -0.000, 0.783
Plane-wave energy cut-off (Ry): 140.000 

GAUSSIAN_PARAMETERS:
Total charge: -2
Center of the gaussian (in crystal units):
0.24999444292297243 0.2499906496014228 0.9999970191186549
Gaussian width (bohr):
3.814631


DIELECTRIC PARAMETERS
Profile: Bulk
epsilon tensor:
[[17.  0.  0.]
 [ 0. 17.  0.]
 [ 0.  0. 17.]]


Grid: 147, 147, 125
Volume: 56199.963
!  Total Energy (eV): 0.1743
Execution time: 12.19 s
