
 submitted Quantum Espresso job
hostname
trace01.wec.local.cmu.edu

LOG | Environment variable ESPRESSO_PW_EXE': pw.x

LOG | Environment variable ESPRESSO_PP_EXE': pp.x

LOG | Environment variable COFFEE_DIR': /trace/home/atimmins/packages/coffee/CoFFEE_2.0/

LOG | Environment variable ESPRESSO_PP_EXE': pp.x

LOG | Espresso Command: mpirun pw.x -nd 1 -in PREFIX.pwi > PREFIX.pwo

LOG | Calculate Pristine Energy
correction_params: {'type': 'FNV', 'FNV': {'auto_select_bands': False, 'electrons_at_neutral': 648, 'defect_level': 'shallow', 'band_by_charge': {0: 327, 1: 327, 2: 327, 3: 327}, 'sigma_by_charge': {}, 'epsilon': 10.860179653335564, 'grid_size': [120, 120, 120]}}
Current working directory: /trace/group/acmegroup/atimmins/testing/BEEF_Research/GaN_mp804/Ga_N/experiments/ex24_GaN
Failed to create path: /trace/group/acmegroup/atimmins/testing/BEEF_Research/GaN_mp804/Ga_N/experiments/ex24_GaN/supercells
Current working directory: /trace/group/acmegroup/atimmins/testing/BEEF_Research/GaN_mp804/Ga_N/experiments/ex24_GaN
Failed to create path: /trace/group/acmegroup/atimmins/testing/BEEF_Research/GaN_mp804/Ga_N/experiments/ex24_GaN/supercells/PRISTINE_0

LOG | Running DFT for defect: PRISTINE, num: 0, charge: 0
Current working directory: /trace/group/acmegroup/atimmins/testing/BEEF_Research/GaN_mp804/Ga_N/experiments/ex24_GaN
Failed to create path: /trace/group/acmegroup/atimmins/testing/BEEF_Research/GaN_mp804/Ga_N/experiments/ex24_GaN/supercells/PRISTINE_0/0

LOG | Searching for espresso.pwo

LOG | Current directory: /trace/group/acmegroup/atimmins/testing/BEEF_Research/GaN_mp804/Ga_N/experiments/ex24_GaN/supercells/PRISTINE_0/0/unitcell

LOG | The file 'espresso.pwo' has been found! Huzzah!

LOG | Job complete found!

LOG | Total energy = -8497.85383679082 eV!

LOG | Searching for espresso.pwo

LOG | Current directory: /trace/group/acmegroup/atimmins/testing/BEEF_Research/GaN_mp804/Ga_N/experiments/ex24_GaN/supercells/PRISTINE_0/0

LOG | The file 'espresso.pwo' has been found! Huzzah!

LOG | Job complete found!

LOG | Total energy = -152961.36851133985 eV!

LOG | valid_file_found__supercell_output: True

LOG | valid_file_found__wfcs: False

LOG | valid_file_found__pp_requiring_wfcs: True

LOG | valid_file_found__pp_not_requiring_wfcs: True

LOG | run_pw_unitcell: False

LOG | run_pw_supercell: False

LOG | run_pp_that_requires_wfc: False

LOG | run_pp_that_doesnt_require_wfc: False

LOG | Attempting to delete files.

LOG | Attempting to delete files.

LOG | DFT Calculation of Pristine Supercell: True

LOG | 
Adding Defect: SUB, {'Ga': 1, 'N': -1}
allowed_defect_composition: defaultdict(<class 'float'>, {'Ga': 36.0, 'N': 36.0})
Ga37 N35
New unique defect: SUB_Ga37 N35_[1.62227566 0.93661982 4.63162392] Ga

LOG | Environment variable ESPRESSO_PP_EXE': pp.x

LOG | Calculating Defect Energy

LOG | Calculating Defect Energy of defect: SUB_Ga37 N35_[1.62227566 0.93661982 4.63162392] Ga
correction_params: {'type': 'FNV', 'FNV': {'auto_select_bands': False, 'electrons_at_neutral': 648, 'defect_level': 'shallow', 'band_by_charge': {0: 327, 1: 327, 2: 327, 3: 327}, 'sigma_by_charge': {}, 'epsilon': 10.860179653335564, 'grid_size': [120, 120, 120]}}
Current working directory: /trace/group/acmegroup/atimmins/testing/BEEF_Research/GaN_mp804/Ga_N/experiments/ex24_GaN
Failed to create path: /trace/group/acmegroup/atimmins/testing/BEEF_Research/GaN_mp804/Ga_N/experiments/ex24_GaN/supercells
Current working directory: /trace/group/acmegroup/atimmins/testing/BEEF_Research/GaN_mp804/Ga_N/experiments/ex24_GaN
Failed to create path: /trace/group/acmegroup/atimmins/testing/BEEF_Research/GaN_mp804/Ga_N/experiments/ex24_GaN/supercells/SUB_1

LOG | Running DFT for defect: SUB, num: 1, charge: 0
Current working directory: /trace/group/acmegroup/atimmins/testing/BEEF_Research/GaN_mp804/Ga_N/experiments/ex24_GaN
Failed to create path: /trace/group/acmegroup/atimmins/testing/BEEF_Research/GaN_mp804/Ga_N/experiments/ex24_GaN/supercells/SUB_1/0

LOG | Searching for espresso.pwo

LOG | Current directory: /trace/group/acmegroup/atimmins/testing/BEEF_Research/GaN_mp804/Ga_N/experiments/ex24_GaN/supercells/SUB_1/0

LOG | The file 'espresso.pwo' has been found! Huzzah!

LOG | Job complete found!

LOG | Total energy = -156416.63300014462 eV!

LOG | valid_file_found__supercell_output: True

LOG | valid_file_found__wfcs: False

LOG | valid_file_found__pp_requiring_wfcs: True

LOG | valid_file_found__pp_not_requiring_wfcs: True

LOG | run_pw_unitcell: False

LOG | run_pw_supercell: False

LOG | run_pp_that_requires_wfc: False

LOG | run_pp_that_doesnt_require_wfc: False

LOG | Attempting to delete files.

LOG | Running DFT for defect: SUB, num: 1, charge: 1
Current working directory: /trace/group/acmegroup/atimmins/testing/BEEF_Research/GaN_mp804/Ga_N/experiments/ex24_GaN
Failed to create path: /trace/group/acmegroup/atimmins/testing/BEEF_Research/GaN_mp804/Ga_N/experiments/ex24_GaN/supercells/SUB_1/1

LOG | Searching for espresso.pwo

LOG | Current directory: /trace/group/acmegroup/atimmins/testing/BEEF_Research/GaN_mp804/Ga_N/experiments/ex24_GaN/supercells/SUB_1/1

LOG | The file 'espresso.pwo' has been found! Huzzah!

LOG | Job complete found!

LOG | Total energy = -156426.9534505663 eV!

LOG | valid_file_found__supercell_output: True

LOG | valid_file_found__wfcs: False

LOG | valid_file_found__pp_requiring_wfcs: True

LOG | valid_file_found__pp_not_requiring_wfcs: True

LOG | run_pw_unitcell: False

LOG | run_pw_supercell: False

LOG | run_pp_that_requires_wfc: False

LOG | run_pp_that_doesnt_require_wfc: False

LOG | Attempting to delete files.

LOG | Running DFT for defect: SUB, num: 1, charge: 2
Current working directory: /trace/group/acmegroup/atimmins/testing/BEEF_Research/GaN_mp804/Ga_N/experiments/ex24_GaN
Failed to create path: /trace/group/acmegroup/atimmins/testing/BEEF_Research/GaN_mp804/Ga_N/experiments/ex24_GaN/supercells/SUB_1/2

LOG | Searching for espresso.pwo

LOG | Current directory: /trace/group/acmegroup/atimmins/testing/BEEF_Research/GaN_mp804/Ga_N/experiments/ex24_GaN/supercells/SUB_1/2

LOG | The file 'espresso.pwo' has been found! Huzzah!

LOG | Job complete found!

LOG | Total energy = -156437.04761432088 eV!

LOG | valid_file_found__supercell_output: True

LOG | valid_file_found__wfcs: False

LOG | valid_file_found__pp_requiring_wfcs: True

LOG | valid_file_found__pp_not_requiring_wfcs: True

LOG | run_pw_unitcell: False

LOG | run_pw_supercell: False

LOG | run_pp_that_requires_wfc: False

LOG | run_pp_that_doesnt_require_wfc: False

LOG | Attempting to delete files.

LOG | Running DFT for defect: SUB, num: 1, charge: 3
Current working directory: /trace/group/acmegroup/atimmins/testing/BEEF_Research/GaN_mp804/Ga_N/experiments/ex24_GaN
Failed to create path: /trace/group/acmegroup/atimmins/testing/BEEF_Research/GaN_mp804/Ga_N/experiments/ex24_GaN/supercells/SUB_1/3

LOG | Searching for espresso.pwo

LOG | Current directory: /trace/group/acmegroup/atimmins/testing/BEEF_Research/GaN_mp804/Ga_N/experiments/ex24_GaN/supercells/SUB_1/3

LOG | The file 'espresso.pwo' has been found! Huzzah!

LOG | Job complete found!

LOG | Total energy = -156447.0218590333 eV!

LOG | valid_file_found__supercell_output: True

LOG | valid_file_found__wfcs: False

LOG | valid_file_found__pp_requiring_wfcs: True

LOG | valid_file_found__pp_not_requiring_wfcs: True

LOG | run_pw_unitcell: False

LOG | run_pw_supercell: False

LOG | run_pp_that_requires_wfc: False

LOG | run_pp_that_doesnt_require_wfc: False

LOG | Attempting to delete files.

LOG | Calculating Defect Formation Energy from SUB_1

LOG | Epsilon value cannot be fetched from materials project.

LOG | Epsilon manually set to 10.860179653335564.
Defect Loc: [0.22222233387822132, 0.11111103606272722, 0.43791885815911835]
supercell_dimensions: [ 9.73364525  9.73364525 10.57644318]

LOG | Environment variable COFFEE_DIR': /trace/home/atimmins/packages/coffee/CoFFEE_2.0/

LOG | Calculating DFE for SUB_1, charge = 0
{0: -156416.63300014462, 1: -156426.9534505663, 2: -156437.04761432088, 3: -156447.0218590333}

LOG | Calculating DFE for SUB_1, charge = 1
{0: -156416.63300014462, 1: -156426.9534505663, 2: -156437.04761432088, 3: -156447.0218590333}
1
/trace/group/acmegroup/atimmins/testing/BEEF_Research/GaN_mp804/Ga_N/experiments/ex24_GaN/supercells/SUB_1/1/

LOG | No manual sigma provided for charge 1

LOG | Sigma: 2.024282

LOG | Accepted sigma: 2.024282 bohr
made the input

LOG | Coffee.py energy: 0.1889 eV
made the input

LOG | Coffee.py energy: 0.248 eV
made the input

LOG | Coffee.py energy: 0.2823 eV
Attmepting to calculate lattice energy correction 
Setting correction energies 
Creating one_by_V/A arrays
[18, 48, 100]
[0.05555556 0.02083333 0.01      ]
Computing fit
[0.1889, 0.248, 0.2823]
L2: 0.11760385888446917
L3: 0.08480705747130937
L4: 0.06640168100743545
A
B
C
D
E_m_iso = 0.4098549815530927
E_lattice = 0.22095498155309268
Calculating potential alignment correction
dV_0p.py output: charge: 1
Shape of the data in the file: (120, 120, 120)

Defect Coords: 2.1630333648638076
Farthest coordinate from defect: 6.989533364863808
dV0p @ far from defect = 0.10934854488149441

LOG | dV0p @ far from defect = 0.10934854488149441
dV_mD.py output: /trace/home/atimmins/packages/coffee/CoFFEE_2.0/PotentialAlignment/Utilities/plavg.py:88: ComplexWarning: Casting complex values to real discards the imaginary part
  vol_a1[i] = Sum1/(a2_dim*a3_dim)
dir: a1
Shape of the data in the file: (120, 120, 120)
The first column in the files is in bohr


LOG | dVmD_model @ far from defect = 0.026400419646962946
dVmD_vdiff @ far from defect = 0.04688315881006707

LOG | dVmD_vdiff @ far from defect = 0.04688315881006707


LOG | #################################################

LOG | Charge: 1

LOG | total_FNV_correction: 0.3507862655976912

LOG | #################################################
FNV_energy: {'E_lattice': 0.22095498155309268, 'E_vq0m': 0.020482739163104124, 'E_vop': 0.10934854488149441, 'total': 0.3507862655976912}

LOG | Calculating DFE for SUB_1, charge = 2
{0: -156416.63300014462, 1: -156426.9534505663, 2: -156437.04761432088, 3: -156447.0218590333}
2
/trace/group/acmegroup/atimmins/testing/BEEF_Research/GaN_mp804/Ga_N/experiments/ex24_GaN/supercells/SUB_1/2/

LOG | No manual sigma provided for charge 2

LOG | Sigma: 1.990019

LOG | Accepted sigma: 1.990019 bohr
made the input

LOG | Coffee.py energy: 0.7816 eV
made the input

LOG | Coffee.py energy: 1.0191 eV
made the input

LOG | Coffee.py energy: 1.1564 eV
Attmepting to calculate lattice energy correction 
Setting correction energies 
Creating one_by_V/A arrays
[18, 48, 100]
[0.05555556 0.02083333 0.01      ]
Computing fit
[0.7816, 1.0191, 1.1564]
L2: 0.11760385888446917
L3: 0.08480705747130937
L4: 0.06640168100743545
A
B
C
D
E_m_iso = 1.6652418613282738
E_lattice = 0.8836418613282738
Calculating potential alignment correction
dV_0p.py output: charge: 2
Shape of the data in the file: (120, 120, 120)

Defect Coords: 2.1630333648638076
Farthest coordinate from defect: 6.989533364863808
dV0p @ far from defect = 0.21869708976298882

LOG | dV0p @ far from defect = 0.21869708976298882
dV_mD.py output: /trace/home/atimmins/packages/coffee/CoFFEE_2.0/PotentialAlignment/Utilities/plavg.py:88: ComplexWarning: Casting complex values to real discards the imaginary part
  vol_a1[i] = Sum1/(a2_dim*a3_dim)
dir: a1
Shape of the data in the file: (120, 120, 120)
The first column in the files is in bohr


LOG | dVmD_model @ far from defect = 0.05293395455781807
dVmD_vdiff @ far from defect = 0.10600242773698701

LOG | dVmD_vdiff @ far from defect = 0.10600242773698701


LOG | #################################################

LOG | Charge: 2

LOG | total_FNV_correction: 1.1554074242704315

LOG | #################################################
FNV_energy: {'E_lattice': 0.8836418613282738, 'E_vq0m': 0.05306847317916894, 'E_vop': 0.21869708976298882, 'total': 1.1554074242704315}

LOG | Calculating DFE for SUB_1, charge = 3
{0: -156416.63300014462, 1: -156426.9534505663, 2: -156437.04761432088, 3: -156447.0218590333}
3
/trace/group/acmegroup/atimmins/testing/BEEF_Research/GaN_mp804/Ga_N/experiments/ex24_GaN/supercells/SUB_1/3/

LOG | No manual sigma provided for charge 3

LOG | Sigma: 1.955728

LOG | Accepted sigma: 1.955728 bohr
made the input

LOG | Coffee.py energy: 1.8204 eV
made the input

LOG | Coffee.py energy: 2.3561 eV
made the input

LOG | Coffee.py energy: 2.6656 eV
Attmepting to calculate lattice energy correction 
Setting correction energies 
Creating one_by_V/A arrays
[18, 48, 100]
[0.05555556 0.02083333 0.01      ]
Computing fit
[1.8204, 2.3561, 2.6656]
L2: 0.11760385888446917
L3: 0.08480705747130937
L4: 0.06640168100743545
A
B
C
D
E_m_iso = 3.812001981102386
E_lattice = 1.991601981102386
Calculating potential alignment correction
dV_0p.py output: charge: 3
Shape of the data in the file: (120, 120, 120)

Defect Coords: 2.1630333648638076
Farthest coordinate from defect: 6.989533364863808
dV0p @ far from defect = 0.328045636315269

LOG | dV0p @ far from defect = 0.328045636315269
dV_mD.py output: /trace/home/atimmins/packages/coffee/CoFFEE_2.0/PotentialAlignment/Utilities/plavg.py:88: ComplexWarning: Casting complex values to real discards the imaginary part
  vol_a1[i] = Sum1/(a2_dim*a3_dim)
dir: a1
Shape of the data in the file: (120, 120, 120)
The first column in the files is in bohr


LOG | dVmD_model @ far from defect = 0.07959734420478101
dVmD_vdiff @ far from defect = 0.15297839281008313

LOG | dVmD_vdiff @ far from defect = 0.15297839281008313


LOG | #################################################

LOG | Charge: 3

LOG | total_FNV_correction: 2.393028666022957

LOG | #################################################
FNV_energy: {'E_lattice': 1.991601981102386, 'E_vq0m': 0.07338104860530212, 'E_vop': 0.328045636315269, 'total': 2.393028666022957}
