
 submitted Quantum Espresso job
hostname
04.wec.local.cmu.edu

LOG | Environment variable ESPRESSO_PW_EXE': pw.x

LOG | Environment variable ESPRESSO_PP_EXE': pp.x

LOG | Environment variable COFFEE_DIR': //home//packages/coffee/CoFFEE_2.0/

LOG | Environment variable ESPRESSO_PP_EXE': pp.x

LOG | Espresso Command: mpirun pw.x -nd 1 -in PREFIX.pwi > PREFIX.pwo

LOG | Calculate Pristine Energy
correction_params: {'type': 'FNV', 'FNV': {'auto_select_bands': False, 'electrons_at_neutral': 648, 'defect_level': 'shallow', 'band_by_charge': {0: 857, -1: 857, -2: 857, -3: 857}, 'sigma_by_charge': {}, 'epsilon': 10.860179653335564, 'grid_size': [160, 160, 180]}}
Current working directory: //group///testing/BEEF_Research/GaN_mp804/V_Ga/experiments/ex41_GaN
Failed to create path: //group///testing/BEEF_Research/GaN_mp804/V_Ga/experiments/ex41_GaN/supercells
Current working directory: //group///testing/BEEF_Research/GaN_mp804/V_Ga/experiments/ex41_GaN
Failed to create path: //group///testing/BEEF_Research/GaN_mp804/V_Ga/experiments/ex41_GaN/supercells/PRISTINE_0

LOG | Running DFT for defect: PRISTINE, num: 0, charge: 0
Current working directory: //group///testing/BEEF_Research/GaN_mp804/V_Ga/experiments/ex41_GaN
Failed to create path: //group///testing/BEEF_Research/GaN_mp804/V_Ga/experiments/ex41_GaN/supercells/PRISTINE_0/0

LOG | Searching for espresso.pwo

LOG | Current directory: //group///testing/BEEF_Research/GaN_mp804/V_Ga/experiments/ex41_GaN/supercells/PRISTINE_0/0/unitcell

LOG | The file 'espresso.pwo' has been found! Huzzah!

LOG | Job complete found!

LOG | Total energy = -8497.85383679082 eV!

LOG | Searching for espresso.pwo

LOG | Current directory: //group///testing/BEEF_Research/GaN_mp804/V_Ga/experiments/ex41_GaN/supercells/PRISTINE_0/0

LOG | The file 'espresso.pwo' has been found! Huzzah!

LOG | Job complete found!

LOG | Total energy = -407897.1987353943 eV!

LOG | valid_file_found__supercell_output: True

LOG | valid_file_found__wfcs: False

LOG | valid_file_found__pp_requiring_wfcs: True

LOG | valid_file_found__pp_not_requiring_wfcs: True

LOG | run_pw_unitcell: False

LOG | run_pw_supercell: False

LOG | run_pp_that_requires_wfc: False

LOG | run_pp_that_doesnt_require_wfc: False

LOG | DFT Calculation of Pristine Supercell: True

LOG | 
Adding Defect: VAC, {'Ga': -1, 'N': 0}
allowed_defect_composition: defaultdict(<class 'float'>, {'Ga': 96.0, 'N': 96.0})
VAC_Ga95 N96_[1.62227566 0.93661982 2.63968077] Ga
VAC_Ga96 N95_[1.62227566 0.93661982 4.63162392] N
New unique defect: VAC_Ga95 N96_[1.62227566 0.93661982 2.63968077] Ga

LOG | Environment variable ESPRESSO_PP_EXE': pp.x

LOG | Calculating Defect Energy

LOG | Calculating Defect Energy of defect: VAC_Ga95 N96_[1.62227566 0.93661982 2.63968077] Ga
correction_params: {'type': 'FNV', 'FNV': {'auto_select_bands': False, 'electrons_at_neutral': 648, 'defect_level': 'shallow', 'band_by_charge': {0: 857, -1: 857, -2: 857, -3: 857}, 'sigma_by_charge': {}, 'epsilon': 10.860179653335564, 'grid_size': [160, 160, 180]}}
Current working directory: //group///testing/BEEF_Research/GaN_mp804/V_Ga/experiments/ex41_GaN
Failed to create path: //group///testing/BEEF_Research/GaN_mp804/V_Ga/experiments/ex41_GaN/supercells
Current working directory: //group///testing/BEEF_Research/GaN_mp804/V_Ga/experiments/ex41_GaN
Failed to create path: //group///testing/BEEF_Research/GaN_mp804/V_Ga/experiments/ex41_GaN/supercells/VAC_1

LOG | Running DFT for defect: VAC, num: 1, charge: 0
Current working directory: //group///testing/BEEF_Research/GaN_mp804/V_Ga/experiments/ex41_GaN
Failed to create path: //group///testing/BEEF_Research/GaN_mp804/V_Ga/experiments/ex41_GaN/supercells/VAC_1/0

LOG | Searching for espresso.pwo

LOG | Current directory: //group///testing/BEEF_Research/GaN_mp804/V_Ga/experiments/ex41_GaN/supercells/VAC_1/0

LOG | The file 'espresso.pwo' has been found! Huzzah!

LOG | Job complete found!

LOG | Total energy = -404035.21176429064 eV!

LOG | valid_file_found__supercell_output: True

LOG | valid_file_found__wfcs: False

LOG | valid_file_found__pp_requiring_wfcs: True

LOG | valid_file_found__pp_not_requiring_wfcs: True

LOG | run_pw_unitcell: False

LOG | run_pw_supercell: False

LOG | run_pp_that_requires_wfc: False

LOG | run_pp_that_doesnt_require_wfc: False

LOG | Running DFT for defect: VAC, num: 1, charge: -1
Current working directory: //group///testing/BEEF_Research/GaN_mp804/V_Ga/experiments/ex41_GaN
Failed to create path: //group///testing/BEEF_Research/GaN_mp804/V_Ga/experiments/ex41_GaN/supercells/VAC_1/-1

LOG | Searching for espresso.pwo

LOG | Current directory: //group///testing/BEEF_Research/GaN_mp804/V_Ga/experiments/ex41_GaN/supercells/VAC_1/-1

LOG | The file 'espresso.pwo' has been found! Huzzah!

LOG | Job complete found!

LOG | Total energy = -404026.3168395301 eV!

LOG | valid_file_found__supercell_output: True

LOG | valid_file_found__wfcs: False

LOG | valid_file_found__pp_requiring_wfcs: True

LOG | valid_file_found__pp_not_requiring_wfcs: True

LOG | run_pw_unitcell: False

LOG | run_pw_supercell: False

LOG | run_pp_that_requires_wfc: False

LOG | run_pp_that_doesnt_require_wfc: False

LOG | Running DFT for defect: VAC, num: 1, charge: -2
Current working directory: //group///testing/BEEF_Research/GaN_mp804/V_Ga/experiments/ex41_GaN
Failed to create path: //group///testing/BEEF_Research/GaN_mp804/V_Ga/experiments/ex41_GaN/supercells/VAC_1/-2

LOG | Searching for espresso.pwo

LOG | Current directory: //group///testing/BEEF_Research/GaN_mp804/V_Ga/experiments/ex41_GaN/supercells/VAC_1/-2

LOG | The file 'espresso.pwo' has been found! Huzzah!

LOG | Job complete found!

LOG | Total energy = -404017.0984975259 eV!

LOG | valid_file_found__supercell_output: True

LOG | valid_file_found__wfcs: False

LOG | valid_file_found__pp_requiring_wfcs: True

LOG | valid_file_found__pp_not_requiring_wfcs: True

LOG | run_pw_unitcell: False

LOG | run_pw_supercell: False

LOG | run_pp_that_requires_wfc: False

LOG | run_pp_that_doesnt_require_wfc: False

LOG | Running DFT for defect: VAC, num: 1, charge: -3
Current working directory: //group///testing/BEEF_Research/GaN_mp804/V_Ga/experiments/ex41_GaN
Failed to create path: //group///testing/BEEF_Research/GaN_mp804/V_Ga/experiments/ex41_GaN/supercells/VAC_1/-3

LOG | Searching for espresso.pwo

LOG | Current directory: //group///testing/BEEF_Research/GaN_mp804/V_Ga/experiments/ex41_GaN/supercells/VAC_1/-3

LOG | The file 'espresso.pwo' has been found! Huzzah!

LOG | Job complete found!

LOG | Total energy = -404007.45020833716 eV!

LOG | valid_file_found__supercell_output: True

LOG | valid_file_found__wfcs: False

LOG | valid_file_found__pp_requiring_wfcs: True

LOG | valid_file_found__pp_not_requiring_wfcs: True

LOG | run_pw_unitcell: False

LOG | run_pw_supercell: False

LOG | run_pp_that_requires_wfc: False

LOG | run_pp_that_doesnt_require_wfc: False

LOG | Calculating Defect Formation Energy from VAC_1

LOG | Epsilon value cannot be fetched from materials project.

LOG | Epsilon manually set to 10.860179653335564.
Defect Loc: [0.16666675040866596, 0.08333327704704542, 0.16638742810466445]
supercell_dimensions: [12.97819367 12.97819367 15.86466476]

LOG | Environment variable COFFEE_DIR': //home//packages/coffee/CoFFEE_2.0/

LOG | Calculating DFE for VAC_1, charge = 0
{0: -404035.21176429064, -1: -404026.3168395301, -2: -404017.0984975259, -3: -404007.45020833716}

LOG | Calculating DFE for VAC_1, charge = -1
{0: -404035.21176429064, -1: -404026.3168395301, -2: -404017.0984975259, -3: -404007.45020833716}
-1
//group///testing/BEEF_Research/GaN_mp804/V_Ga/experiments/ex41_GaN/supercells/VAC_1/-1/

LOG | No manual sigma provided for charge -1

LOG | Sigma: 1.122812

LOG | Accepted sigma: 1.122812 bohr
made the input

LOG | Coffee.py energy: 0.6944 eV
made the input

LOG | Coffee.py energy: 0.7377 eV
made the input

LOG | Coffee.py energy: 0.7647 eV
Attmepting to calculate lattice energy correction 
Setting correction energies 
Creating one_by_V/A arrays
[48, 100, 180]
[0.02083333 0.01       0.00555556]
Computing fit
[0.6944, 0.7377, 0.7647]
L2: 0.08480705747130937
L3: 0.06640168100743545
L4: 0.05458687581879251
A
B
C
D
E_m_iso = 0.8846996704615141
E_lattice = 0.19029967046151408
Calculating potential alignment correction
dV_0p.py output: charge: -1
Shape of the data in the file: (160, 160, 180)

Defect Coords: 2.163033364863807
Farthest coordinate from defect: 8.611533364863806
dV0p @ far from defect = 0.14253998234939594

LOG | dV0p @ far from defect = 0.14253998234939594
dV_mD.py output: //home//packages/coffee/CoFFEE_2.0/PotentialAlignment/Utilities/plavg.py:88: ComplexWarning: Casting complex values to real discards the imaginary part
  vol_a1[i] = Sum1/(a2_dim*a3_dim)
dir: a1
Shape of the data in the file: (160, 160, 180)
The first column in the files is in bohr


LOG | dVmD_model @ far from defect = -0.02236842816674881
dVmD_vdiff @ far from defect = -0.021323869575331583

LOG | dVmD_vdiff @ far from defect = -0.021323869575331583


LOG | #################################################

LOG | Charge: -1

LOG | total_FNV_correction: 0.33388421140232727

LOG | #################################################
FNV_energy: {'E_lattice': 0.19029967046151408, 'E_vq0m': 0.0010445585914172252, 'E_vop': 0.14253998234939594, 'total': 0.33388421140232727}

LOG | Calculating DFE for VAC_1, charge = -2
{0: -404035.21176429064, -1: -404026.3168395301, -2: -404017.0984975259, -3: -404007.45020833716}
-2
//group///testing/BEEF_Research/GaN_mp804/V_Ga/experiments/ex41_GaN/supercells/VAC_1/-2/

LOG | No manual sigma provided for charge -2

LOG | Sigma: 1.062571

LOG | Accepted sigma: 1.062571 bohr
made the input

LOG | Coffee.py energy: 2.9757 eV
made the input

LOG | Coffee.py energy: 3.1492 eV
made the input

LOG | Coffee.py energy: 3.2575 eV
Attmepting to calculate lattice energy correction 
Setting correction energies 
Creating one_by_V/A arrays
[48, 100, 180]
[0.02083333 0.01       0.00555556]
Computing fit
[2.9757, 3.1492, 3.2575]
L2: 0.08480705747130937
L3: 0.06640168100743545
L4: 0.05458687581879251
A
B
C
D
E_m_iso = 3.7395258826405704
E_lattice = 0.7638258826405706
Calculating potential alignment correction
dV_0p.py output: charge: -2
Shape of the data in the file: (160, 160, 180)

Defect Coords: 2.163033364863807
Farthest coordinate from defect: 8.611533364863806
dV0p @ far from defect = 0.28507996636957766

LOG | dV0p @ far from defect = 0.28507996636957766
dV_mD.py output: //home//packages/coffee/CoFFEE_2.0/PotentialAlignment/Utilities/plavg.py:88: ComplexWarning: Casting complex values to real discards the imaginary part
  vol_a1[i] = Sum1/(a2_dim*a3_dim)
dir: a1
Shape of the data in the file: (160, 160, 180)
The first column in the files is in bohr


LOG | dVmD_model @ far from defect = -0.04480765062632662
dVmD_vdiff @ far from defect = -0.04868782155108448

LOG | dVmD_vdiff @ far from defect = -0.04868782155108448


LOG | #################################################

LOG | Charge: -2

LOG | total_FNV_correction: 1.0450256780853904

LOG | #################################################
FNV_energy: {'E_lattice': 0.7638258826405706, 'E_vq0m': -0.003880170924757863, 'E_vop': 0.28507996636957766, 'total': 1.0450256780853904}

LOG | Calculating DFE for VAC_1, charge = -3
{0: -404035.21176429064, -1: -404026.3168395301, -2: -404017.0984975259, -3: -404007.45020833716}
-3
//group///testing/BEEF_Research/GaN_mp804/V_Ga/experiments/ex41_GaN/supercells/VAC_1/-3/

LOG | No manual sigma provided for charge -3

LOG | Sigma: 1.084479

LOG | Accepted sigma: 1.084479 bohr
made the input

LOG | Coffee.py energy: 6.5273 eV
made the input

LOG | Coffee.py energy: 6.9174 eV
made the input

LOG | Coffee.py energy: 7.161 eV
Attmepting to calculate lattice energy correction 
Setting correction energies 
Creating one_by_V/A arrays
[48, 100, 180]
[0.02083333 0.01       0.00555556]
Computing fit
[6.5273, 6.9174, 7.161]
L2: 0.08480705747130937
L3: 0.06640168100743545
L4: 0.05458687581879251
A
B
C
D
E_m_iso = 8.245817673792285
E_lattice = 1.7185176737922845
Calculating potential alignment correction
dV_0p.py output: charge: -3
Shape of the data in the file: (160, 160, 180)

Defect Coords: 2.163033364863807
Farthest coordinate from defect: 8.611533364863806
dV0p @ far from defect = 0.4276199487189736

LOG | dV0p @ far from defect = 0.4276199487189736
dV_mD.py output: //home//packages/coffee/CoFFEE_2.0/PotentialAlignment/Utilities/plavg.py:88: ComplexWarning: Casting complex values to real discards the imaginary part
  vol_a1[i] = Sum1/(a2_dim*a3_dim)
dir: a1
Shape of the data in the file: (160, 160, 180)
The first column in the files is in bohr


LOG | dVmD_model @ far from defect = -0.06717353879307543
dVmD_vdiff @ far from defect = -0.08080349480439362

LOG | dVmD_vdiff @ far from defect = -0.08080349480439362


LOG | #################################################

LOG | Charge: -3

LOG | total_FNV_correction: 2.13250766649994

LOG | #################################################
FNV_energy: {'E_lattice': 1.7185176737922845, 'E_vq0m': -0.013629956011318195, 'E_vop': 0.4276199487189736, 'total': 2.13250766649994}
