
 submitted Quantum Espresso job
hostname
05.wec.local.cmu.edu

LOG | Environment variable ESPRESSO_PW_EXE': pw.x

LOG | Environment variable ESPRESSO_PP_EXE': pp.x

LOG | Environment variable COFFEE_DIR': //home//packages/coffee/CoFFEE_2.0/

LOG | Environment variable ESPRESSO_PP_EXE': pp.x

LOG | Espresso Command: mpirun pw.x -nd 1 -in PREFIX.pwi > PREFIX.pwo

LOG | Calculate Pristine Energy
correction_params: {'type': 'FNV', 'FNV': {'auto_select_bands': False, 'electrons_at_neutral': 648, 'defect_level': 'shallow', 'band_by_charge': {0: 1343, -1: 1343, -2: 1343, -3: 1343}, 'sigma_by_charge': {}, 'epsilon': 10.860179653335564, 'grid_size': [192, 192, 180]}}
Current working directory: //group///testing/BEEF_Research/GaN_mp804/V_Ga/experiments/ex44_GaN
Failed to create path: //group///testing/BEEF_Research/GaN_mp804/V_Ga/experiments/ex44_GaN/supercells
Current working directory: //group///testing/BEEF_Research/GaN_mp804/V_Ga/experiments/ex44_GaN
Failed to create path: //group///testing/BEEF_Research/GaN_mp804/V_Ga/experiments/ex44_GaN/supercells/PRISTINE_0

LOG | Running DFT for defect: PRISTINE, num: 0, charge: 0
Current working directory: //group///testing/BEEF_Research/GaN_mp804/V_Ga/experiments/ex44_GaN
Failed to create path: //group///testing/BEEF_Research/GaN_mp804/V_Ga/experiments/ex44_GaN/supercells/PRISTINE_0/0

LOG | Searching for espresso.pwo

LOG | Current directory: //group///testing/BEEF_Research/GaN_mp804/V_Ga/experiments/ex44_GaN/supercells/PRISTINE_0/0/unitcell

LOG | The file 'espresso.pwo' has been found! Huzzah!

LOG | Job complete found!

LOG | Total energy = -8497.85383679082 eV!

LOG | Searching for espresso.pwo

LOG | Current directory: //group///testing/BEEF_Research/GaN_mp804/V_Ga/experiments/ex44_GaN/supercells/PRISTINE_0/0

LOG | The file 'espresso.pwo' has been found! Huzzah!

LOG | Job complete found!

LOG | Total energy = -637339.4080018098 eV!

LOG | valid_file_found__supercell_output: True

LOG | valid_file_found__wfcs: False

LOG | valid_file_found__pp_requiring_wfcs: True

LOG | valid_file_found__pp_not_requiring_wfcs: True

LOG | run_pw_unitcell: False

LOG | run_pw_supercell: False

LOG | run_pp_that_requires_wfc: False

LOG | run_pp_that_doesnt_require_wfc: False

LOG | DFT Calculation of Pristine Supercell: True

LOG | 
Adding Defect: VAC, {'Ga': -1, 'N': 0}
allowed_defect_composition: defaultdict(<class 'float'>, {'Ga': 150.0, 'N': 150.0})
VAC_Ga149 N150_[1.62227566 0.93661982 2.63968077] Ga
VAC_Ga150 N149_[1.62227566 0.93661982 4.63162392] N
New unique defect: VAC_Ga149 N150_[1.62227566 0.93661982 2.63968077] Ga

LOG | Environment variable ESPRESSO_PP_EXE': pp.x

LOG | Calculating Defect Energy

LOG | Calculating Defect Energy of defect: VAC_Ga149 N150_[1.62227566 0.93661982 2.63968077] Ga
correction_params: {'type': 'FNV', 'FNV': {'auto_select_bands': False, 'electrons_at_neutral': 648, 'defect_level': 'shallow', 'band_by_charge': {0: 1343, -1: 1343, -2: 1343, -3: 1343}, 'sigma_by_charge': {}, 'epsilon': 10.860179653335564, 'grid_size': [192, 192, 180]}}
Current working directory: //group///testing/BEEF_Research/GaN_mp804/V_Ga/experiments/ex44_GaN
Failed to create path: //group///testing/BEEF_Research/GaN_mp804/V_Ga/experiments/ex44_GaN/supercells
Current working directory: //group///testing/BEEF_Research/GaN_mp804/V_Ga/experiments/ex44_GaN
Failed to create path: //group///testing/BEEF_Research/GaN_mp804/V_Ga/experiments/ex44_GaN/supercells/VAC_1

LOG | Running DFT for defect: VAC, num: 1, charge: 0
Current working directory: //group///testing/BEEF_Research/GaN_mp804/V_Ga/experiments/ex44_GaN
Failed to create path: //group///testing/BEEF_Research/GaN_mp804/V_Ga/experiments/ex44_GaN/supercells/VAC_1/0

LOG | Searching for espresso.pwo

LOG | Current directory: //group///testing/BEEF_Research/GaN_mp804/V_Ga/experiments/ex44_GaN/supercells/VAC_1/0

LOG | The file 'espresso.pwo' has been found! Huzzah!

LOG | Job complete found!

LOG | Total energy = -633477.3669224542 eV!

LOG | valid_file_found__supercell_output: True

LOG | valid_file_found__wfcs: False

LOG | valid_file_found__pp_requiring_wfcs: True

LOG | valid_file_found__pp_not_requiring_wfcs: True

LOG | run_pw_unitcell: False

LOG | run_pw_supercell: False

LOG | run_pp_that_requires_wfc: False

LOG | run_pp_that_doesnt_require_wfc: False

LOG | Running DFT for defect: VAC, num: 1, charge: -1
Current working directory: //group///testing/BEEF_Research/GaN_mp804/V_Ga/experiments/ex44_GaN
Failed to create path: //group///testing/BEEF_Research/GaN_mp804/V_Ga/experiments/ex44_GaN/supercells/VAC_1/-1

LOG | Searching for espresso.pwo

LOG | Current directory: //group///testing/BEEF_Research/GaN_mp804/V_Ga/experiments/ex44_GaN/supercells/VAC_1/-1

LOG | The file 'espresso.pwo' has been found! Huzzah!

LOG | Job complete found!

LOG | Total energy = -633468.4184396564 eV!

LOG | valid_file_found__supercell_output: True

LOG | valid_file_found__wfcs: False

LOG | valid_file_found__pp_requiring_wfcs: True

LOG | valid_file_found__pp_not_requiring_wfcs: True

LOG | run_pw_unitcell: False

LOG | run_pw_supercell: False

LOG | run_pp_that_requires_wfc: False

LOG | run_pp_that_doesnt_require_wfc: False

LOG | Running DFT for defect: VAC, num: 1, charge: -2
Current working directory: //group///testing/BEEF_Research/GaN_mp804/V_Ga/experiments/ex44_GaN
Failed to create path: //group///testing/BEEF_Research/GaN_mp804/V_Ga/experiments/ex44_GaN/supercells/VAC_1/-2

LOG | Searching for espresso.pwo

LOG | Current directory: //group///testing/BEEF_Research/GaN_mp804/V_Ga/experiments/ex44_GaN/supercells/VAC_1/-2

LOG | The file 'espresso.pwo' has been found! Huzzah!

LOG | Job complete found!

LOG | Total energy = -633459.1469136357 eV!

LOG | valid_file_found__supercell_output: True

LOG | valid_file_found__wfcs: False

LOG | valid_file_found__pp_requiring_wfcs: True

LOG | valid_file_found__pp_not_requiring_wfcs: True

LOG | run_pw_unitcell: False

LOG | run_pw_supercell: False

LOG | run_pp_that_requires_wfc: False

LOG | run_pp_that_doesnt_require_wfc: False

LOG | Running DFT for defect: VAC, num: 1, charge: -3
Current working directory: //group///testing/BEEF_Research/GaN_mp804/V_Ga/experiments/ex44_GaN
Failed to create path: //group///testing/BEEF_Research/GaN_mp804/V_Ga/experiments/ex44_GaN/supercells/VAC_1/-3

LOG | Searching for espresso.pwo

LOG | Current directory: //group///testing/BEEF_Research/GaN_mp804/V_Ga/experiments/ex44_GaN/supercells/VAC_1/-3

LOG | The file 'espresso.pwo' has been found! Huzzah!

LOG | Job complete found!

LOG | Total energy = -633449.4400804633 eV!

LOG | valid_file_found__supercell_output: True

LOG | valid_file_found__wfcs: False

LOG | valid_file_found__pp_requiring_wfcs: True

LOG | valid_file_found__pp_not_requiring_wfcs: False

LOG | run_pw_unitcell: False

LOG | run_pw_supercell: False

LOG | run_pp_that_requires_wfc: False

LOG | run_pp_that_doesnt_require_wfc: True
grid_size: [192, 192, 180]

LOG | Generating post processing (either cube or xsf) files.

LOG | pp.x argument: ['mpirun', 'pp.x', '-in', 'espresso_pn_1.ppi', '>', 'espresso_pn_1.ppo']

LOG | Calculating Defect Formation Energy from VAC_1

LOG | Epsilon value cannot be fetched from materials project.

LOG | Epsilon manually set to 10.860179653335564.
Defect Loc: [0.1333334003269328, 0.06666662163763633, 0.16638742810466445]
supercell_dimensions: [16.22274209 16.22274209 15.86466476]

LOG | Environment variable COFFEE_DIR': //home//packages/coffee/CoFFEE_2.0/

LOG | Calculating DFE for VAC_1, charge = 0
{0: -633477.3669224542, -1: -633468.4184396564, -2: -633459.1469136357, -3: -633449.4400804633}

LOG | Calculating DFE for VAC_1, charge = -1
{0: -633477.3669224542, -1: -633468.4184396564, -2: -633459.1469136357, -3: -633449.4400804633}
-1
//group///testing/BEEF_Research/GaN_mp804/V_Ga/experiments/ex44_GaN/supercells/VAC_1/-1/

LOG | No manual sigma provided for charge -1

LOG | Sigma: 1.133818

LOG | Accepted sigma: 1.133818 bohr
made the input

LOG | Coffee.py energy: 0.4824 eV
made the input

LOG | Coffee.py energy: 0.5058 eV
made the input

LOG | Coffee.py energy: 0.5218 eV
Attmepting to calculate lattice energy correction 
Setting correction energies 
Creating one_by_V/A arrays
[75, 144, 245]
[0.01333333 0.00694444 0.00408163]
Computing fit
[0.4824, 0.5058, 0.5218]
L2: 0.07308450663028664
L3: 0.058801929442234585
L4: 0.049255762426301
A
B
C
D
E_m_iso = 0.6070898201624093
E_lattice = 0.12468982016240931
Calculating potential alignment correction
dV_0p.py output: charge: -1
Shape of the data in the file: (192, 192, 180)

Defect Coords: 2.1630333648638076
Farthest coordinate from defect: 10.232033364863808
dV0p @ far from defect = 0.1117943477844815

LOG | dV0p @ far from defect = 0.1117943477844815
dV_mD.py output: //home//packages/coffee/CoFFEE_2.0/PotentialAlignment/Utilities/plavg.py:88: ComplexWarning: Casting complex values to real discards the imaginary part
  vol_a1[i] = Sum1/(a2_dim*a3_dim)
dir: a1
Shape of the data in the file: (192, 192, 180)
The first column in the files is in bohr


LOG | dVmD_model @ far from defect = -0.022479358398830536
dVmD_vdiff @ far from defect = -0.027680007387933987

LOG | dVmD_vdiff @ far from defect = -0.027680007387933987


LOG | #################################################

LOG | Charge: -1

LOG | total_FNV_correction: 0.23128351895778737

LOG | #################################################
FNV_energy: {'E_lattice': 0.12468982016240931, 'E_vq0m': -0.005200648989103451, 'E_vop': 0.1117943477844815, 'total': 0.23128351895778737}

LOG | Calculating DFE for VAC_1, charge = -2
{0: -633477.3669224542, -1: -633468.4184396564, -2: -633459.1469136357, -3: -633449.4400804633}
-2
//group///testing/BEEF_Research/GaN_mp804/V_Ga/experiments/ex44_GaN/supercells/VAC_1/-2/

LOG | No manual sigma provided for charge -2

LOG | Sigma: 1.089041

LOG | Accepted sigma: 1.089041 bohr
made the input

LOG | Coffee.py energy: 2.0281 eV
made the input

LOG | Coffee.py energy: 2.1219 eV
made the input

LOG | Coffee.py energy: 2.1857 eV
Attmepting to calculate lattice energy correction 
Setting correction energies 
Creating one_by_V/A arrays
[75, 144, 245]
[0.01333333 0.00694444 0.00408163]
Computing fit
[2.0281, 2.1219, 2.1857]
L2: 0.07308450663028664
L3: 0.058801929442234585
L4: 0.049255762426301
A
B
C
D
E_m_iso = 2.523292909402488
E_lattice = 0.4951929094024883
Calculating potential alignment correction
dV_0p.py output: charge: -2
Shape of the data in the file: (192, 192, 180)

Defect Coords: 2.1630333648638076
Farthest coordinate from defect: 10.232033364863808
dV0p @ far from defect = 0.223588695568963

LOG | dV0p @ far from defect = 0.223588695568963
dV_mD.py output: //home//packages/coffee/CoFFEE_2.0/PotentialAlignment/Utilities/plavg.py:88: ComplexWarning: Casting complex values to real discards the imaginary part
  vol_a1[i] = Sum1/(a2_dim*a3_dim)
dir: a1
Shape of the data in the file: (192, 192, 180)
The first column in the files is in bohr


LOG | dVmD_model @ far from defect = -0.04499809679766107
dVmD_vdiff @ far from defect = -0.0610365328221314

LOG | dVmD_vdiff @ far from defect = -0.0610365328221314


LOG | #################################################

LOG | Charge: -2

LOG | total_FNV_correction: 0.702743168946981

LOG | #################################################
FNV_energy: {'E_lattice': 0.4951929094024883, 'E_vq0m': -0.01603843602447033, 'E_vop': 0.223588695568963, 'total': 0.702743168946981}

LOG | Calculating DFE for VAC_1, charge = -3
{0: -633477.3669224542, -1: -633468.4184396564, -2: -633459.1469136357, -3: -633449.4400804633}
-3
//group///testing/BEEF_Research/GaN_mp804/V_Ga/experiments/ex44_GaN/supercells/VAC_1/-3/

LOG | No manual sigma provided for charge -3

LOG | Sigma: 1.095034

LOG | Accepted sigma: 1.095034 bohr
made the input

LOG | Coffee.py energy: 4.5325 eV
made the input

LOG | Coffee.py energy: 4.7436 eV
made the input

LOG | Coffee.py energy: 4.8871 eV
Attmepting to calculate lattice energy correction 
Setting correction energies 
Creating one_by_V/A arrays
[75, 144, 245]
[0.01333333 0.00694444 0.00408163]
Computing fit
[4.5325, 4.7436, 4.8871]
L2: 0.07308450663028664
L3: 0.058801929442234585
L4: 0.049255762426301
A
B
C
D
E_m_iso = 5.645792453343818
E_lattice = 1.113292453343818
Calculating potential alignment correction
dV_0p.py output: charge: -3
Shape of the data in the file: (192, 192, 180)

Defect Coords: 2.1630333648638076
Farthest coordinate from defect: 10.232033364863808
dV0p @ far from defect = 0.33538304335344443

LOG | dV0p @ far from defect = 0.33538304335344443
dV_mD.py output: //home//packages/coffee/CoFFEE_2.0/PotentialAlignment/Utilities/plavg.py:88: ComplexWarning: Casting complex values to real discards the imaginary part
  vol_a1[i] = Sum1/(a2_dim*a3_dim)
dir: a1
Shape of the data in the file: (192, 192, 180)
The first column in the files is in bohr


LOG | dVmD_model @ far from defect = -0.0674893751964916
dVmD_vdiff @ far from defect = -0.09702702651695845

LOG | dVmD_vdiff @ far from defect = -0.09702702651695845


LOG | #################################################

LOG | Charge: -3

LOG | total_FNV_correction: 1.4191378453767955

LOG | #################################################
FNV_energy: {'E_lattice': 1.113292453343818, 'E_vq0m': -0.029537651320466846, 'E_vop': 0.33538304335344443, 'total': 1.4191378453767955}
