########################################################
CoFFEE: Corrections For Formation Energies and 
        Eigenvalues for charged defect simulations
########################################################
Running on 1 processor(s)
CELL PARAMETERS:
Cell dimensions (bohr): 53.411, 53.411,55.763 
Lattice vectors (normalized):
a1: 1.000, -0.000, 0.000
a2: -0.500, 0.866, -0.000
a3: 0.000, -0.000, 0.783
Plane-wave energy cut-off (Ry): 140.000 

GAUSSIAN_PARAMETERS:
Total charge: 1
Center of the gaussian (in crystal units):
0.24999442115033738 0.24999072315106372 0.999994658462345
Gaussian width (bohr):
2.543486


DIELECTRIC PARAMETERS
Profile: Bulk
epsilon tensor:
[[17.  0.  0.]
 [ 0. 17.  0.]
 [ 0.  0. 17.]]


Grid: 177, 177, 167
Volume: 107871.669
!  Total Energy (eV): 0.0884
Execution time: 21.87 s
