
 submitted Quantum Espresso job
hostname
12.wec.local.cmu.edu

LOG | Environment variable ESPRESSO_PW_EXE': pw.x

LOG | Environment variable ESPRESSO_PP_EXE': pp.x

LOG | Environment variable COFFEE_DIR': //home//packages/coffee/CoFFEE_2.0/

LOG | Environment variable ESPRESSO_PP_EXE': pp.x

LOG | Espresso Command: mpirun pw.x -nd 1 -in PREFIX.pwi > PREFIX.pwo

LOG | Calculate Pristine Energy
correction_params: {'type': 'FNV', 'FNV': {'auto_select_bands': False, 'electrons_at_neutral': 2368, 'defect_level': 'shallow', 'band_by_charge': {-2: 1143, -1: 1142, 0: 1142}, 'sigma_by_charge': {}, 'epsilon': 17, 'grid_size': [216, 216, 250]}}
Current working directory: //group///testing/BEEF_Research/PbI2_mp22893/V_Pb/experiments/ex49_443
Failed to create path: //group///testing/BEEF_Research/PbI2_mp22893/V_Pb/experiments/ex49_443/supercells
Current working directory: //group///testing/BEEF_Research/PbI2_mp22893/V_Pb/experiments/ex49_443
Failed to create path: //group///testing/BEEF_Research/PbI2_mp22893/V_Pb/experiments/ex49_443/supercells/PRISTINE_0

LOG | Running DFT for defect: PRISTINE, num: 0, charge: 0
Current working directory: //group///testing/BEEF_Research/PbI2_mp22893/V_Pb/experiments/ex49_443
Failed to create path: //group///testing/BEEF_Research/PbI2_mp22893/V_Pb/experiments/ex49_443/supercells/PRISTINE_0/0

LOG | Searching for espresso.pwo

LOG | Current directory: //group///testing/BEEF_Research/PbI2_mp22893/V_Pb/experiments/ex49_443/supercells/PRISTINE_0/0/unitcell

LOG | The file 'espresso.pwo' has been found! Huzzah!

LOG | Job complete found!

LOG | Total energy = -27532.949713956205 eV!

LOG | Searching for espresso.pwo

LOG | Current directory: //group///testing/BEEF_Research/PbI2_mp22893/V_Pb/experiments/ex49_443/supercells/PRISTINE_0/0

LOG | The file 'espresso.pwo' has been found! Huzzah!

LOG | Job complete found!

LOG | Total energy = -1321581.647984827 eV!

LOG | valid_file_found__supercell_output: True

LOG | valid_file_found__wfcs: False

LOG | valid_file_found__pp_requiring_wfcs: True

LOG | valid_file_found__pp_not_requiring_wfcs: True

LOG | run_pw_unitcell: False

LOG | run_pw_supercell: False

LOG | run_pp_that_requires_wfc: False

LOG | run_pp_that_doesnt_require_wfc: False

LOG | DFT Calculation of Pristine Supercell: True

LOG | 
Adding Defect: VAC, {'I': 0, 'Pb': -1}
allowed_defect_composition: defaultdict(<class 'float'>, {'Pb': 48.0, 'I': 96.0})
VAC_Pb47 I96_[ 2.35589092  4.0796337  22.1330772 ] Pb
VAC_Pb48 I95_[2.3557356  1.359766   5.48264436] I
New unique defect: VAC_Pb47 I96_[ 2.35589092  4.0796337  22.1330772 ] Pb

LOG | Environment variable ESPRESSO_PP_EXE': pp.x

LOG | Calculating Defect Energy

LOG | Calculating Defect Energy of defect: VAC_Pb47 I96_[ 2.35589092  4.0796337  22.1330772 ] Pb
correction_params: {'type': 'FNV', 'FNV': {'auto_select_bands': False, 'electrons_at_neutral': 2368, 'defect_level': 'shallow', 'band_by_charge': {-2: 1143, -1: 1142, 0: 1142}, 'sigma_by_charge': {}, 'epsilon': 17, 'grid_size': [216, 216, 250]}}
Current working directory: //group///testing/BEEF_Research/PbI2_mp22893/V_Pb/experiments/ex49_443
Failed to create path: //group///testing/BEEF_Research/PbI2_mp22893/V_Pb/experiments/ex49_443/supercells
Current working directory: //group///testing/BEEF_Research/PbI2_mp22893/V_Pb/experiments/ex49_443
Failed to create path: //group///testing/BEEF_Research/PbI2_mp22893/V_Pb/experiments/ex49_443/supercells/VAC_1

LOG | Running DFT for defect: VAC, num: 1, charge: 0
Current working directory: //group///testing/BEEF_Research/PbI2_mp22893/V_Pb/experiments/ex49_443
Failed to create path: //group///testing/BEEF_Research/PbI2_mp22893/V_Pb/experiments/ex49_443/supercells/VAC_1/0

LOG | Searching for espresso.pwo

LOG | Current directory: //group///testing/BEEF_Research/PbI2_mp22893/V_Pb/experiments/ex49_443/supercells/VAC_1/0

LOG | The file 'espresso.pwo' has been found! Huzzah!

LOG | Job complete found!

LOG | Total energy = -1309383.2728514557 eV!

LOG | valid_file_found__supercell_output: True

LOG | valid_file_found__wfcs: False

LOG | valid_file_found__pp_requiring_wfcs: True

LOG | valid_file_found__pp_not_requiring_wfcs: True

LOG | run_pw_unitcell: False

LOG | run_pw_supercell: False

LOG | run_pp_that_requires_wfc: False

LOG | run_pp_that_doesnt_require_wfc: False

LOG | Running DFT for defect: VAC, num: 1, charge: -1
Current working directory: //group///testing/BEEF_Research/PbI2_mp22893/V_Pb/experiments/ex49_443
Failed to create path: //group///testing/BEEF_Research/PbI2_mp22893/V_Pb/experiments/ex49_443/supercells/VAC_1/-1

LOG | Searching for espresso.pwo

LOG | Current directory: //group///testing/BEEF_Research/PbI2_mp22893/V_Pb/experiments/ex49_443/supercells/VAC_1/-1

LOG | The file 'espresso.pwo' has been found! Huzzah!

LOG | Job complete found!

LOG | Total energy = -1309379.7031131075 eV!

LOG | valid_file_found__supercell_output: True

LOG | valid_file_found__wfcs: False

LOG | valid_file_found__pp_requiring_wfcs: True

LOG | valid_file_found__pp_not_requiring_wfcs: True

LOG | run_pw_unitcell: False

LOG | run_pw_supercell: False

LOG | run_pp_that_requires_wfc: False

LOG | run_pp_that_doesnt_require_wfc: False

LOG | Running DFT for defect: VAC, num: 1, charge: -2
Current working directory: //group///testing/BEEF_Research/PbI2_mp22893/V_Pb/experiments/ex49_443
Failed to create path: //group///testing/BEEF_Research/PbI2_mp22893/V_Pb/experiments/ex49_443/supercells/VAC_1/-2

LOG | Searching for espresso.pwo

LOG | Current directory: //group///testing/BEEF_Research/PbI2_mp22893/V_Pb/experiments/ex49_443/supercells/VAC_1/-2

LOG | The file 'espresso.pwo' has been found! Huzzah!

LOG | Job complete found!

LOG | Total energy = -1309375.9207618246 eV!

LOG | valid_file_found__supercell_output: True

LOG | valid_file_found__wfcs: False

LOG | valid_file_found__pp_requiring_wfcs: True

LOG | valid_file_found__pp_not_requiring_wfcs: True

LOG | run_pw_unitcell: False

LOG | run_pw_supercell: False

LOG | run_pp_that_requires_wfc: False

LOG | run_pp_that_doesnt_require_wfc: False

LOG | Calculating Defect Formation Energy from VAC_1

LOG | Epsilon value cannot be fetched from materials project.

LOG | Epsilon manually set to 17.
Defect Loc: [0.24999444292297243, 0.2499906496014228, 0.9999980127457699]
supercell_dimensions: [18.84507608 18.84504253 22.13313752]

LOG | Environment variable COFFEE_DIR': //home//packages/coffee/CoFFEE_2.0/

LOG | Calculating DFE for VAC_1, charge = 0
{0: -1309383.2728514557, -1: -1309379.7031131075, -2: -1309375.9207618246}

LOG | Calculating DFE for VAC_1, charge = -1
{0: -1309383.2728514557, -1: -1309379.7031131075, -2: -1309375.9207618246}
-1
//group///testing/BEEF_Research/PbI2_mp22893/V_Pb/experiments/ex49_443/supercells/VAC_1/-1/

LOG | No manual sigma provided for charge -1

LOG | Sigma: 4.137306

LOG | Accepted sigma: 4.137306 bohr
made the input

LOG | Coffee.py energy: 0.0661 eV
made the input

LOG | Coffee.py energy: 0.0801 eV
made the input

LOG | Coffee.py energy: 0.077 eV
Attmepting to calculate lattice energy correction 
Setting correction energies 
Creating one_by_V/A arrays
[48, 100, 180]
[0.02083333 0.01       0.00555556]
Computing fit
[0.0661, 0.0801, 0.077]
L2: 0.05840477437460658
L3: 0.04572939225778316
L4: 0.03759279311264638
A
B
C
D
E_m_iso = -0.009461094786720395
E_lattice = -0.0755610947867204
Calculating potential alignment correction
dV_0p.py output: charge: -1
Shape of the data in the file: (216, 216, 250)

Defect Coords: 4.711164295491185
Farthest coordinate from defect: 14.090164295491185
dV0p @ far from defect = 0.1016893319254184

LOG | dV0p @ far from defect = 0.1016893319254184
dV_mD.py output: //home//packages/coffee/CoFFEE_2.0/PotentialAlignment/Utilities/plavg.py:88: ComplexWarning: Casting complex values to real discards the imaginary part
  vol_a1[i] = Sum1/(a2_dim*a3_dim)
dir: a1
Shape of the data in the file: (216, 216, 250)
The first column in the files is in bohr


LOG | dVmD_model @ far from defect = -0.00800845997367302
dVmD_vdiff @ far from defect = -0.005427036592639456

LOG | dVmD_vdiff @ far from defect = -0.005427036592639456


LOG | #################################################

LOG | Charge: -1

LOG | total_FNV_correction: 0.02870966051973156

LOG | #################################################
FNV_energy: {'E_lattice': -0.0755610947867204, 'E_vq0m': 0.0025814233810335634, 'E_vop': 0.1016893319254184, 'total': 0.02870966051973156}

LOG | Calculating DFE for VAC_1, charge = -2
{0: -1309383.2728514557, -1: -1309379.7031131075, -2: -1309375.9207618246}
-2
//group///testing/BEEF_Research/PbI2_mp22893/V_Pb/experiments/ex49_443/supercells/VAC_1/-2/

LOG | No manual sigma provided for charge -2

LOG | Sigma: 5.572846

LOG | Accepted sigma: 5.572846 bohr
made the input

LOG | Coffee.py energy: 0.078 eV
made the input

LOG | Coffee.py energy: 0.1825 eV
made the input

LOG | Coffee.py energy: 0.2292 eV
Attmepting to calculate lattice energy correction 
Setting correction energies 
Creating one_by_V/A arrays
[48, 100, 180]
[0.02083333 0.01       0.00555556]
Computing fit
[0.078, 0.1825, 0.2292]
L2: 0.05840477437460658
L3: 0.04572939225778316
L4: 0.03759279311264638
A
B
C
D
E_m_iso = 0.3233247940030651
E_lattice = 0.24532479400306506
Calculating potential alignment correction
dV_0p.py output: charge: -2
Shape of the data in the file: (216, 216, 250)

Defect Coords: 4.711164295491185
Farthest coordinate from defect: 14.090164295491185
dV0p @ far from defect = 0.2033786738508368

LOG | dV0p @ far from defect = 0.2033786738508368
dV_mD.py output: //home//packages/coffee/CoFFEE_2.0/PotentialAlignment/Utilities/plavg.py:88: ComplexWarning: Casting complex values to real discards the imaginary part
  vol_a1[i] = Sum1/(a2_dim*a3_dim)
dir: a1
Shape of the data in the file: (216, 216, 250)
The first column in the files is in bohr


LOG | dVmD_model @ far from defect = -0.016605810192396625
dVmD_vdiff @ far from defect = -0.023380096377689973

LOG | dVmD_vdiff @ far from defect = -0.023380096377689973


LOG | #################################################

LOG | Charge: -2

LOG | total_FNV_correction: 0.4419291816686085

LOG | #################################################
FNV_energy: {'E_lattice': 0.24532479400306506, 'E_vq0m': -0.0067742861852933475, 'E_vop': 0.2033786738508368, 'total': 0.4419291816686085}
