########################################################
CoFFEE: Corrections For Formation Energies and 
        Eigenvalues for charged defect simulations
########################################################
Running on 1 processor(s)
CELL PARAMETERS:
Cell dimensions (bohr): 26.709, 26.709,27.884 
Lattice vectors (normalized):
a1: 1.000, -0.000, 0.000
a2: -0.500, 0.866, -0.000
a3: 0.000, -0.000, 1.044
Plane-wave energy cut-off (Ry): 140.000 

GAUSSIAN_PARAMETERS:
Total charge: 3
Center of the gaussian (in crystal units):
0.22221738891695667 0.11109652050260871 0.3715670234926405
Gaussian width (bohr):
2.866674


DIELECTRIC PARAMETERS
Profile: Bulk
epsilon tensor:
[[17.  0.  0.]
 [ 0. 17.  0.]
 [ 0.  0. 17.]]


Grid: 89, 89, 111
Volume: 17983.988
!  Total Energy (eV): 0.7061
Execution time: 4.12 s
