
 submitted Quantum Espresso job
hostname
trace03.wec.local.cmu.edu

LOG | Environment variable ESPRESSO_PW_EXE': pw.x

LOG | Environment variable ESPRESSO_PP_EXE': pp.x

LOG | Environment variable COFFEE_DIR': /trace/home/atimmins/packages/coffee/CoFFEE_2.0/

LOG | Environment variable ESPRESSO_PP_EXE': pp.x

LOG | Espresso Command: mpirun pw.x -nb 2 -nd 1 -in PREFIX.pwi > PREFIX.pwo

LOG | Calculate Pristine Energy
correction_params: {'type': 'FNV', 'FNV': {'auto_select_bands': False, 'electrons_at_neutral': 2368, 'defect_level': 'shallow', 'band_by_charge': {-2: 766, -1: 766, 0: 766, 1: 766, 2: 766, 3: 766}, 'sigma_by_charge': {}, 'epsilon': 17, 'grid_size': [216, 216, 180]}}
Current working directory: /trace/group/acmegroup/atimmins/testing/BEEF_Research/PbI2_mp22893/Pb_I/ex54_442
Failed to create path: /trace/group/acmegroup/atimmins/testing/BEEF_Research/PbI2_mp22893/Pb_I/ex54_442/supercells
Current working directory: /trace/group/acmegroup/atimmins/testing/BEEF_Research/PbI2_mp22893/Pb_I/ex54_442
Failed to create path: /trace/group/acmegroup/atimmins/testing/BEEF_Research/PbI2_mp22893/Pb_I/ex54_442/supercells/PRISTINE_0

LOG | Running DFT for defect: PRISTINE, num: 0, charge: 0
Current working directory: /trace/group/acmegroup/atimmins/testing/BEEF_Research/PbI2_mp22893/Pb_I/ex54_442
Failed to create path: /trace/group/acmegroup/atimmins/testing/BEEF_Research/PbI2_mp22893/Pb_I/ex54_442/supercells/PRISTINE_0/0

LOG | Searching for espresso.pwo

LOG | Current directory: /trace/group/acmegroup/atimmins/testing/BEEF_Research/PbI2_mp22893/Pb_I/ex54_442/supercells/PRISTINE_0/0/unitcell

LOG | The file 'espresso.pwo' has been found! Huzzah!

LOG | Job complete found!

LOG | Total energy = -27532.949644158944 eV!

LOG | Searching for espresso.pwo

LOG | Current directory: /trace/group/acmegroup/atimmins/testing/BEEF_Research/PbI2_mp22893/Pb_I/ex54_442/supercells/PRISTINE_0/0

LOG | The file 'espresso.pwo' has been found! Huzzah!

LOG | Job complete found!

LOG | Total energy = -881054.4000160267 eV!

LOG | valid_file_found__supercell_output: True

LOG | valid_file_found__wfcs: False

LOG | valid_file_found__pp_requiring_wfcs: True

LOG | valid_file_found__pp_not_requiring_wfcs: True

LOG | run_pw_unitcell: False

LOG | run_pw_supercell: False

LOG | run_pp_that_requires_wfc: False

LOG | run_pp_that_doesnt_require_wfc: False

LOG | DFT Calculation of Pristine Supercell: True

LOG | 
Adding Defect: SUB, {'I': -1, 'Pb': 1}
allowed_defect_composition: defaultdict(<class 'float'>, {'Pb': 32.0, 'I': 64.0})
Pb33 I63
New unique defect: SUB_Pb33 I63_[2.3554259  1.35957858 5.48161058] Pb

LOG | Environment variable ESPRESSO_PP_EXE': pp.x

LOG | Calculating Defect Energy

LOG | Calculating Defect Energy of defect: SUB_Pb33 I63_[2.3554259  1.35957858 5.48161058] Pb
correction_params: {'type': 'FNV', 'FNV': {'auto_select_bands': False, 'electrons_at_neutral': 2368, 'defect_level': 'shallow', 'band_by_charge': {-2: 766, -1: 766, 0: 766, 1: 766, 2: 766, 3: 766}, 'sigma_by_charge': {}, 'epsilon': 17, 'grid_size': [216, 216, 180]}}
Current working directory: /trace/group/acmegroup/atimmins/testing/BEEF_Research/PbI2_mp22893/Pb_I/ex54_442
Failed to create path: /trace/group/acmegroup/atimmins/testing/BEEF_Research/PbI2_mp22893/Pb_I/ex54_442/supercells
Current working directory: /trace/group/acmegroup/atimmins/testing/BEEF_Research/PbI2_mp22893/Pb_I/ex54_442
Failed to create path: /trace/group/acmegroup/atimmins/testing/BEEF_Research/PbI2_mp22893/Pb_I/ex54_442/supercells/SUB_1

LOG | Running DFT for defect: SUB, num: 1, charge: 0
Current working directory: /trace/group/acmegroup/atimmins/testing/BEEF_Research/PbI2_mp22893/Pb_I/ex54_442
Failed to create path: /trace/group/acmegroup/atimmins/testing/BEEF_Research/PbI2_mp22893/Pb_I/ex54_442/supercells/SUB_1/0

LOG | Searching for espresso.pwo

LOG | Current directory: /trace/group/acmegroup/atimmins/testing/BEEF_Research/PbI2_mp22893/Pb_I/ex54_442/supercells/SUB_1/0

LOG | The file 'espresso.pwo' has been found! Huzzah!

LOG | Job complete found!

LOG | Total energy = -885578.2645211349 eV!

LOG | valid_file_found__supercell_output: True

LOG | valid_file_found__wfcs: False

LOG | valid_file_found__pp_requiring_wfcs: True

LOG | valid_file_found__pp_not_requiring_wfcs: False

LOG | run_pw_unitcell: False

LOG | run_pw_supercell: False

LOG | run_pp_that_requires_wfc: False

LOG | run_pp_that_doesnt_require_wfc: True
grid_size: [216, 216, 180]

LOG | Generating post processing (either cube or xsf) files.

LOG | pp.x argument: ['mpirun', 'pp.x', '-in', 'espresso_pn_1.ppi', '>', 'espresso_pn_1.ppo']

LOG | Running DFT for defect: SUB, num: 1, charge: 1
Current working directory: /trace/group/acmegroup/atimmins/testing/BEEF_Research/PbI2_mp22893/Pb_I/ex54_442
Failed to create path: /trace/group/acmegroup/atimmins/testing/BEEF_Research/PbI2_mp22893/Pb_I/ex54_442/supercells/SUB_1/1

LOG | Searching for espresso.pwo

LOG | Current directory: /trace/group/acmegroup/atimmins/testing/BEEF_Research/PbI2_mp22893/Pb_I/ex54_442/supercells/SUB_1/1

LOG | The file 'espresso.pwo' has been found! Huzzah!

LOG | Job complete found!

LOG | Total energy = -885583.4851603654 eV!

LOG | valid_file_found__supercell_output: True

LOG | valid_file_found__wfcs: False

LOG | valid_file_found__pp_requiring_wfcs: True

LOG | valid_file_found__pp_not_requiring_wfcs: False

LOG | run_pw_unitcell: False

LOG | run_pw_supercell: False

LOG | run_pp_that_requires_wfc: False

LOG | run_pp_that_doesnt_require_wfc: True
grid_size: [216, 216, 180]

LOG | Generating post processing (either cube or xsf) files.

LOG | pp.x argument: ['mpirun', 'pp.x', '-in', 'espresso_pn_1.ppi', '>', 'espresso_pn_1.ppo']

LOG | Running DFT for defect: SUB, num: 1, charge: 2
Current working directory: /trace/group/acmegroup/atimmins/testing/BEEF_Research/PbI2_mp22893/Pb_I/ex54_442
Failed to create path: /trace/group/acmegroup/atimmins/testing/BEEF_Research/PbI2_mp22893/Pb_I/ex54_442/supercells/SUB_1/2

LOG | Searching for espresso.pwo

LOG | Current directory: /trace/group/acmegroup/atimmins/testing/BEEF_Research/PbI2_mp22893/Pb_I/ex54_442/supercells/SUB_1/2

LOG | The file 'espresso.pwo' has been found! Huzzah!

LOG | Job complete found!

LOG | Total energy = -885588.5704590324 eV!

LOG | valid_file_found__supercell_output: True

LOG | valid_file_found__wfcs: True

LOG | valid_file_found__pp_requiring_wfcs: True

LOG | valid_file_found__pp_not_requiring_wfcs: True

LOG | run_pw_unitcell: False

LOG | run_pw_supercell: False

LOG | run_pp_that_requires_wfc: False

LOG | run_pp_that_doesnt_require_wfc: False

LOG | Running DFT for defect: SUB, num: 1, charge: 3
Current working directory: /trace/group/acmegroup/atimmins/testing/BEEF_Research/PbI2_mp22893/Pb_I/ex54_442
Failed to create path: /trace/group/acmegroup/atimmins/testing/BEEF_Research/PbI2_mp22893/Pb_I/ex54_442/supercells/SUB_1/3

LOG | Searching for espresso.pwo

LOG | Current directory: /trace/group/acmegroup/atimmins/testing/BEEF_Research/PbI2_mp22893/Pb_I/ex54_442/supercells/SUB_1/3

LOG | The file 'espresso.pwo' has been found! Huzzah!

LOG | Job complete found!

LOG | Total energy = -885593.837848142 eV!

LOG | valid_file_found__supercell_output: True

LOG | valid_file_found__wfcs: False

LOG | valid_file_found__pp_requiring_wfcs: True

LOG | valid_file_found__pp_not_requiring_wfcs: False

LOG | run_pw_unitcell: False

LOG | run_pw_supercell: False

LOG | run_pp_that_requires_wfc: False

LOG | run_pp_that_doesnt_require_wfc: True
grid_size: [216, 216, 180]

LOG | Generating post processing (either cube or xsf) files.

LOG | pp.x argument: ['mpirun', 'pp.x', '-in', 'espresso_pn_1.ppi', '>', 'espresso_pn_1.ppo']

LOG | Calculating Defect Formation Energy from SUB_1

LOG | Epsilon value cannot be fetched from materials project.

LOG | Epsilon manually set to 17.
Defect Loc: [0.1666630725967838, 0.08332217467344068, 0.3715275833735654]
supercell_dimensions: [18.84256629 18.84252976 14.75420742]

LOG | Environment variable COFFEE_DIR': /trace/home/atimmins/packages/coffee/CoFFEE_2.0/

LOG | Calculating DFE for SUB_1, charge = 0
{0: -885578.2645211349, 1: -885583.4851603654, 2: -885588.5704590324, 3: -885593.837848142}

LOG | Calculating DFE for SUB_1, charge = 1
{0: -885578.2645211349, 1: -885583.4851603654, 2: -885588.5704590324, 3: -885593.837848142}
1
/trace/group/acmegroup/atimmins/testing/BEEF_Research/PbI2_mp22893/Pb_I/ex54_442/supercells/SUB_1/1/

LOG | No manual sigma provided for charge 1

LOG | Sigma: 3.138858

LOG | Accepted sigma: 3.138858 bohr
made the input

LOG | Coffee.py energy: 0.0505 eV
made the input

LOG | Coffee.py energy: 0.06 eV
made the input

LOG | Coffee.py energy: 0.0663 eV
Attmepting to calculate lattice energy correction 
Setting correction energies 
Creating one_by_V/A arrays
[32, 75, 144]
[0.03125    0.01333333 0.00694444]
Computing fit
[0.0505, 0.06, 0.0663]
L2: 0.06686568222454664
L3: 0.05033841285520652
L4: 0.040501002707997884
A
B
C
D
E_m_iso = 0.0951595296051321
E_lattice = 0.0446595296051321
Calculating potential alignment correction
dV_0p.py output: charge: 1
Shape of the data in the file: (216, 216, 180)

Defect Coords: 3.1403599936315323
Farthest coordinate from defect: 12.517859993631532
dV0p @ far from defect = 0.032058319443652644

LOG | dV0p @ far from defect = 0.032058319443652644
dV_mD.py output: /trace/home/atimmins/packages/coffee/CoFFEE_2.0/PotentialAlignment/Utilities/plavg.py:88: ComplexWarning: Casting complex values to real discards the imaginary part
  vol_a1[i] = Sum1/(a2_dim*a3_dim)
dir: a1
Shape of the data in the file: (216, 216, 180)
The first column in the files is in bohr


LOG | dVmD_model @ far from defect = 0.012291597141462676
dVmD_vdiff @ far from defect = 0.012453955332733684

LOG | dVmD_vdiff @ far from defect = 0.012453955332733684


LOG | #################################################

LOG | Charge: 1

LOG | total_FNV_correction: 0.07688020724005576

LOG | #################################################
FNV_energy: {'E_lattice': 0.0446595296051321, 'E_vq0m': 0.0001623581912710073, 'E_vop': 0.032058319443652644, 'total': 0.07688020724005576}

LOG | Calculating DFE for SUB_1, charge = 2
{0: -885578.2645211349, 1: -885583.4851603654, 2: -885588.5704590324, 3: -885593.837848142}
2
/trace/group/acmegroup/atimmins/testing/BEEF_Research/PbI2_mp22893/Pb_I/ex54_442/supercells/SUB_1/2/

LOG | No manual sigma provided for charge 2

LOG | Sigma: 3.205668

LOG | Accepted sigma: 3.205668 bohr
made the input

LOG | Coffee.py energy: 0.1934 eV
made the input

LOG | Coffee.py energy: 0.2323 eV
made the input

LOG | Coffee.py energy: 0.2574 eV
Attmepting to calculate lattice energy correction 
Setting correction energies 
Creating one_by_V/A arrays
[32, 75, 144]
[0.03125    0.01333333 0.00694444]
Computing fit
[0.1934, 0.2323, 0.2574]
L2: 0.06686568222454664
L3: 0.05033841285520652
L4: 0.040501002707997884
A
B
C
D
E_m_iso = 0.36954806663038053
E_lattice = 0.17614806663038055
Calculating potential alignment correction
dV_0p.py output: charge: 2
Shape of the data in the file: (216, 216, 180)

Defect Coords: 3.1403599936315323
Farthest coordinate from defect: 12.517859993631532
dV0p @ far from defect = 0.06411663390321512

LOG | dV0p @ far from defect = 0.06411663390321512
dV_mD.py output: /trace/home/atimmins/packages/coffee/CoFFEE_2.0/PotentialAlignment/Utilities/plavg.py:88: ComplexWarning: Casting complex values to real discards the imaginary part
  vol_a1[i] = Sum1/(a2_dim*a3_dim)
dir: a1
Shape of the data in the file: (216, 216, 180)
The first column in the files is in bohr


LOG | dVmD_model @ far from defect = 0.024521300157691113
dVmD_vdiff @ far from defect = 0.0019039546119870247

LOG | dVmD_vdiff @ far from defect = 0.0019039546119870247


LOG | #################################################

LOG | Charge: 2

LOG | total_FNV_correction: 0.2176473549878916

LOG | #################################################
FNV_energy: {'E_lattice': 0.17614806663038055, 'E_vq0m': -0.02261734554570409, 'E_vop': 0.06411663390321512, 'total': 0.2176473549878916}

LOG | Calculating DFE for SUB_1, charge = 3
{0: -885578.2645211349, 1: -885583.4851603654, 2: -885588.5704590324, 3: -885593.837848142}
3
/trace/group/acmegroup/atimmins/testing/BEEF_Research/PbI2_mp22893/Pb_I/ex54_442/supercells/SUB_1/3/

LOG | No manual sigma provided for charge 3

LOG | Sigma: 3.099446

LOG | Accepted sigma: 3.099446 bohr
made the input

LOG | Coffee.py energy: 0.4668 eV
made the input

LOG | Coffee.py energy: 0.551 eV
made the input

LOG | Coffee.py energy: 0.6077 eV
Attmepting to calculate lattice energy correction 
Setting correction energies 
Creating one_by_V/A arrays
[32, 75, 144]
[0.03125    0.01333333 0.00694444]
Computing fit
[0.4668, 0.551, 0.6077]
L2: 0.06686568222454664
L3: 0.05033841285520652
L4: 0.040501002707997884
A
B
C
D
E_m_iso = 0.8709393593937182
E_lattice = 0.40413935939371826
Calculating potential alignment correction
dV_0p.py output: charge: 3
Shape of the data in the file: (216, 216, 180)

Defect Coords: 3.1403599936315323
Farthest coordinate from defect: 12.517859993631532
dV0p @ far from defect = 0.09617495334686776

LOG | dV0p @ far from defect = 0.09617495334686776
dV_mD.py output: /trace/home/atimmins/packages/coffee/CoFFEE_2.0/PotentialAlignment/Utilities/plavg.py:88: ComplexWarning: Casting complex values to real discards the imaginary part
  vol_a1[i] = Sum1/(a2_dim*a3_dim)
dir: a1
Shape of the data in the file: (216, 216, 180)
The first column in the files is in bohr


LOG | dVmD_model @ far from defect = 0.03692865317391955
dVmD_vdiff @ far from defect = -0.013944297017716718

LOG | dVmD_vdiff @ far from defect = -0.013944297017716718


LOG | #################################################

LOG | Charge: 3

LOG | total_FNV_correction: 0.44944136254894973

LOG | #################################################
FNV_energy: {'E_lattice': 0.40413935939371826, 'E_vq0m': -0.05087295019163627, 'E_vop': 0.09617495334686776, 'total': 0.44944136254894973}
