
 submitted Quantum Espresso job
hostname
12.wec.local.cmu.edu

LOG | Environment variable ESPRESSO_PW_EXE': pw.x

LOG | Environment variable ESPRESSO_PP_EXE': pp.x

LOG | Environment variable COFFEE_DIR': //home//packages/coffee/CoFFEE_2.0/

LOG | Environment variable ESPRESSO_PP_EXE': pp.x

LOG | Espresso Command: mpirun pw.x -nd 1 -in PREFIX.pwi > PREFIX.pwo

LOG | Calculate Pristine Energy
correction_params: {'type': 'FNV', 'FNV': {'auto_select_bands': False, 'electrons_at_neutral': 252, 'defect_level': 'shallow', 'band_by_charge': {-2: 126, -1: 126, 0: 126, 1: 126, 2: 126}, 'sigma_by_charge': {}, 'epsilon': 5.829713979999976, 'grid_size': [100, 100, 100]}}
Current working directory: //group///testing/BEEF_Research/V_C/experiments/ex6_2x2x2
Failed to create path: //group///testing/BEEF_Research/V_C/experiments/ex6_2x2x2/supercells
Current working directory: //group///testing/BEEF_Research/V_C/experiments/ex6_2x2x2
Failed to create path: //group///testing/BEEF_Research/V_C/experiments/ex6_2x2x2/supercells/PRISTINE_0

LOG | Running DFT for defect: PRISTINE, num: 0, charge: 0
Current working directory: //group///testing/BEEF_Research/V_C/experiments/ex6_2x2x2
Failed to create path: //group///testing/BEEF_Research/V_C/experiments/ex6_2x2x2/supercells/PRISTINE_0/0

LOG | Searching for espresso.pwo

LOG | Current directory: //group///testing/BEEF_Research/V_C/experiments/ex6_2x2x2/supercells/PRISTINE_0/0/unitcell

LOG | The file 'espresso.pwo' has been found! Huzzah!

LOG | Job complete found!

LOG | Total energy = -2067.280439058516 eV!

LOG | Searching for espresso.pwo

LOG | Current directory: //group///testing/BEEF_Research/V_C/experiments/ex6_2x2x2/supercells/PRISTINE_0/0

LOG | The file 'espresso.pwo' has been found! Huzzah!

LOG | Job complete found!

LOG | Total energy = -16538.242485509592 eV!

LOG | valid_file_found__supercell_output: True

LOG | valid_file_found__wfcs: True

LOG | valid_file_found__pp_requiring_wfcs: True

LOG | valid_file_found__pp_not_requiring_wfcs: True

LOG | run_pw_unitcell: False

LOG | run_pw_supercell: False

LOG | run_pp_that_requires_wfc: False

LOG | run_pp_that_doesnt_require_wfc: False

LOG | DFT Calculation of Pristine Supercell: True

LOG | 
Adding Defect: VAC, {'C': -1}
allowed_defect_composition: defaultdict(<class 'float'>, {'C': 64.0})
VAC_C63_[0.89309766 2.67920516 0.89309766] C
New unique defect: VAC_C63_[0.89309766 2.67920516 0.89309766] C

LOG | Environment variable ESPRESSO_PP_EXE': pp.x

LOG | Calculating Defect Energy

LOG | Calculating Defect Energy of defect: VAC_C63_[0.89309766 2.67920516 0.89309766] C
correction_params: {'type': 'FNV', 'FNV': {'auto_select_bands': False, 'electrons_at_neutral': 252, 'defect_level': 'shallow', 'band_by_charge': {-2: 126, -1: 126, 0: 126, 1: 126, 2: 126}, 'sigma_by_charge': {}, 'epsilon': 5.829713979999976, 'grid_size': [100, 100, 100]}}
Current working directory: //group///testing/BEEF_Research/V_C/experiments/ex6_2x2x2
Failed to create path: //group///testing/BEEF_Research/V_C/experiments/ex6_2x2x2/supercells
Current working directory: //group///testing/BEEF_Research/V_C/experiments/ex6_2x2x2
Failed to create path: //group///testing/BEEF_Research/V_C/experiments/ex6_2x2x2/supercells/VAC_1

LOG | Running DFT for defect: VAC, num: 1, charge: 0
Current working directory: //group///testing/BEEF_Research/V_C/experiments/ex6_2x2x2
Failed to create path: //group///testing/BEEF_Research/V_C/experiments/ex6_2x2x2/supercells/VAC_1/0

LOG | Searching for espresso.pwo

LOG | Current directory: //group///testing/BEEF_Research/V_C/experiments/ex6_2x2x2/supercells/VAC_1/0

LOG | The file 'espresso.pwo' has been found! Huzzah!

LOG | Job complete found!

LOG | Total energy = -16273.234310197598 eV!

LOG | valid_file_found__supercell_output: True

LOG | valid_file_found__wfcs: True

LOG | valid_file_found__pp_requiring_wfcs: True

LOG | valid_file_found__pp_not_requiring_wfcs: True

LOG | run_pw_unitcell: False

LOG | run_pw_supercell: False

LOG | run_pp_that_requires_wfc: False

LOG | run_pp_that_doesnt_require_wfc: False

LOG | Running DFT for defect: VAC, num: 1, charge: 1
Current working directory: //group///testing/BEEF_Research/V_C/experiments/ex6_2x2x2
Failed to create path: //group///testing/BEEF_Research/V_C/experiments/ex6_2x2x2/supercells/VAC_1/1

LOG | Searching for espresso.pwo

LOG | Current directory: //group///testing/BEEF_Research/V_C/experiments/ex6_2x2x2/supercells/VAC_1/1

LOG | The file 'espresso.pwo' has been found! Huzzah!

LOG | Job complete found!

LOG | Total energy = -16287.14486929159 eV!

LOG | valid_file_found__supercell_output: True

LOG | valid_file_found__wfcs: True

LOG | valid_file_found__pp_requiring_wfcs: True

LOG | valid_file_found__pp_not_requiring_wfcs: True

LOG | run_pw_unitcell: False

LOG | run_pw_supercell: False

LOG | run_pp_that_requires_wfc: False

LOG | run_pp_that_doesnt_require_wfc: False

LOG | Running DFT for defect: VAC, num: 1, charge: -1
Current working directory: //group///testing/BEEF_Research/V_C/experiments/ex6_2x2x2
Failed to create path: //group///testing/BEEF_Research/V_C/experiments/ex6_2x2x2/supercells/VAC_1/-1

LOG | Searching for espresso.pwo

LOG | Current directory: //group///testing/BEEF_Research/V_C/experiments/ex6_2x2x2/supercells/VAC_1/-1

LOG | The file 'espresso.pwo' has been found! Huzzah!

LOG | Job complete found!

LOG | Total energy = -16258.809781894144 eV!

LOG | valid_file_found__supercell_output: True

LOG | valid_file_found__wfcs: True

LOG | valid_file_found__pp_requiring_wfcs: True

LOG | valid_file_found__pp_not_requiring_wfcs: True

LOG | run_pw_unitcell: False

LOG | run_pw_supercell: False

LOG | run_pp_that_requires_wfc: False

LOG | run_pp_that_doesnt_require_wfc: False

LOG | Running DFT for defect: VAC, num: 1, charge: 2
Current working directory: //group///testing/BEEF_Research/V_C/experiments/ex6_2x2x2
Failed to create path: //group///testing/BEEF_Research/V_C/experiments/ex6_2x2x2/supercells/VAC_1/2

LOG | Searching for espresso.pwo

LOG | Current directory: //group///testing/BEEF_Research/V_C/experiments/ex6_2x2x2/supercells/VAC_1/2

LOG | The file 'espresso.pwo' has been found! Huzzah!

LOG | Job complete found!

LOG | Total energy = -16300.454679683178 eV!

LOG | valid_file_found__supercell_output: True

LOG | valid_file_found__wfcs: True

LOG | valid_file_found__pp_requiring_wfcs: True

LOG | valid_file_found__pp_not_requiring_wfcs: True

LOG | run_pw_unitcell: False

LOG | run_pw_supercell: False

LOG | run_pp_that_requires_wfc: False

LOG | run_pp_that_doesnt_require_wfc: False

LOG | Running DFT for defect: VAC, num: 1, charge: -2
Current working directory: //group///testing/BEEF_Research/V_C/experiments/ex6_2x2x2
Failed to create path: //group///testing/BEEF_Research/V_C/experiments/ex6_2x2x2/supercells/VAC_1/-2

LOG | Searching for espresso.pwo

LOG | Current directory: //group///testing/BEEF_Research/V_C/experiments/ex6_2x2x2/supercells/VAC_1/-2

LOG | The file 'espresso.pwo' has been found! Huzzah!

LOG | Job complete found!

LOG | Total energy = -16243.947858235602 eV!

LOG | valid_file_found__supercell_output: True

LOG | valid_file_found__wfcs: True

LOG | valid_file_found__pp_requiring_wfcs: True

LOG | valid_file_found__pp_not_requiring_wfcs: True

LOG | run_pw_unitcell: False

LOG | run_pw_supercell: False

LOG | run_pp_that_requires_wfc: False

LOG | run_pp_that_doesnt_require_wfc: False

LOG | Calculating Defect Formation Energy from VAC_1

LOG | Epsilon value cannot be fetched from materials project.

LOG | Epsilon manually set to 5.829713979999976.
Defect Loc: [0.12500307247195697, 0.37499692747231717, 0.12500307247195697]
supercell_dimensions: [7.14460564 7.14460564 7.14460564]

LOG | Environment variable COFFEE_DIR': //home//packages/coffee/CoFFEE_2.0/

LOG | Calculating DFE for VAC_1, charge = 0
{0: -16273.234310197598, 1: -16287.14486929159, -1: -16258.809781894144, 2: -16300.454679683178, -2: -16243.947858235602}

LOG | Calculating DFE for VAC_1, charge = 1
{0: -16273.234310197598, 1: -16287.14486929159, -1: -16258.809781894144, 2: -16300.454679683178, -2: -16243.947858235602}
1
//group///testing/BEEF_Research/V_C/experiments/ex6_2x2x2/supercells/VAC_1/1/

LOG | No manual sigma provided for charge 1

LOG | Sigma: 1.244456

LOG | Accepted sigma: 1.244456 bohr
made the input

LOG | Coffee.py energy: 0.5861 eV
made the input

LOG | Coffee.py energy: 0.7366 eV
made the input

LOG | Coffee.py energy: 0.8152 eV
Attmepting to calculate lattice energy correction 
Setting correction energies 
Creating one_by_V/A arrays
[8, 27, 64]
[0.125      0.03703704 0.015625  ]
Computing fit
[0.5861, 0.7366, 0.8152]
L2: 0.13996573789010958
L3: 0.09331049192673972
L4: 0.06998286894505479
A
B
C
D
E_m_iso = 1.0582153846153843
E_lattice = 0.4721153846153844
Calculating potential alignment correction
dV_0p.py output: charge: 1
Shape of the data in the file: (100, 100, 100)

Defect Coords: 0.8930976563
Farthest coordinate from defect: 4.4295976563
dV0p @ far from defect = -0.4088133130776248

LOG | dV0p @ far from defect = -0.4088133130776248
dV_mD.py output: //home//packages/coffee/CoFFEE_2.0/PotentialAlignment/Utilities/plavg.py:88: ComplexWarning: Casting complex values to real discards the imaginary part
  vol_a1[i] = Sum1/(a2_dim*a3_dim)
dir: a1
Shape of the data in the file: (100, 100, 100)
The first column in the files is in bohr


LOG | dVmD_model @ far from defect = 0.08814933956706414
dVmD_vdiff @ far from defect = 0.10138946775602944

LOG | dVmD_vdiff @ far from defect = 0.10138946775602944


LOG | #################################################

LOG | Charge: 1

LOG | total_FNV_correction: 0.07654219972672488

LOG | #################################################
FNV_energy: {'E_lattice': 0.4721153846153844, 'E_vq0m': 0.013240128188965306, 'E_vop': -0.4088133130776248, 'total': 0.07654219972672488}

LOG | Calculating DFE for VAC_1, charge = -1
{0: -16273.234310197598, 1: -16287.14486929159, -1: -16258.809781894144, 2: -16300.454679683178, -2: -16243.947858235602}
-1
//group///testing/BEEF_Research/V_C/experiments/ex6_2x2x2/supercells/VAC_1/-1/

LOG | No manual sigma provided for charge -1

LOG | Sigma: 1.149428

LOG | Accepted sigma: 1.149428 bohr
made the input

LOG | Coffee.py energy: 0.6708 eV
made the input

LOG | Coffee.py energy: 0.8233 eV
made the input

LOG | Coffee.py energy: 0.9023 eV
Attmepting to calculate lattice energy correction 
Setting correction energies 
Creating one_by_V/A arrays
[8, 27, 64]
[0.125      0.03703704 0.015625  ]
Computing fit
[0.6708, 0.8233, 0.9023]
L2: 0.13996573789010958
L3: 0.09331049192673972
L4: 0.06998286894505479
A
B
C
D
E_m_iso = 1.1452230769230762
E_lattice = 0.4744230769230763
Calculating potential alignment correction
dV_0p.py output: charge: -1
Shape of the data in the file: (100, 100, 100)

Defect Coords: 0.8930976563
Farthest coordinate from defect: 4.4295976563
dV0p @ far from defect = 0.4088133130776248

LOG | dV0p @ far from defect = 0.4088133130776248
dV_mD.py output: //home//packages/coffee/CoFFEE_2.0/PotentialAlignment/Utilities/plavg.py:88: ComplexWarning: Casting complex values to real discards the imaginary part
  vol_a1[i] = Sum1/(a2_dim*a3_dim)
dir: a1
Shape of the data in the file: (100, 100, 100)
The first column in the files is in bohr


LOG | dVmD_model @ far from defect = -0.08848819956706414
dVmD_vdiff @ far from defect = -0.10785613227485527

LOG | dVmD_vdiff @ far from defect = -0.10785613227485527


LOG | #################################################

LOG | Charge: -1

LOG | total_FNV_correction: 0.86386845729291

LOG | #################################################
FNV_energy: {'E_lattice': 0.4744230769230763, 'E_vq0m': -0.019367932707791136, 'E_vop': 0.4088133130776248, 'total': 0.86386845729291}

LOG | Calculating DFE for VAC_1, charge = 2
{0: -16273.234310197598, 1: -16287.14486929159, -1: -16258.809781894144, 2: -16300.454679683178, -2: -16243.947858235602}
2
//group///testing/BEEF_Research/V_C/experiments/ex6_2x2x2/supercells/VAC_1/2/

LOG | No manual sigma provided for charge 2

LOG | Sigma: 1.338027

LOG | Accepted sigma: 1.338027 bohr
made the input

LOG | Coffee.py energy: 2.0424 eV
made the input

LOG | Coffee.py energy: 2.6537 eV
made the input

LOG | Coffee.py energy: 2.9661 eV
Attmepting to calculate lattice energy correction 
Setting correction energies 
Creating one_by_V/A arrays
[8, 27, 64]
[0.125      0.03703704 0.015625  ]
Computing fit
[2.0424, 2.6537, 2.9661]
L2: 0.13996573789010958
L3: 0.09331049192673972
L4: 0.06998286894505479
A
B
C
D
E_m_iso = 3.9178384615384614
E_lattice = 1.8754384615384612
Calculating potential alignment correction
dV_0p.py output: charge: 2
Shape of the data in the file: (100, 100, 100)

Defect Coords: 0.8930976563
Farthest coordinate from defect: 4.4295976563
dV0p @ far from defect = -0.8176266261552496

LOG | dV0p @ far from defect = -0.8176266261552496
dV_mD.py output: //home//packages/coffee/CoFFEE_2.0/PotentialAlignment/Utilities/plavg.py:88: ComplexWarning: Casting complex values to real discards the imaginary part
  vol_a1[i] = Sum1/(a2_dim*a3_dim)
dir: a1
Shape of the data in the file: (100, 100, 100)
The first column in the files is in bohr


LOG | dVmD_model @ far from defect = 0.17557878777146976
dVmD_vdiff @ far from defect = 0.196427396248765

LOG | dVmD_vdiff @ far from defect = 0.196427396248765


LOG | #################################################

LOG | Charge: 2

LOG | total_FNV_correction: 1.0786604438605067

LOG | #################################################
FNV_energy: {'E_lattice': 1.8754384615384612, 'E_vq0m': 0.02084860847729525, 'E_vop': -0.8176266261552496, 'total': 1.0786604438605067}

LOG | Calculating DFE for VAC_1, charge = -2
{0: -16273.234310197598, 1: -16287.14486929159, -1: -16258.809781894144, 2: -16300.454679683178, -2: -16243.947858235602}
-2
//group///testing/BEEF_Research/V_C/experiments/ex6_2x2x2/supercells/VAC_1/-2/

LOG | No manual sigma provided for charge -2

LOG | Sigma: 1.144481

LOG | Accepted sigma: 1.144481 bohr
made the input

LOG | Coffee.py energy: 2.7026 eV
made the input

LOG | Coffee.py energy: 3.3126 eV
made the input

LOG | Coffee.py energy: 3.6289 eV
Attmepting to calculate lattice energy correction 
Setting correction energies 
Creating one_by_V/A arrays
[8, 27, 64]
[0.125      0.03703704 0.015625  ]
Computing fit
[2.7026, 3.3126, 3.6289]
L2: 0.13996573789010958
L3: 0.09331049192673972
L4: 0.06998286894505479
A
B
C
D
E_m_iso = 4.60213846153846
E_lattice = 1.89953846153846
Calculating potential alignment correction
dV_0p.py output: charge: -2
Shape of the data in the file: (100, 100, 100)

Defect Coords: 0.8930976563
Farthest coordinate from defect: 4.4295976563
dV0p @ far from defect = 0.8176266261552496

LOG | dV0p @ far from defect = 0.8176266261552496
dV_mD.py output: //home//packages/coffee/CoFFEE_2.0/PotentialAlignment/Utilities/plavg.py:88: ComplexWarning: Casting complex values to real discards the imaginary part
  vol_a1[i] = Sum1/(a2_dim*a3_dim)
dir: a1
Shape of the data in the file: (100, 100, 100)
The first column in the files is in bohr


LOG | dVmD_model @ far from defect = -0.17701020777146975
dVmD_vdiff @ far from defect = -0.2277877417699357

LOG | dVmD_vdiff @ far from defect = -0.2277877417699357


LOG | #################################################

LOG | Charge: -2

LOG | total_FNV_correction: 2.6663875536952437

LOG | #################################################
FNV_energy: {'E_lattice': 1.89953846153846, 'E_vq0m': -0.050777533998465935, 'E_vop': 0.8176266261552496, 'total': 2.6663875536952437}
