########################################################
CoFFEE: Corrections For Formation Energies and 
        Eigenvalues for charged defect simulations
########################################################
Running on 1 processor(s)
CELL PARAMETERS:
Cell dimensions (bohr): 18.394, 18.394,19.987 
Lattice vectors (normalized):
a1: 1.000, 0.000, 0.000
a2: -0.500, 0.866, 0.000
a3: 0.000, 0.000, 1.087
Plane-wave energy cut-off (Ry): 140.000 

GAUSSIAN_PARAMETERS:
Total charge: -2
Center of the gaussian (in crystal units):
0.22222233387822132 0.11111103606272722 0.2495811421569967
Gaussian width (bohr):
1.073842


DIELECTRIC PARAMETERS
Profile: Bulk
epsilon tensor:
[[10.86017965  0.          0.        ]
 [ 0.         10.86017965  0.        ]
 [ 0.          0.         10.86017965]]


Grid: 61, 61, 83
Volume: 6363.293
!  Total Energy (eV): 2.1402
Execution time: 1.44 s
