########################################################
CoFFEE: Corrections For Formation Energies and 
        Eigenvalues for charged defect simulations
########################################################
Running on 1 processor(s)
CELL PARAMETERS:
Cell dimensions (bohr): 26.709, 26.709,27.884 
Lattice vectors (normalized):
a1: 1.000, -0.000, 0.000
a2: -0.500, 0.866, -0.000
a3: 0.000, -0.000, 1.044
Plane-wave energy cut-off (Ry): 140.000 

GAUSSIAN_PARAMETERS:
Total charge: -2
Center of the gaussian (in crystal units):
0.33332592389729665 0.3333208661352303 0.9999970191186551
Gaussian width (bohr):
1.811286


DIELECTRIC PARAMETERS
Profile: Bulk
epsilon tensor:
[[17.  0.  0.]
 [ 0. 17.  0.]
 [ 0.  0. 17.]]


Grid: 89, 89, 111
Volume: 17983.988
!  Total Energy (eV): 0.7015
Execution time: 3.62 s
