
 submitted Quantum Espresso job
hostname
12.wec.local.cmu.edu

LOG | Environment variable ESPRESSO_PW_EXE': pw.x

LOG | Environment variable ESPRESSO_PP_EXE': pp.x

LOG | Environment variable COFFEE_DIR': //home//packages/coffee/CoFFEE_2.0/

LOG | Environment variable ESPRESSO_PP_EXE': pp.x

LOG | Espresso Command: mpirun pw.x -nd 1 -in PREFIX.pwi > PREFIX.pwo

LOG | Calculate Pristine Energy
correction_params: {'type': 'FNV', 'FNV': {'auto_select_bands': False, 'electrons_at_neutral': 648, 'defect_level': 'shallow', 'band_by_charge': {0: 860, -1: 860, 1: 860, 2: 860}, 'sigma_by_charge': {}, 'epsilon': 10.860179653335564, 'grid_size': [160, 160, 180]}}
Current working directory: //group///testing/BEEF_Research/GaN_mp804/N_Ga/ex57_443
Failed to create path: //group///testing/BEEF_Research/GaN_mp804/N_Ga/ex57_443/supercells
Current working directory: //group///testing/BEEF_Research/GaN_mp804/N_Ga/ex57_443
Failed to create path: //group///testing/BEEF_Research/GaN_mp804/N_Ga/ex57_443/supercells/PRISTINE_0

LOG | Running DFT for defect: PRISTINE, num: 0, charge: 0
Current working directory: //group///testing/BEEF_Research/GaN_mp804/N_Ga/ex57_443
Failed to create path: //group///testing/BEEF_Research/GaN_mp804/N_Ga/ex57_443/supercells/PRISTINE_0/0

LOG | Searching for espresso.pwo

LOG | Current directory: //group///testing/BEEF_Research/GaN_mp804/N_Ga/ex57_443/supercells/PRISTINE_0/0/unitcell

LOG | The file 'espresso.pwo' has been found! Huzzah!

LOG | Job complete found!

LOG | Total energy = -8497.85383679082 eV!

LOG | Searching for espresso.pwo

LOG | Current directory: //group///testing/BEEF_Research/GaN_mp804/N_Ga/ex57_443/supercells/PRISTINE_0/0

LOG | The file 'espresso.pwo' has been found! Huzzah!

LOG | Job complete found!

LOG | Total energy = -407897.1987349861 eV!

LOG | valid_file_found__supercell_output: True

LOG | valid_file_found__wfcs: False

LOG | valid_file_found__pp_requiring_wfcs: True

LOG | valid_file_found__pp_not_requiring_wfcs: True

LOG | run_pw_unitcell: False

LOG | run_pw_supercell: False

LOG | run_pp_that_requires_wfc: False

LOG | run_pp_that_doesnt_require_wfc: False

LOG | DFT Calculation of Pristine Supercell: True

LOG | 
Adding Defect: SUB, {'Ga': -1, 'N': 1}
allowed_defect_composition: defaultdict(<class 'float'>, {'Ga': 96.0, 'N': 96.0})
Ga95 N97
New unique defect: SUB_Ga95 N97_[1.62227566 0.93661982 2.63968077] N

LOG | Environment variable ESPRESSO_PP_EXE': pp.x

LOG | Calculating Defect Energy

LOG | Calculating Defect Energy of defect: SUB_Ga95 N97_[1.62227566 0.93661982 2.63968077] N
correction_params: {'type': 'FNV', 'FNV': {'auto_select_bands': False, 'electrons_at_neutral': 648, 'defect_level': 'shallow', 'band_by_charge': {0: 860, -1: 860, 1: 860, 2: 860}, 'sigma_by_charge': {}, 'epsilon': 10.860179653335564, 'grid_size': [160, 160, 180]}}
Current working directory: //group///testing/BEEF_Research/GaN_mp804/N_Ga/ex57_443
Failed to create path: //group///testing/BEEF_Research/GaN_mp804/N_Ga/ex57_443/supercells
Current working directory: //group///testing/BEEF_Research/GaN_mp804/N_Ga/ex57_443
Failed to create path: //group///testing/BEEF_Research/GaN_mp804/N_Ga/ex57_443/supercells/SUB_1

LOG | Running DFT for defect: SUB, num: 1, charge: 0
Current working directory: //group///testing/BEEF_Research/GaN_mp804/N_Ga/ex57_443
Failed to create path: //group///testing/BEEF_Research/GaN_mp804/N_Ga/ex57_443/supercells/SUB_1/0

LOG | Searching for espresso.pwo

LOG | Current directory: //group///testing/BEEF_Research/GaN_mp804/N_Ga/ex57_443/supercells/SUB_1/0

LOG | The file 'espresso.pwo' has been found! Huzzah!

LOG | Job complete found!

LOG | Total energy = -404427.9463122652 eV!

LOG | valid_file_found__supercell_output: True

LOG | valid_file_found__wfcs: False

LOG | valid_file_found__pp_requiring_wfcs: True

LOG | valid_file_found__pp_not_requiring_wfcs: True

LOG | run_pw_unitcell: False

LOG | run_pw_supercell: False

LOG | run_pp_that_requires_wfc: False

LOG | run_pp_that_doesnt_require_wfc: False

LOG | Running DFT for defect: SUB, num: 1, charge: 1
Current working directory: //group///testing/BEEF_Research/GaN_mp804/N_Ga/ex57_443
Failed to create path: //group///testing/BEEF_Research/GaN_mp804/N_Ga/ex57_443/supercells/SUB_1/1

LOG | Searching for espresso.pwo

LOG | Current directory: //group///testing/BEEF_Research/GaN_mp804/N_Ga/ex57_443/supercells/SUB_1/1

LOG | The file 'espresso.pwo' has been found! Huzzah!

LOG | Job complete found!

LOG | Total energy = -404437.81469045073 eV!

LOG | valid_file_found__supercell_output: True

LOG | valid_file_found__wfcs: False

LOG | valid_file_found__pp_requiring_wfcs: True

LOG | valid_file_found__pp_not_requiring_wfcs: True

LOG | run_pw_unitcell: False

LOG | run_pw_supercell: False

LOG | run_pp_that_requires_wfc: False

LOG | run_pp_that_doesnt_require_wfc: False

LOG | Running DFT for defect: SUB, num: 1, charge: -1
Current working directory: //group///testing/BEEF_Research/GaN_mp804/N_Ga/ex57_443
Failed to create path: //group///testing/BEEF_Research/GaN_mp804/N_Ga/ex57_443/supercells/SUB_1/-1

LOG | Searching for espresso.pwo

LOG | Current directory: //group///testing/BEEF_Research/GaN_mp804/N_Ga/ex57_443/supercells/SUB_1/-1

LOG | The file 'espresso.pwo' has been found! Huzzah!

LOG | Job complete found!

LOG | Total energy = -404417.1917767562 eV!

LOG | valid_file_found__supercell_output: True

LOG | valid_file_found__wfcs: False

LOG | valid_file_found__pp_requiring_wfcs: True

LOG | valid_file_found__pp_not_requiring_wfcs: True

LOG | run_pw_unitcell: False

LOG | run_pw_supercell: False

LOG | run_pp_that_requires_wfc: False

LOG | run_pp_that_doesnt_require_wfc: False

LOG | Running DFT for defect: SUB, num: 1, charge: 2
Current working directory: //group///testing/BEEF_Research/GaN_mp804/N_Ga/ex57_443
Failed to create path: //group///testing/BEEF_Research/GaN_mp804/N_Ga/ex57_443/supercells/SUB_1/2

LOG | Searching for espresso.pwo

LOG | Current directory: //group///testing/BEEF_Research/GaN_mp804/N_Ga/ex57_443/supercells/SUB_1/2

LOG | The file 'espresso.pwo' has been found! Huzzah!

LOG | Job complete found!

LOG | Total energy = -404447.3195304846 eV!

LOG | valid_file_found__supercell_output: True

LOG | valid_file_found__wfcs: False

LOG | valid_file_found__pp_requiring_wfcs: True

LOG | valid_file_found__pp_not_requiring_wfcs: True

LOG | run_pw_unitcell: False

LOG | run_pw_supercell: False

LOG | run_pp_that_requires_wfc: False

LOG | run_pp_that_doesnt_require_wfc: False

LOG | Calculating Defect Formation Energy from SUB_1

LOG | Epsilon value cannot be fetched from materials project.

LOG | Epsilon manually set to 10.860179653335564.
Defect Loc: [0.16666675040866594, 0.08333327704704542, 0.16638742810466442]
supercell_dimensions: [12.97819367 12.97819367 15.86466476]

LOG | Environment variable COFFEE_DIR': //home//packages/coffee/CoFFEE_2.0/

LOG | Calculating DFE for SUB_1, charge = 0
{0: -404427.9463122652, 1: -404437.81469045073, -1: -404417.1917767562, 2: -404447.3195304846}

LOG | Calculating DFE for SUB_1, charge = 1
{0: -404427.9463122652, 1: -404437.81469045073, -1: -404417.1917767562, 2: -404447.3195304846}
1
//group///testing/BEEF_Research/GaN_mp804/N_Ga/ex57_443/supercells/SUB_1/1/

LOG | No manual sigma provided for charge 1

LOG | Sigma: 1.51999

LOG | Accepted sigma: 1.51999 bohr
made the input

LOG | Coffee.py energy: 0.4665 eV
made the input

LOG | Coffee.py energy: 0.5092 eV
made the input

LOG | Coffee.py energy: 0.5359 eV
Attmepting to calculate lattice energy correction 
Setting correction energies 
Creating one_by_V/A arrays
[48, 100, 180]
[0.02083333 0.01       0.00555556]
Computing fit
[0.4665, 0.5092, 0.5359]
L2: 0.08480705747130937
L3: 0.06640168100743545
L4: 0.05458687581879251
A
B
C
D
E_m_iso = 0.6550218267414457
E_lattice = 0.18852182674144569
Calculating potential alignment correction
dV_0p.py output: charge: 1
Shape of the data in the file: (160, 160, 180)

Defect Coords: 2.1630333648638067
Farthest coordinate from defect: 8.611533364863806
dV0p @ far from defect = -0.06036374321803061

LOG | dV0p @ far from defect = -0.06036374321803061
dV_mD.py output: //home//packages/coffee/CoFFEE_2.0/PotentialAlignment/Utilities/plavg.py:88: ComplexWarning: Casting complex values to real discards the imaginary part
  vol_a1[i] = Sum1/(a2_dim*a3_dim)
dir: a1
Shape of the data in the file: (160, 160, 180)
The first column in the files is in bohr


LOG | dVmD_model @ far from defect = 0.022084918141847317
dVmD_vdiff @ far from defect = 0.03168685638332818

LOG | dVmD_vdiff @ far from defect = 0.03168685638332818


LOG | #################################################

LOG | Charge: 1

LOG | total_FNV_correction: 0.13776002176489593

LOG | #################################################
FNV_energy: {'E_lattice': 0.18852182674144569, 'E_vq0m': 0.009601938241480864, 'E_vop': -0.06036374321803061, 'total': 0.13776002176489593}

LOG | Calculating DFE for SUB_1, charge = -1
{0: -404427.9463122652, 1: -404437.81469045073, -1: -404417.1917767562, 2: -404447.3195304846}
-1
//group///testing/BEEF_Research/GaN_mp804/N_Ga/ex57_443/supercells/SUB_1/-1/

LOG | No manual sigma provided for charge -1

LOG | Sigma: 1.323326

LOG | Accepted sigma: 1.323326 bohr
made the input

LOG | Coffee.py energy: 0.5621 eV
made the input

LOG | Coffee.py energy: 0.6051 eV
made the input

LOG | Coffee.py energy: 0.632 eV
Attmepting to calculate lattice energy correction 
Setting correction energies 
Creating one_by_V/A arrays
[48, 100, 180]
[0.02083333 0.01       0.00555556]
Computing fit
[0.5621, 0.6051, 0.632]
L2: 0.08480705747130937
L3: 0.06640168100743545
L4: 0.05458687581879251
A
B
C
D
E_m_iso = 0.7520901749129741
E_lattice = 0.1899901749129741
Calculating potential alignment correction
dV_0p.py output: charge: -1
Shape of the data in the file: (160, 160, 180)

Defect Coords: 2.1630333648638067
Farthest coordinate from defect: 8.611533364863806
dV0p @ far from defect = 0.06036374321803061

LOG | dV0p @ far from defect = 0.06036374321803061
dV_mD.py output: //home//packages/coffee/CoFFEE_2.0/PotentialAlignment/Utilities/plavg.py:88: ComplexWarning: Casting complex values to real discards the imaginary part
  vol_a1[i] = Sum1/(a2_dim*a3_dim)
dir: a1
Shape of the data in the file: (160, 160, 180)
The first column in the files is in bohr


LOG | dVmD_model @ far from defect = -0.022236448166748808
dVmD_vdiff @ far from defect = -0.013183390792044216

LOG | dVmD_vdiff @ far from defect = -0.013183390792044216


LOG | #################################################

LOG | Charge: -1

LOG | total_FNV_correction: 0.2594069755057093

LOG | #################################################
FNV_energy: {'E_lattice': 0.1899901749129741, 'E_vq0m': 0.009053057374704592, 'E_vop': 0.06036374321803061, 'total': 0.2594069755057093}

LOG | Calculating DFE for SUB_1, charge = 2
{0: -404427.9463122652, 1: -404437.81469045073, -1: -404417.1917767562, 2: -404447.3195304846}
2
//group///testing/BEEF_Research/GaN_mp804/N_Ga/ex57_443/supercells/SUB_1/2/

LOG | No manual sigma provided for charge 2

LOG | Sigma: 1.428577

LOG | Accepted sigma: 1.428577 bohr
made the input

LOG | Coffee.py energy: 2.0306 eV
made the input

LOG | Coffee.py energy: 2.2018 eV
made the input

LOG | Coffee.py energy: 2.3092 eV
Attmepting to calculate lattice energy correction 
Setting correction energies 
Creating one_by_V/A arrays
[48, 100, 180]
[0.02083333 0.01       0.00555556]
Computing fit
[2.0306, 2.2018, 2.3092]
L2: 0.08480705747130937
L3: 0.06640168100743545
L4: 0.05458687581879251
A
B
C
D
E_m_iso = 2.7905079466044422
E_lattice = 0.759907946604442
Calculating potential alignment correction
dV_0p.py output: charge: 2
Shape of the data in the file: (160, 160, 180)

Defect Coords: 2.1630333648638067
Farthest coordinate from defect: 8.611533364863806
dV0p @ far from defect = -0.12072749476527544

LOG | dV0p @ far from defect = -0.12072749476527544
dV_mD.py output: //home//packages/coffee/CoFFEE_2.0/PotentialAlignment/Utilities/plavg.py:88: ComplexWarning: Casting complex values to real discards the imaginary part
  vol_a1[i] = Sum1/(a2_dim*a3_dim)
dir: a1
Shape of the data in the file: (160, 160, 180)
The first column in the files is in bohr


LOG | dVmD_model @ far from defect = 0.044316410601425126
dVmD_vdiff @ far from defect = 0.05816931300430827

LOG | dVmD_vdiff @ far from defect = 0.05816931300430827


LOG | #################################################

LOG | Charge: 2

LOG | total_FNV_correction: 0.6530333542420498

LOG | #################################################
FNV_energy: {'E_lattice': 0.759907946604442, 'E_vq0m': 0.013852902402883144, 'E_vop': -0.12072749476527544, 'total': 0.6530333542420498}
