
 submitted Quantum Espresso job
hostname
09.wec.local.cmu.edu

LOG | Environment variable ESPRESSO_PW_EXE': pw.x

LOG | Environment variable ESPRESSO_PP_EXE': pp.x

LOG | Environment variable COFFEE_DIR': //home//packages/coffee/CoFFEE_2.0/

LOG | Environment variable ESPRESSO_PP_EXE': pp.x

LOG | Espresso Command: mpirun pw.x -nd 1 -in PREFIX.pwi > PREFIX.pwo

LOG | Calculate Pristine Energy
correction_params: {'type': 'FNV', 'FNV': {'auto_select_bands': False, 'electrons_at_neutral': 2368, 'defect_level': 'shallow', 'band_by_charge': {-1: 424, 0: 424, 1: 424}, 'sigma_by_charge': {}, 'epsilon': 17, 'grid_size': [160, 160, 180]}}
Current working directory: //group///testing/BEEF_Research/PbI2_mp22893/V_I/experiments/ex59_332
Failed to create path: //group///testing/BEEF_Research/PbI2_mp22893/V_I/experiments/ex59_332/supercells
Current working directory: //group///testing/BEEF_Research/PbI2_mp22893/V_I/experiments/ex59_332
Failed to create path: //group///testing/BEEF_Research/PbI2_mp22893/V_I/experiments/ex59_332/supercells/PRISTINE_0

LOG | Running DFT for defect: PRISTINE, num: 0, charge: 0
Current working directory: //group///testing/BEEF_Research/PbI2_mp22893/V_I/experiments/ex59_332
Failed to create path: //group///testing/BEEF_Research/PbI2_mp22893/V_I/experiments/ex59_332/supercells/PRISTINE_0/0

LOG | Searching for espresso.pwo

LOG | Current directory: //group///testing/BEEF_Research/PbI2_mp22893/V_I/experiments/ex59_332/supercells/PRISTINE_0/0/unitcell

LOG | The file 'espresso.pwo' has been found! Huzzah!

LOG | Job complete found!

LOG | Total energy = -27532.949713956205 eV!

LOG | Searching for espresso.pwo

LOG | Current directory: //group///testing/BEEF_Research/PbI2_mp22893/V_I/experiments/ex59_332/supercells/PRISTINE_0/0

LOG | The file 'espresso.pwo' has been found! Huzzah!

LOG | Job complete found!

LOG | Total energy = -495593.17486390774 eV!

LOG | valid_file_found__supercell_output: True

LOG | valid_file_found__wfcs: False

LOG | valid_file_found__pp_requiring_wfcs: True

LOG | valid_file_found__pp_not_requiring_wfcs: True

LOG | run_pw_unitcell: False

LOG | run_pw_supercell: False

LOG | run_pp_that_requires_wfc: False

LOG | run_pp_that_doesnt_require_wfc: False

LOG | DFT Calculation of Pristine Supercell: True

LOG | 
Adding Defect: VAC, {'I': -1, 'Pb': 0}
allowed_defect_composition: defaultdict(<class 'float'>, {'Pb': 18.0, 'I': 36.0})
VAC_Pb17 I36_[ 2.35579468  4.07971885 14.75536469] Pb
VAC_Pb18 I35_[2.3557356  1.359766   5.48264436] I
New unique defect: VAC_Pb18 I35_[2.3557356  1.359766   5.48264436] I

LOG | Environment variable ESPRESSO_PP_EXE': pp.x

LOG | Calculating Defect Energy

LOG | Calculating Defect Energy of defect: VAC_Pb18 I35_[2.3557356  1.359766   5.48264436] I
correction_params: {'type': 'FNV', 'FNV': {'auto_select_bands': False, 'electrons_at_neutral': 2368, 'defect_level': 'shallow', 'band_by_charge': {-1: 424, 0: 424, 1: 424}, 'sigma_by_charge': {}, 'epsilon': 17, 'grid_size': [160, 160, 180]}}
Current working directory: //group///testing/BEEF_Research/PbI2_mp22893/V_I/experiments/ex59_332
Failed to create path: //group///testing/BEEF_Research/PbI2_mp22893/V_I/experiments/ex59_332/supercells
Current working directory: //group///testing/BEEF_Research/PbI2_mp22893/V_I/experiments/ex59_332
Failed to create path: //group///testing/BEEF_Research/PbI2_mp22893/V_I/experiments/ex59_332/supercells/VAC_1

LOG | Running DFT for defect: VAC, num: 1, charge: 0
Current working directory: //group///testing/BEEF_Research/PbI2_mp22893/V_I/experiments/ex59_332
Failed to create path: //group///testing/BEEF_Research/PbI2_mp22893/V_I/experiments/ex59_332/supercells/VAC_1/0

LOG | Searching for espresso.pwo

LOG | Current directory: //group///testing/BEEF_Research/PbI2_mp22893/V_I/experiments/ex59_332/supercells/VAC_1/0

LOG | The file 'espresso.pwo' has been found! Huzzah!

LOG | Job complete found!

LOG | Total energy = -487922.94934476516 eV!

LOG | valid_file_found__supercell_output: True

LOG | valid_file_found__wfcs: False

LOG | valid_file_found__pp_requiring_wfcs: True

LOG | valid_file_found__pp_not_requiring_wfcs: True

LOG | run_pw_unitcell: False

LOG | run_pw_supercell: False

LOG | run_pp_that_requires_wfc: False

LOG | run_pp_that_doesnt_require_wfc: False

LOG | Running DFT for defect: VAC, num: 1, charge: 1
Current working directory: //group///testing/BEEF_Research/PbI2_mp22893/V_I/experiments/ex59_332
Failed to create path: //group///testing/BEEF_Research/PbI2_mp22893/V_I/experiments/ex59_332/supercells/VAC_1/1

LOG | Searching for espresso.pwo

LOG | Current directory: //group///testing/BEEF_Research/PbI2_mp22893/V_I/experiments/ex59_332/supercells/VAC_1/1

LOG | The file 'espresso.pwo' has been found! Huzzah!

LOG | Job complete found!

LOG | Total energy = -487928.24977219757 eV!

LOG | valid_file_found__supercell_output: True

LOG | valid_file_found__wfcs: False

LOG | valid_file_found__pp_requiring_wfcs: True

LOG | valid_file_found__pp_not_requiring_wfcs: True

LOG | run_pw_unitcell: False

LOG | run_pw_supercell: False

LOG | run_pp_that_requires_wfc: False

LOG | run_pp_that_doesnt_require_wfc: False

LOG | Running DFT for defect: VAC, num: 1, charge: -1
Current working directory: //group///testing/BEEF_Research/PbI2_mp22893/V_I/experiments/ex59_332
Failed to create path: //group///testing/BEEF_Research/PbI2_mp22893/V_I/experiments/ex59_332/supercells/VAC_1/-1

LOG | Searching for espresso.pwo

LOG | Current directory: //group///testing/BEEF_Research/PbI2_mp22893/V_I/experiments/ex59_332/supercells/VAC_1/-1

LOG | The file 'espresso.pwo' has been found! Huzzah!

LOG | Job complete found!

LOG | Total energy = -487917.9439978406 eV!

LOG | valid_file_found__supercell_output: True

LOG | valid_file_found__wfcs: False

LOG | valid_file_found__pp_requiring_wfcs: True

LOG | valid_file_found__pp_not_requiring_wfcs: True

LOG | run_pw_unitcell: False

LOG | run_pw_supercell: False

LOG | run_pp_that_requires_wfc: False

LOG | run_pp_that_doesnt_require_wfc: False

LOG | Calculating Defect Formation Energy from VAC_1

LOG | Epsilon value cannot be fetched from materials project.

LOG | Epsilon manually set to 17.
Defect Loc: [0.22221738891695664, 0.11109652050260872, 0.3715670234926404]
supercell_dimensions: [14.13380706 14.1337819  14.75542501]

LOG | Environment variable COFFEE_DIR': //home//packages/coffee/CoFFEE_2.0/

LOG | Calculating DFE for VAC_1, charge = 0
{0: -487922.94934476516, 1: -487928.24977219757, -1: -487917.9439978406}

LOG | Calculating DFE for VAC_1, charge = 1
{0: -487922.94934476516, 1: -487928.24977219757, -1: -487917.9439978406}
1
//group///testing/BEEF_Research/PbI2_mp22893/V_I/experiments/ex59_332/supercells/VAC_1/1/

LOG | No manual sigma provided for charge 1

LOG | Sigma: 3.856031

LOG | Accepted sigma: 3.856031 bohr
made the input

LOG | Coffee.py energy: 0.021 eV
made the input

LOG | Coffee.py energy: 0.0623 eV
made the input

LOG | Coffee.py energy: 0.0759 eV
Attmepting to calculate lattice energy correction 
Setting correction energies 
Creating one_by_V/A arrays
[18, 48, 100]
[0.05555556 0.02083333 0.01      ]
Computing fit
[0.021, 0.0623, 0.0759]
L2: 0.08099121757707704
L3: 0.05840477437460659
L4: 0.045729392257783164
A
B
C
D
E_m_iso = 0.09277306559703999
E_lattice = 0.07177306559703998
Calculating potential alignment correction
dV_0p.py output: charge: 1
Shape of the data in the file: (160, 160, 180)

Defect Coords: 3.140777699682948
Farthest coordinate from defect: 10.163277699682947
dV0p @ far from defect = 0.035338185183042395

LOG | dV0p @ far from defect = 0.035338185183042395
dV_mD.py output: //home//packages/coffee/CoFFEE_2.0/PotentialAlignment/Utilities/plavg.py:88: ComplexWarning: Casting complex values to real discards the imaginary part
  vol_a1[i] = Sum1/(a2_dim*a3_dim)
dir: a1
Shape of the data in the file: (160, 160, 180)
The first column in the files is in bohr


LOG | dVmD_model @ far from defect = 0.011446606695421026
dVmD_vdiff @ far from defect = -0.16402917022489047

LOG | dVmD_vdiff @ far from defect = -0.16402917022489047


LOG | #################################################

LOG | Charge: 1

LOG | total_FNV_correction: -0.06836452614022911

LOG | #################################################
FNV_energy: {'E_lattice': 0.07177306559703998, 'E_vq0m': -0.1754757769203115, 'E_vop': 0.035338185183042395, 'total': -0.06836452614022911}

LOG | Calculating DFE for VAC_1, charge = -1
{0: -487922.94934476516, 1: -487928.24977219757, -1: -487917.9439978406}
-1
//group///testing/BEEF_Research/PbI2_mp22893/V_I/experiments/ex59_332/supercells/VAC_1/-1/

LOG | No manual sigma provided for charge -1

LOG | Sigma: 2.780457

LOG | Accepted sigma: 2.780457 bohr
made the input

LOG | Coffee.py energy: 0.0839 eV
made the input

LOG | Coffee.py energy: 0.1094 eV
made the input

LOG | Coffee.py energy: 0.1237 eV
Attmepting to calculate lattice energy correction 
Setting correction energies 
Creating one_by_V/A arrays
[18, 48, 100]
[0.05555556 0.02083333 0.01      ]
Computing fit
[0.0839, 0.1094, 0.1237]
L2: 0.08099121757707704
L3: 0.05840477437460659
L4: 0.045729392257783164
A
B
C
D
E_m_iso = 0.1752554425358634
E_lattice = 0.09135544253586339
Calculating potential alignment correction
dV_0p.py output: charge: -1
Shape of the data in the file: (160, 160, 180)

Defect Coords: 3.140777699682948
Farthest coordinate from defect: 10.163277699682947
dV0p @ far from defect = -0.035338185183042395

LOG | dV0p @ far from defect = -0.035338185183042395
dV_mD.py output: //home//packages/coffee/CoFFEE_2.0/PotentialAlignment/Utilities/plavg.py:88: ComplexWarning: Casting complex values to real discards the imaginary part
  vol_a1[i] = Sum1/(a2_dim*a3_dim)
dir: a1
Shape of the data in the file: (160, 160, 180)
The first column in the files is in bohr


LOG | dVmD_model @ far from defect = -0.012196593703514743
dVmD_vdiff @ far from defect = -0.16432092188008407

LOG | dVmD_vdiff @ far from defect = -0.16432092188008407


LOG | #################################################

LOG | Charge: -1

LOG | total_FNV_correction: -0.09610707082374832

LOG | #################################################
FNV_energy: {'E_lattice': 0.09135544253586339, 'E_vq0m': -0.15212432817656932, 'E_vop': -0.035338185183042395, 'total': -0.09610707082374832}
