
 submitted Quantum Espresso job
hostname
trace02.wec.local.cmu.edu

LOG | Environment variable ESPRESSO_PW_EXE': pw.x

LOG | Environment variable ESPRESSO_PP_EXE': pp.x

LOG | Environment variable COFFEE_DIR': /trace/home/atimmins/packages/coffee/CoFFEE_2.0/

LOG | Environment variable ESPRESSO_PP_EXE': pp.x

LOG | Espresso Command: mpirun pw.x -nd 1 -in PREFIX.pwi > PREFIX.pwo

LOG | Calculate Pristine Energy
correction_params: {'type': 'FNV', 'FNV': {'auto_select_bands': False, 'electrons_at_neutral': 648, 'defect_level': 'shallow', 'band_by_charge': {0: 1349, 1: 1349, 2: 1349}, 'sigma_by_charge': {}, 'epsilon': 10.860179653335564, 'grid_size': [192, 192, 180]}}
Current working directory: /trace/group/acmegroup/atimmins/testing/BEEF_Research/GaN_mp804/V_N/experiments/ex64_553
Failed to create path: /trace/group/acmegroup/atimmins/testing/BEEF_Research/GaN_mp804/V_N/experiments/ex64_553/supercells
Current working directory: /trace/group/acmegroup/atimmins/testing/BEEF_Research/GaN_mp804/V_N/experiments/ex64_553
Failed to create path: /trace/group/acmegroup/atimmins/testing/BEEF_Research/GaN_mp804/V_N/experiments/ex64_553/supercells/PRISTINE_0

LOG | Running DFT for defect: PRISTINE, num: 0, charge: 0
Current working directory: /trace/group/acmegroup/atimmins/testing/BEEF_Research/GaN_mp804/V_N/experiments/ex64_553
Failed to create path: /trace/group/acmegroup/atimmins/testing/BEEF_Research/GaN_mp804/V_N/experiments/ex64_553/supercells/PRISTINE_0/0

LOG | Searching for espresso.pwo

LOG | Current directory: /trace/group/acmegroup/atimmins/testing/BEEF_Research/GaN_mp804/V_N/experiments/ex64_553/supercells/PRISTINE_0/0/unitcell

LOG | The file 'espresso.pwo' has been found! Huzzah!

LOG | Job complete found!

LOG | Total energy = -8497.85383679082 eV!

LOG | Searching for espresso.pwo

LOG | Current directory: /trace/group/acmegroup/atimmins/testing/BEEF_Research/GaN_mp804/V_N/experiments/ex64_553/supercells/PRISTINE_0/0

LOG | The file 'espresso.pwo' has been found! Huzzah!

LOG | Job complete found!

LOG | Total energy = -637339.4080018098 eV!

LOG | valid_file_found__supercell_output: True

LOG | valid_file_found__wfcs: False

LOG | valid_file_found__pp_requiring_wfcs: True

LOG | valid_file_found__pp_not_requiring_wfcs: True

LOG | run_pw_unitcell: False

LOG | run_pw_supercell: False

LOG | run_pp_that_requires_wfc: False

LOG | run_pp_that_doesnt_require_wfc: False

LOG | DFT Calculation of Pristine Supercell: True

LOG | 
Adding Defect: VAC, {'Ga': 0, 'N': -1}
allowed_defect_composition: defaultdict(<class 'float'>, {'Ga': 150.0, 'N': 150.0})
VAC_Ga149 N150_[1.62227566 0.93661982 2.63968077] Ga
VAC_Ga150 N149_[1.62227566 0.93661982 4.63162392] N
New unique defect: VAC_Ga150 N149_[1.62227566 0.93661982 4.63162392] N

LOG | Environment variable ESPRESSO_PP_EXE': pp.x

LOG | Calculating Defect Energy

LOG | Calculating Defect Energy of defect: VAC_Ga150 N149_[1.62227566 0.93661982 4.63162392] N
correction_params: {'type': 'FNV', 'FNV': {'auto_select_bands': False, 'electrons_at_neutral': 648, 'defect_level': 'shallow', 'band_by_charge': {0: 1349, 1: 1349, 2: 1349}, 'sigma_by_charge': {}, 'epsilon': 10.860179653335564, 'grid_size': [192, 192, 180]}}
Current working directory: /trace/group/acmegroup/atimmins/testing/BEEF_Research/GaN_mp804/V_N/experiments/ex64_553
Failed to create path: /trace/group/acmegroup/atimmins/testing/BEEF_Research/GaN_mp804/V_N/experiments/ex64_553/supercells
Current working directory: /trace/group/acmegroup/atimmins/testing/BEEF_Research/GaN_mp804/V_N/experiments/ex64_553
Failed to create path: /trace/group/acmegroup/atimmins/testing/BEEF_Research/GaN_mp804/V_N/experiments/ex64_553/supercells/VAC_1

LOG | Running DFT for defect: VAC, num: 1, charge: 0
Current working directory: /trace/group/acmegroup/atimmins/testing/BEEF_Research/GaN_mp804/V_N/experiments/ex64_553
Failed to create path: /trace/group/acmegroup/atimmins/testing/BEEF_Research/GaN_mp804/V_N/experiments/ex64_553/supercells/VAC_1/0

LOG | Searching for espresso.pwo

LOG | Current directory: /trace/group/acmegroup/atimmins/testing/BEEF_Research/GaN_mp804/V_N/experiments/ex64_553/supercells/VAC_1/0

LOG | The file 'espresso.pwo' has been found! Huzzah!

LOG | Job complete found!

LOG | Total energy = -636942.8664364995 eV!

LOG | valid_file_found__supercell_output: True

LOG | valid_file_found__wfcs: False

LOG | valid_file_found__pp_requiring_wfcs: True

LOG | valid_file_found__pp_not_requiring_wfcs: False

LOG | run_pw_unitcell: False

LOG | run_pw_supercell: False

LOG | run_pp_that_requires_wfc: False

LOG | run_pp_that_doesnt_require_wfc: True
grid_size: [192, 192, 180]

LOG | Generating post processing (either cube or xsf) files.

LOG | pp.x argument: ['mpirun', 'pp.x', '-in', 'espresso_pn_1.ppi', '>', 'espresso_pn_1.ppo']

LOG | Initial espresso.ppi job failed.

LOG | Re-attempting espresso.ppi job.

LOG | pp.x argument: ['mpirun', '-np', '1', 'pp.x', '-in', 'espresso_pn_1.ppi', '>', 'espresso_pn_1.ppo']

LOG | Running DFT for defect: VAC, num: 1, charge: 1
Current working directory: /trace/group/acmegroup/atimmins/testing/BEEF_Research/GaN_mp804/V_N/experiments/ex64_553
Failed to create path: /trace/group/acmegroup/atimmins/testing/BEEF_Research/GaN_mp804/V_N/experiments/ex64_553/supercells/VAC_1/1

LOG | Searching for espresso.pwo

LOG | Current directory: /trace/group/acmegroup/atimmins/testing/BEEF_Research/GaN_mp804/V_N/experiments/ex64_553/supercells/VAC_1/1

LOG | The file 'espresso.pwo' has been found! Huzzah!

LOG | Job complete found!

LOG | Total energy = -636953.6236232161 eV!

LOG | valid_file_found__supercell_output: True

LOG | valid_file_found__wfcs: False

LOG | valid_file_found__pp_requiring_wfcs: True

LOG | valid_file_found__pp_not_requiring_wfcs: True

LOG | run_pw_unitcell: False

LOG | run_pw_supercell: False

LOG | run_pp_that_requires_wfc: False

LOG | run_pp_that_doesnt_require_wfc: False

LOG | Running DFT for defect: VAC, num: 1, charge: 2
Current working directory: /trace/group/acmegroup/atimmins/testing/BEEF_Research/GaN_mp804/V_N/experiments/ex64_553
Failed to create path: /trace/group/acmegroup/atimmins/testing/BEEF_Research/GaN_mp804/V_N/experiments/ex64_553/supercells/VAC_1/2

LOG | Searching for espresso.pwo

LOG | Current directory: /trace/group/acmegroup/atimmins/testing/BEEF_Research/GaN_mp804/V_N/experiments/ex64_553/supercells/VAC_1/2

LOG | The file 'espresso.pwo' has been found! Huzzah!

LOG | Job complete found!

LOG | Total energy = -636962.4537370697 eV!

LOG | valid_file_found__supercell_output: True

LOG | valid_file_found__wfcs: False

LOG | valid_file_found__pp_requiring_wfcs: True

LOG | valid_file_found__pp_not_requiring_wfcs: True

LOG | run_pw_unitcell: False

LOG | run_pw_supercell: False

LOG | run_pp_that_requires_wfc: False

LOG | run_pp_that_doesnt_require_wfc: False

LOG | Calculating Defect Formation Energy from VAC_1

LOG | Epsilon value cannot be fetched from materials project.

LOG | Epsilon manually set to 10.860179653335564.
Defect Loc: [0.1333334003269328, 0.06666662163763633, 0.29194590543941223]
supercell_dimensions: [16.22274209 16.22274209 15.86466476]

LOG | Environment variable COFFEE_DIR': /trace/home/atimmins/packages/coffee/CoFFEE_2.0/

LOG | Calculating DFE for VAC_1, charge = 0
{0: -636942.8664364995, 1: -636953.6236232161, 2: -636962.4537370697}

LOG | Calculating DFE for VAC_1, charge = 1
{0: -636942.8664364995, 1: -636953.6236232161, 2: -636962.4537370697}
1
/trace/group/acmegroup/atimmins/testing/BEEF_Research/GaN_mp804/V_N/experiments/ex64_553/supercells/VAC_1/1/

LOG | No manual sigma provided for charge 1

LOG | Sigma: 2.219644

LOG | Accepted sigma: 2.219644 bohr
made the input

LOG | Coffee.py energy: 0.1908 eV
made the input

LOG | Coffee.py energy: 0.2132 eV
made the input

LOG | Coffee.py energy: 0.2286 eV
Attmepting to calculate lattice energy correction 
Setting correction energies 
Creating one_by_V/A arrays
[75, 144, 245]
[0.01333333 0.00694444 0.00408163]
Computing fit
[0.1908, 0.2132, 0.2286]
L2: 0.07308450663028664
L3: 0.058801929442234585
L4: 0.049255762426301
A
B
C
D
E_m_iso = 0.3113133411259161
E_lattice = 0.12051334112591608
Calculating potential alignment correction
dV_0p.py output: charge: 1
Shape of the data in the file: (192, 192, 180)

Defect Coords: 2.1630333648638076
Farthest coordinate from defect: 10.232033364863808
dV0p @ far from defect = 0.0003264374379324527

LOG | dV0p @ far from defect = 0.0003264374379324527
dV_mD.py output: /trace/home/atimmins/packages/coffee/CoFFEE_2.0/PotentialAlignment/Utilities/plavg.py:88: ComplexWarning: Casting complex values to real discards the imaginary part
  vol_a1[i] = Sum1/(a2_dim*a3_dim)
dir: a1
Shape of the data in the file: (192, 192, 180)
The first column in the files is in bohr


LOG | dVmD_model @ far from defect = 0.021760208398830538
dVmD_vdiff @ far from defect = 0.009893246808102494

LOG | dVmD_vdiff @ far from defect = 0.009893246808102494


LOG | #################################################

LOG | Charge: 1

LOG | total_FNV_correction: 0.10897281697312049

LOG | #################################################
FNV_energy: {'E_lattice': 0.12051334112591608, 'E_vq0m': -0.011866961590728043, 'E_vop': 0.0003264374379324527, 'total': 0.10897281697312049}

LOG | Calculating DFE for VAC_1, charge = 2
{0: -636942.8664364995, 1: -636953.6236232161, 2: -636962.4537370697}
2
/trace/group/acmegroup/atimmins/testing/BEEF_Research/GaN_mp804/V_N/experiments/ex64_553/supercells/VAC_1/2/

LOG | No manual sigma provided for charge 2

LOG | Sigma: 2.207781

LOG | Accepted sigma: 2.207781 bohr
made the input

LOG | Coffee.py energy: 0.7698 eV
made the input

LOG | Coffee.py energy: 0.8593 eV
made the input

LOG | Coffee.py energy: 0.9211 eV
Attmepting to calculate lattice energy correction 
Setting correction energies 
Creating one_by_V/A arrays
[75, 144, 245]
[0.01333333 0.00694444 0.00408163]
Computing fit
[0.7698, 0.8593, 0.9211]
L2: 0.07308450663028664
L3: 0.058801929442234585
L4: 0.049255762426301
A
B
C
D
E_m_iso = 1.2550120710817516
E_lattice = 0.4852120710817516
Calculating potential alignment correction
dV_0p.py output: charge: 2
Shape of the data in the file: (192, 192, 180)

Defect Coords: 2.1630333648638076
Farthest coordinate from defect: 10.232033364863808
dV0p @ far from defect = 0.0006528839195119455

LOG | dV0p @ far from defect = 0.0006528839195119455
dV_mD.py output: /trace/home/atimmins/packages/coffee/CoFFEE_2.0/PotentialAlignment/Utilities/plavg.py:88: ComplexWarning: Casting complex values to real discards the imaginary part
  vol_a1[i] = Sum1/(a2_dim*a3_dim)
dir: a1
Shape of the data in the file: (192, 192, 180)
The first column in the files is in bohr


LOG | dVmD_model @ far from defect = 0.043541166797661075
dVmD_vdiff @ far from defect = 0.013317193413632456

LOG | dVmD_vdiff @ far from defect = 0.013317193413632456


LOG | #################################################

LOG | Charge: 2

LOG | total_FNV_correction: 0.45564098161723493

LOG | #################################################
FNV_energy: {'E_lattice': 0.4852120710817516, 'E_vq0m': -0.03022397338402862, 'E_vop': 0.0006528839195119455, 'total': 0.45564098161723493}
