
 submitted Quantum Espresso job
hostname
trace02.wec.local.cmu.edu

LOG | Environment variable ESPRESSO_PW_EXE': pw.x

LOG | Environment variable ESPRESSO_PP_EXE': pp.x

LOG | Environment variable COFFEE_DIR': /trace/home/atimmins/packages/coffee/CoFFEE_2.0/

LOG | Environment variable ESPRESSO_PP_EXE': pp.x

LOG | Espresso Command: mpirun pw.x -nd 1 -in PREFIX.pwi > PREFIX.pwo

LOG | Calculate Pristine Energy
correction_params: {'type': 'FNV', 'FNV': {'auto_select_bands': False, 'electrons_at_neutral': 2368, 'defect_level': 'shallow', 'band_by_charge': {-1: 1144, 0: 1144, 1: 1144}, 'sigma_by_charge': {}, 'epsilon': 17, 'grid_size': [216, 216, 250]}}
Current working directory: /trace/group/acmegroup/atimmins/testing/BEEF_Research/PbI2_mp22893/V_I/experiments/ex61_443
Failed to create path: /trace/group/acmegroup/atimmins/testing/BEEF_Research/PbI2_mp22893/V_I/experiments/ex61_443/supercells
Current working directory: /trace/group/acmegroup/atimmins/testing/BEEF_Research/PbI2_mp22893/V_I/experiments/ex61_443
Failed to create path: /trace/group/acmegroup/atimmins/testing/BEEF_Research/PbI2_mp22893/V_I/experiments/ex61_443/supercells/PRISTINE_0

LOG | Running DFT for defect: PRISTINE, num: 0, charge: 0
Current working directory: /trace/group/acmegroup/atimmins/testing/BEEF_Research/PbI2_mp22893/V_I/experiments/ex61_443
Failed to create path: /trace/group/acmegroup/atimmins/testing/BEEF_Research/PbI2_mp22893/V_I/experiments/ex61_443/supercells/PRISTINE_0/0

LOG | Searching for espresso.pwo

LOG | Current directory: /trace/group/acmegroup/atimmins/testing/BEEF_Research/PbI2_mp22893/V_I/experiments/ex61_443/supercells/PRISTINE_0/0/unitcell

LOG | The file 'espresso.pwo' has been found! Huzzah!

LOG | Job complete found!

LOG | Total energy = -27532.949713956205 eV!

LOG | Searching for espresso.pwo

LOG | Current directory: /trace/group/acmegroup/atimmins/testing/BEEF_Research/PbI2_mp22893/V_I/experiments/ex61_443/supercells/PRISTINE_0/0

LOG | The file 'espresso.pwo' has been found! Huzzah!

LOG | Job complete found!

LOG | Total energy = -1321581.647984827 eV!

LOG | valid_file_found__supercell_output: True

LOG | valid_file_found__wfcs: False

LOG | valid_file_found__pp_requiring_wfcs: True

LOG | valid_file_found__pp_not_requiring_wfcs: True

LOG | run_pw_unitcell: False

LOG | run_pw_supercell: False

LOG | run_pp_that_requires_wfc: False

LOG | run_pp_that_doesnt_require_wfc: False

LOG | DFT Calculation of Pristine Supercell: True

LOG | 
Adding Defect: VAC, {'I': -1, 'Pb': 0}
allowed_defect_composition: defaultdict(<class 'float'>, {'Pb': 48.0, 'I': 96.0})
VAC_Pb47 I96_[ 2.35589092  4.0796337  22.1330772 ] Pb
VAC_Pb48 I95_[2.3557356  1.359766   5.48264436] I
New unique defect: VAC_Pb48 I95_[2.3557356  1.359766   5.48264436] I

LOG | Environment variable ESPRESSO_PP_EXE': pp.x

LOG | Calculating Defect Energy

LOG | Calculating Defect Energy of defect: VAC_Pb48 I95_[2.3557356  1.359766   5.48264436] I
correction_params: {'type': 'FNV', 'FNV': {'auto_select_bands': False, 'electrons_at_neutral': 2368, 'defect_level': 'shallow', 'band_by_charge': {-1: 1144, 0: 1144, 1: 1144}, 'sigma_by_charge': {}, 'epsilon': 17, 'grid_size': [216, 216, 250]}}
Current working directory: /trace/group/acmegroup/atimmins/testing/BEEF_Research/PbI2_mp22893/V_I/experiments/ex61_443
Failed to create path: /trace/group/acmegroup/atimmins/testing/BEEF_Research/PbI2_mp22893/V_I/experiments/ex61_443/supercells
Current working directory: /trace/group/acmegroup/atimmins/testing/BEEF_Research/PbI2_mp22893/V_I/experiments/ex61_443
Failed to create path: /trace/group/acmegroup/atimmins/testing/BEEF_Research/PbI2_mp22893/V_I/experiments/ex61_443/supercells/VAC_1

LOG | Running DFT for defect: VAC, num: 1, charge: 0
Current working directory: /trace/group/acmegroup/atimmins/testing/BEEF_Research/PbI2_mp22893/V_I/experiments/ex61_443
Failed to create path: /trace/group/acmegroup/atimmins/testing/BEEF_Research/PbI2_mp22893/V_I/experiments/ex61_443/supercells/VAC_1/0

LOG | Searching for espresso.pwo

LOG | Current directory: /trace/group/acmegroup/atimmins/testing/BEEF_Research/PbI2_mp22893/V_I/experiments/ex61_443/supercells/VAC_1/0

LOG | The file 'espresso.pwo' has been found! Huzzah!

LOG | Job complete found!

LOG | Total energy = -1313911.4465081878 eV!

LOG | valid_file_found__supercell_output: True

LOG | valid_file_found__wfcs: False

LOG | valid_file_found__pp_requiring_wfcs: True

LOG | valid_file_found__pp_not_requiring_wfcs: True

LOG | run_pw_unitcell: False

LOG | run_pw_supercell: False

LOG | run_pp_that_requires_wfc: False

LOG | run_pp_that_doesnt_require_wfc: False

LOG | Running DFT for defect: VAC, num: 1, charge: 1
Current working directory: /trace/group/acmegroup/atimmins/testing/BEEF_Research/PbI2_mp22893/V_I/experiments/ex61_443
Failed to create path: /trace/group/acmegroup/atimmins/testing/BEEF_Research/PbI2_mp22893/V_I/experiments/ex61_443/supercells/VAC_1/1

LOG | Searching for espresso.pwo

LOG | Current directory: /trace/group/acmegroup/atimmins/testing/BEEF_Research/PbI2_mp22893/V_I/experiments/ex61_443/supercells/VAC_1/1

LOG | The file 'espresso.pwo' has been found! Huzzah!

LOG | Job complete found!

LOG | Total energy = -1313916.8153374805 eV!

LOG | valid_file_found__supercell_output: True

LOG | valid_file_found__wfcs: False

LOG | valid_file_found__pp_requiring_wfcs: True

LOG | valid_file_found__pp_not_requiring_wfcs: True

LOG | run_pw_unitcell: False

LOG | run_pw_supercell: False

LOG | run_pp_that_requires_wfc: False

LOG | run_pp_that_doesnt_require_wfc: False

LOG | Running DFT for defect: VAC, num: 1, charge: -1
Current working directory: /trace/group/acmegroup/atimmins/testing/BEEF_Research/PbI2_mp22893/V_I/experiments/ex61_443
Failed to create path: /trace/group/acmegroup/atimmins/testing/BEEF_Research/PbI2_mp22893/V_I/experiments/ex61_443/supercells/VAC_1/-1

LOG | Searching for espresso.pwo

LOG | Current directory: /trace/group/acmegroup/atimmins/testing/BEEF_Research/PbI2_mp22893/V_I/experiments/ex61_443/supercells/VAC_1/-1

LOG | The file 'espresso.pwo' has been found! Huzzah!

LOG | Job complete found!

LOG | Total energy = -1313906.364294478 eV!

LOG | valid_file_found__supercell_output: True

LOG | valid_file_found__wfcs: False

LOG | valid_file_found__pp_requiring_wfcs: True

LOG | valid_file_found__pp_not_requiring_wfcs: True

LOG | run_pw_unitcell: False

LOG | run_pw_supercell: False

LOG | run_pp_that_requires_wfc: False

LOG | run_pp_that_doesnt_require_wfc: False

LOG | Calculating Defect Formation Energy from VAC_1

LOG | Epsilon value cannot be fetched from materials project.

LOG | Epsilon manually set to 17.
Defect Loc: [0.16666304168771748, 0.08332239037695655, 0.24771134899509362]
supercell_dimensions: [18.84507608 18.84504253 22.13313752]

LOG | Environment variable COFFEE_DIR': /trace/home/atimmins/packages/coffee/CoFFEE_2.0/

LOG | Calculating DFE for VAC_1, charge = 0
{0: -1313911.4465081878, 1: -1313916.8153374805, -1: -1313906.364294478}

LOG | Calculating DFE for VAC_1, charge = 1
{0: -1313911.4465081878, 1: -1313916.8153374805, -1: -1313906.364294478}
1
/trace/group/acmegroup/atimmins/testing/BEEF_Research/PbI2_mp22893/V_I/experiments/ex61_443/supercells/VAC_1/1/

LOG | No manual sigma provided for charge 1

LOG | Sigma: 3.828869

LOG | Accepted sigma: 3.828869 bohr
made the input

LOG | Coffee.py energy: 0.0786 eV
made the input

LOG | Coffee.py energy: 0.0952 eV
made the input

LOG | Coffee.py energy: 0.106 eV
Attmepting to calculate lattice energy correction 
Setting correction energies 
Creating one_by_V/A arrays
[48, 100, 180]
[0.02083333 0.01       0.00555556]
Computing fit
[0.0786, 0.0952, 0.106]
L2: 0.05840477437460658
L3: 0.04572939225778316
L4: 0.03759279311264638
A
B
C
D
E_m_iso = 0.1567583251632752
E_lattice = 0.0781583251632752
Calculating potential alignment correction
dV_0p.py output: charge: 1
Shape of the data in the file: (216, 216, 250)

Defect Coords: 3.140777699682949
Farthest coordinate from defect: 12.519777699682948
dV0p @ far from defect = -0.06022077653451397

LOG | dV0p @ far from defect = -0.06022077653451397
dV_mD.py output: /trace/home/atimmins/packages/coffee/CoFFEE_2.0/PotentialAlignment/Utilities/plavg.py:88: ComplexWarning: Casting complex values to real discards the imaginary part
  vol_a1[i] = Sum1/(a2_dim*a3_dim)
dir: a1
Shape of the data in the file: (216, 216, 250)
The first column in the files is in bohr


LOG | dVmD_model @ far from defect = 0.009551956094749715
dVmD_vdiff @ far from defect = 0.0009504277336798369

LOG | dVmD_vdiff @ far from defect = 0.0009504277336798369


LOG | #################################################

LOG | Charge: 1

LOG | total_FNV_correction: 0.009336020267691349

LOG | #################################################
FNV_energy: {'E_lattice': 0.0781583251632752, 'E_vq0m': -0.008601528361069878, 'E_vop': -0.06022077653451397, 'total': 0.009336020267691349}

LOG | Calculating DFE for VAC_1, charge = -1
{0: -1313911.4465081878, 1: -1313916.8153374805, -1: -1313906.364294478}
-1
/trace/group/acmegroup/atimmins/testing/BEEF_Research/PbI2_mp22893/V_I/experiments/ex61_443/supercells/VAC_1/-1/

LOG | No manual sigma provided for charge -1

LOG | Sigma: 2.786609

LOG | Accepted sigma: 2.786609 bohr
made the input

LOG | Coffee.py energy: 0.1344 eV
made the input

LOG | Coffee.py energy: 0.1519 eV
made the input

LOG | Coffee.py energy: 0.1631 eV
Attmepting to calculate lattice energy correction 
Setting correction energies 
Creating one_by_V/A arrays
[48, 100, 180]
[0.02083333 0.01       0.00555556]
Computing fit
[0.1344, 0.1519, 0.1631]
L2: 0.05840477437460658
L3: 0.04572939225778316
L4: 0.03759279311264638
A
B
C
D
E_m_iso = 0.21464566443188624
E_lattice = 0.08024566443188624
Calculating potential alignment correction
dV_0p.py output: charge: -1
Shape of the data in the file: (216, 216, 250)

Defect Coords: 3.140777699682949
Farthest coordinate from defect: 12.519777699682948
dV0p @ far from defect = 0.06022077653451397

LOG | dV0p @ far from defect = 0.06022077653451397
dV_mD.py output: /trace/home/atimmins/packages/coffee/CoFFEE_2.0/PotentialAlignment/Utilities/plavg.py:88: ComplexWarning: Casting complex values to real discards the imaginary part
  vol_a1[i] = Sum1/(a2_dim*a3_dim)
dir: a1
Shape of the data in the file: (216, 216, 250)
The first column in the files is in bohr


LOG | dVmD_model @ far from defect = -0.009954526094749715
dVmD_vdiff @ far from defect = 0.011294009657540781

LOG | dVmD_vdiff @ far from defect = 0.011294009657540781


LOG | #################################################

LOG | Charge: -1

LOG | total_FNV_correction: 0.1617149767186907

LOG | #################################################
FNV_energy: {'E_lattice': 0.08024566443188624, 'E_vq0m': 0.021248535752290496, 'E_vop': 0.06022077653451397, 'total': 0.1617149767186907}
