Warning: ieee_underflow is signaling
Warning: ieee_inexact is signaling
  255
--------------------------------------------------------------------------
Primary job  terminated normally, but 1 process returned
a non-zero exit code. Per user-direction, the job has been aborted.
--------------------------------------------------------------------------
Warning: ieee_underflow is signaling
Warning: ieee_inexact is signaling
  255
Warning: ieee_underflow is signaling
Warning: ieee_inexact is signaling
  255
Warning: ieee_underflow is signaling
Warning: ieee_inexact is signaling
  255
Warning: ieee_underflow is signaling
Warning: ieee_inexact is signaling
  255
Warning: ieee_underflow is signaling
Warning: ieee_inexact is signaling
  255
Warning: ieee_underflow is signaling
Warning: ieee_inexact is signaling
  255
Warning: ieee_underflow is signaling
Warning: ieee_inexact is signaling
  255
Warning: ieee_underflow is signaling
Warning: ieee_inexact is signaling
  255
Warning: ieee_underflow is signaling
Warning: ieee_inexact is signaling
  255
Warning: ieee_underflow is signaling
Warning: ieee_inexact is signaling
  255
Warning: ieee_underflow is signaling
Warning: ieee_inexact is signaling
  255
Warning: ieee_underflow is signaling
Warning: ieee_inexact is signaling
  255
Warning: ieee_underflow is signaling
Warning: ieee_inexact is signaling
  255
Warning: ieee_underflow is signaling
Warning: ieee_inexact is signaling
  255
Warning: ieee_underflow is signaling
Warning: ieee_inexact is signaling
  255
Warning: ieee_underflow is signaling
Warning: ieee_inexact is signaling
  255
Warning: ieee_underflow is signaling
Warning: ieee_inexact is signaling
  255
Warning: ieee_underflow is signaling
Warning: ieee_inexact is signaling
  255
Warning: ieee_underflow is signaling
Warning: ieee_inexact is signaling
  255
Warning: ieee_underflow is signaling
Warning: ieee_inexact is signaling
  255
Warning: ieee_underflow is signaling
Warning: ieee_inexact is signaling
  255
Warning: ieee_underflow is signaling
Warning: ieee_inexact is signaling
  255
Warning: ieee_underflow is signaling
Warning: ieee_inexact is signaling
  255
Warning: ieee_underflow is signaling
Warning: ieee_inexact is signaling
  255
Warning: ieee_underflow is signaling
Warning: ieee_inexact is signaling
  255
Warning: ieee_underflow is signaling
Warning: ieee_inexact is signaling
  255
Warning: ieee_underflow is signaling
Warning: ieee_inexact is signaling
  255
Warning: ieee_underflow is signaling
Warning: ieee_inexact is signaling
  255
Warning: ieee_underflow is signaling
Warning: ieee_inexact is signaling
  255
Warning: ieee_underflow is signaling
Warning: ieee_inexact is signaling
  255
Warning: ieee_underflow is signaling
Warning: ieee_inexact is signaling
  255
Warning: ieee_underflow is signaling
Warning: ieee_inexact is signaling
  255
Warning: ieee_underflow is signaling
Warning: ieee_inexact is signaling
  255
Warning: ieee_underflow is signaling
Warning: ieee_inexact is signaling
  255
Warning: ieee_underflow is signaling
Warning: ieee_inexact is signaling
  255
Warning: ieee_underflow is signaling
Warning: ieee_inexact is signaling
  255
Warning: ieee_underflow is signaling
Warning: ieee_inexact is signaling
  255
Warning: ieee_underflow is signaling
Warning: ieee_inexact is signaling
  255
Warning: ieee_underflow is signaling
Warning: ieee_inexact is signaling
  255
Warning: ieee_underflow is signaling
Warning: ieee_inexact is signaling
  255
Warning: ieee_underflow is signaling
Warning: ieee_inexact is signaling
  255
Warning: ieee_underflow is signaling
Warning: ieee_inexact is signaling
  255
Warning: ieee_underflow is signaling
Warning: ieee_inexact is signaling
  255
Warning: ieee_underflow is signaling
Warning: ieee_inexact is signaling
  255
Warning: ieee_underflow is signaling
Warning: ieee_inexact is signaling
  255
Warning: ieee_underflow is signaling
Warning: ieee_inexact is signaling
  255
Warning: ieee_underflow is signaling
Warning: ieee_inexact is signaling
  255
Warning: ieee_underflow is signaling
Warning: ieee_inexact is signaling
  255
Warning: ieee_underflow is signaling
Warning: ieee_inexact is signaling
  255
Warning: ieee_underflow is signaling
Warning: ieee_inexact is signaling
  255
Warning: ieee_underflow is signaling
Warning: ieee_inexact is signaling
  255
Warning: ieee_underflow is signaling
Warning: ieee_inexact is signaling
  255
Warning: ieee_underflow is signaling
Warning: ieee_inexact is signaling
  255
Warning: ieee_underflow is signaling
Warning: ieee_inexact is signaling
  255
Warning: ieee_underflow is signaling
Warning: ieee_inexact is signaling
  255
Warning: ieee_underflow is signaling
Warning: ieee_inexact is signaling
  255
Warning: ieee_underflow is signaling
Warning: ieee_inexact is signaling
  255
Warning: ieee_underflow is signaling
Warning: ieee_inexact is signaling
  255
Warning: ieee_underflow is signaling
Warning: ieee_inexact is signaling
  255
Warning: ieee_underflow is signaling
Warning: ieee_inexact is signaling
  255
Warning: ieee_underflow is signaling
Warning: ieee_inexact is signaling
  255
Warning: ieee_underflow is signaling
Warning: ieee_inexact is signaling
  255
Warning: ieee_underflow is signaling
Warning: ieee_inexact is signaling
  255
Warning: ieee_underflow is signaling
Warning: ieee_inexact is signaling
  255
Warning: ieee_underflow is signaling
Warning: ieee_inexact is signaling
  255
Warning: ieee_underflow is signaling
Warning: ieee_inexact is signaling
  255
Warning: ieee_underflow is signaling
Warning: ieee_inexact is signaling
  255
Warning: ieee_underflow is signaling
Warning: ieee_inexact is signaling
  255
Warning: ieee_underflow is signaling
Warning: ieee_inexact is signaling
  255
Warning: ieee_underflow is signaling
Warning: ieee_inexact is signaling
  255
Warning: ieee_underflow is signaling
Warning: ieee_inexact is signaling
  255
Warning: ieee_underflow is signaling
Warning: ieee_inexact is signaling
  255
Warning: ieee_underflow is signaling
Warning: ieee_inexact is signaling
  255
Warning: ieee_underflow is signaling
Warning: ieee_inexact is signaling
  255
Warning: ieee_underflow is signaling
Warning: ieee_inexact is signaling
  255
Warning: ieee_underflow is signaling
Warning: ieee_inexact is signaling
  255
Warning: ieee_underflow is signaling
Warning: ieee_inexact is signaling
  255
Warning: ieee_underflow is signaling
Warning: ieee_inexact is signaling
  255
Warning: ieee_underflow is signaling
Warning: ieee_inexact is signaling
  255
Warning: ieee_underflow is signaling
Warning: ieee_inexact is signaling
  255
Warning: ieee_underflow is signaling
Warning: ieee_inexact is signaling
  255
Warning: ieee_underflow is signaling
Warning: ieee_inexact is signaling
  255
Warning: ieee_underflow is signaling
Warning: ieee_inexact is signaling
  255
Warning: ieee_underflow is signaling
Warning: ieee_inexact is signaling
  255
Warning: ieee_underflow is signaling
Warning: ieee_inexact is signaling
  255
Warning: ieee_underflow is signaling
Warning: ieee_inexact is signaling
  255
Warning: ieee_underflow is signaling
Warning: ieee_inexact is signaling
  255
Warning: ieee_underflow is signaling
Warning: ieee_inexact is signaling
  255
Warning: ieee_underflow is signaling
Warning: ieee_inexact is signaling
  255
Warning: ieee_underflow is signaling
Warning: ieee_inexact is signaling
  255
Warning: ieee_underflow is signaling
Warning: ieee_inexact is signaling
  255
Warning: ieee_underflow is signaling
Warning: ieee_inexact is signaling
  255
Warning: ieee_underflow is signaling
Warning: ieee_inexact is signaling
  255
Warning: ieee_underflow is signaling
Warning: ieee_inexact is signaling
  255
Warning: ieee_underflow is signaling
Warning: ieee_inexact is signaling
  255
Warning: ieee_underflow is signaling
Warning: ieee_inexact is signaling
  255
Warning: ieee_underflow is signaling
Warning: ieee_inexact is signaling
  255
Warning: ieee_underflow is signaling
Warning: ieee_inexact is signaling
  255
Warning: ieee_underflow is signaling
Warning: ieee_inexact is signaling
  255
Warning: ieee_underflow is signaling
Warning: ieee_inexact is signaling
  255
Warning: ieee_underflow is signaling
Warning: ieee_inexact is signaling
  255
Warning: ieee_underflow is signaling
Warning: ieee_inexact is signaling
  255
Warning: ieee_underflow is signaling
Warning: ieee_inexact is signaling
  255
Warning: ieee_underflow is signaling
Warning: ieee_inexact is signaling
  255
Warning: ieee_underflow is signaling
Warning: ieee_inexact is signaling
  255
Warning: ieee_underflow is signaling
Warning: ieee_inexact is signaling
  255
Warning: ieee_underflow is signaling
Warning: ieee_inexact is signaling
  255
Warning: ieee_underflow is signaling
Warning: ieee_inexact is signaling
  255
Warning: ieee_underflow is signaling
Warning: ieee_inexact is signaling
  255
Warning: ieee_underflow is signaling
Warning: ieee_inexact is signaling
  255
Warning: ieee_underflow is signaling
Warning: ieee_inexact is signaling
  255
Warning: ieee_underflow is signaling
Warning: ieee_inexact is signaling
  255
Warning: ieee_underflow is signaling
Warning: ieee_inexact is signaling
  255
Warning: ieee_underflow is signaling
Warning: ieee_inexact is signaling
  255
Warning: ieee_underflow is signaling
Warning: ieee_inexact is signaling
  255
Warning: ieee_underflow is signaling
Warning: ieee_inexact is signaling
  255
Warning: ieee_underflow is signaling
Warning: ieee_inexact is signaling
  255
Warning: ieee_underflow is signaling
Warning: ieee_inexact is signaling
  255
Warning: ieee_underflow is signaling
Warning: ieee_inexact is signaling
  255
Warning: ieee_underflow is signaling
Warning: ieee_inexact is signaling
  255
Warning: ieee_underflow is signaling
Warning: ieee_inexact is signaling
  255
Warning: ieee_underflow is signaling
Warning: ieee_inexact is signaling
  255
Warning: ieee_underflow is signaling
Warning: ieee_inexact is signaling
  255
Warning: ieee_underflow is signaling
Warning: ieee_inexact is signaling
  255
Warning: ieee_underflow is signaling
Warning: ieee_inexact is signaling
  255
Warning: ieee_underflow is signaling
Warning: ieee_inexact is signaling
  255
Warning: ieee_underflow is signaling
Warning: ieee_inexact is signaling
  255
Warning: ieee_underflow is signaling
Warning: ieee_inexact is signaling
  255
--------------------------------------------------------------------------
mpirun detected that one or more processes exited with non-zero status, thus causing
the job to be terminated. The first process to do so was:

  Process name: [[63236,1],32]
  Exit code:    255
--------------------------------------------------------------------------
