########################################################
CoFFEE: Corrections For Formation Energies and 
        Eigenvalues for charged defect simulations
########################################################
Running on 1 processor(s)
CELL PARAMETERS:
Cell dimensions (bohr): 35.612, 35.612,41.826 
Lattice vectors (normalized):
a1: 1.000, -0.000, 0.000
a2: -0.500, 0.866, -0.000
a3: 0.000, -0.000, 1.174
Plane-wave energy cut-off (Ry): 140.000 

GAUSSIAN_PARAMETERS:
Total charge: 1
Center of the gaussian (in crystal units):
0.16666304168771748 0.08332239037695655 0.24771134899509362
Gaussian width (bohr):
3.828869


DIELECTRIC PARAMETERS
Profile: Bulk
epsilon tensor:
[[17.  0.  0.]
 [ 0. 17.  0.]
 [ 0.  0. 17.]]


Grid: 119, 119, 187
Volume: 53951.965
!  Total Energy (eV): 0.0786
Execution time: 12.56 s
