
 submitted Quantum Espresso job
hostname
12.wec.local.cmu.edu

LOG | Environment variable ESPRESSO_PW_EXE': pw.x

LOG | Environment variable ESPRESSO_PP_EXE': pp.x

LOG | Environment variable COFFEE_DIR': //home//packages/coffee/CoFFEE_2.0/

LOG | Environment variable ESPRESSO_PP_EXE': pp.x

LOG | Espresso Command: mpirun pw.x -nd 1 -in PREFIX.pwi > PREFIX.pwo

LOG | Calculate Pristine Energy
correction_params: {'type': 'FNV', 'FNV': {'auto_select_bands': False, 'electrons_at_neutral': 2368, 'defect_level': 'shallow', 'band_by_charge': {-2: 769, -1: 769, 0: 769, 1: 769, 2: 769, 3: 770, -3: 769}, 'sigma_by_charge': {}, 'epsilon': 17, 'grid_size': [216, 216, 180]}}
Current working directory: //group///testing/BEEF_Research/PbI2_mp22893/I_Pb/experiments/ex51_442
Failed to create path: //group///testing/BEEF_Research/PbI2_mp22893/I_Pb/experiments/ex51_442/supercells
Current working directory: //group///testing/BEEF_Research/PbI2_mp22893/I_Pb/experiments/ex51_442
Failed to create path: //group///testing/BEEF_Research/PbI2_mp22893/I_Pb/experiments/ex51_442/supercells/PRISTINE_0

LOG | Running DFT for defect: PRISTINE, num: 0, charge: 0
Current working directory: //group///testing/BEEF_Research/PbI2_mp22893/I_Pb/experiments/ex51_442
Failed to create path: //group///testing/BEEF_Research/PbI2_mp22893/I_Pb/experiments/ex51_442/supercells/PRISTINE_0/0

LOG | Searching for espresso.pwo

LOG | Current directory: //group///testing/BEEF_Research/PbI2_mp22893/I_Pb/experiments/ex51_442/supercells/PRISTINE_0/0/unitcell

LOG | The file 'espresso.pwo' has been found! Huzzah!

LOG | Job complete found!

LOG | Total energy = -27532.949644158944 eV!

LOG | Searching for espresso.pwo

LOG | Current directory: //group///testing/BEEF_Research/PbI2_mp22893/I_Pb/experiments/ex51_442/supercells/PRISTINE_0/0

LOG | The file 'espresso.pwo' has been found! Huzzah!

LOG | Job complete found!

LOG | Total energy = -881054.4000160267 eV!

LOG | valid_file_found__supercell_output: True

LOG | valid_file_found__wfcs: False

LOG | valid_file_found__pp_requiring_wfcs: True

LOG | valid_file_found__pp_not_requiring_wfcs: True

LOG | run_pw_unitcell: False

LOG | run_pw_supercell: False

LOG | run_pp_that_requires_wfc: False

LOG | run_pp_that_doesnt_require_wfc: False

LOG | DFT Calculation of Pristine Supercell: True

LOG | 
Adding Defect: SUB, {'I': 1, 'Pb': -1}
allowed_defect_composition: defaultdict(<class 'float'>, {'Pb': 32.0, 'I': 64.0})
Pb31 I65
New unique defect: SUB_Pb31 I65_[ 2.35548353  4.07917032 14.75411227] I

LOG | Environment variable ESPRESSO_PP_EXE': pp.x

LOG | Calculating Defect Energy

LOG | Calculating Defect Energy of defect: SUB_Pb31 I65_[ 2.35548353  4.07917032 14.75411227] I
correction_params: {'type': 'FNV', 'FNV': {'auto_select_bands': False, 'electrons_at_neutral': 2368, 'defect_level': 'shallow', 'band_by_charge': {-2: 769, -1: 769, 0: 769, 1: 769, 2: 769, 3: 770, -3: 769}, 'sigma_by_charge': {}, 'epsilon': 17, 'grid_size': [216, 216, 180]}}
Current working directory: //group///testing/BEEF_Research/PbI2_mp22893/I_Pb/experiments/ex51_442
Failed to create path: //group///testing/BEEF_Research/PbI2_mp22893/I_Pb/experiments/ex51_442/supercells
Current working directory: //group///testing/BEEF_Research/PbI2_mp22893/I_Pb/experiments/ex51_442
Failed to create path: //group///testing/BEEF_Research/PbI2_mp22893/I_Pb/experiments/ex51_442/supercells/SUB_1

LOG | Running DFT for defect: SUB, num: 1, charge: 0
Current working directory: //group///testing/BEEF_Research/PbI2_mp22893/I_Pb/experiments/ex51_442
Failed to create path: //group///testing/BEEF_Research/PbI2_mp22893/I_Pb/experiments/ex51_442/supercells/SUB_1/0

LOG | Searching for espresso.pwo

LOG | Current directory: //group///testing/BEEF_Research/PbI2_mp22893/I_Pb/experiments/ex51_442/supercells/SUB_1/0

LOG | The file 'espresso.pwo' has been found! Huzzah!

LOG | Job complete found!

LOG | Total energy = -876523.6484382622 eV!

LOG | valid_file_found__supercell_output: True

LOG | valid_file_found__wfcs: False

LOG | valid_file_found__pp_requiring_wfcs: True

LOG | valid_file_found__pp_not_requiring_wfcs: True

LOG | run_pw_unitcell: False

LOG | run_pw_supercell: False

LOG | run_pp_that_requires_wfc: False

LOG | run_pp_that_doesnt_require_wfc: False

LOG | Running DFT for defect: SUB, num: 1, charge: 1
Current working directory: //group///testing/BEEF_Research/PbI2_mp22893/I_Pb/experiments/ex51_442
Failed to create path: //group///testing/BEEF_Research/PbI2_mp22893/I_Pb/experiments/ex51_442/supercells/SUB_1/1

LOG | Searching for espresso.pwo

LOG | Current directory: //group///testing/BEEF_Research/PbI2_mp22893/I_Pb/experiments/ex51_442/supercells/SUB_1/1

LOG | The file 'espresso.pwo' has been found! Huzzah!

LOG | Job complete found!

LOG | Total energy = -876527.5503967445 eV!

LOG | valid_file_found__supercell_output: True

LOG | valid_file_found__wfcs: False

LOG | valid_file_found__pp_requiring_wfcs: True

LOG | valid_file_found__pp_not_requiring_wfcs: True

LOG | run_pw_unitcell: False

LOG | run_pw_supercell: False

LOG | run_pp_that_requires_wfc: False

LOG | run_pp_that_doesnt_require_wfc: False

LOG | Running DFT for defect: SUB, num: 1, charge: -1
Current working directory: //group///testing/BEEF_Research/PbI2_mp22893/I_Pb/experiments/ex51_442
Failed to create path: //group///testing/BEEF_Research/PbI2_mp22893/I_Pb/experiments/ex51_442/supercells/SUB_1/-1

LOG | Searching for espresso.pwo

LOG | Current directory: //group///testing/BEEF_Research/PbI2_mp22893/I_Pb/experiments/ex51_442/supercells/SUB_1/-1

LOG | The file 'espresso.pwo' has been found! Huzzah!

LOG | Job complete found!

LOG | Total energy = -876519.5095994395 eV!

LOG | valid_file_found__supercell_output: True

LOG | valid_file_found__wfcs: False

LOG | valid_file_found__pp_requiring_wfcs: True

LOG | valid_file_found__pp_not_requiring_wfcs: True

LOG | run_pw_unitcell: False

LOG | run_pw_supercell: False

LOG | run_pp_that_requires_wfc: False

LOG | run_pp_that_doesnt_require_wfc: False

LOG | Running DFT for defect: SUB, num: 1, charge: 2
Current working directory: //group///testing/BEEF_Research/PbI2_mp22893/I_Pb/experiments/ex51_442
Failed to create path: //group///testing/BEEF_Research/PbI2_mp22893/I_Pb/experiments/ex51_442/supercells/SUB_1/2

LOG | Searching for espresso.pwo

LOG | Current directory: //group///testing/BEEF_Research/PbI2_mp22893/I_Pb/experiments/ex51_442/supercells/SUB_1/2

LOG | The file 'espresso.pwo' has been found! Huzzah!

LOG | Job complete found!

LOG | Total energy = -876531.2981851856 eV!

LOG | valid_file_found__supercell_output: True

LOG | valid_file_found__wfcs: False

LOG | valid_file_found__pp_requiring_wfcs: True

LOG | valid_file_found__pp_not_requiring_wfcs: True

LOG | run_pw_unitcell: False

LOG | run_pw_supercell: False

LOG | run_pp_that_requires_wfc: False

LOG | run_pp_that_doesnt_require_wfc: False

LOG | Running DFT for defect: SUB, num: 1, charge: -2
Current working directory: //group///testing/BEEF_Research/PbI2_mp22893/I_Pb/experiments/ex51_442
Failed to create path: //group///testing/BEEF_Research/PbI2_mp22893/I_Pb/experiments/ex51_442/supercells/SUB_1/-2

LOG | Searching for espresso.pwo

LOG | Current directory: //group///testing/BEEF_Research/PbI2_mp22893/I_Pb/experiments/ex51_442/supercells/SUB_1/-2

LOG | The file 'espresso.pwo' has been found! Huzzah!

LOG | Job complete found!

LOG | Total energy = -876515.0216347151 eV!

LOG | valid_file_found__supercell_output: True

LOG | valid_file_found__wfcs: False

LOG | valid_file_found__pp_requiring_wfcs: True

LOG | valid_file_found__pp_not_requiring_wfcs: True

LOG | run_pw_unitcell: False

LOG | run_pw_supercell: False

LOG | run_pp_that_requires_wfc: False

LOG | run_pp_that_doesnt_require_wfc: False

LOG | Running DFT for defect: SUB, num: 1, charge: 3
Current working directory: //group///testing/BEEF_Research/PbI2_mp22893/I_Pb/experiments/ex51_442
Failed to create path: //group///testing/BEEF_Research/PbI2_mp22893/I_Pb/experiments/ex51_442/supercells/SUB_1/3

LOG | Searching for espresso.pwo

LOG | Current directory: //group///testing/BEEF_Research/PbI2_mp22893/I_Pb/experiments/ex51_442/supercells/SUB_1/3

LOG | The file 'espresso.pwo' has been found! Huzzah!

LOG | Job complete found!

LOG | Total energy = -876535.4338217699 eV!

LOG | valid_file_found__supercell_output: True

LOG | valid_file_found__wfcs: False

LOG | valid_file_found__pp_requiring_wfcs: True

LOG | valid_file_found__pp_not_requiring_wfcs: True

LOG | run_pw_unitcell: False

LOG | run_pw_supercell: False

LOG | run_pp_that_requires_wfc: False

LOG | run_pp_that_doesnt_require_wfc: False

LOG | Running DFT for defect: SUB, num: 1, charge: -3
Current working directory: //group///testing/BEEF_Research/PbI2_mp22893/I_Pb/experiments/ex51_442
Failed to create path: //group///testing/BEEF_Research/PbI2_mp22893/I_Pb/experiments/ex51_442/supercells/SUB_1/-3

LOG | Searching for espresso.pwo

LOG | Current directory: //group///testing/BEEF_Research/PbI2_mp22893/I_Pb/experiments/ex51_442/supercells/SUB_1/-3

LOG | The file 'espresso.pwo' has been found! Huzzah!

LOG | Job complete found!

LOG | Total energy = -876509.9714395808 eV!

LOG | valid_file_found__supercell_output: True

LOG | valid_file_found__wfcs: False

LOG | valid_file_found__pp_requiring_wfcs: True

LOG | valid_file_found__pp_not_requiring_wfcs: True

LOG | run_pw_unitcell: False

LOG | run_pw_supercell: False

LOG | run_pp_that_requires_wfc: False

LOG | run_pp_that_doesnt_require_wfc: False

LOG | Calculating Defect Formation Energy from SUB_1

LOG | Epsilon value cannot be fetched from materials project.

LOG | Epsilon manually set to 17.
Defect Loc: [0.24999442115033738, 0.24999072315106372, 0.999994658462345]
supercell_dimensions: [18.84256629 18.84252976 14.75420742]

LOG | Environment variable COFFEE_DIR': //home//packages/coffee/CoFFEE_2.0/

LOG | Calculating DFE for SUB_1, charge = 0
{0: -876523.6484382622, 1: -876527.5503967445, -1: -876519.5095994395, 2: -876531.2981851856, -2: -876515.0216347151, 3: -876535.4338217699, -3: -876509.9714395808}

LOG | Calculating DFE for SUB_1, charge = 1
{0: -876523.6484382622, 1: -876527.5503967445, -1: -876519.5095994395, 2: -876531.2981851856, -2: -876515.0216347151, 3: -876535.4338217699, -3: -876509.9714395808}
1
//group///testing/BEEF_Research/PbI2_mp22893/I_Pb/experiments/ex51_442/supercells/SUB_1/1/

LOG | No manual sigma provided for charge 1

LOG | Sigma: 2.543486

LOG | Accepted sigma: 2.543486 bohr
made the input

LOG | Coffee.py energy: 0.0728 eV
made the input

LOG | Coffee.py energy: 0.082 eV
made the input

LOG | Coffee.py energy: 0.0884 eV
Attmepting to calculate lattice energy correction 
Setting correction energies 
Creating one_by_V/A arrays
[32, 75, 144]
[0.03125    0.01333333 0.00694444]
Computing fit
[0.0728, 0.082, 0.0884]
L2: 0.06686568222454664
L3: 0.05033841285520652
L4: 0.040501002707997884
A
B
C
D
E_m_iso = 0.11893253849642053
E_lattice = 0.04613253849642053
Calculating potential alignment correction
dV_0p.py output: charge: 1
Shape of the data in the file: (216, 216, 180)

Defect Coords: 4.710536452852736
Farthest coordinate from defect: 14.088036452852736
dV0p @ far from defect = -0.008997711221638515

LOG | dV0p @ far from defect = -0.008997711221638515
dV_mD.py output: //home//packages/coffee/CoFFEE_2.0/PotentialAlignment/Utilities/plavg.py:88: ComplexWarning: Casting complex values to real discards the imaginary part
  vol_a1[i] = Sum1/(a2_dim*a3_dim)
dir: a1
Shape of the data in the file: (216, 216, 180)
The first column in the files is in bohr


LOG | dVmD_model @ far from defect = 0.012536064524897186
dVmD_vdiff @ far from defect = 0.04125849700696525

LOG | dVmD_vdiff @ far from defect = 0.04125849700696525


LOG | #################################################

LOG | Charge: 1

LOG | total_FNV_correction: 0.06585725975685007

LOG | #################################################
FNV_energy: {'E_lattice': 0.04613253849642053, 'E_vq0m': 0.028722432482068065, 'E_vop': -0.008997711221638515, 'total': 0.06585725975685007}

LOG | Calculating DFE for SUB_1, charge = -1
{0: -876523.6484382622, 1: -876527.5503967445, -1: -876519.5095994395, 2: -876531.2981851856, -2: -876515.0216347151, 3: -876535.4338217699, -3: -876509.9714395808}
-1
//group///testing/BEEF_Research/PbI2_mp22893/I_Pb/experiments/ex51_442/supercells/SUB_1/-1/

LOG | No manual sigma provided for charge -1

LOG | Sigma: 2.123065

LOG | Accepted sigma: 2.123065 bohr
made the input

LOG | Coffee.py energy: 0.0957 eV
made the input

LOG | Coffee.py energy: 0.1051 eV
made the input

LOG | Coffee.py energy: 0.1116 eV
Attmepting to calculate lattice energy correction 
Setting correction energies 
Creating one_by_V/A arrays
[32, 75, 144]
[0.03125    0.01333333 0.00694444]
Computing fit
[0.0957, 0.1051, 0.1116]
L2: 0.06686568222454664
L3: 0.05033841285520652
L4: 0.040501002707997884
A
B
C
D
E_m_iso = 0.142458011638659
E_lattice = 0.04675801163865902
Calculating potential alignment correction
dV_0p.py output: charge: -1
Shape of the data in the file: (216, 216, 180)

Defect Coords: 4.710536452852736
Farthest coordinate from defect: 14.088036452852736
dV0p @ far from defect = 0.008997711221638515

LOG | dV0p @ far from defect = 0.008997711221638515
dV_mD.py output: //home//packages/coffee/CoFFEE_2.0/PotentialAlignment/Utilities/plavg.py:88: ComplexWarning: Casting complex values to real discards the imaginary part
  vol_a1[i] = Sum1/(a2_dim*a3_dim)
dir: a1
Shape of the data in the file: (216, 216, 180)
The first column in the files is in bohr


LOG | dVmD_model @ far from defect = -0.012679311157004396
dVmD_vdiff @ far from defect = -0.05616654461415587

LOG | dVmD_vdiff @ far from defect = -0.05616654461415587


LOG | #################################################

LOG | Charge: -1

LOG | total_FNV_correction: 0.012268489403146055

LOG | #################################################
FNV_energy: {'E_lattice': 0.04675801163865902, 'E_vq0m': -0.04348723345715148, 'E_vop': 0.008997711221638515, 'total': 0.012268489403146055}

LOG | Calculating DFE for SUB_1, charge = 2
{0: -876523.6484382622, 1: -876527.5503967445, -1: -876519.5095994395, 2: -876531.2981851856, -2: -876515.0216347151, 3: -876535.4338217699, -3: -876509.9714395808}
2
//group///testing/BEEF_Research/PbI2_mp22893/I_Pb/experiments/ex51_442/supercells/SUB_1/2/

LOG | No manual sigma provided for charge 2

LOG | Sigma: 1.406928

LOG | Accepted sigma: 1.406928 bohr
made the input

LOG | Coffee.py energy: 0.6675 eV
made the input

LOG | Coffee.py energy: 0.7062 eV
made the input

LOG | Coffee.py energy: 0.7325 eV
Attmepting to calculate lattice energy correction 
Setting correction energies 
Creating one_by_V/A arrays
[32, 75, 144]
[0.03125    0.01333333 0.00694444]
Computing fit
[0.6675, 0.7062, 0.7325]
L2: 0.06686568222454664
L3: 0.05033841285520652
L4: 0.040501002707997884
A
B
C
D
E_m_iso = 0.8555609302323007
E_lattice = 0.18806093023230075
Calculating potential alignment correction
dV_0p.py output: charge: 2
Shape of the data in the file: (216, 216, 180)

Defect Coords: 4.710536452852736
Farthest coordinate from defect: 14.088036452852736
dV0p @ far from defect = -0.01799541738999575

LOG | dV0p @ far from defect = -0.01799541738999575
dV_mD.py output: //home//packages/coffee/CoFFEE_2.0/PotentialAlignment/Utilities/plavg.py:88: ComplexWarning: Casting complex values to real discards the imaginary part
  vol_a1[i] = Sum1/(a2_dim*a3_dim)
dir: a1
Shape of the data in the file: (216, 216, 180)
The first column in the files is in bohr


LOG | dVmD_model @ far from defect = 0.02572773231400879
dVmD_vdiff @ far from defect = 0.06514735755147702

LOG | dVmD_vdiff @ far from defect = 0.06514735755147702


LOG | #################################################

LOG | Charge: 2

LOG | total_FNV_correction: 0.20948513807977323

LOG | #################################################
FNV_energy: {'E_lattice': 0.18806093023230075, 'E_vq0m': 0.039419625237468225, 'E_vop': -0.01799541738999575, 'total': 0.20948513807977323}

LOG | Calculating DFE for SUB_1, charge = -2
{0: -876523.6484382622, 1: -876527.5503967445, -1: -876519.5095994395, 2: -876531.2981851856, -2: -876515.0216347151, 3: -876535.4338217699, -3: -876509.9714395808}
-2
//group///testing/BEEF_Research/PbI2_mp22893/I_Pb/experiments/ex51_442/supercells/SUB_1/-2/

LOG | No manual sigma provided for charge -2

LOG | Sigma: 1.805425

LOG | Accepted sigma: 1.805425 bohr
made the input

LOG | Coffee.py energy: 0.4809 eV
made the input

LOG | Coffee.py energy: 0.5191 eV
made the input

LOG | Coffee.py energy: 0.5453 eV
Attmepting to calculate lattice energy correction 
Setting correction energies 
Creating one_by_V/A arrays
[32, 75, 144]
[0.03125    0.01333333 0.00694444]
Computing fit
[0.4809, 0.5191, 0.5453]
L2: 0.06686568222454664
L3: 0.05033841285520652
L4: 0.040501002707997884
A
B
C
D
E_m_iso = 0.6688439785394927
E_lattice = 0.18794397853949274
Calculating potential alignment correction
dV_0p.py output: charge: -2
Shape of the data in the file: (216, 216, 180)

Defect Coords: 4.710536452852736
Farthest coordinate from defect: 14.088036452852736
dV0p @ far from defect = 0.01799541738999575

LOG | dV0p @ far from defect = 0.01799541738999575
dV_mD.py output: //home//packages/coffee/CoFFEE_2.0/PotentialAlignment/Utilities/plavg.py:88: ComplexWarning: Casting complex values to real discards the imaginary part
  vol_a1[i] = Sum1/(a2_dim*a3_dim)
dir: a1
Shape of the data in the file: (216, 216, 180)
The first column in the files is in bohr


LOG | dVmD_model @ far from defect = -0.025540822314008792
dVmD_vdiff @ far from defect = -0.09856959081412925

LOG | dVmD_vdiff @ far from defect = -0.09856959081412925


LOG | #################################################

LOG | Charge: -2

LOG | total_FNV_correction: 0.13291062742936804

LOG | #################################################
FNV_energy: {'E_lattice': 0.18794397853949274, 'E_vq0m': -0.07302876850012045, 'E_vop': 0.01799541738999575, 'total': 0.13291062742936804}

LOG | Calculating DFE for SUB_1, charge = 3
{0: -876523.6484382622, 1: -876527.5503967445, -1: -876519.5095994395, 2: -876531.2981851856, -2: -876515.0216347151, 3: -876535.4338217699, -3: -876509.9714395808}
3
//group///testing/BEEF_Research/PbI2_mp22893/I_Pb/experiments/ex51_442/supercells/SUB_1/3/

LOG | No manual sigma provided for charge 3

LOG | Sigma: 1.604768

LOG | Accepted sigma: 1.604768 bohr
made the input

LOG | Coffee.py energy: 1.2671 eV
made the input

LOG | Coffee.py energy: 1.3537 eV
made the input

LOG | Coffee.py energy: 1.4128 eV
Attmepting to calculate lattice energy correction 
Setting correction energies 
Creating one_by_V/A arrays
[32, 75, 144]
[0.03125    0.01333333 0.00694444]
Computing fit
[1.2671, 1.3537, 1.4128]
L2: 0.06686568222454664
L3: 0.05033841285520652
L4: 0.040501002707997884
A
B
C
D
E_m_iso = 1.690318886402883
E_lattice = 0.4232188864028832
Calculating potential alignment correction
dV_0p.py output: charge: 3
Shape of the data in the file: (216, 216, 180)

Defect Coords: 4.710536452852736
Farthest coordinate from defect: 14.088036452852736
dV0p @ far from defect = -0.026993128611634266

LOG | dV0p @ far from defect = -0.026993128611634266
dV_mD.py output: //home//packages/coffee/CoFFEE_2.0/PotentialAlignment/Utilities/plavg.py:88: ComplexWarning: Casting complex values to real discards the imaginary part
  vol_a1[i] = Sum1/(a2_dim*a3_dim)
dir: a1
Shape of the data in the file: (216, 216, 180)
The first column in the files is in bohr


LOG | dVmD_model @ far from defect = 0.03846110347101319
dVmD_vdiff @ far from defect = 0.07738259180723961

LOG | dVmD_vdiff @ far from defect = 0.07738259180723961


LOG | #################################################

LOG | Charge: 3

LOG | total_FNV_correction: 0.43514724612747535

LOG | #################################################
FNV_energy: {'E_lattice': 0.4232188864028832, 'E_vq0m': 0.03892148833622642, 'E_vop': -0.026993128611634266, 'total': 0.43514724612747535}

LOG | Calculating DFE for SUB_1, charge = -3
{0: -876523.6484382622, 1: -876527.5503967445, -1: -876519.5095994395, 2: -876531.2981851856, -2: -876515.0216347151, 3: -876535.4338217699, -3: -876509.9714395808}
-3
//group///testing/BEEF_Research/PbI2_mp22893/I_Pb/experiments/ex51_442/supercells/SUB_1/-3/

LOG | No manual sigma provided for charge -3

LOG | Sigma: 1.666297

LOG | Accepted sigma: 1.666297 bohr
made the input

LOG | Coffee.py energy: 1.2056 eV
made the input

LOG | Coffee.py energy: 1.292 eV
made the input

LOG | Coffee.py energy: 1.351 eV
Attmepting to calculate lattice energy correction 
Setting correction energies 
Creating one_by_V/A arrays
[32, 75, 144]
[0.03125    0.01333333 0.00694444]
Computing fit
[1.2056, 1.292, 1.351]
L2: 0.06686568222454664
L3: 0.05033841285520652
L4: 0.040501002707997884
A
B
C
D
E_m_iso = 1.6281934132606428
E_lattice = 0.4225934132606428
Calculating potential alignment correction
dV_0p.py output: charge: -3
Shape of the data in the file: (216, 216, 180)

Defect Coords: 4.710536452852736
Farthest coordinate from defect: 14.088036452852736
dV0p @ far from defect = 0.026993128611634266

LOG | dV0p @ far from defect = 0.026993128611634266
dV_mD.py output: //home//packages/coffee/CoFFEE_2.0/PotentialAlignment/Utilities/plavg.py:88: ComplexWarning: Casting complex values to real discards the imaginary part
  vol_a1[i] = Sum1/(a2_dim*a3_dim)
dir: a1
Shape of the data in the file: (216, 216, 180)
The first column in the files is in bohr


LOG | dVmD_model @ far from defect = -0.03841702347101319
dVmD_vdiff @ far from defect = -0.03859015451841817

LOG | dVmD_vdiff @ far from defect = -0.03859015451841817


LOG | #################################################

LOG | Charge: -3

LOG | total_FNV_correction: 0.44941341082487213

LOG | #################################################
FNV_energy: {'E_lattice': 0.4225934132606428, 'E_vq0m': -0.0001731310474049827, 'E_vop': 0.026993128611634266, 'total': 0.44941341082487213}
