########################################################
CoFFEE: Corrections For Formation Energies and 
        Eigenvalues for charged defect simulations
########################################################
Running on 1 processor(s)
CELL PARAMETERS:
Cell dimensions (bohr): 35.612, 35.612,41.826 
Lattice vectors (normalized):
a1: 1.000, -0.000, 0.000
a2: -0.500, 0.866, -0.000
a3: 0.000, -0.000, 1.044
Plane-wave energy cut-off (Ry): 140.000 

GAUSSIAN_PARAMETERS:
Total charge: 1
Center of the gaussian (in crystal units):
0.22221738891695664 0.11109652050260872 0.3715670234926404
Gaussian width (bohr):
3.856031


DIELECTRIC PARAMETERS
Profile: Bulk
epsilon tensor:
[[17.  0.  0.]
 [ 0. 17.  0.]
 [ 0.  0. 17.]]


Grid: 119, 119, 167
Volume: 47957.302
!  Total Energy (eV): 0.0623
Execution time: 10.47 s
