
 submitted Quantum Espresso job
hostname
03.wec.local.cmu.edu

LOG | Environment variable ESPRESSO_PW_EXE': pw.x

LOG | Environment variable ESPRESSO_PP_EXE': pp.x

LOG | Environment variable COFFEE_DIR': //home//packages/coffee/CoFFEE_2.0/

LOG | Environment variable ESPRESSO_PP_EXE': pp.x

LOG | Espresso Command: mpirun pw.x -nd 1 -in PREFIX.pwi > PREFIX.pwo

LOG | Calculate Pristine Energy
correction_params: {'type': 'FNV', 'FNV': {'auto_select_bands': False, 'electrons_at_neutral': 2368, 'defect_level': 'shallow', 'band_by_charge': {-2: 433, -1: 433, 0: 433, 1: 433, 2: 433}, 'sigma_by_charge': {}, 'epsilon': 17, 'grid_size': [160, 160, 180]}}
Current working directory: //group///testing/BEEF_Research/PbI2_mp22893/I_Pb/experiments/ex50_332
Failed to create path: //group///testing/BEEF_Research/PbI2_mp22893/I_Pb/experiments/ex50_332/supercells
Current working directory: //group///testing/BEEF_Research/PbI2_mp22893/I_Pb/experiments/ex50_332
Failed to create path: //group///testing/BEEF_Research/PbI2_mp22893/I_Pb/experiments/ex50_332/supercells/PRISTINE_0

LOG | Running DFT for defect: PRISTINE, num: 0, charge: 0
Current working directory: //group///testing/BEEF_Research/PbI2_mp22893/I_Pb/experiments/ex50_332
Failed to create path: //group///testing/BEEF_Research/PbI2_mp22893/I_Pb/experiments/ex50_332/supercells/PRISTINE_0/0

LOG | Searching for espresso.pwo

LOG | Current directory: //group///testing/BEEF_Research/PbI2_mp22893/I_Pb/experiments/ex50_332/supercells/PRISTINE_0/0/unitcell

LOG | The file 'espresso.pwo' has been found! Huzzah!

LOG | Job complete found!

LOG | Total energy = -27532.949713956205 eV!

LOG | Searching for espresso.pwo

LOG | Current directory: //group///testing/BEEF_Research/PbI2_mp22893/I_Pb/experiments/ex50_332/supercells/PRISTINE_0/0

LOG | The file 'espresso.pwo' has been found! Huzzah!

LOG | Job complete found!

LOG | Total energy = -495593.17486390774 eV!

LOG | valid_file_found__supercell_output: True

LOG | valid_file_found__wfcs: False

LOG | valid_file_found__pp_requiring_wfcs: True

LOG | valid_file_found__pp_not_requiring_wfcs: True

LOG | run_pw_unitcell: False

LOG | run_pw_supercell: False

LOG | run_pp_that_requires_wfc: False

LOG | run_pp_that_doesnt_require_wfc: False

LOG | DFT Calculation of Pristine Supercell: True

LOG | 
Adding Defect: SUB, {'I': 1, 'Pb': -1}
allowed_defect_composition: defaultdict(<class 'float'>, {'Pb': 18.0, 'I': 36.0})
Pb17 I37
New unique defect: SUB_Pb17 I37_[ 2.35579468  4.07971885 14.75536469] I

LOG | Environment variable ESPRESSO_PP_EXE': pp.x

LOG | Calculating Defect Energy

LOG | Calculating Defect Energy of defect: SUB_Pb17 I37_[ 2.35579468  4.07971885 14.75536469] I
correction_params: {'type': 'FNV', 'FNV': {'auto_select_bands': False, 'electrons_at_neutral': 2368, 'defect_level': 'shallow', 'band_by_charge': {-2: 433, -1: 433, 0: 433, 1: 433, 2: 433}, 'sigma_by_charge': {}, 'epsilon': 17, 'grid_size': [160, 160, 180]}}
Current working directory: //group///testing/BEEF_Research/PbI2_mp22893/I_Pb/experiments/ex50_332
Failed to create path: //group///testing/BEEF_Research/PbI2_mp22893/I_Pb/experiments/ex50_332/supercells
Current working directory: //group///testing/BEEF_Research/PbI2_mp22893/I_Pb/experiments/ex50_332
Failed to create path: //group///testing/BEEF_Research/PbI2_mp22893/I_Pb/experiments/ex50_332/supercells/SUB_1

LOG | Running DFT for defect: SUB, num: 1, charge: 0
Current working directory: //group///testing/BEEF_Research/PbI2_mp22893/I_Pb/experiments/ex50_332
Failed to create path: //group///testing/BEEF_Research/PbI2_mp22893/I_Pb/experiments/ex50_332/supercells/SUB_1/0

LOG | Searching for espresso.pwo

LOG | Current directory: //group///testing/BEEF_Research/PbI2_mp22893/I_Pb/experiments/ex50_332/supercells/SUB_1/0

LOG | The file 'espresso.pwo' has been found! Huzzah!

LOG | Job complete found!

LOG | Total energy = -491062.4294508878 eV!

LOG | valid_file_found__supercell_output: True

LOG | valid_file_found__wfcs: False

LOG | valid_file_found__pp_requiring_wfcs: True

LOG | valid_file_found__pp_not_requiring_wfcs: True

LOG | run_pw_unitcell: False

LOG | run_pw_supercell: False

LOG | run_pp_that_requires_wfc: False

LOG | run_pp_that_doesnt_require_wfc: False

LOG | Running DFT for defect: SUB, num: 1, charge: 1
Current working directory: //group///testing/BEEF_Research/PbI2_mp22893/I_Pb/experiments/ex50_332
Failed to create path: //group///testing/BEEF_Research/PbI2_mp22893/I_Pb/experiments/ex50_332/supercells/SUB_1/1

LOG | Searching for espresso.pwo

LOG | Current directory: //group///testing/BEEF_Research/PbI2_mp22893/I_Pb/experiments/ex50_332/supercells/SUB_1/1

LOG | The file 'espresso.pwo' has been found! Huzzah!

LOG | Job complete found!

LOG | Total energy = -491066.3249183609 eV!

LOG | valid_file_found__supercell_output: True

LOG | valid_file_found__wfcs: False

LOG | valid_file_found__pp_requiring_wfcs: True

LOG | valid_file_found__pp_not_requiring_wfcs: True

LOG | run_pw_unitcell: False

LOG | run_pw_supercell: False

LOG | run_pp_that_requires_wfc: False

LOG | run_pp_that_doesnt_require_wfc: False

LOG | Running DFT for defect: SUB, num: 1, charge: -1
Current working directory: //group///testing/BEEF_Research/PbI2_mp22893/I_Pb/experiments/ex50_332
Failed to create path: //group///testing/BEEF_Research/PbI2_mp22893/I_Pb/experiments/ex50_332/supercells/SUB_1/-1

LOG | Searching for espresso.pwo

LOG | Current directory: //group///testing/BEEF_Research/PbI2_mp22893/I_Pb/experiments/ex50_332/supercells/SUB_1/-1

LOG | The file 'espresso.pwo' has been found! Huzzah!

LOG | Job complete found!

LOG | Total energy = -491058.27268069953 eV!

LOG | valid_file_found__supercell_output: True

LOG | valid_file_found__wfcs: False

LOG | valid_file_found__pp_requiring_wfcs: True

LOG | valid_file_found__pp_not_requiring_wfcs: True

LOG | run_pw_unitcell: False

LOG | run_pw_supercell: False

LOG | run_pp_that_requires_wfc: False

LOG | run_pp_that_doesnt_require_wfc: False

LOG | Running DFT for defect: SUB, num: 1, charge: 2
Current working directory: //group///testing/BEEF_Research/PbI2_mp22893/I_Pb/experiments/ex50_332
Failed to create path: //group///testing/BEEF_Research/PbI2_mp22893/I_Pb/experiments/ex50_332/supercells/SUB_1/2

LOG | Searching for espresso.pwo

LOG | Current directory: //group///testing/BEEF_Research/PbI2_mp22893/I_Pb/experiments/ex50_332/supercells/SUB_1/2

LOG | The file 'espresso.pwo' has been found! Huzzah!

LOG | Job complete found!

LOG | Total energy = -491070.6152590104 eV!

LOG | valid_file_found__supercell_output: True

LOG | valid_file_found__wfcs: False

LOG | valid_file_found__pp_requiring_wfcs: True

LOG | valid_file_found__pp_not_requiring_wfcs: True

LOG | run_pw_unitcell: False

LOG | run_pw_supercell: False

LOG | run_pp_that_requires_wfc: False

LOG | run_pp_that_doesnt_require_wfc: False

LOG | Running DFT for defect: SUB, num: 1, charge: -2
Current working directory: //group///testing/BEEF_Research/PbI2_mp22893/I_Pb/experiments/ex50_332
Failed to create path: //group///testing/BEEF_Research/PbI2_mp22893/I_Pb/experiments/ex50_332/supercells/SUB_1/-2

LOG | Searching for espresso.pwo

LOG | Current directory: //group///testing/BEEF_Research/PbI2_mp22893/I_Pb/experiments/ex50_332/supercells/SUB_1/-2

LOG | The file 'espresso.pwo' has been found! Huzzah!

LOG | Job complete found!

LOG | Total energy = -491053.75393266184 eV!

LOG | valid_file_found__supercell_output: True

LOG | valid_file_found__wfcs: False

LOG | valid_file_found__pp_requiring_wfcs: True

LOG | valid_file_found__pp_not_requiring_wfcs: True

LOG | run_pw_unitcell: False

LOG | run_pw_supercell: False

LOG | run_pp_that_requires_wfc: False

LOG | run_pp_that_doesnt_require_wfc: False

LOG | Calculating Defect Formation Energy from SUB_1

LOG | Epsilon value cannot be fetched from materials project.

LOG | Epsilon manually set to 17.
Defect Loc: [0.33332592389729665, 0.3333208661352303, 0.9999970191186551]
supercell_dimensions: [14.13380706 14.1337819  14.75542501]

LOG | Environment variable COFFEE_DIR': //home//packages/coffee/CoFFEE_2.0/

LOG | Calculating DFE for SUB_1, charge = 0
{0: -491062.4294508878, 1: -491066.3249183609, -1: -491058.27268069953, 2: -491070.6152590104, -2: -491053.75393266184}

LOG | Calculating DFE for SUB_1, charge = 1
{0: -491062.4294508878, 1: -491066.3249183609, -1: -491058.27268069953, 2: -491070.6152590104, -2: -491053.75393266184}
1
//group///testing/BEEF_Research/PbI2_mp22893/I_Pb/experiments/ex50_332/supercells/SUB_1/1/

LOG | No manual sigma provided for charge 1

LOG | Sigma: 2.578

LOG | Accepted sigma: 2.578 bohr
made the input

LOG | Coffee.py energy: 0.0972 eV
made the input

LOG | Coffee.py energy: 0.1228 eV
made the input

LOG | Coffee.py energy: 0.1372 eV
Attmepting to calculate lattice energy correction 
Setting correction energies 
Creating one_by_V/A arrays
[18, 48, 100]
[0.05555556 0.02083333 0.01      ]
Computing fit
[0.0972, 0.1228, 0.1372]
L2: 0.08099121757707704
L3: 0.05840477437460659
L4: 0.045729392257783164
A
B
C
D
E_m_iso = 0.1892637108912334
E_lattice = 0.0920637108912334
Calculating potential alignment correction
dV_0p.py output: charge: 1
Shape of the data in the file: (160, 160, 180)

Defect Coords: 4.711164295491185
Farthest coordinate from defect: 11.733664295491185
dV0p @ far from defect = -0.028513411374943055

LOG | dV0p @ far from defect = -0.028513411374943055
dV_mD.py output: //home//packages/coffee/CoFFEE_2.0/PotentialAlignment/Utilities/plavg.py:88: ComplexWarning: Casting complex values to real discards the imaginary part
  vol_a1[i] = Sum1/(a2_dim*a3_dim)
dir: a1
Shape of the data in the file: (160, 160, 180)
The first column in the files is in bohr


LOG | dVmD_model @ far from defect = 0.012299050763394895
dVmD_vdiff @ far from defect = 0.047430329452361086

LOG | dVmD_vdiff @ far from defect = 0.047430329452361086


LOG | #################################################

LOG | Charge: 1

LOG | total_FNV_correction: 0.09868157820525654

LOG | #################################################
FNV_energy: {'E_lattice': 0.0920637108912334, 'E_vq0m': 0.03513127868896619, 'E_vop': -0.028513411374943055, 'total': 0.09868157820525654}

LOG | Calculating DFE for SUB_1, charge = -1
{0: -491062.4294508878, 1: -491066.3249183609, -1: -491058.27268069953, 2: -491070.6152590104, -2: -491053.75393266184}
-1
//group///testing/BEEF_Research/PbI2_mp22893/I_Pb/experiments/ex50_332/supercells/SUB_1/-1/

LOG | No manual sigma provided for charge -1

LOG | Sigma: 2.103657

LOG | Accepted sigma: 2.103657 bohr
made the input

LOG | Coffee.py energy: 0.1389 eV
made the input

LOG | Coffee.py energy: 0.1647 eV
made the input

LOG | Coffee.py energy: 0.1792 eV
Attmepting to calculate lattice energy correction 
Setting correction energies 
Creating one_by_V/A arrays
[18, 48, 100]
[0.05555556 0.02083333 0.01      ]
Computing fit
[0.1389, 0.1647, 0.1792]
L2: 0.08099121757707704
L3: 0.05840477437460659
L4: 0.045729392257783164
A
B
C
D
E_m_iso = 0.23158334592265648
E_lattice = 0.09268334592265648
Calculating potential alignment correction
dV_0p.py output: charge: -1
Shape of the data in the file: (160, 160, 180)

Defect Coords: 4.711164295491185
Farthest coordinate from defect: 11.733664295491185
dV0p @ far from defect = 0.028513411374943055

LOG | dV0p @ far from defect = 0.028513411374943055
dV_mD.py output: //home//packages/coffee/CoFFEE_2.0/PotentialAlignment/Utilities/plavg.py:88: ComplexWarning: Casting complex values to real discards the imaginary part
  vol_a1[i] = Sum1/(a2_dim*a3_dim)
dir: a1
Shape of the data in the file: (160, 160, 180)
The first column in the files is in bohr


LOG | dVmD_model @ far from defect = -0.012521230763394894
dVmD_vdiff @ far from defect = -0.12252387027476934

LOG | dVmD_vdiff @ far from defect = -0.12252387027476934


LOG | #################################################

LOG | Charge: -1

LOG | total_FNV_correction: 0.011194117786225092

LOG | #################################################
FNV_energy: {'E_lattice': 0.09268334592265648, 'E_vq0m': -0.11000263951137444, 'E_vop': 0.028513411374943055, 'total': 0.011194117786225092}

LOG | Calculating DFE for SUB_1, charge = 2
{0: -491062.4294508878, 1: -491066.3249183609, -1: -491058.27268069953, 2: -491070.6152590104, -2: -491053.75393266184}
2
//group///testing/BEEF_Research/PbI2_mp22893/I_Pb/experiments/ex50_332/supercells/SUB_1/2/

LOG | No manual sigma provided for charge 2

LOG | Sigma: 8.752721

LOG | Accepted sigma: 8.752721 bohr
made the input
made the input
made the input
Calculating potential alignment correction
dV_0p.py output: charge: 2
Shape of the data in the file: (160, 160, 180)

Defect Coords: 4.711164295491185
Farthest coordinate from defect: 11.733664295491185
dV0p @ far from defect = -0.05702682447299897

LOG | dV0p @ far from defect = -0.05702682447299897
dV_mD.py output: //home//packages/coffee/CoFFEE_2.0/PotentialAlignment/Utilities/plavg.py:88: ComplexWarning: Casting complex values to real discards the imaginary part
  vol_a1[i] = Sum1/(a2_dim*a3_dim)
dir: a1
Shape of the data in the file: (160, 160, 180)
The first column in the files is in bohr


LOG | dVmD_model @ far from defect = 0.02372560496206681
dVmD_vdiff @ far from defect = -0.21290936144920705

LOG | dVmD_vdiff @ far from defect = -0.21290936144920705


LOG | #################################################

LOG | Charge: 2

LOG | total_FNV_correction: -0.20097844496161635

LOG | #################################################
FNV Correction failed
